[35m[Appium][39m Welcome to Appium v1.8.1
[35m[Appium][39m Non-default server args:
[35m[Appium][39m   port: 5670
[35m[Appium][39m   loglevel: info
[35m[Appium][39m   chromeDriverPort: 5671
[35m[Appium][39m   tmpDir: C:\Users\IT-SER~1\AppData\Local\Temp\\Katalon\Appium\Temp1572863505098
[35m[Appium][39m Appium REST http interface listener started on 0.0.0.0:5670
[35m[HTTP][39m [37m-->[39m [37mGET[39m [37m/wd/hub/status[39m
[35m[HTTP][39m [90m{}[39m
[35m[HTTP][39m [37m<-- GET /wd/hub/status [39m[32m200[39m [90m12 ms - 83[39m
[35m[HTTP][39m [90m[39m
[35m[HTTP][39m [37m-->[39m [37mPOST[39m [37m/wd/hub/session[39m
[35m[HTTP][39m [90m{"desiredCapabilities":{"app":"D:\\sam\\ACCME-Dupcheck-master\\AccMe.apk","autoGrantPermissions":true,"automationName":"uiautomator2","deviceId":"","deviceName":"samsung SM-A505F (Android 9)","fullReset":false,"newCommandTimeout":1800,"noReset":true,"platform":"ANDROID","platformName":"Android","resetKeyboard":true,"udid":"RR8M30NJT3Z","unicodeKeyboard":true},"capabilities":{"desiredCapabilities":{"app":"D:\\sam\\ACCME-Dupcheck-master\\AccMe.apk","autoGrantPermissions":true,"automationName":"uiautomator2","deviceId":"","deviceName":"samsung SM-A505F (Android 9)","fullReset":false,"newCommandTimeout":1800,"noReset":true,"platform":"ANDROID","platformName":"Android","resetKeyboard":true,"udid":"RR8M30NJT3Z","unicodeKeyboard":true},"firstMatch":[{"platformName":"android"}]}}[39m
[35m[Appium][39m Could not parse W3C capabilities: 'deviceName' can't be blank. Falling back to JSONWP protocol.
[35m[Appium][39m The following capabilities were provided in the JSONWP desired capabilities that are missing in W3C capabilities: ["app","autoGrantPermissions","automationName","deviceId","deviceName","fullReset","newCommandTimeout","noReset","platform","platformName","resetKeyboard","udid","unicodeKeyboard"]. Falling back to JSONWP protocol.
[35m[Appium][39m Creating new AndroidUiautomator2Driver (v1.12.0) session
[35m[Appium][39m Capabilities:
[35m[Appium][39m   app: D:\sam\ACCME-Dupcheck-master\AccMe.apk
[35m[Appium][39m   autoGrantPermissions: true
[35m[Appium][39m   automationName: uiautomator2
[35m[Appium][39m   deviceId: 
[35m[Appium][39m   deviceName: samsung SM-A505F (Android 9)
[35m[Appium][39m   fullReset: false
[35m[Appium][39m   newCommandTimeout: 1800
[35m[Appium][39m   noReset: true
[35m[Appium][39m   platform: ANDROID
[35m[Appium][39m   platformName: Android
[35m[Appium][39m   resetKeyboard: true
[35m[Appium][39m   udid: RR8M30NJT3Z
[35m[Appium][39m   unicodeKeyboard: true
[35m[BaseDriver][39m The following capabilities were provided, but are not recognized by appium: deviceId, platform.
[35m[BaseDriver][39m Session created with session id: 63417614-9d1b-484b-a479-742b2ea0c398
[35m[BaseDriver][39m Using local app 'D:\sam\ACCME-Dupcheck-master\AccMe.apk'
[35m[AndroidDriver][39m Java version is: 1.8.0_181
[35m[ADB][39m Checking whether adb is present
[35m[ADB][39m Found 1 'build-tools' folders under 'C:\Users\IT-Services\.katalon\tools\android_sdk' (newest first):
[35m[ADB][39m     C:/Users/IT-Services/.katalon/tools/android_sdk/build-tools/28.0.3
[35m[ADB][39m Using adb.exe from C:\Users\IT-Services\.katalon\tools\android_sdk\platform-tools\adb.exe
[35m[AndroidDriver][39m Retrieving device list
[35m[AndroidDriver][39m Using device: RR8M30NJT3Z
[35m[ADB][39m Using the alternative activity name detection method because of: Could not find apkanalyzer.bat in C:\Users\IT-Services\.katalon\tools\android_sdk\platform-tools\apkanalyzer.bat,C:\Users\IT-Services\.katalon\tools\android_sdk\emulator\apkanalyzer.bat,C:\Users\IT-Services\.katalon\tools\android_sdk\tools\apkanalyzer.bat,C:\Users\IT-Services\.katalon\tools\android_sdk\tools\bin\apkanalyzer.bat,C:\Users\IT-Services\.katalon\tools\android_sdk\build-tools\28.0.3\apkanalyzer.bat. Do you have the Android SDK installed at 'C:\Users\IT-Services\.katalon\tools\android_sdk'?
[35m[ADB][39m Checking whether aapt is present
[35m[ADB][39m Using aapt.exe from C:\Users\IT-Services\.katalon\tools\android_sdk\build-tools\28.0.3\aapt.exe
[35m[ADB][39m Extracting package and launch activity from manifest
[35m[ADB][39m Package name: 'com.outsystemsenterprise.accdev1.AccMeMobile2'
[35m[ADB][39m Main activity name: 'com.outsystemsenterprise.accdev1.AccMeMobile2.MainActivity'
[35m[ADB][39m Getting device platform version
[35m[ADB][39m Using apksigner.bat from C:\Users\IT-Services\.katalon\tools\android_sdk\build-tools\28.0.3\apksigner.bat
[35m[ADB][39m Checking whether zipalign is present
[35m[ADB][39m Using zipalign.exe from C:\Users\IT-Services\.katalon\tools\android_sdk\build-tools\28.0.3\zipalign.exe
[35m[ADB][39m io.appium.uiautomator2.server was successfully uninstalled
[35m[ADB][39m io.appium.uiautomator2.server.test was successfully uninstalled
[35m[AndroidDriver][39m setDeviceLanguageCountry requires language or country.
[35m[AndroidDriver][39m Got language: 'null' and country: 'null'
[35m[ADB][39m Successfully extracted 23 strings from 'D:\sam\ACCME-Dupcheck-master\AccMe.apk' resources for '(default)' configuration
[35m[UiAutomator2][39m Starting uiautomator2 server 1.12.0
[35m[UiAutomator2][39m Using UIAutomator2 server from 'C:\Users\IT-Services\AppData\Roaming\npm\node_modules\appium\node_modules\appium-uiautomator2-server\apks\appium-uiautomator2-server-v1.12.0.apk' and test from 'C:\Users\IT-Services\AppData\Roaming\npm\node_modules\appium\node_modules\appium-uiautomator2-server\apks\appium-uiautomator2-server-debug-androidTest.apk'
[35m[UiAutomator2][39m Running command: 'adb -s RR8M30NJT3Z shell am instrument -w io.appium.uiautomator2.server.test/android.support.test.runner.AndroidJUnitRunner'
[35m[UiAutomator2][39m Waiting up to 20000ms for UiAutomator2 to be online...
[35m[AndroidDriver][39m Screen already unlocked, doing nothing
[35m[UiAutomator2][39m UiAutomator2 did not start the activity we were waiting for, 'com.outsystemsenterprise.accdev1.AccMeMobile2/com.outsystemsenterprise.accdev1.AccMeMobile2.MainActivity'. Starting it ourselves
[35m[Appium][39m New AndroidUiautomator2Driver session created successfully, session 63417614-9d1b-484b-a479-742b2ea0c398 added to master session list
[35m[HTTP][39m [37m<-- POST /wd/hub/session [39m[32m200[39m [90m32110 ms - 1260[39m
[35m[HTTP][39m [90m[39m
[35m[HTTP][39m [37m-->[39m [37mGET[39m [37m/wd/hub/status[39m
[35m[HTTP][39m [90m{}[39m
[35m[HTTP][39m [37m<-- GET /wd/hub/status [39m[32m200[39m [90m5 ms - 55[39m
[35m[HTTP][39m [90m[39m
[35m[HTTP][39m [37m-->[39m [37mPOST[39m [37m/wd/hub/session/63417614-9d1b-484b-a479-742b2ea0c398/timeouts[39m
[35m[HTTP][39m [90m{"type":"implicit","ms":30000}[39m
[35m[HTTP][39m [37m<-- POST /wd/hub/session/63417614-9d1b-484b-a479-742b2ea0c398/timeouts [39m[33m400[39m [90m21 ms - 5396[39m
[35m[HTTP][39m [90m[39m
[35m[HTTP][39m [37m-->[39m [37mGET[39m [37m/wd/hub/session/63417614-9d1b-484b-a479-742b2ea0c398/window/current/size[39m
[35m[HTTP][39m [90m{}[39m
[35m[W3C][39m Driver proxy active, passing request on via HTTP proxy
[35m[JSONWP Proxy][39m Replacing sessionId 2c6d28ff-33c6-4b2e-b8c6-efaa72efb30a with 63417614-9d1b-484b-a479-742b2ea0c398
[35m[HTTP][39m [37m<-- GET /wd/hub/session/63417614-9d1b-484b-a479-742b2ea0c398/window/current/size [39m[32m200[39m [90m57 ms - 100[39m
[35m[HTTP][39m [90m[39m
[35m[HTTP][39m [37m-->[39m [37mPOST[39m [37m/wd/hub/session/63417614-9d1b-484b-a479-742b2ea0c398/elements[39m
[35m[HTTP][39m [90m{"using":"-android uiautomator","value":"new UiSelector().className(\"android.widget.Image\").text(\"AccMeTheme.creditsimulationsicon\")"}[39m
[35m[HTTP][39m [37m<-- POST /wd/hub/session/63417614-9d1b-484b-a479-742b2ea0c398/elements [39m[32m200[39m [90m299 ms - 74[39m
[35m[HTTP][39m [90m[39m
[35m[HTTP][39m [37m-->[39m [37mPOST[39m [37m/wd/hub/session/63417614-9d1b-484b-a479-742b2ea0c398/elements[39m
[35m[HTTP][39m [90m{"using":"-android uiautomator","value":"new UiSelector().className(\"android.widget.Image\").text(\"AccMeTheme.creditsimulationsicon\")"}[39m
[35m[HTTP][39m [37m<-- POST /wd/hub/session/63417614-9d1b-484b-a479-742b2ea0c398/elements [39m[32m200[39m [90m966 ms - 74[39m
[35m[HTTP][39m [90m[39m
[35m[HTTP][39m [37m-->[39m [37mPOST[39m [37m/wd/hub/session/63417614-9d1b-484b-a479-742b2ea0c398/elements[39m
[35m[HTTP][39m [90m{"using":"-android uiautomator","value":"new UiSelector().className(\"android.widget.Image\").text(\"AccMeTheme.creditsimulationsicon\")"}[39m
[35m[HTTP][39m [37m<-- POST /wd/hub/session/63417614-9d1b-484b-a479-742b2ea0c398/elements [39m[32m200[39m [90m126 ms - 74[39m
[35m[HTTP][39m [90m[39m
[35m[HTTP][39m [37m-->[39m [37mPOST[39m [37m/wd/hub/session/63417614-9d1b-484b-a479-742b2ea0c398/elements[39m
[35m[HTTP][39m [90m{"using":"-android uiautomator","value":"new UiSelector().className(\"android.widget.Image\").text(\"AccMeTheme.creditsimulationsicon\")"}[39m
[35m[HTTP][39m [37m<-- POST /wd/hub/session/63417614-9d1b-484b-a479-742b2ea0c398/elements [39m[32m200[39m [90m131 ms - 74[39m
[35m[HTTP][39m [90m[39m
[35m[HTTP][39m [37m-->[39m [37mPOST[39m [37m/wd/hub/session/63417614-9d1b-484b-a479-742b2ea0c398/elements[39m
[35m[HTTP][39m [90m{"using":"-android uiautomator","value":"new UiSelector().className(\"android.widget.Image\").text(\"AccMeTheme.creditsimulationsicon\")"}[39m
[35m[HTTP][39m [37m<-- POST /wd/hub/session/63417614-9d1b-484b-a479-742b2ea0c398/elements [39m[32m200[39m [90m131 ms - 74[39m
[35m[HTTP][39m [90m[39m
[35m[HTTP][39m [37m-->[39m [37mPOST[39m [37m/wd/hub/session/63417614-9d1b-484b-a479-742b2ea0c398/elements[39m
[35m[HTTP][39m [90m{"using":"-android uiautomator","value":"new UiSelector().className(\"android.widget.Image\").text(\"AccMeTheme.creditsimulationsicon\")"}[39m
[35m[HTTP][39m [37m<-- POST /wd/hub/session/63417614-9d1b-484b-a479-742b2ea0c398/elements [39m[32m200[39m [90m146 ms - 74[39m
[35m[HTTP][39m [90m[39m
[35m[HTTP][39m [37m-->[39m [37mPOST[39m [37m/wd/hub/session/63417614-9d1b-484b-a479-742b2ea0c398/elements[39m
[35m[HTTP][39m [90m{"using":"-android uiautomator","value":"new UiSelector().className(\"android.widget.Image\").text(\"AccMeTheme.creditsimulationsicon\")"}[39m
[35m[HTTP][39m [37m<-- POST /wd/hub/session/63417614-9d1b-484b-a479-742b2ea0c398/elements [39m[32m200[39m [90m95 ms - 74[39m
[35m[HTTP][39m [90m[39m
[35m[HTTP][39m [37m-->[39m [37mPOST[39m [37m/wd/hub/session/63417614-9d1b-484b-a479-742b2ea0c398/elements[39m
[35m[HTTP][39m [90m{"using":"-android uiautomator","value":"new UiSelector().className(\"android.widget.Image\").text(\"AccMeTheme.creditsimulationsicon\")"}[39m
[35m[HTTP][39m [37m<-- POST /wd/hub/session/63417614-9d1b-484b-a479-742b2ea0c398/elements [39m[32m200[39m [90m92 ms - 74[39m
[35m[HTTP][39m [90m[39m
[35m[HTTP][39m [37m-->[39m [37mPOST[39m [37m/wd/hub/session/63417614-9d1b-484b-a479-742b2ea0c398/elements[39m
[35m[HTTP][39m [90m{"using":"-android uiautomator","value":"new UiSelector().className(\"android.widget.Image\").text(\"AccMeTheme.creditsimulationsicon\")"}[39m
[35m[HTTP][39m [37m<-- POST /wd/hub/session/63417614-9d1b-484b-a479-742b2ea0c398/elements [39m[32m200[39m [90m123 ms - 74[39m
[35m[HTTP][39m [90m[39m
[35m[HTTP][39m [37m-->[39m [37mPOST[39m [37m/wd/hub/session/63417614-9d1b-484b-a479-742b2ea0c398/elements[39m
[35m[HTTP][39m [90m{"using":"-android uiautomator","value":"new UiSelector().className(\"android.widget.Image\").text(\"AccMeTheme.creditsimulationsicon\")"}[39m
[35m[HTTP][39m [37m<-- POST /wd/hub/session/63417614-9d1b-484b-a479-742b2ea0c398/elements [39m[32m200[39m [90m101 ms - 74[39m
[35m[HTTP][39m [90m[39m
[35m[HTTP][39m [37m-->[39m [37mPOST[39m [37m/wd/hub/session/63417614-9d1b-484b-a479-742b2ea0c398/elements[39m
[35m[HTTP][39m [90m{"using":"-android uiautomator","value":"new UiSelector().className(\"android.widget.Image\").text(\"AccMeTheme.creditsimulationsicon\")"}[39m
[35m[HTTP][39m [37m<-- POST /wd/hub/session/63417614-9d1b-484b-a479-742b2ea0c398/elements [39m[32m200[39m [90m100 ms - 74[39m
[35m[HTTP][39m [90m[39m
[35m[HTTP][39m [37m-->[39m [37mPOST[39m [37m/wd/hub/session/63417614-9d1b-484b-a479-742b2ea0c398/elements[39m
[35m[HTTP][39m [90m{"using":"-android uiautomator","value":"new UiSelector().className(\"android.widget.Image\").text(\"AccMeTheme.creditsimulationsicon\")"}[39m
[35m[HTTP][39m [37m<-- POST /wd/hub/session/63417614-9d1b-484b-a479-742b2ea0c398/elements [39m[32m200[39m [90m133 ms - 74[39m
[35m[HTTP][39m [90m[39m
[35m[HTTP][39m [37m-->[39m [37mPOST[39m [37m/wd/hub/session/63417614-9d1b-484b-a479-742b2ea0c398/elements[39m
[35m[HTTP][39m [90m{"using":"-android uiautomator","value":"new UiSelector().className(\"android.widget.Image\").text(\"AccMeTheme.creditsimulationsicon\")"}[39m
[35m[HTTP][39m [37m<-- POST /wd/hub/session/63417614-9d1b-484b-a479-742b2ea0c398/elements [39m[32m200[39m [90m1448 ms - 74[39m
[35m[HTTP][39m [90m[39m
[35m[HTTP][39m [37m-->[39m [37mPOST[39m [37m/wd/hub/session/63417614-9d1b-484b-a479-742b2ea0c398/elements[39m
[35m[HTTP][39m [90m{"using":"-android uiautomator","value":"new UiSelector().className(\"android.widget.Image\").text(\"AccMeTheme.creditsimulationsicon\")"}[39m
[35m[HTTP][39m [37m<-- POST /wd/hub/session/63417614-9d1b-484b-a479-742b2ea0c398/elements [39m[32m200[39m [90m1423 ms - 74[39m
[35m[HTTP][39m [90m[39m
[35m[HTTP][39m [37m-->[39m [37mPOST[39m [37m/wd/hub/session/63417614-9d1b-484b-a479-742b2ea0c398/elements[39m
[35m[HTTP][39m [90m{"using":"-android uiautomator","value":"new UiSelector().className(\"android.widget.Image\").text(\"AccMeTheme.creditsimulationsicon\")"}[39m
[35m[HTTP][39m [37m<-- POST /wd/hub/session/63417614-9d1b-484b-a479-742b2ea0c398/elements [39m[32m200[39m [90m227 ms - 74[39m
[35m[HTTP][39m [90m[39m
[35m[HTTP][39m [37m-->[39m [37mPOST[39m [37m/wd/hub/session/63417614-9d1b-484b-a479-742b2ea0c398/elements[39m
[35m[HTTP][39m [90m{"using":"-android uiautomator","value":"new UiSelector().className(\"android.widget.Image\").text(\"AccMeTheme.creditsimulationsicon\")"}[39m
[35m[HTTP][39m [37m<-- POST /wd/hub/session/63417614-9d1b-484b-a479-742b2ea0c398/elements [39m[32m200[39m [90m217 ms - 74[39m
[35m[HTTP][39m [90m[39m
[35m[HTTP][39m [37m-->[39m [37mPOST[39m [37m/wd/hub/session/63417614-9d1b-484b-a479-742b2ea0c398/elements[39m
[35m[HTTP][39m [90m{"using":"-android uiautomator","value":"new UiSelector().className(\"android.widget.Image\").text(\"AccMeTheme.creditsimulationsicon\")"}[39m
[35m[HTTP][39m [37m<-- POST /wd/hub/session/63417614-9d1b-484b-a479-742b2ea0c398/elements [39m[32m200[39m [90m122 ms - 74[39m
[35m[HTTP][39m [90m[39m
[35m[HTTP][39m [37m-->[39m [37mPOST[39m [37m/wd/hub/session/63417614-9d1b-484b-a479-742b2ea0c398/elements[39m
[35m[HTTP][39m [90m{"using":"-android uiautomator","value":"new UiSelector().className(\"android.widget.Image\").text(\"AccMeTheme.creditsimulationsicon\")"}[39m
[35m[HTTP][39m [37m<-- POST /wd/hub/session/63417614-9d1b-484b-a479-742b2ea0c398/elements [39m[32m200[39m [90m677 ms - 74[39m
[35m[HTTP][39m [90m[39m
[35m[HTTP][39m [37m-->[39m [37mPOST[39m [37m/wd/hub/session/63417614-9d1b-484b-a479-742b2ea0c398/elements[39m
[35m[HTTP][39m [90m{"using":"-android uiautomator","value":"new UiSelector().className(\"android.widget.Image\").text(\"AccMeTheme.creditsimulationsicon\")"}[39m
[35m[HTTP][39m [37m<-- POST /wd/hub/session/63417614-9d1b-484b-a479-742b2ea0c398/elements [39m[32m200[39m [90m147 ms - 74[39m
[35m[HTTP][39m [90m[39m
[35m[HTTP][39m [37m-->[39m [37mPOST[39m [37m/wd/hub/session/63417614-9d1b-484b-a479-742b2ea0c398/elements[39m
[35m[HTTP][39m [90m{"using":"-android uiautomator","value":"new UiSelector().className(\"android.widget.Image\").text(\"AccMeTheme.creditsimulationsicon\")"}[39m
[35m[HTTP][39m [37m<-- POST /wd/hub/session/63417614-9d1b-484b-a479-742b2ea0c398/elements [39m[32m200[39m [90m154 ms - 74[39m
[35m[HTTP][39m [90m[39m
[35m[HTTP][39m [37m-->[39m [37mPOST[39m [37m/wd/hub/session/63417614-9d1b-484b-a479-742b2ea0c398/elements[39m
[35m[HTTP][39m [90m{"using":"-android uiautomator","value":"new UiSelector().className(\"android.widget.Image\").text(\"AccMeTheme.creditsimulationsicon\")"}[39m
[35m[HTTP][39m [37m<-- POST /wd/hub/session/63417614-9d1b-484b-a479-742b2ea0c398/elements [39m[32m200[39m [90m205 ms - 74[39m
[35m[HTTP][39m [90m[39m
[35m[HTTP][39m [37m-->[39m [37mPOST[39m [37m/wd/hub/session/63417614-9d1b-484b-a479-742b2ea0c398/elements[39m
[35m[HTTP][39m [90m{"using":"-android uiautomator","value":"new UiSelector().className(\"android.widget.Image\").text(\"AccMeTheme.creditsimulationsicon\")"}[39m
[35m[HTTP][39m [37m<-- POST /wd/hub/session/63417614-9d1b-484b-a479-742b2ea0c398/elements [39m[32m200[39m [90m182 ms - 74[39m
[35m[HTTP][39m [90m[39m
[35m[HTTP][39m [37m-->[39m [37mPOST[39m [37m/wd/hub/session/63417614-9d1b-484b-a479-742b2ea0c398/elements[39m
[35m[HTTP][39m [90m{"using":"-android uiautomator","value":"new UiSelector().className(\"android.widget.Image\").text(\"AccMeTheme.creditsimulationsicon\")"}[39m
[35m[HTTP][39m [37m<-- POST /wd/hub/session/63417614-9d1b-484b-a479-742b2ea0c398/elements [39m[32m200[39m [90m128 ms - 74[39m
[35m[HTTP][39m [90m[39m
[35m[HTTP][39m [37m-->[39m [37mPOST[39m [37m/wd/hub/session/63417614-9d1b-484b-a479-742b2ea0c398/elements[39m
[35m[HTTP][39m [90m{"using":"-android uiautomator","value":"new UiSelector().className(\"android.widget.Image\").text(\"AccMeTheme.creditsimulationsicon\")"}[39m
[35m[HTTP][39m [37m<-- POST /wd/hub/session/63417614-9d1b-484b-a479-742b2ea0c398/elements [39m[32m200[39m [90m114 ms - 74[39m
[35m[HTTP][39m [90m[39m
[35m[HTTP][39m [37m-->[39m [37mPOST[39m [37m/wd/hub/session/63417614-9d1b-484b-a479-742b2ea0c398/elements[39m
[35m[HTTP][39m [90m{"using":"-android uiautomator","value":"new UiSelector().className(\"android.widget.Image\").text(\"AccMeTheme.creditsimulationsicon\")"}[39m
[35m[HTTP][39m [37m<-- POST /wd/hub/session/63417614-9d1b-484b-a479-742b2ea0c398/elements [39m[32m200[39m [90m104 ms - 74[39m
[35m[HTTP][39m [90m[39m
[35m[HTTP][39m [37m-->[39m [37mPOST[39m [37m/wd/hub/session/63417614-9d1b-484b-a479-742b2ea0c398/elements[39m
[35m[HTTP][39m [90m{"using":"-android uiautomator","value":"new UiSelector().className(\"android.widget.Image\").text(\"AccMeTheme.creditsimulationsicon\")"}[39m
[35m[HTTP][39m [37m<-- POST /wd/hub/session/63417614-9d1b-484b-a479-742b2ea0c398/elements [39m[32m200[39m [90m101 ms - 74[39m
[35m[HTTP][39m [90m[39m
[35m[HTTP][39m [37m-->[39m [37mPOST[39m [37m/wd/hub/session/63417614-9d1b-484b-a479-742b2ea0c398/elements[39m
[35m[HTTP][39m [90m{"using":"-android uiautomator","value":"new UiSelector().className(\"android.widget.Image\").text(\"AccMeTheme.creditsimulationsicon\")"}[39m
[35m[HTTP][39m [37m<-- POST /wd/hub/session/63417614-9d1b-484b-a479-742b2ea0c398/elements [39m[32m200[39m [90m93 ms - 74[39m
[35m[HTTP][39m [90m[39m
[35m[HTTP][39m [37m-->[39m [37mPOST[39m [37m/wd/hub/session/63417614-9d1b-484b-a479-742b2ea0c398/elements[39m
[35m[HTTP][39m [90m{"using":"-android uiautomator","value":"new UiSelector().className(\"android.widget.Image\").text(\"AccMeTheme.creditsimulationsicon\")"}[39m
[35m[HTTP][39m [37m<-- POST /wd/hub/session/63417614-9d1b-484b-a479-742b2ea0c398/elements [39m[32m200[39m [90m142 ms - 74[39m
[35m[HTTP][39m [90m[39m
[35m[HTTP][39m [37m-->[39m [37mPOST[39m [37m/wd/hub/session/63417614-9d1b-484b-a479-742b2ea0c398/elements[39m
[35m[HTTP][39m [90m{"using":"-android uiautomator","value":"new UiSelector().className(\"android.widget.Image\").text(\"AccMeTheme.creditsimulationsicon\")"}[39m
[35m[HTTP][39m [37m<-- POST /wd/hub/session/63417614-9d1b-484b-a479-742b2ea0c398/elements [39m[32m200[39m [90m154 ms - 74[39m
[35m[HTTP][39m [90m[39m
[35m[HTTP][39m [37m-->[39m [37mPOST[39m [37m/wd/hub/session/63417614-9d1b-484b-a479-742b2ea0c398/elements[39m
[35m[HTTP][39m [90m{"using":"-android uiautomator","value":"new UiSelector().className(\"android.widget.Image\").text(\"AccMeTheme.creditsimulationsicon\")"}[39m
[35m[HTTP][39m [37m<-- POST /wd/hub/session/63417614-9d1b-484b-a479-742b2ea0c398/elements [39m[32m200[39m [90m146 ms - 74[39m
[35m[HTTP][39m [90m[39m
[35m[HTTP][39m [37m-->[39m [37mPOST[39m [37m/wd/hub/session/63417614-9d1b-484b-a479-742b2ea0c398/elements[39m
[35m[HTTP][39m [90m{"using":"-android uiautomator","value":"new UiSelector().className(\"android.widget.Image\").text(\"AccMeTheme.creditsimulationsicon\")"}[39m
[35m[HTTP][39m [37m<-- POST /wd/hub/session/63417614-9d1b-484b-a479-742b2ea0c398/elements [39m[32m200[39m [90m111 ms - 74[39m
[35m[HTTP][39m [90m[39m
[35m[HTTP][39m [37m-->[39m [37mPOST[39m [37m/wd/hub/session/63417614-9d1b-484b-a479-742b2ea0c398/elements[39m
[35m[HTTP][39m [90m{"using":"-android uiautomator","value":"new UiSelector().className(\"android.widget.Image\").text(\"AccMeTheme.creditsimulationsicon\")"}[39m
[35m[HTTP][39m [37m<-- POST /wd/hub/session/63417614-9d1b-484b-a479-742b2ea0c398/elements [39m[32m200[39m [90m84 ms - 74[39m
[35m[HTTP][39m [90m[39m
[35m[HTTP][39m [37m-->[39m [37mPOST[39m [37m/wd/hub/session/63417614-9d1b-484b-a479-742b2ea0c398/elements[39m
[35m[HTTP][39m [90m{"using":"-android uiautomator","value":"new UiSelector().className(\"android.widget.Image\").text(\"AccMeTheme.creditsimulationsicon\")"}[39m
[35m[HTTP][39m [37m<-- POST /wd/hub/session/63417614-9d1b-484b-a479-742b2ea0c398/elements [39m[32m200[39m [90m109 ms - 74[39m
[35m[HTTP][39m [90m[39m
[35m[HTTP][39m [37m-->[39m [37mPOST[39m [37m/wd/hub/session/63417614-9d1b-484b-a479-742b2ea0c398/elements[39m
[35m[HTTP][39m [90m{"using":"-android uiautomator","value":"new UiSelector().className(\"android.widget.Image\").text(\"AccMeTheme.creditsimulationsicon\")"}[39m
[35m[HTTP][39m [37m<-- POST /wd/hub/session/63417614-9d1b-484b-a479-742b2ea0c398/elements [39m[32m200[39m [90m127 ms - 74[39m
[35m[HTTP][39m [90m[39m
[35m[HTTP][39m [37m-->[39m [37mPOST[39m [37m/wd/hub/session/63417614-9d1b-484b-a479-742b2ea0c398/elements[39m
[35m[HTTP][39m [90m{"using":"-android uiautomator","value":"new UiSelector().className(\"android.widget.Image\").text(\"AccMeTheme.creditsimulationsicon\")"}[39m
[35m[HTTP][39m [37m<-- POST /wd/hub/session/63417614-9d1b-484b-a479-742b2ea0c398/elements [39m[32m200[39m [90m115 ms - 74[39m
[35m[HTTP][39m [90m[39m
[35m[HTTP][39m [37m-->[39m [37mPOST[39m [37m/wd/hub/session/63417614-9d1b-484b-a479-742b2ea0c398/elements[39m
[35m[HTTP][39m [90m{"using":"-android uiautomator","value":"new UiSelector().className(\"android.widget.Image\").text(\"AccMeTheme.creditsimulationsicon\")"}[39m
[35m[HTTP][39m [37m<-- POST /wd/hub/session/63417614-9d1b-484b-a479-742b2ea0c398/elements [39m[32m200[39m [90m108 ms - 74[39m
[35m[HTTP][39m [90m[39m
[35m[HTTP][39m [37m-->[39m [37mPOST[39m [37m/wd/hub/session/63417614-9d1b-484b-a479-742b2ea0c398/elements[39m
[35m[HTTP][39m [90m{"using":"-android uiautomator","value":"new UiSelector().className(\"android.widget.Image\").text(\"AccMeTheme.creditsimulationsicon\")"}[39m
[35m[HTTP][39m [37m<-- POST /wd/hub/session/63417614-9d1b-484b-a479-742b2ea0c398/elements [39m[32m200[39m [90m123 ms - 74[39m
[35m[HTTP][39m [90m[39m
[35m[HTTP][39m [37m-->[39m [37mPOST[39m [37m/wd/hub/session/63417614-9d1b-484b-a479-742b2ea0c398/elements[39m
[35m[HTTP][39m [90m{"using":"-android uiautomator","value":"new UiSelector().className(\"android.widget.Image\").text(\"AccMeTheme.creditsimulationsicon\")"}[39m
[35m[HTTP][39m [37m<-- POST /wd/hub/session/63417614-9d1b-484b-a479-742b2ea0c398/elements [39m[32m200[39m [90m88 ms - 74[39m
[35m[HTTP][39m [90m[39m
[35m[HTTP][39m [37m-->[39m [37mPOST[39m [37m/wd/hub/session/63417614-9d1b-484b-a479-742b2ea0c398/elements[39m
[35m[HTTP][39m [90m{"using":"-android uiautomator","value":"new UiSelector().className(\"android.widget.Image\").text(\"AccMeTheme.creditsimulationsicon\")"}[39m
[35m[HTTP][39m [37m<-- POST /wd/hub/session/63417614-9d1b-484b-a479-742b2ea0c398/elements [39m[32m200[39m [90m1275 ms - 124[39m
[35m[HTTP][39m [90m[39m
[35m[HTTP][39m [37m-->[39m [37mGET[39m [37m/wd/hub/session/63417614-9d1b-484b-a479-742b2ea0c398[39m
[35m[HTTP][39m [90m{}[39m
[35m[HTTP][39m [37m<-- GET /wd/hub/session/63417614-9d1b-484b-a479-742b2ea0c398 [39m[32m200[39m [90m43 ms - 1260[39m
[35m[HTTP][39m [90m[39m
[35m[HTTP][39m [37m-->[39m [37mGET[39m [37m/wd/hub/session/63417614-9d1b-484b-a479-742b2ea0c398[39m
[35m[HTTP][39m [90m{}[39m
[35m[HTTP][39m [37m<-- GET /wd/hub/session/63417614-9d1b-484b-a479-742b2ea0c398 [39m[32m200[39m [90m50 ms - 1260[39m
[35m[HTTP][39m [90m[39m
[35m[HTTP][39m [37m-->[39m [37mGET[39m [37m/wd/hub/session/63417614-9d1b-484b-a479-742b2ea0c398[39m
[35m[HTTP][39m [90m{}[39m
[35m[HTTP][39m [37m<-- GET /wd/hub/session/63417614-9d1b-484b-a479-742b2ea0c398 [39m[32m200[39m [90m54 ms - 1260[39m
[35m[HTTP][39m [90m[39m
[35m[HTTP][39m [37m-->[39m [37mGET[39m [37m/wd/hub/session/63417614-9d1b-484b-a479-742b2ea0c398[39m
[35m[HTTP][39m [90m{}[39m
[35m[HTTP][39m [37m<-- GET /wd/hub/session/63417614-9d1b-484b-a479-742b2ea0c398 [39m[32m200[39m [90m37 ms - 1260[39m
[35m[HTTP][39m [90m[39m
[35m[HTTP][39m [37m-->[39m [37mGET[39m [37m/wd/hub/session/63417614-9d1b-484b-a479-742b2ea0c398/element/6b4a4417-6bf3-4f7e-9c69-94d743431a7f/location[39m
[35m[HTTP][39m [90m{}[39m
[35m[W3C][39m Driver proxy active, passing request on via HTTP proxy
[35m[JSONWP Proxy][39m Replacing sessionId 2c6d28ff-33c6-4b2e-b8c6-efaa72efb30a with 63417614-9d1b-484b-a479-742b2ea0c398
[35m[HTTP][39m [37m<-- GET /wd/hub/session/63417614-9d1b-484b-a479-742b2ea0c398/element/6b4a4417-6bf3-4f7e-9c69-94d743431a7f/location [39m[32m200[39m [90m108 ms - 90[39m
[35m[HTTP][39m [90m[39m
[35m[HTTP][39m [37m-->[39m [37mGET[39m [37m/wd/hub/session/63417614-9d1b-484b-a479-742b2ea0c398/window/current/size[39m
[35m[HTTP][39m [90m{}[39m
[35m[W3C][39m Driver proxy active, passing request on via HTTP proxy
[35m[JSONWP Proxy][39m Replacing sessionId 2c6d28ff-33c6-4b2e-b8c6-efaa72efb30a with 63417614-9d1b-484b-a479-742b2ea0c398
[35m[HTTP][39m [37m<-- GET /wd/hub/session/63417614-9d1b-484b-a479-742b2ea0c398/window/current/size [39m[32m200[39m [90m68 ms - 100[39m
[35m[HTTP][39m [90m[39m
[35m[HTTP][39m [37m-->[39m [37mPOST[39m [37m/wd/hub/session/63417614-9d1b-484b-a479-742b2ea0c398/elements[39m
[35m[HTTP][39m [90m{"using":"-android uiautomator","value":"new UiSelector().className(\"android.widget.Image\").text(\"AccMeTheme.creditsimulationsicon\")"}[39m
[35m[HTTP][39m [37m<-- POST /wd/hub/session/63417614-9d1b-484b-a479-742b2ea0c398/elements [39m[32m200[39m [90m195 ms - 124[39m
[35m[HTTP][39m [90m[39m
[35m[HTTP][39m [37m-->[39m [37mGET[39m [37m/wd/hub/session/63417614-9d1b-484b-a479-742b2ea0c398[39m
[35m[HTTP][39m [90m{}[39m
[35m[HTTP][39m [37m<-- GET /wd/hub/session/63417614-9d1b-484b-a479-742b2ea0c398 [39m[32m200[39m [90m43 ms - 1260[39m
[35m[HTTP][39m [90m[39m
[35m[HTTP][39m [37m-->[39m [37mGET[39m [37m/wd/hub/session/63417614-9d1b-484b-a479-742b2ea0c398[39m
[35m[HTTP][39m [90m{}[39m
[35m[HTTP][39m [37m<-- GET /wd/hub/session/63417614-9d1b-484b-a479-742b2ea0c398 [39m[32m200[39m [90m39 ms - 1260[39m
[35m[HTTP][39m [90m[39m
[35m[HTTP][39m [37m-->[39m [37mGET[39m [37m/wd/hub/session/63417614-9d1b-484b-a479-742b2ea0c398[39m
[35m[HTTP][39m [90m{}[39m
[35m[HTTP][39m [37m<-- GET /wd/hub/session/63417614-9d1b-484b-a479-742b2ea0c398 [39m[32m200[39m [90m70 ms - 1260[39m
[35m[HTTP][39m [90m[39m
[35m[HTTP][39m [37m-->[39m [37mGET[39m [37m/wd/hub/session/63417614-9d1b-484b-a479-742b2ea0c398[39m
[35m[HTTP][39m [90m{}[39m
[35m[HTTP][39m [37m<-- GET /wd/hub/session/63417614-9d1b-484b-a479-742b2ea0c398 [39m[32m200[39m [90m53 ms - 1260[39m
[35m[HTTP][39m [90m[39m
[35m[HTTP][39m [37m-->[39m [37mGET[39m [37m/wd/hub/session/63417614-9d1b-484b-a479-742b2ea0c398/element/f6374eb9-48c9-43c4-aef9-aa00cb92b39f/location[39m
[35m[HTTP][39m [90m{}[39m
[35m[W3C][39m Driver proxy active, passing request on via HTTP proxy
[35m[JSONWP Proxy][39m Replacing sessionId 2c6d28ff-33c6-4b2e-b8c6-efaa72efb30a with 63417614-9d1b-484b-a479-742b2ea0c398
[35m[HTTP][39m [37m<-- GET /wd/hub/session/63417614-9d1b-484b-a479-742b2ea0c398/element/f6374eb9-48c9-43c4-aef9-aa00cb92b39f/location [39m[32m200[39m [90m135 ms - 90[39m
[35m[HTTP][39m [90m[39m
[35m[HTTP][39m [37m-->[39m [37mPOST[39m [37m/wd/hub/session/63417614-9d1b-484b-a479-742b2ea0c398/touch/perform[39m
[35m[HTTP][39m [90m{"actions":[{"action":"tap","options":{"element":"f6374eb9-48c9-43c4-aef9-aa00cb92b39f","x":1,"y":1}}]}[39m
[35m[UiAutomator2][39m calling get location: f6374eb9-48c9-43c4-aef9-aa00cb92b39f
[35m[HTTP][39m [37m<-- POST /wd/hub/session/63417614-9d1b-484b-a479-742b2ea0c398/touch/perform [39m[32m200[39m [90m1079 ms - 76[39m
[35m[HTTP][39m [90m[39m
[35m[HTTP][39m [37m-->[39m [37mGET[39m [37m/wd/hub/session/63417614-9d1b-484b-a479-742b2ea0c398/window/current/size[39m
[35m[HTTP][39m [90m{}[39m
[35m[W3C][39m Driver proxy active, passing request on via HTTP proxy
[35m[JSONWP Proxy][39m Replacing sessionId 2c6d28ff-33c6-4b2e-b8c6-efaa72efb30a with 63417614-9d1b-484b-a479-742b2ea0c398
[35m[HTTP][39m [37m<-- GET /wd/hub/session/63417614-9d1b-484b-a479-742b2ea0c398/window/current/size [39m[32m200[39m [90m58 ms - 100[39m
[35m[HTTP][39m [90m[39m
[35m[HTTP][39m [37m-->[39m [37mPOST[39m [37m/wd/hub/session/63417614-9d1b-484b-a479-742b2ea0c398/elements[39m
[35m[HTTP][39m [90m{"using":"-android uiautomator","value":"new UiSelector().className(\"android.widget.Button\").text(\"New Car\").resourceId(\"b7-ButtonGroupItem1\")"}[39m
[35m[HTTP][39m [37m<-- POST /wd/hub/session/63417614-9d1b-484b-a479-742b2ea0c398/elements [39m[32m200[39m [90m319 ms - 74[39m
[35m[HTTP][39m [90m[39m
[35m[HTTP][39m [37m-->[39m [37mPOST[39m [37m/wd/hub/session/63417614-9d1b-484b-a479-742b2ea0c398/elements[39m
[35m[HTTP][39m [90m{"using":"-android uiautomator","value":"new UiSelector().className(\"android.widget.Button\").text(\"New Car\").resourceId(\"b7-ButtonGroupItem1\")"}[39m
[35m[HTTP][39m [37m<-- POST /wd/hub/session/63417614-9d1b-484b-a479-742b2ea0c398/elements [39m[32m200[39m [90m2485 ms - 124[39m
[35m[HTTP][39m [90m[39m
[35m[HTTP][39m [37m-->[39m [37mGET[39m [37m/wd/hub/session/63417614-9d1b-484b-a479-742b2ea0c398[39m
[35m[HTTP][39m [90m{}[39m
[35m[HTTP][39m [37m<-- GET /wd/hub/session/63417614-9d1b-484b-a479-742b2ea0c398 [39m[32m200[39m [90m74 ms - 1260[39m
[35m[HTTP][39m [90m[39m
[35m[HTTP][39m [37m-->[39m [37mGET[39m [37m/wd/hub/session/63417614-9d1b-484b-a479-742b2ea0c398[39m
[35m[HTTP][39m [90m{}[39m
[35m[HTTP][39m [37m<-- GET /wd/hub/session/63417614-9d1b-484b-a479-742b2ea0c398 [39m[32m200[39m [90m62 ms - 1260[39m
[35m[HTTP][39m [90m[39m
[35m[HTTP][39m [37m-->[39m [37mGET[39m [37m/wd/hub/session/63417614-9d1b-484b-a479-742b2ea0c398[39m
[35m[HTTP][39m [90m{}[39m
[35m[HTTP][39m [37m<-- GET /wd/hub/session/63417614-9d1b-484b-a479-742b2ea0c398 [39m[32m200[39m [90m58 ms - 1260[39m
[35m[HTTP][39m [90m[39m
[35m[HTTP][39m [37m-->[39m [37mGET[39m [37m/wd/hub/session/63417614-9d1b-484b-a479-742b2ea0c398[39m
[35m[HTTP][39m [90m{}[39m
[35m[HTTP][39m [37m<-- GET /wd/hub/session/63417614-9d1b-484b-a479-742b2ea0c398 [39m[32m200[39m [90m73 ms - 1260[39m
[35m[HTTP][39m [90m[39m
[35m[HTTP][39m [37m-->[39m [37mGET[39m [37m/wd/hub/session/63417614-9d1b-484b-a479-742b2ea0c398/element/18adcb0e-cdfc-42c1-bbe9-b606941b0316/location[39m
[35m[HTTP][39m [90m{}[39m
[35m[W3C][39m Driver proxy active, passing request on via HTTP proxy
[35m[JSONWP Proxy][39m Replacing sessionId 2c6d28ff-33c6-4b2e-b8c6-efaa72efb30a with 63417614-9d1b-484b-a479-742b2ea0c398
[35m[HTTP][39m [37m<-- GET /wd/hub/session/63417614-9d1b-484b-a479-742b2ea0c398/element/18adcb0e-cdfc-42c1-bbe9-b606941b0316/location [39m[32m200[39m [90m103 ms - 88[39m
[35m[HTTP][39m [90m[39m
[35m[HTTP][39m [37m-->[39m [37mPOST[39m [37m/wd/hub/session/63417614-9d1b-484b-a479-742b2ea0c398/touch/perform[39m
[35m[HTTP][39m [90m{"actions":[{"action":"tap","options":{"element":"18adcb0e-cdfc-42c1-bbe9-b606941b0316","x":1,"y":1}}]}[39m
[35m[UiAutomator2][39m calling get location: 18adcb0e-cdfc-42c1-bbe9-b606941b0316
[35m[HTTP][39m [37m<-- POST /wd/hub/session/63417614-9d1b-484b-a479-742b2ea0c398/touch/perform [39m[32m200[39m [90m987 ms - 76[39m
[35m[HTTP][39m [90m[39m
[35m[HTTP][39m [37m-->[39m [37mGET[39m [37m/wd/hub/session/63417614-9d1b-484b-a479-742b2ea0c398/window/current/size[39m
[35m[HTTP][39m [90m{}[39m
[35m[W3C][39m Driver proxy active, passing request on via HTTP proxy
[35m[JSONWP Proxy][39m Replacing sessionId 2c6d28ff-33c6-4b2e-b8c6-efaa72efb30a with 63417614-9d1b-484b-a479-742b2ea0c398
[35m[HTTP][39m [37m<-- GET /wd/hub/session/63417614-9d1b-484b-a479-742b2ea0c398/window/current/size [39m[32m200[39m [90m68 ms - 100[39m
[35m[HTTP][39m [90m[39m
[35m[HTTP][39m [37m-->[39m [37mPOST[39m [37m/wd/hub/session/63417614-9d1b-484b-a479-742b2ea0c398/elements[39m
[35m[HTTP][39m [90m{"using":"-android uiautomator","value":"new UiSelector().className(\"android.widget.EditText\").resourceId(\"b7-Input_Brand\")"}[39m
[35m[HTTP][39m [37m<-- POST /wd/hub/session/63417614-9d1b-484b-a479-742b2ea0c398/elements [39m[32m200[39m [90m260 ms - 124[39m
[35m[HTTP][39m [90m[39m
[35m[HTTP][39m [37m-->[39m [37mGET[39m [37m/wd/hub/session/63417614-9d1b-484b-a479-742b2ea0c398[39m
[35m[HTTP][39m [90m{}[39m
[35m[HTTP][39m [37m<-- GET /wd/hub/session/63417614-9d1b-484b-a479-742b2ea0c398 [39m[32m200[39m [90m64 ms - 1260[39m
[35m[HTTP][39m [90m[39m
[35m[HTTP][39m [37m-->[39m [37mGET[39m [37m/wd/hub/session/63417614-9d1b-484b-a479-742b2ea0c398[39m
[35m[HTTP][39m [90m{}[39m
[35m[HTTP][39m [37m<-- GET /wd/hub/session/63417614-9d1b-484b-a479-742b2ea0c398 [39m[32m200[39m [90m72 ms - 1260[39m
[35m[HTTP][39m [90m[39m
[35m[HTTP][39m [37m-->[39m [37mGET[39m [37m/wd/hub/session/63417614-9d1b-484b-a479-742b2ea0c398[39m
[35m[HTTP][39m [90m{}[39m
[35m[HTTP][39m [37m<-- GET /wd/hub/session/63417614-9d1b-484b-a479-742b2ea0c398 [39m[32m200[39m [90m57 ms - 1260[39m
[35m[HTTP][39m [90m[39m
[35m[HTTP][39m [37m-->[39m [37mGET[39m [37m/wd/hub/session/63417614-9d1b-484b-a479-742b2ea0c398[39m
[35m[HTTP][39m [90m{}[39m
[35m[HTTP][39m [37m<-- GET /wd/hub/session/63417614-9d1b-484b-a479-742b2ea0c398 [39m[32m200[39m [90m67 ms - 1260[39m
[35m[HTTP][39m [90m[39m
[35m[HTTP][39m [37m-->[39m [37mGET[39m [37m/wd/hub/session/63417614-9d1b-484b-a479-742b2ea0c398/element/45290ad0-c9de-44c3-9396-4db9bfa20235/location[39m
[35m[HTTP][39m [90m{}[39m
[35m[W3C][39m Driver proxy active, passing request on via HTTP proxy
[35m[JSONWP Proxy][39m Replacing sessionId 2c6d28ff-33c6-4b2e-b8c6-efaa72efb30a with 63417614-9d1b-484b-a479-742b2ea0c398
[35m[HTTP][39m [37m<-- GET /wd/hub/session/63417614-9d1b-484b-a479-742b2ea0c398/element/45290ad0-c9de-44c3-9396-4db9bfa20235/location [39m[32m200[39m [90m106 ms - 89[39m
[35m[HTTP][39m [90m[39m
[35m[HTTP][39m [37m-->[39m [37mPOST[39m [37m/wd/hub/session/63417614-9d1b-484b-a479-742b2ea0c398/element/45290ad0-c9de-44c3-9396-4db9bfa20235/clear[39m
[35m[HTTP][39m [90m{"id":"45290ad0-c9de-44c3-9396-4db9bfa20235"}[39m
[35m[HTTP][39m [37m<-- POST /wd/hub/session/63417614-9d1b-484b-a479-742b2ea0c398/element/45290ad0-c9de-44c3-9396-4db9bfa20235/clear [39m[32m200[39m [90m105 ms - 89[39m
[35m[HTTP][39m [90m[39m
[35m[HTTP][39m [37m-->[39m [37mPOST[39m [37m/wd/hub/session/63417614-9d1b-484b-a479-742b2ea0c398/element/45290ad0-c9de-44c3-9396-4db9bfa20235/value[39m
[35m[HTTP][39m [90m{"id":"45290ad0-c9de-44c3-9396-4db9bfa20235","value":["TOYOTA"]}[39m
[35m[HTTP][39m [37m<-- POST /wd/hub/session/63417614-9d1b-484b-a479-742b2ea0c398/element/45290ad0-c9de-44c3-9396-4db9bfa20235/value [39m[32m200[39m [90m1517 ms - 74[39m
[35m[HTTP][39m [90m[39m
[35m[HTTP][39m [37m-->[39m [37mGET[39m [37m/wd/hub/session/63417614-9d1b-484b-a479-742b2ea0c398/window/current/size[39m
[35m[HTTP][39m [90m{}[39m
[35m[W3C][39m Driver proxy active, passing request on via HTTP proxy
[35m[JSONWP Proxy][39m Replacing sessionId 2c6d28ff-33c6-4b2e-b8c6-efaa72efb30a with 63417614-9d1b-484b-a479-742b2ea0c398
[35m[HTTP][39m [37m<-- GET /wd/hub/session/63417614-9d1b-484b-a479-742b2ea0c398/window/current/size [39m[32m200[39m [90m65 ms - 100[39m
[35m[HTTP][39m [90m[39m
[35m[HTTP][39m [37m-->[39m [37mPOST[39m [37m/wd/hub/session/63417614-9d1b-484b-a479-742b2ea0c398/elements[39m
[35m[HTTP][39m [90m{"using":"-android uiautomator","value":"new UiSelector().className(\"android.widget.EditText\").resourceId(\"b7-Input_Brand\")"}[39m
[35m[HTTP][39m [37m<-- POST /wd/hub/session/63417614-9d1b-484b-a479-742b2ea0c398/elements [39m[32m200[39m [90m788 ms - 124[39m
[35m[HTTP][39m [90m[39m
[35m[HTTP][39m [37m-->[39m [37mGET[39m [37m/wd/hub/session/63417614-9d1b-484b-a479-742b2ea0c398[39m
[35m[HTTP][39m [90m{}[39m
[35m[HTTP][39m [37m<-- GET /wd/hub/session/63417614-9d1b-484b-a479-742b2ea0c398 [39m[32m200[39m [90m63 ms - 1260[39m
[35m[HTTP][39m [90m[39m
[35m[HTTP][39m [37m-->[39m [37mGET[39m [37m/wd/hub/session/63417614-9d1b-484b-a479-742b2ea0c398[39m
[35m[HTTP][39m [90m{}[39m
[35m[HTTP][39m [37m<-- GET /wd/hub/session/63417614-9d1b-484b-a479-742b2ea0c398 [39m[32m200[39m [90m66 ms - 1260[39m
[35m[HTTP][39m [90m[39m
[35m[HTTP][39m [37m-->[39m [37mGET[39m [37m/wd/hub/session/63417614-9d1b-484b-a479-742b2ea0c398[39m
[35m[HTTP][39m [90m{}[39m
[35m[HTTP][39m [37m<-- GET /wd/hub/session/63417614-9d1b-484b-a479-742b2ea0c398 [39m[32m200[39m [90m55 ms - 1260[39m
[35m[HTTP][39m [90m[39m
[35m[HTTP][39m [37m-->[39m [37mGET[39m [37m/wd/hub/session/63417614-9d1b-484b-a479-742b2ea0c398[39m
[35m[HTTP][39m [90m{}[39m
[35m[HTTP][39m [37m<-- GET /wd/hub/session/63417614-9d1b-484b-a479-742b2ea0c398 [39m[32m200[39m [90m72 ms - 1260[39m
[35m[HTTP][39m [90m[39m
[35m[HTTP][39m [37m-->[39m [37mGET[39m [37m/wd/hub/session/63417614-9d1b-484b-a479-742b2ea0c398/element/a34b5096-9658-4b94-8774-5e41eeb80879/location[39m
[35m[HTTP][39m [90m{}[39m
[35m[W3C][39m Driver proxy active, passing request on via HTTP proxy
[35m[JSONWP Proxy][39m Replacing sessionId 2c6d28ff-33c6-4b2e-b8c6-efaa72efb30a with 63417614-9d1b-484b-a479-742b2ea0c398
[35m[HTTP][39m [37m<-- GET /wd/hub/session/63417614-9d1b-484b-a479-742b2ea0c398/element/a34b5096-9658-4b94-8774-5e41eeb80879/location [39m[32m200[39m [90m144 ms - 89[39m
[35m[HTTP][39m [90m[39m
[35m[HTTP][39m [37m-->[39m [37mPOST[39m [37m/wd/hub/session/63417614-9d1b-484b-a479-742b2ea0c398/touch/perform[39m
[35m[HTTP][39m [90m{"actions":[{"action":"tap","options":{"element":"a34b5096-9658-4b94-8774-5e41eeb80879","x":1,"y":1}}]}[39m
[35m[UiAutomator2][39m calling get location: a34b5096-9658-4b94-8774-5e41eeb80879
[35m[HTTP][39m [37m<-- POST /wd/hub/session/63417614-9d1b-484b-a479-742b2ea0c398/touch/perform [39m[32m200[39m [90m1291 ms - 76[39m
[35m[HTTP][39m [90m[39m
[35m[HTTP][39m [37m-->[39m [37mGET[39m [37m/wd/hub/session/63417614-9d1b-484b-a479-742b2ea0c398/window/current/size[39m
[35m[HTTP][39m [90m{}[39m
[35m[W3C][39m Driver proxy active, passing request on via HTTP proxy
[35m[JSONWP Proxy][39m Replacing sessionId 2c6d28ff-33c6-4b2e-b8c6-efaa72efb30a with 63417614-9d1b-484b-a479-742b2ea0c398
[35m[HTTP][39m [37m<-- GET /wd/hub/session/63417614-9d1b-484b-a479-742b2ea0c398/window/current/size [39m[32m200[39m [90m100 ms - 100[39m
[35m[HTTP][39m [90m[39m
[35m[HTTP][39m [37m-->[39m [37mPOST[39m [37m/wd/hub/session/63417614-9d1b-484b-a479-742b2ea0c398/elements[39m
[35m[HTTP][39m [90m{"using":"-android uiautomator","value":"new UiSelector().className(\"android.view.View\").textContains(\"TOYOTA\").enabled(true)"}[39m
[35m[HTTP][39m [37m<-- POST /wd/hub/session/63417614-9d1b-484b-a479-742b2ea0c398/elements [39m[32m200[39m [90m523 ms - 124[39m
[35m[HTTP][39m [90m[39m
[35m[HTTP][39m [37m-->[39m [37mGET[39m [37m/wd/hub/session/63417614-9d1b-484b-a479-742b2ea0c398[39m
[35m[HTTP][39m [90m{}[39m
[35m[HTTP][39m [37m<-- GET /wd/hub/session/63417614-9d1b-484b-a479-742b2ea0c398 [39m[32m200[39m [90m68 ms - 1260[39m
[35m[HTTP][39m [90m[39m
[35m[HTTP][39m [37m-->[39m [37mGET[39m [37m/wd/hub/session/63417614-9d1b-484b-a479-742b2ea0c398[39m
[35m[HTTP][39m [90m{}[39m
[35m[HTTP][39m [37m<-- GET /wd/hub/session/63417614-9d1b-484b-a479-742b2ea0c398 [39m[32m200[39m [90m64 ms - 1260[39m
[35m[HTTP][39m [90m[39m
[35m[HTTP][39m [37m-->[39m [37mGET[39m [37m/wd/hub/session/63417614-9d1b-484b-a479-742b2ea0c398[39m
[35m[HTTP][39m [90m{}[39m
[35m[HTTP][39m [37m<-- GET /wd/hub/session/63417614-9d1b-484b-a479-742b2ea0c398 [39m[32m200[39m [90m72 ms - 1260[39m
[35m[HTTP][39m [90m[39m
[35m[HTTP][39m [37m-->[39m [37mGET[39m [37m/wd/hub/session/63417614-9d1b-484b-a479-742b2ea0c398[39m
[35m[HTTP][39m [90m{}[39m
[35m[HTTP][39m [37m<-- GET /wd/hub/session/63417614-9d1b-484b-a479-742b2ea0c398 [39m[32m200[39m [90m57 ms - 1260[39m
[35m[HTTP][39m [90m[39m
[35m[HTTP][39m [37m-->[39m [37mGET[39m [37m/wd/hub/session/63417614-9d1b-484b-a479-742b2ea0c398/element/d0683e1b-4d32-4544-859c-eddfcd873736/location[39m
[35m[HTTP][39m [90m{}[39m
[35m[W3C][39m Driver proxy active, passing request on via HTTP proxy
[35m[JSONWP Proxy][39m Replacing sessionId 2c6d28ff-33c6-4b2e-b8c6-efaa72efb30a with 63417614-9d1b-484b-a479-742b2ea0c398
[35m[HTTP][39m [37m<-- GET /wd/hub/session/63417614-9d1b-484b-a479-742b2ea0c398/element/d0683e1b-4d32-4544-859c-eddfcd873736/location [39m[32m200[39m [90m159 ms - 89[39m
[35m[HTTP][39m [90m[39m
[35m[HTTP][39m [37m-->[39m [37mPOST[39m [37m/wd/hub/session/63417614-9d1b-484b-a479-742b2ea0c398/touch/perform[39m
[35m[HTTP][39m [90m{"actions":[{"action":"tap","options":{"element":"d0683e1b-4d32-4544-859c-eddfcd873736","x":1,"y":1}}]}[39m
[35m[UiAutomator2][39m calling get location: d0683e1b-4d32-4544-859c-eddfcd873736
[35m[HTTP][39m [37m<-- POST /wd/hub/session/63417614-9d1b-484b-a479-742b2ea0c398/touch/perform [39m[32m200[39m [90m1918 ms - 76[39m
[35m[HTTP][39m [90m[39m
[35m[HTTP][39m [37m-->[39m [37mGET[39m [37m/wd/hub/session/63417614-9d1b-484b-a479-742b2ea0c398/window/current/size[39m
[35m[HTTP][39m [90m{}[39m
[35m[W3C][39m Driver proxy active, passing request on via HTTP proxy
[35m[JSONWP Proxy][39m Replacing sessionId 2c6d28ff-33c6-4b2e-b8c6-efaa72efb30a with 63417614-9d1b-484b-a479-742b2ea0c398
[35m[HTTP][39m [37m<-- GET /wd/hub/session/63417614-9d1b-484b-a479-742b2ea0c398/window/current/size [39m[32m200[39m [90m77 ms - 100[39m
[35m[HTTP][39m [90m[39m
[35m[HTTP][39m [37m-->[39m [37mPOST[39m [37m/wd/hub/session/63417614-9d1b-484b-a479-742b2ea0c398/elements[39m
[35m[HTTP][39m [90m{"using":"-android uiautomator","value":"new UiSelector().className(\"android.widget.EditText\").resourceId(\"b7-Input_Type\")"}[39m
[35m[HTTP][39m [37m<-- POST /wd/hub/session/63417614-9d1b-484b-a479-742b2ea0c398/elements [39m[32m200[39m [90m497 ms - 124[39m
[35m[HTTP][39m [90m[39m
[35m[HTTP][39m [37m-->[39m [37mGET[39m [37m/wd/hub/session/63417614-9d1b-484b-a479-742b2ea0c398[39m
[35m[HTTP][39m [90m{}[39m
[35m[HTTP][39m [37m<-- GET /wd/hub/session/63417614-9d1b-484b-a479-742b2ea0c398 [39m[32m200[39m [90m72 ms - 1260[39m
[35m[HTTP][39m [90m[39m
[35m[HTTP][39m [37m-->[39m [37mGET[39m [37m/wd/hub/session/63417614-9d1b-484b-a479-742b2ea0c398[39m
[35m[HTTP][39m [90m{}[39m
[35m[HTTP][39m [37m<-- GET /wd/hub/session/63417614-9d1b-484b-a479-742b2ea0c398 [39m[32m200[39m [90m59 ms - 1260[39m
[35m[HTTP][39m [90m[39m
[35m[HTTP][39m [37m-->[39m [37mGET[39m [37m/wd/hub/session/63417614-9d1b-484b-a479-742b2ea0c398[39m
[35m[HTTP][39m [90m{}[39m
[35m[HTTP][39m [37m<-- GET /wd/hub/session/63417614-9d1b-484b-a479-742b2ea0c398 [39m[32m200[39m [90m63 ms - 1260[39m
[35m[HTTP][39m [90m[39m
[35m[HTTP][39m [37m-->[39m [37mGET[39m [37m/wd/hub/session/63417614-9d1b-484b-a479-742b2ea0c398[39m
[35m[HTTP][39m [90m{}[39m
[35m[HTTP][39m [37m<-- GET /wd/hub/session/63417614-9d1b-484b-a479-742b2ea0c398 [39m[32m200[39m [90m50 ms - 1260[39m
[35m[HTTP][39m [90m[39m
[35m[HTTP][39m [37m-->[39m [37mGET[39m [37m/wd/hub/session/63417614-9d1b-484b-a479-742b2ea0c398/element/f844ab20-21f6-4f0c-b9bb-cca2faf6d8ee/location[39m
[35m[HTTP][39m [90m{}[39m
[35m[W3C][39m Driver proxy active, passing request on via HTTP proxy
[35m[JSONWP Proxy][39m Replacing sessionId 2c6d28ff-33c6-4b2e-b8c6-efaa72efb30a with 63417614-9d1b-484b-a479-742b2ea0c398
[35m[HTTP][39m [37m<-- GET /wd/hub/session/63417614-9d1b-484b-a479-742b2ea0c398/element/f844ab20-21f6-4f0c-b9bb-cca2faf6d8ee/location [39m[32m200[39m [90m142 ms - 89[39m
[35m[HTTP][39m [90m[39m
[35m[HTTP][39m [37m-->[39m [37mPOST[39m [37m/wd/hub/session/63417614-9d1b-484b-a479-742b2ea0c398/touch/perform[39m
[35m[HTTP][39m [90m{"actions":[{"action":"tap","options":{"element":"f844ab20-21f6-4f0c-b9bb-cca2faf6d8ee","x":1,"y":1}}]}[39m
[35m[UiAutomator2][39m calling get location: f844ab20-21f6-4f0c-b9bb-cca2faf6d8ee
[35m[HTTP][39m [37m<-- POST /wd/hub/session/63417614-9d1b-484b-a479-742b2ea0c398/touch/perform [39m[32m200[39m [90m1832 ms - 76[39m
[35m[HTTP][39m [90m[39m
[35m[HTTP][39m [37m-->[39m [37mGET[39m [37m/wd/hub/session/63417614-9d1b-484b-a479-742b2ea0c398/window/current/size[39m
[35m[HTTP][39m [90m{}[39m
[35m[W3C][39m Driver proxy active, passing request on via HTTP proxy
[35m[JSONWP Proxy][39m Replacing sessionId 2c6d28ff-33c6-4b2e-b8c6-efaa72efb30a with 63417614-9d1b-484b-a479-742b2ea0c398
[35m[HTTP][39m [37m<-- GET /wd/hub/session/63417614-9d1b-484b-a479-742b2ea0c398/window/current/size [39m[32m200[39m [90m71 ms - 100[39m
[35m[HTTP][39m [90m[39m
[35m[HTTP][39m [37m-->[39m [37mPOST[39m [37m/wd/hub/session/63417614-9d1b-484b-a479-742b2ea0c398/elements[39m
[35m[HTTP][39m [90m{"using":"-android uiautomator","value":"new UiSelector().className(\"android.widget.EditText\").resourceId(\"b7-Input_Type\")"}[39m
[35m[HTTP][39m [37m<-- POST /wd/hub/session/63417614-9d1b-484b-a479-742b2ea0c398/elements [39m[32m200[39m [90m1252 ms - 124[39m
[35m[HTTP][39m [90m[39m
[35m[HTTP][39m [37m-->[39m [37mGET[39m [37m/wd/hub/session/63417614-9d1b-484b-a479-742b2ea0c398[39m
[35m[HTTP][39m [90m{}[39m
[35m[HTTP][39m [37m<-- GET /wd/hub/session/63417614-9d1b-484b-a479-742b2ea0c398 [39m[32m200[39m [90m75 ms - 1260[39m
[35m[HTTP][39m [90m[39m
[35m[HTTP][39m [37m-->[39m [37mGET[39m [37m/wd/hub/session/63417614-9d1b-484b-a479-742b2ea0c398[39m
[35m[HTTP][39m [90m{}[39m
[35m[HTTP][39m [37m<-- GET /wd/hub/session/63417614-9d1b-484b-a479-742b2ea0c398 [39m[32m200[39m [90m63 ms - 1260[39m
[35m[HTTP][39m [90m[39m
[35m[HTTP][39m [37m-->[39m [37mGET[39m [37m/wd/hub/session/63417614-9d1b-484b-a479-742b2ea0c398[39m
[35m[HTTP][39m [90m{}[39m
[35m[HTTP][39m [37m<-- GET /wd/hub/session/63417614-9d1b-484b-a479-742b2ea0c398 [39m[32m200[39m [90m71 ms - 1260[39m
[35m[HTTP][39m [90m[39m
[35m[HTTP][39m [37m-->[39m [37mGET[39m [37m/wd/hub/session/63417614-9d1b-484b-a479-742b2ea0c398[39m
[35m[HTTP][39m [90m{}[39m
[35m[HTTP][39m [37m<-- GET /wd/hub/session/63417614-9d1b-484b-a479-742b2ea0c398 [39m[32m200[39m [90m63 ms - 1260[39m
[35m[HTTP][39m [90m[39m
[35m[HTTP][39m [37m-->[39m [37mGET[39m [37m/wd/hub/session/63417614-9d1b-484b-a479-742b2ea0c398/element/638aadec-13bd-40e7-a731-5efe1ab155bd/location[39m
[35m[HTTP][39m [90m{}[39m
[35m[W3C][39m Driver proxy active, passing request on via HTTP proxy
[35m[JSONWP Proxy][39m Replacing sessionId 2c6d28ff-33c6-4b2e-b8c6-efaa72efb30a with 63417614-9d1b-484b-a479-742b2ea0c398
[35m[HTTP][39m [37m<-- GET /wd/hub/session/63417614-9d1b-484b-a479-742b2ea0c398/element/638aadec-13bd-40e7-a731-5efe1ab155bd/location [39m[32m200[39m [90m137 ms - 89[39m
[35m[HTTP][39m [90m[39m
[35m[HTTP][39m [37m-->[39m [37mPOST[39m [37m/wd/hub/session/63417614-9d1b-484b-a479-742b2ea0c398/element/638aadec-13bd-40e7-a731-5efe1ab155bd/clear[39m
[35m[HTTP][39m [90m{"id":"638aadec-13bd-40e7-a731-5efe1ab155bd"}[39m
[35m[HTTP][39m [37m<-- POST /wd/hub/session/63417614-9d1b-484b-a479-742b2ea0c398/element/638aadec-13bd-40e7-a731-5efe1ab155bd/clear [39m[32m200[39m [90m147 ms - 89[39m
[35m[HTTP][39m [90m[39m
[35m[HTTP][39m [37m-->[39m [37mPOST[39m [37m/wd/hub/session/63417614-9d1b-484b-a479-742b2ea0c398/element/638aadec-13bd-40e7-a731-5efe1ab155bd/value[39m
[35m[HTTP][39m [90m{"id":"638aadec-13bd-40e7-a731-5efe1ab155bd","value":["ALL NEW YARIS"]}[39m
[35m[HTTP][39m [37m<-- POST /wd/hub/session/63417614-9d1b-484b-a479-742b2ea0c398/element/638aadec-13bd-40e7-a731-5efe1ab155bd/value [39m[32m200[39m [90m1307 ms - 74[39m
[35m[HTTP][39m [90m[39m
[35m[HTTP][39m [37m-->[39m [37mGET[39m [37m/wd/hub/session/63417614-9d1b-484b-a479-742b2ea0c398/window/current/size[39m
[35m[HTTP][39m [90m{}[39m
[35m[W3C][39m Driver proxy active, passing request on via HTTP proxy
[35m[JSONWP Proxy][39m Replacing sessionId 2c6d28ff-33c6-4b2e-b8c6-efaa72efb30a with 63417614-9d1b-484b-a479-742b2ea0c398
[35m[HTTP][39m [37m<-- GET /wd/hub/session/63417614-9d1b-484b-a479-742b2ea0c398/window/current/size [39m[32m200[39m [90m97 ms - 100[39m
[35m[HTTP][39m [90m[39m
[35m[HTTP][39m [37m-->[39m [37mPOST[39m [37m/wd/hub/session/63417614-9d1b-484b-a479-742b2ea0c398/elements[39m
[35m[HTTP][39m [90m{"using":"-android uiautomator","value":"new UiSelector().className(\"android.widget.EditText\").resourceId(\"b7-Input_Type\")"}[39m
[35m[HTTP][39m [37m<-- POST /wd/hub/session/63417614-9d1b-484b-a479-742b2ea0c398/elements [39m[32m200[39m [90m317 ms - 124[39m
[35m[HTTP][39m [90m[39m
[35m[HTTP][39m [37m-->[39m [37mGET[39m [37m/wd/hub/session/63417614-9d1b-484b-a479-742b2ea0c398[39m
[35m[HTTP][39m [90m{}[39m
[35m[HTTP][39m [37m<-- GET /wd/hub/session/63417614-9d1b-484b-a479-742b2ea0c398 [39m[32m200[39m [90m58 ms - 1260[39m
[35m[HTTP][39m [90m[39m
[35m[HTTP][39m [37m-->[39m [37mGET[39m [37m/wd/hub/session/63417614-9d1b-484b-a479-742b2ea0c398[39m
[35m[HTTP][39m [90m{}[39m
[35m[HTTP][39m [37m<-- GET /wd/hub/session/63417614-9d1b-484b-a479-742b2ea0c398 [39m[32m200[39m [90m59 ms - 1260[39m
[35m[HTTP][39m [90m[39m
[35m[HTTP][39m [37m-->[39m [37mGET[39m [37m/wd/hub/session/63417614-9d1b-484b-a479-742b2ea0c398[39m
[35m[HTTP][39m [90m{}[39m
[35m[HTTP][39m [37m<-- GET /wd/hub/session/63417614-9d1b-484b-a479-742b2ea0c398 [39m[32m200[39m [90m67 ms - 1260[39m
[35m[HTTP][39m [90m[39m
[35m[HTTP][39m [37m-->[39m [37mGET[39m [37m/wd/hub/session/63417614-9d1b-484b-a479-742b2ea0c398[39m
[35m[HTTP][39m [90m{}[39m
[35m[HTTP][39m [37m<-- GET /wd/hub/session/63417614-9d1b-484b-a479-742b2ea0c398 [39m[32m200[39m [90m55 ms - 1260[39m
[35m[HTTP][39m [90m[39m
[35m[HTTP][39m [37m-->[39m [37mGET[39m [37m/wd/hub/session/63417614-9d1b-484b-a479-742b2ea0c398/element/346af95b-2d95-4b50-afa1-d0aff93afbc8/location[39m
[35m[HTTP][39m [90m{}[39m
[35m[W3C][39m Driver proxy active, passing request on via HTTP proxy
[35m[JSONWP Proxy][39m Replacing sessionId 2c6d28ff-33c6-4b2e-b8c6-efaa72efb30a with 63417614-9d1b-484b-a479-742b2ea0c398
[35m[HTTP][39m [37m<-- GET /wd/hub/session/63417614-9d1b-484b-a479-742b2ea0c398/element/346af95b-2d95-4b50-afa1-d0aff93afbc8/location [39m[32m200[39m [90m142 ms - 89[39m
[35m[HTTP][39m [90m[39m
[35m[HTTP][39m [37m-->[39m [37mPOST[39m [37m/wd/hub/session/63417614-9d1b-484b-a479-742b2ea0c398/touch/perform[39m
[35m[HTTP][39m [90m{"actions":[{"action":"tap","options":{"element":"346af95b-2d95-4b50-afa1-d0aff93afbc8","x":1,"y":1}}]}[39m
[35m[UiAutomator2][39m calling get location: 346af95b-2d95-4b50-afa1-d0aff93afbc8
[35m[HTTP][39m [37m<-- POST /wd/hub/session/63417614-9d1b-484b-a479-742b2ea0c398/touch/perform [39m[32m200[39m [90m1200 ms - 76[39m
[35m[HTTP][39m [90m[39m
[35m[HTTP][39m [37m-->[39m [37mGET[39m [37m/wd/hub/session/63417614-9d1b-484b-a479-742b2ea0c398/window/current/size[39m
[35m[HTTP][39m [90m{}[39m
[35m[W3C][39m Driver proxy active, passing request on via HTTP proxy
[35m[JSONWP Proxy][39m Replacing sessionId 2c6d28ff-33c6-4b2e-b8c6-efaa72efb30a with 63417614-9d1b-484b-a479-742b2ea0c398
[35m[HTTP][39m [37m<-- GET /wd/hub/session/63417614-9d1b-484b-a479-742b2ea0c398/window/current/size [39m[32m200[39m [90m73 ms - 100[39m
[35m[HTTP][39m [90m[39m
[35m[HTTP][39m [37m-->[39m [37mPOST[39m [37m/wd/hub/session/63417614-9d1b-484b-a479-742b2ea0c398/elements[39m
[35m[HTTP][39m [90m{"using":"-android uiautomator","value":"new UiSelector().className(\"android.view.View\").resourceId(\"b7-l8-0-ListItemType\").instance(70)"}[39m
[35m[HTTP][39m [37m<-- POST /wd/hub/session/63417614-9d1b-484b-a479-742b2ea0c398/elements [39m[32m200[39m [90m481 ms - 124[39m
[35m[HTTP][39m [90m[39m
[35m[HTTP][39m [37m-->[39m [37mGET[39m [37m/wd/hub/session/63417614-9d1b-484b-a479-742b2ea0c398[39m
[35m[HTTP][39m [90m{}[39m
[35m[HTTP][39m [37m<-- GET /wd/hub/session/63417614-9d1b-484b-a479-742b2ea0c398 [39m[32m200[39m [90m80 ms - 1260[39m
[35m[HTTP][39m [90m[39m
[35m[HTTP][39m [37m-->[39m [37mGET[39m [37m/wd/hub/session/63417614-9d1b-484b-a479-742b2ea0c398[39m
[35m[HTTP][39m [90m{}[39m
[35m[HTTP][39m [37m<-- GET /wd/hub/session/63417614-9d1b-484b-a479-742b2ea0c398 [39m[32m200[39m [90m85 ms - 1260[39m
[35m[HTTP][39m [90m[39m
[35m[HTTP][39m [37m-->[39m [37mGET[39m [37m/wd/hub/session/63417614-9d1b-484b-a479-742b2ea0c398[39m
[35m[HTTP][39m [90m{}[39m
[35m[HTTP][39m [37m<-- GET /wd/hub/session/63417614-9d1b-484b-a479-742b2ea0c398 [39m[32m200[39m [90m58 ms - 1260[39m
[35m[HTTP][39m [90m[39m
[35m[HTTP][39m [37m-->[39m [37mGET[39m [37m/wd/hub/session/63417614-9d1b-484b-a479-742b2ea0c398[39m
[35m[HTTP][39m [90m{}[39m
[35m[HTTP][39m [37m<-- GET /wd/hub/session/63417614-9d1b-484b-a479-742b2ea0c398 [39m[32m200[39m [90m52 ms - 1260[39m
[35m[HTTP][39m [90m[39m
[35m[HTTP][39m [37m-->[39m [37mGET[39m [37m/wd/hub/session/63417614-9d1b-484b-a479-742b2ea0c398/element/40f99e7d-8417-46ec-b16e-687490f22932/location[39m
[35m[HTTP][39m [90m{}[39m
[35m[W3C][39m Driver proxy active, passing request on via HTTP proxy
[35m[JSONWP Proxy][39m Replacing sessionId 2c6d28ff-33c6-4b2e-b8c6-efaa72efb30a with 63417614-9d1b-484b-a479-742b2ea0c398
[35m[HTTP][39m [37m<-- GET /wd/hub/session/63417614-9d1b-484b-a479-742b2ea0c398/element/40f99e7d-8417-46ec-b16e-687490f22932/location [39m[32m200[39m [90m143 ms - 89[39m
[35m[HTTP][39m [90m[39m
[35m[HTTP][39m [37m-->[39m [37mPOST[39m [37m/wd/hub/session/63417614-9d1b-484b-a479-742b2ea0c398/touch/perform[39m
[35m[HTTP][39m [90m{"actions":[{"action":"tap","options":{"element":"40f99e7d-8417-46ec-b16e-687490f22932","x":1,"y":1}}]}[39m
[35m[UiAutomator2][39m calling get location: 40f99e7d-8417-46ec-b16e-687490f22932
[35m[HTTP][39m [37m<-- POST /wd/hub/session/63417614-9d1b-484b-a479-742b2ea0c398/touch/perform [39m[32m200[39m [90m1825 ms - 76[39m
[35m[HTTP][39m [90m[39m
[35m[HTTP][39m [37m-->[39m [37mGET[39m [37m/wd/hub/session/63417614-9d1b-484b-a479-742b2ea0c398/context[39m
[35m[HTTP][39m [90m{}[39m
[35m[HTTP][39m [37m<-- GET /wd/hub/session/63417614-9d1b-484b-a479-742b2ea0c398/context [39m[32m200[39m [90m3 ms - 84[39m
[35m[HTTP][39m [90m[39m
[35m[HTTP][39m [37m-->[39m [37mGET[39m [37m/wd/hub/session/63417614-9d1b-484b-a479-742b2ea0c398/contexts[39m
[35m[HTTP][39m [90m{}[39m
[35m[HTTP][39m [37m<-- GET /wd/hub/session/63417614-9d1b-484b-a479-742b2ea0c398/contexts [39m[32m200[39m [90m575 ms - 142[39m
[35m[HTTP][39m [90m[39m
[35m[HTTP][39m [37m-->[39m [37mPOST[39m [37m/wd/hub/session/63417614-9d1b-484b-a479-742b2ea0c398/context[39m
[35m[HTTP][39m [90m{"name":"NATIVE_APP"}[39m
[35m[HTTP][39m [37m<-- POST /wd/hub/session/63417614-9d1b-484b-a479-742b2ea0c398/context [39m[32m200[39m [90m592 ms - 76[39m
[35m[HTTP][39m [90m[39m
[35m[HTTP][39m [37m-->[39m [37mGET[39m [37m/wd/hub/session/63417614-9d1b-484b-a479-742b2ea0c398/window/current/size[39m
[35m[HTTP][39m [90m{}[39m
[35m[W3C][39m Driver proxy active, passing request on via HTTP proxy
[35m[JSONWP Proxy][39m Replacing sessionId 2c6d28ff-33c6-4b2e-b8c6-efaa72efb30a with 63417614-9d1b-484b-a479-742b2ea0c398
[35m[HTTP][39m [37m<-- GET /wd/hub/session/63417614-9d1b-484b-a479-742b2ea0c398/window/current/size [39m[32m200[39m [90m69 ms - 100[39m
[35m[HTTP][39m [90m[39m
[35m[HTTP][39m [37m-->[39m [37mPOST[39m [37m/wd/hub/session/63417614-9d1b-484b-a479-742b2ea0c398/context[39m
[35m[HTTP][39m [90m{"name":"NATIVE_APP"}[39m
[35m[HTTP][39m [37m<-- POST /wd/hub/session/63417614-9d1b-484b-a479-742b2ea0c398/context [39m[32m200[39m [90m653 ms - 76[39m
[35m[HTTP][39m [90m[39m
[35m[HTTP][39m [37m-->[39m [37mGET[39m [37m/wd/hub/session/63417614-9d1b-484b-a479-742b2ea0c398/context[39m
[35m[HTTP][39m [90m{}[39m
[35m[HTTP][39m [37m<-- GET /wd/hub/session/63417614-9d1b-484b-a479-742b2ea0c398/context [39m[32m200[39m [90m3 ms - 84[39m
[35m[HTTP][39m [90m[39m
[35m[HTTP][39m [37m-->[39m [37mGET[39m [37m/wd/hub/session/63417614-9d1b-484b-a479-742b2ea0c398/contexts[39m
[35m[HTTP][39m [90m{}[39m
[35m[HTTP][39m [37m<-- GET /wd/hub/session/63417614-9d1b-484b-a479-742b2ea0c398/contexts [39m[32m200[39m [90m559 ms - 142[39m
[35m[HTTP][39m [90m[39m
[35m[HTTP][39m [37m-->[39m [37mPOST[39m [37m/wd/hub/session/63417614-9d1b-484b-a479-742b2ea0c398/context[39m
[35m[HTTP][39m [90m{"name":"NATIVE_APP"}[39m
[35m[HTTP][39m [37m<-- POST /wd/hub/session/63417614-9d1b-484b-a479-742b2ea0c398/context [39m[32m200[39m [90m681 ms - 76[39m
[35m[HTTP][39m [90m[39m
[35m[HTTP][39m [37m-->[39m [37mGET[39m [37m/wd/hub/session/63417614-9d1b-484b-a479-742b2ea0c398/window/current/size[39m
[35m[HTTP][39m [90m{}[39m
[35m[W3C][39m Driver proxy active, passing request on via HTTP proxy
[35m[JSONWP Proxy][39m Replacing sessionId 2c6d28ff-33c6-4b2e-b8c6-efaa72efb30a with 63417614-9d1b-484b-a479-742b2ea0c398
[35m[HTTP][39m [37m<-- GET /wd/hub/session/63417614-9d1b-484b-a479-742b2ea0c398/window/current/size [39m[32m200[39m [90m71 ms - 100[39m
[35m[HTTP][39m [90m[39m
[35m[HTTP][39m [37m-->[39m [37mPOST[39m [37m/wd/hub/session/63417614-9d1b-484b-a479-742b2ea0c398/context[39m
[35m[HTTP][39m [90m{"name":"NATIVE_APP"}[39m
[35m[HTTP][39m [37m<-- POST /wd/hub/session/63417614-9d1b-484b-a479-742b2ea0c398/context [39m[32m200[39m [90m596 ms - 76[39m
[35m[HTTP][39m [90m[39m
[35m[HTTP][39m [37m-->[39m [37mGET[39m [37m/wd/hub/session/63417614-9d1b-484b-a479-742b2ea0c398/context[39m
[35m[HTTP][39m [90m{}[39m
[35m[HTTP][39m [37m<-- GET /wd/hub/session/63417614-9d1b-484b-a479-742b2ea0c398/context [39m[32m200[39m [90m3 ms - 84[39m
[35m[HTTP][39m [90m[39m
[35m[HTTP][39m [37m-->[39m [37mGET[39m [37m/wd/hub/session/63417614-9d1b-484b-a479-742b2ea0c398/contexts[39m
[35m[HTTP][39m [90m{}[39m
[35m[HTTP][39m [37m<-- GET /wd/hub/session/63417614-9d1b-484b-a479-742b2ea0c398/contexts [39m[32m200[39m [90m295 ms - 86[39m
[35m[HTTP][39m [90m[39m
[35m[HTTP][39m [37m-->[39m [37mPOST[39m [37m/wd/hub/session/63417614-9d1b-484b-a479-742b2ea0c398/context[39m
[35m[HTTP][39m [90m{"name":"NATIVE_APP"}[39m
[35m[HTTP][39m [37m<-- POST /wd/hub/session/63417614-9d1b-484b-a479-742b2ea0c398/context [39m[32m200[39m [90m264 ms - 76[39m
[35m[HTTP][39m [90m[39m
[35m[HTTP][39m [37m-->[39m [37mPOST[39m [37m/wd/hub/session/63417614-9d1b-484b-a479-742b2ea0c398/touch/perform[39m
[35m[HTTP][39m [90m{"actions":[{"action":"press","options":{"x":1000,"y":1704}},{"action":"wait","options":{"ms":500}},{"action":"moveTo","options":{"x":1000,"y":1065}},{"action":"release","options":{}}]}[39m
[35m[HTTP][39m [37m<-- POST /wd/hub/session/63417614-9d1b-484b-a479-742b2ea0c398/touch/perform [39m[31m500[39m [90m21 ms - 251[39m
[35m[HTTP][39m [90m[39m
[35m[HTTP][39m [37m-->[39m [37mPOST[39m [37m/wd/hub/session/63417614-9d1b-484b-a479-742b2ea0c398/context[39m
[35m[HTTP][39m [90m{"name":"NATIVE_APP"}[39m
[35m[HTTP][39m [37m<-- POST /wd/hub/session/63417614-9d1b-484b-a479-742b2ea0c398/context [39m[32m200[39m [90m253 ms - 76[39m
[35m[HTTP][39m [90m[39m
[35m[HTTP][39m [37m-->[39m [37mGET[39m [37m/wd/hub/session/63417614-9d1b-484b-a479-742b2ea0c398/context[39m
[35m[HTTP][39m [90m{}[39m
[35m[HTTP][39m [37m<-- GET /wd/hub/session/63417614-9d1b-484b-a479-742b2ea0c398/context [39m[32m200[39m [90m2 ms - 84[39m
[35m[HTTP][39m [90m[39m
[35m[HTTP][39m [37m-->[39m [37mGET[39m [37m/wd/hub/session/63417614-9d1b-484b-a479-742b2ea0c398/contexts[39m
[35m[HTTP][39m [90m{}[39m
[35m[HTTP][39m [37m<-- GET /wd/hub/session/63417614-9d1b-484b-a479-742b2ea0c398/contexts [39m[32m200[39m [90m258 ms - 86[39m
[35m[HTTP][39m [90m[39m
[35m[HTTP][39m [37m-->[39m [37mPOST[39m [37m/wd/hub/session/63417614-9d1b-484b-a479-742b2ea0c398/context[39m
[35m[HTTP][39m [90m{"name":"NATIVE_APP"}[39m
[35m[HTTP][39m [37m<-- POST /wd/hub/session/63417614-9d1b-484b-a479-742b2ea0c398/context [39m[32m200[39m [90m256 ms - 76[39m
[35m[HTTP][39m [90m[39m
[35m[HTTP][39m [37m-->[39m [37mGET[39m [37m/wd/hub/session/63417614-9d1b-484b-a479-742b2ea0c398/screenshot[39m
[35m[HTTP][39m [90m{}[39m
[35m[HTTP][39m [37m<-- GET /wd/hub/session/63417614-9d1b-484b-a479-742b2ea0c398/screenshot [39m[31m500[39m [90m11 ms - 251[39m
[35m[HTTP][39m [90m[39m
[35m[HTTP][39m [37m-->[39m [37mPOST[39m [37m/wd/hub/session/63417614-9d1b-484b-a479-742b2ea0c398/context[39m
[35m[HTTP][39m [90m{"name":"NATIVE_APP"}[39m
[35m[HTTP][39m [37m<-- POST /wd/hub/session/63417614-9d1b-484b-a479-742b2ea0c398/context [39m[32m200[39m [90m248 ms - 76[39m
[35m[HTTP][39m [90m[39m
[35m[HTTP][39m [37m-->[39m [37mGET[39m [37m/wd/hub/session/63417614-9d1b-484b-a479-742b2ea0c398/window/current/size[39m
[35m[HTTP][39m [90m{}[39m
[35m[W3C][39m Driver proxy active, passing request on via HTTP proxy
[35m[HTTP][39m [37m<-- GET /wd/hub/session/63417614-9d1b-484b-a479-742b2ea0c398/window/current/size [39m[31m500[39m [90m51 ms - 1509[39m
[35m[HTTP][39m [90m[39m
[35m[HTTP][39m [37m-->[39m [37mGET[39m [37m/wd/hub/session/63417614-9d1b-484b-a479-742b2ea0c398/context[39m
[35m[HTTP][39m [90m{}[39m
[35m[HTTP][39m [37m<-- GET /wd/hub/session/63417614-9d1b-484b-a479-742b2ea0c398/context [39m[32m200[39m [90m2 ms - 84[39m
[35m[HTTP][39m [90m[39m
[35m[HTTP][39m [37m-->[39m [37mGET[39m [37m/wd/hub/session/63417614-9d1b-484b-a479-742b2ea0c398/contexts[39m
[35m[HTTP][39m [90m{}[39m
[35m[HTTP][39m [37m<-- GET /wd/hub/session/63417614-9d1b-484b-a479-742b2ea0c398/contexts [39m[32m200[39m [90m255 ms - 86[39m
[35m[HTTP][39m [90m[39m
[35m[HTTP][39m [37m-->[39m [37mPOST[39m [37m/wd/hub/session/63417614-9d1b-484b-a479-742b2ea0c398/context[39m
[35m[HTTP][39m [90m{"name":"NATIVE_APP"}[39m
[35m[HTTP][39m [37m<-- POST /wd/hub/session/63417614-9d1b-484b-a479-742b2ea0c398/context [39m[32m200[39m [90m247 ms - 76[39m
[35m[HTTP][39m [90m[39m
[35m[HTTP][39m [37m-->[39m [37mGET[39m [37m/wd/hub/session/63417614-9d1b-484b-a479-742b2ea0c398/screenshot[39m
[35m[HTTP][39m [90m{}[39m
[35m[HTTP][39m [37m<-- GET /wd/hub/session/63417614-9d1b-484b-a479-742b2ea0c398/screenshot [39m[31m500[39m [90m8484 ms - 251[39m
[35m[HTTP][39m [90m[39m
