[35m[Appium][39m Welcome to Appium v1.12.1
[35m[Appium][39m Non-default server args:
[35m[Appium][39m   port: 52257
[35m[Appium][39m   loglevel: info
[35m[Appium][39m   chromeDriverPort: 52260
[35m[Appium][39m   tmpDir: C:\Users\15420\AppData\Local\Temp\\Katalon\Appium\Temp1574963631285
[35m[Appium][39m Appium REST http interface listener started on 0.0.0.0:52257
[35m[HTTP][39m [37m-->[39m [37mGET[39m [37m/wd/hub/status[39m
[35m[HTTP][39m [90m{}[39m
[35m[HTTP][39m [37m<-- GET /wd/hub/status [39m[32m200[39m [90m12 ms - 68[39m
[35m[HTTP][39m [90m[39m
[35m[HTTP][39m [37m-->[39m [37mPOST[39m [37m/wd/hub/session[39m
[35m[HTTP][39m [90m{"desiredCapabilities":{"app":"C:\\Users\\15420\\git\\ACCME-Dupcheck\\AccMe.apk","noReset":true,"deviceId":"","deviceName":"samsung SM-A505F (Android 9)","fullReset":false,"platform":"ANDROID","newCommandTimeout":1800,"platformVersion":"9","automationName":"uiautomator2","autoGrantPermissions":true,"unicodeKeyboard":true,"platformName":"Android","udid":"RR8M30NJT6T","resetKeyboard":true,"systemPort":52256},"capabilities":{"firstMatch":[{"appium:app":"C:\\Users\\15420\\git\\ACCME-Dupcheck\\AccMe.apk","appium:autoGrantPermissions":true,"appium:automationName":"uiautomator2","deviceId":"","appium:deviceName":"samsung SM-A505F (Android 9)","appium:fullReset":false,"appium:newCommandTimeout":1800,"appium:noReset":true,"platform":"ANDROID","platformName":"android","appium:platformVersion":"9","appium:resetKeyboard":true,"appium:systemPort":52256,"appium:udid":"RR8M30NJT6T","appium:unicodeKeyboard":true}]}}[39m
[35m[BaseDriver][39m The capabilities ["deviceId","platform"] are not standard capabilities and should have an extension prefix
[35m[Appium][39m Appium v1.12.1 creating new AndroidUiautomator2Driver (v1.33.0) session
[35m[Appium][39m Capabilities:
[35m[Appium][39m   deviceId: 
[35m[Appium][39m   platform: ANDROID
[35m[Appium][39m   platformName: android
[35m[Appium][39m   app: C:\Users\15420\git\ACCME-Dupcheck\AccMe.apk
[35m[Appium][39m   autoGrantPermissions: true
[35m[Appium][39m   automationName: uiautomator2
[35m[Appium][39m   deviceName: samsung SM-A505F (Android 9)
[35m[Appium][39m   fullReset: false
[35m[Appium][39m   newCommandTimeout: 1800
[35m[Appium][39m   noReset: true
[35m[Appium][39m   platformVersion: 9
[35m[Appium][39m   resetKeyboard: true
[35m[Appium][39m   systemPort: 52256
[35m[Appium][39m   udid: RR8M30NJT6T
[35m[Appium][39m   unicodeKeyboard: true
[35m[BaseDriver][39m The following capabilities were provided, but are not recognized by appium: deviceId, platform.
[35m[BaseDriver][39m Session created with session id: dd03457a-9d46-46fa-8d5f-c982c19bd5b6
[35m[BaseDriver][39m Using local app 'C:\Users\15420\git\ACCME-Dupcheck\AccMe.apk'
[35m[ADB][39m Checking whether adb is present
[35m[ADB][39m Found 1 'build-tools' folders under 'C:\Users\15420\.katalon\tools\android_sdk' (newest first):
[35m[ADB][39m     C:/Users/15420/.katalon/tools/android_sdk/build-tools/29.0.2
[35m[ADB][39m Using adb.exe from C:\Users\15420\.katalon\tools\android_sdk\platform-tools\adb.exe
[35m[AndroidDriver][39m Retrieving device list
[35m[AndroidDriver][39m Using device: RR8M30NJT6T
[35m[UiAutomator2][39m Relaxing hidden api policy
[35m[ADB][39m Using the alternative activity name detection method because of: Could not find apkanalyzer.bat in C:\Users\15420\.katalon\tools\android_sdk\platform-tools\apkanalyzer.bat,C:\Users\15420\.katalon\tools\android_sdk\emulator\apkanalyzer.bat,C:\Users\15420\.katalon\tools\android_sdk\tools\apkanalyzer.bat,C:\Users\15420\.katalon\tools\android_sdk\tools\bin\apkanalyzer.bat,C:\Users\15420\.katalon\tools\android_sdk\build-tools\29.0.2\apkanalyzer.bat. Do you have the Android SDK installed at 'C:\Users\15420\.katalon\tools\android_sdk'?
[35m[ADB][39m Checking whether aapt is present
[35m[ADB][39m Using aapt.exe from C:\Users\15420\.katalon\tools\android_sdk\build-tools\29.0.2\aapt.exe
[35m[ADB][39m Extracting package and launch activity from manifest
[35m[ADB][39m Package name: 'com.outsystemsenterprise.accdev1.AccMeMobile2'
[35m[ADB][39m Main activity name: 'com.outsystemsenterprise.accdev1.AccMeMobile2.MainActivity'
[35m[ADB][39m Using apksigner.bat from C:\Users\15420\.katalon\tools\android_sdk\build-tools\29.0.2\apksigner.bat
[35m[UiAutomator2][39m Server packages are not going to be (re)installed
[35m[UiAutomator2][39m Starting UIAutomator2 server 3.4.0
[35m[UiAutomator2][39m Using UIAutomator2 server from 'C:\Users\15420\AppData\Roaming\npm\node_modules\appium\node_modules\appium-uiautomator2-server\apks\appium-uiautomator2-server-v3.4.0.apk' and test from 'C:\Users\15420\AppData\Roaming\npm\node_modules\appium\node_modules\appium-uiautomator2-server\apks\appium-uiautomator2-server-debug-androidTest.apk'
[35m[UiAutomator2][39m Waiting up to 30000ms for UiAutomator2 to be online...
[35m[WD Proxy][39m Got an unexpected response: {"code":"ECONNRESET"}
[35m[WD Proxy][39m Got an unexpected response: {"code":"ECONNRESET"}
[35m[WD Proxy][39m Got an unexpected response: {"code":"ECONNRESET"}
[35m[AndroidDriver][39m Screen already unlocked, doing nothing
[35m[UiAutomator2][39m UiAutomator2 did not start the activity we were waiting for, 'com.outsystemsenterprise.accdev1.AccMeMobile2/com.outsystemsenterprise.accdev1.AccMeMobile2.MainActivity'. Starting it ourselves
[35m[Appium][39m New AndroidUiautomator2Driver session created successfully, session dd03457a-9d46-46fa-8d5f-c982c19bd5b6 added to master session list
[35m[HTTP][39m [37m<-- POST /wd/hub/session [39m[32m200[39m [90m37994 ms - 1340[39m
[35m[HTTP][39m [90m[39m
[35m[HTTP][39m [37m-->[39m [37mGET[39m [37m/wd/hub/session/dd03457a-9d46-46fa-8d5f-c982c19bd5b6[39m
[35m[HTTP][39m [90m{}[39m
[35m[HTTP][39m [37m<-- GET /wd/hub/session/dd03457a-9d46-46fa-8d5f-c982c19bd5b6 [39m[32m200[39m [90m64 ms - 1272[39m
[35m[HTTP][39m [90m[39m
[35m[HTTP][39m [37m-->[39m [37mGET[39m [37m/wd/hub/session/dd03457a-9d46-46fa-8d5f-c982c19bd5b6[39m
[35m[HTTP][39m [90m{}[39m
[35m[HTTP][39m [37m<-- GET /wd/hub/session/dd03457a-9d46-46fa-8d5f-c982c19bd5b6 [39m[32m200[39m [90m50 ms - 1272[39m
[35m[HTTP][39m [90m[39m
[35m[HTTP][39m [37m-->[39m [37mGET[39m [37m/wd/hub/status[39m
[35m[HTTP][39m [90m{}[39m
[35m[HTTP][39m [37m<-- GET /wd/hub/status [39m[32m200[39m [90m2 ms - 68[39m
[35m[HTTP][39m [90m[39m
[35m[HTTP][39m [37m-->[39m [37mPOST[39m [37m/wd/hub/session/dd03457a-9d46-46fa-8d5f-c982c19bd5b6/timeouts[39m
[35m[HTTP][39m [90m{"implicit":30000}[39m
[35m[HTTP][39m [37m<-- POST /wd/hub/session/dd03457a-9d46-46fa-8d5f-c982c19bd5b6/timeouts [39m[32m200[39m [90m11 ms - 14[39m
[35m[HTTP][39m [90m[39m
[35m[HTTP][39m [37m-->[39m [37mPOST[39m [37m/wd/hub/session/dd03457a-9d46-46fa-8d5f-c982c19bd5b6/timeouts[39m
[35m[HTTP][39m [90m{"implicit":50}[39m
[35m[HTTP][39m [37m<-- POST /wd/hub/session/dd03457a-9d46-46fa-8d5f-c982c19bd5b6/timeouts [39m[32m200[39m [90m5 ms - 14[39m
[35m[HTTP][39m [90m[39m
[35m[HTTP][39m [37m-->[39m [37mGET[39m [37m/wd/hub/session/dd03457a-9d46-46fa-8d5f-c982c19bd5b6/window/rect[39m
[35m[HTTP][39m [90m{}[39m
[35m[HTTP][39m [37m<-- GET /wd/hub/session/dd03457a-9d46-46fa-8d5f-c982c19bd5b6/window/rect [39m[32m200[39m [90m78 ms - 50[39m
[35m[HTTP][39m [90m[39m
[35m[HTTP][39m [37m-->[39m [37mPOST[39m [37m/wd/hub/session/dd03457a-9d46-46fa-8d5f-c982c19bd5b6/elements[39m
[35m[HTTP][39m [90m{"using":"-android uiautomator","value":"new UiSelector().className(\"android.widget.Image\").text(\"AccMeTheme.creditsimulationsicon\")"}[39m
[35m[HTTP][39m [37m<-- POST /wd/hub/session/dd03457a-9d46-46fa-8d5f-c982c19bd5b6/elements [39m[32m200[39m [90m200 ms - 12[39m
[35m[HTTP][39m [90m[39m
[35m[HTTP][39m [37m-->[39m [37mPOST[39m [37m/wd/hub/session/dd03457a-9d46-46fa-8d5f-c982c19bd5b6/elements[39m
[35m[HTTP][39m [90m{"using":"-android uiautomator","value":"new UiSelector().className(\"android.widget.Image\").text(\"AccMeTheme.creditsimulationsicon\")"}[39m
[35m[HTTP][39m [37m<-- POST /wd/hub/session/dd03457a-9d46-46fa-8d5f-c982c19bd5b6/elements [39m[32m200[39m [90m1315 ms - 12[39m
[35m[HTTP][39m [90m[39m
[35m[HTTP][39m [37m-->[39m [37mPOST[39m [37m/wd/hub/session/dd03457a-9d46-46fa-8d5f-c982c19bd5b6/elements[39m
[35m[HTTP][39m [90m{"using":"-android uiautomator","value":"new UiSelector().className(\"android.widget.Image\").text(\"AccMeTheme.creditsimulationsicon\")"}[39m
[35m[HTTP][39m [37m<-- POST /wd/hub/session/dd03457a-9d46-46fa-8d5f-c982c19bd5b6/elements [39m[32m200[39m [90m1305 ms - 12[39m
[35m[HTTP][39m [90m[39m
[35m[HTTP][39m [37m-->[39m [37mPOST[39m [37m/wd/hub/session/dd03457a-9d46-46fa-8d5f-c982c19bd5b6/elements[39m
[35m[HTTP][39m [90m{"using":"-android uiautomator","value":"new UiSelector().className(\"android.widget.Image\").text(\"AccMeTheme.creditsimulationsicon\")"}[39m
[35m[HTTP][39m [37m<-- POST /wd/hub/session/dd03457a-9d46-46fa-8d5f-c982c19bd5b6/elements [39m[32m200[39m [90m431 ms - 12[39m
[35m[HTTP][39m [90m[39m
[35m[HTTP][39m [37m-->[39m [37mPOST[39m [37m/wd/hub/session/dd03457a-9d46-46fa-8d5f-c982c19bd5b6/elements[39m
[35m[HTTP][39m [90m{"using":"-android uiautomator","value":"new UiSelector().className(\"android.widget.Image\").text(\"AccMeTheme.creditsimulationsicon\")"}[39m
[35m[HTTP][39m [37m<-- POST /wd/hub/session/dd03457a-9d46-46fa-8d5f-c982c19bd5b6/elements [39m[32m200[39m [90m1830 ms - 139[39m
[35m[HTTP][39m [90m[39m
[35m[HTTP][39m [37m-->[39m [37mGET[39m [37m/wd/hub/session/dd03457a-9d46-46fa-8d5f-c982c19bd5b6/element/f43705c9-4ea9-4b7e-9c52-94ea8e5a5212/location[39m
[35m[HTTP][39m [90m{}[39m
[35m[W3C (dd03457a)][39m Driver proxy active, passing request on via HTTP proxy
[35m[WD Proxy][39m Replacing sessionId 91127b68-c121-46c6-8a78-6534c2d6280e with dd03457a-9d46-46fa-8d5f-c982c19bd5b6
[35m[HTTP][39m [37m<-- GET /wd/hub/session/dd03457a-9d46-46fa-8d5f-c982c19bd5b6/element/f43705c9-4ea9-4b7e-9c52-94ea8e5a5212/location [39m[32m200[39m [90m179 ms - 89[39m
[35m[HTTP][39m [90m[39m
[35m[HTTP][39m [37m-->[39m [37mPOST[39m [37m/wd/hub/session/dd03457a-9d46-46fa-8d5f-c982c19bd5b6/timeouts[39m
[35m[HTTP][39m [90m{"implicit":30000}[39m
[35m[HTTP][39m [37m<-- POST /wd/hub/session/dd03457a-9d46-46fa-8d5f-c982c19bd5b6/timeouts [39m[32m200[39m [90m4 ms - 14[39m
[35m[HTTP][39m [90m[39m
[35m[HTTP][39m [37m-->[39m [37mPOST[39m [37m/wd/hub/session/dd03457a-9d46-46fa-8d5f-c982c19bd5b6/timeouts[39m
[35m[HTTP][39m [90m{"implicit":50}[39m
[35m[HTTP][39m [37m<-- POST /wd/hub/session/dd03457a-9d46-46fa-8d5f-c982c19bd5b6/timeouts [39m[32m200[39m [90m8 ms - 14[39m
[35m[HTTP][39m [90m[39m
[35m[HTTP][39m [37m-->[39m [37mGET[39m [37m/wd/hub/session/dd03457a-9d46-46fa-8d5f-c982c19bd5b6/window/rect[39m
[35m[HTTP][39m [90m{}[39m
[35m[HTTP][39m [37m<-- GET /wd/hub/session/dd03457a-9d46-46fa-8d5f-c982c19bd5b6/window/rect [39m[32m200[39m [90m53 ms - 50[39m
[35m[HTTP][39m [90m[39m
[35m[HTTP][39m [37m-->[39m [37mPOST[39m [37m/wd/hub/session/dd03457a-9d46-46fa-8d5f-c982c19bd5b6/elements[39m
[35m[HTTP][39m [90m{"using":"-android uiautomator","value":"new UiSelector().className(\"android.widget.Image\").text(\"AccMeTheme.creditsimulationsicon\")"}[39m
[35m[HTTP][39m [37m<-- POST /wd/hub/session/dd03457a-9d46-46fa-8d5f-c982c19bd5b6/elements [39m[32m200[39m [90m552 ms - 139[39m
[35m[HTTP][39m [90m[39m
[35m[HTTP][39m [37m-->[39m [37mGET[39m [37m/wd/hub/session/dd03457a-9d46-46fa-8d5f-c982c19bd5b6/element/72d5e188-539f-4e92-8647-884037c1a997/location[39m
[35m[HTTP][39m [90m{}[39m
[35m[W3C (dd03457a)][39m Driver proxy active, passing request on via HTTP proxy
[35m[WD Proxy][39m Replacing sessionId 91127b68-c121-46c6-8a78-6534c2d6280e with dd03457a-9d46-46fa-8d5f-c982c19bd5b6
[35m[HTTP][39m [37m<-- GET /wd/hub/session/dd03457a-9d46-46fa-8d5f-c982c19bd5b6/element/72d5e188-539f-4e92-8647-884037c1a997/location [39m[32m200[39m [90m151 ms - 89[39m
[35m[HTTP][39m [90m[39m
[35m[HTTP][39m [37m-->[39m [37mPOST[39m [37m/wd/hub/session/dd03457a-9d46-46fa-8d5f-c982c19bd5b6/timeouts[39m
[35m[HTTP][39m [90m{"implicit":30000}[39m
[35m[HTTP][39m [37m<-- POST /wd/hub/session/dd03457a-9d46-46fa-8d5f-c982c19bd5b6/timeouts [39m[32m200[39m [90m4 ms - 14[39m
[35m[HTTP][39m [90m[39m
[35m[HTTP][39m [37m-->[39m [37mPOST[39m [37m/wd/hub/session/dd03457a-9d46-46fa-8d5f-c982c19bd5b6/touch/perform[39m
[35m[HTTP][39m [90m{"actions":[{"action":"tap","options":{"x":1,"y":1,"element":"72d5e188-539f-4e92-8647-884037c1a997"}},{"action":"release","options":{}}]}[39m
[35m[UiAutomator2][39m calling get location: 72d5e188-539f-4e92-8647-884037c1a997
[35m[HTTP][39m [37m<-- POST /wd/hub/session/dd03457a-9d46-46fa-8d5f-c982c19bd5b6/touch/perform [39m[32m200[39m [90m1431 ms - 14[39m
[35m[HTTP][39m [90m[39m
[35m[HTTP][39m [37m-->[39m [37mPOST[39m [37m/wd/hub/session/dd03457a-9d46-46fa-8d5f-c982c19bd5b6/timeouts[39m
[35m[HTTP][39m [90m{"implicit":50}[39m
[35m[HTTP][39m [37m<-- POST /wd/hub/session/dd03457a-9d46-46fa-8d5f-c982c19bd5b6/timeouts [39m[32m200[39m [90m4 ms - 14[39m
[35m[HTTP][39m [90m[39m
[35m[HTTP][39m [37m-->[39m [37mGET[39m [37m/wd/hub/session/dd03457a-9d46-46fa-8d5f-c982c19bd5b6/window/rect[39m
[35m[HTTP][39m [90m{}[39m
[35m[HTTP][39m [37m<-- GET /wd/hub/session/dd03457a-9d46-46fa-8d5f-c982c19bd5b6/window/rect [39m[32m200[39m [90m45 ms - 50[39m
[35m[HTTP][39m [90m[39m
[35m[HTTP][39m [37m-->[39m [37mPOST[39m [37m/wd/hub/session/dd03457a-9d46-46fa-8d5f-c982c19bd5b6/elements[39m
[35m[HTTP][39m [90m{"using":"-android uiautomator","value":"new UiSelector().className(\"android.widget.Button\").text(\"New Car\").resourceId(\"b7-ButtonGroupItem1\")"}[39m
[35m[HTTP][39m [37m<-- POST /wd/hub/session/dd03457a-9d46-46fa-8d5f-c982c19bd5b6/elements [39m[32m200[39m [90m352 ms - 12[39m
[35m[HTTP][39m [90m[39m
[35m[HTTP][39m [37m-->[39m [37mPOST[39m [37m/wd/hub/session/dd03457a-9d46-46fa-8d5f-c982c19bd5b6/elements[39m
[35m[HTTP][39m [90m{"using":"-android uiautomator","value":"new UiSelector().className(\"android.widget.Button\").text(\"New Car\").resourceId(\"b7-ButtonGroupItem1\")"}[39m
[35m[HTTP][39m [37m<-- POST /wd/hub/session/dd03457a-9d46-46fa-8d5f-c982c19bd5b6/elements [39m[32m200[39m [90m275 ms - 12[39m
[35m[HTTP][39m [90m[39m
[35m[HTTP][39m [37m-->[39m [37mPOST[39m [37m/wd/hub/session/dd03457a-9d46-46fa-8d5f-c982c19bd5b6/elements[39m
[35m[HTTP][39m [90m{"using":"-android uiautomator","value":"new UiSelector().className(\"android.widget.Button\").text(\"New Car\").resourceId(\"b7-ButtonGroupItem1\")"}[39m
[35m[HTTP][39m [37m<-- POST /wd/hub/session/dd03457a-9d46-46fa-8d5f-c982c19bd5b6/elements [39m[32m200[39m [90m264 ms - 12[39m
[35m[HTTP][39m [90m[39m
[35m[HTTP][39m [37m-->[39m [37mPOST[39m [37m/wd/hub/session/dd03457a-9d46-46fa-8d5f-c982c19bd5b6/elements[39m
[35m[HTTP][39m [90m{"using":"-android uiautomator","value":"new UiSelector().className(\"android.widget.Button\").text(\"New Car\").resourceId(\"b7-ButtonGroupItem1\")"}[39m
[35m[HTTP][39m [37m<-- POST /wd/hub/session/dd03457a-9d46-46fa-8d5f-c982c19bd5b6/elements [39m[32m200[39m [90m623 ms - 12[39m
[35m[HTTP][39m [90m[39m
[35m[HTTP][39m [37m-->[39m [37mPOST[39m [37m/wd/hub/session/dd03457a-9d46-46fa-8d5f-c982c19bd5b6/elements[39m
[35m[HTTP][39m [90m{"using":"-android uiautomator","value":"new UiSelector().className(\"android.widget.Button\").text(\"New Car\").resourceId(\"b7-ButtonGroupItem1\")"}[39m
[35m[HTTP][39m [37m<-- POST /wd/hub/session/dd03457a-9d46-46fa-8d5f-c982c19bd5b6/elements [39m[32m200[39m [90m1565 ms - 139[39m
[35m[HTTP][39m [90m[39m
[35m[HTTP][39m [37m-->[39m [37mGET[39m [37m/wd/hub/session/dd03457a-9d46-46fa-8d5f-c982c19bd5b6/element/3d43d99b-d9d5-48f2-9335-6e978ce9782f/location[39m
[35m[HTTP][39m [90m{}[39m
[35m[W3C (dd03457a)][39m Driver proxy active, passing request on via HTTP proxy
[35m[WD Proxy][39m Replacing sessionId 91127b68-c121-46c6-8a78-6534c2d6280e with dd03457a-9d46-46fa-8d5f-c982c19bd5b6
[35m[HTTP][39m [37m<-- GET /wd/hub/session/dd03457a-9d46-46fa-8d5f-c982c19bd5b6/element/3d43d99b-d9d5-48f2-9335-6e978ce9782f/location [39m[32m200[39m [90m223 ms - 88[39m
[35m[HTTP][39m [90m[39m
[35m[HTTP][39m [37m-->[39m [37mPOST[39m [37m/wd/hub/session/dd03457a-9d46-46fa-8d5f-c982c19bd5b6/timeouts[39m
[35m[HTTP][39m [90m{"implicit":30000}[39m
[35m[HTTP][39m [37m<-- POST /wd/hub/session/dd03457a-9d46-46fa-8d5f-c982c19bd5b6/timeouts [39m[32m200[39m [90m4 ms - 14[39m
[35m[HTTP][39m [90m[39m
[35m[HTTP][39m [37m-->[39m [37mPOST[39m [37m/wd/hub/session/dd03457a-9d46-46fa-8d5f-c982c19bd5b6/touch/perform[39m
[35m[HTTP][39m [90m{"actions":[{"action":"tap","options":{"x":1,"y":1,"element":"3d43d99b-d9d5-48f2-9335-6e978ce9782f"}},{"action":"release","options":{}}]}[39m
[35m[UiAutomator2][39m calling get location: 3d43d99b-d9d5-48f2-9335-6e978ce9782f
[35m[HTTP][39m [37m<-- POST /wd/hub/session/dd03457a-9d46-46fa-8d5f-c982c19bd5b6/touch/perform [39m[32m200[39m [90m1157 ms - 14[39m
[35m[HTTP][39m [90m[39m
[35m[HTTP][39m [37m-->[39m [37mPOST[39m [37m/wd/hub/session/dd03457a-9d46-46fa-8d5f-c982c19bd5b6/timeouts[39m
[35m[HTTP][39m [90m{"implicit":50}[39m
[35m[HTTP][39m [37m<-- POST /wd/hub/session/dd03457a-9d46-46fa-8d5f-c982c19bd5b6/timeouts [39m[32m200[39m [90m6 ms - 14[39m
[35m[HTTP][39m [90m[39m
[35m[HTTP][39m [37m-->[39m [37mGET[39m [37m/wd/hub/session/dd03457a-9d46-46fa-8d5f-c982c19bd5b6/window/rect[39m
[35m[HTTP][39m [90m{}[39m
[35m[HTTP][39m [37m<-- GET /wd/hub/session/dd03457a-9d46-46fa-8d5f-c982c19bd5b6/window/rect [39m[32m200[39m [90m93 ms - 50[39m
[35m[HTTP][39m [90m[39m
[35m[HTTP][39m [37m-->[39m [37mPOST[39m [37m/wd/hub/session/dd03457a-9d46-46fa-8d5f-c982c19bd5b6/elements[39m
[35m[HTTP][39m [90m{"using":"-android uiautomator","value":"new UiSelector().className(\"android.widget.EditText\").resourceId(\"b7-Input_Brand\")"}[39m
[35m[HTTP][39m [37m<-- POST /wd/hub/session/dd03457a-9d46-46fa-8d5f-c982c19bd5b6/elements [39m[32m200[39m [90m922 ms - 139[39m
[35m[HTTP][39m [90m[39m
[35m[HTTP][39m [37m-->[39m [37mGET[39m [37m/wd/hub/session/dd03457a-9d46-46fa-8d5f-c982c19bd5b6/element/ed7ca532-c769-4c94-a1c4-303d9ce51cda/location[39m
[35m[HTTP][39m [90m{}[39m
[35m[W3C (dd03457a)][39m Driver proxy active, passing request on via HTTP proxy
[35m[WD Proxy][39m Replacing sessionId 91127b68-c121-46c6-8a78-6534c2d6280e with dd03457a-9d46-46fa-8d5f-c982c19bd5b6
[35m[HTTP][39m [37m<-- GET /wd/hub/session/dd03457a-9d46-46fa-8d5f-c982c19bd5b6/element/ed7ca532-c769-4c94-a1c4-303d9ce51cda/location [39m[32m200[39m [90m200 ms - 89[39m
[35m[HTTP][39m [90m[39m
[35m[HTTP][39m [37m-->[39m [37mPOST[39m [37m/wd/hub/session/dd03457a-9d46-46fa-8d5f-c982c19bd5b6/timeouts[39m
[35m[HTTP][39m [90m{"implicit":30000}[39m
[35m[HTTP][39m [37m<-- POST /wd/hub/session/dd03457a-9d46-46fa-8d5f-c982c19bd5b6/timeouts [39m[32m200[39m [90m3 ms - 14[39m
[35m[HTTP][39m [90m[39m
[35m[HTTP][39m [37m-->[39m [37mPOST[39m [37m/wd/hub/session/dd03457a-9d46-46fa-8d5f-c982c19bd5b6/element/ed7ca532-c769-4c94-a1c4-303d9ce51cda/clear[39m
[35m[HTTP][39m [90m{"id":"ed7ca532-c769-4c94-a1c4-303d9ce51cda"}[39m
[35m[HTTP][39m [37m<-- POST /wd/hub/session/dd03457a-9d46-46fa-8d5f-c982c19bd5b6/element/ed7ca532-c769-4c94-a1c4-303d9ce51cda/clear [39m[32m200[39m [90m215 ms - 27[39m
[35m[HTTP][39m [90m[39m
[35m[HTTP][39m [37m-->[39m [37mPOST[39m [37m/wd/hub/session/dd03457a-9d46-46fa-8d5f-c982c19bd5b6/element/ed7ca532-c769-4c94-a1c4-303d9ce51cda/value[39m
[35m[HTTP][39m [90m{"id":"ed7ca532-c769-4c94-a1c4-303d9ce51cda","text":"TOYOTA","value":["T","O","Y","O","T","A"]}[39m
[35m[HTTP][39m [37m<-- POST /wd/hub/session/dd03457a-9d46-46fa-8d5f-c982c19bd5b6/element/ed7ca532-c769-4c94-a1c4-303d9ce51cda/value [39m[32m200[39m [90m270 ms - 12[39m
[35m[HTTP][39m [90m[39m
[35m[HTTP][39m [37m-->[39m [37mPOST[39m [37m/wd/hub/session/dd03457a-9d46-46fa-8d5f-c982c19bd5b6/timeouts[39m
[35m[HTTP][39m [90m{"implicit":50}[39m
[35m[HTTP][39m [37m<-- POST /wd/hub/session/dd03457a-9d46-46fa-8d5f-c982c19bd5b6/timeouts [39m[32m200[39m [90m3 ms - 14[39m
[35m[HTTP][39m [90m[39m
[35m[HTTP][39m [37m-->[39m [37mGET[39m [37m/wd/hub/session/dd03457a-9d46-46fa-8d5f-c982c19bd5b6/window/rect[39m
[35m[HTTP][39m [90m{}[39m
[35m[HTTP][39m [37m<-- GET /wd/hub/session/dd03457a-9d46-46fa-8d5f-c982c19bd5b6/window/rect [39m[32m200[39m [90m49 ms - 50[39m
[35m[HTTP][39m [90m[39m
[35m[HTTP][39m [37m-->[39m [37mPOST[39m [37m/wd/hub/session/dd03457a-9d46-46fa-8d5f-c982c19bd5b6/elements[39m
[35m[HTTP][39m [90m{"using":"-android uiautomator","value":"new UiSelector().className(\"android.widget.EditText\").resourceId(\"b7-Input_Brand\")"}[39m
[35m[HTTP][39m [37m<-- POST /wd/hub/session/dd03457a-9d46-46fa-8d5f-c982c19bd5b6/elements [39m[32m200[39m [90m1439 ms - 139[39m
[35m[HTTP][39m [90m[39m
[35m[HTTP][39m [37m-->[39m [37mGET[39m [37m/wd/hub/session/dd03457a-9d46-46fa-8d5f-c982c19bd5b6/element/dbe07a8a-4178-4f9c-8b7c-cdc329e40824/location[39m
[35m[HTTP][39m [90m{}[39m
[35m[W3C (dd03457a)][39m Driver proxy active, passing request on via HTTP proxy
[35m[WD Proxy][39m Replacing sessionId 91127b68-c121-46c6-8a78-6534c2d6280e with dd03457a-9d46-46fa-8d5f-c982c19bd5b6
[35m[HTTP][39m [37m<-- GET /wd/hub/session/dd03457a-9d46-46fa-8d5f-c982c19bd5b6/element/dbe07a8a-4178-4f9c-8b7c-cdc329e40824/location [39m[32m200[39m [90m219 ms - 89[39m
[35m[HTTP][39m [90m[39m
[35m[HTTP][39m [37m-->[39m [37mPOST[39m [37m/wd/hub/session/dd03457a-9d46-46fa-8d5f-c982c19bd5b6/timeouts[39m
[35m[HTTP][39m [90m{"implicit":30000}[39m
[35m[HTTP][39m [37m<-- POST /wd/hub/session/dd03457a-9d46-46fa-8d5f-c982c19bd5b6/timeouts [39m[32m200[39m [90m4 ms - 14[39m
[35m[HTTP][39m [90m[39m
[35m[HTTP][39m [37m-->[39m [37mPOST[39m [37m/wd/hub/session/dd03457a-9d46-46fa-8d5f-c982c19bd5b6/touch/perform[39m
[35m[HTTP][39m [90m{"actions":[{"action":"tap","options":{"x":1,"y":1,"element":"dbe07a8a-4178-4f9c-8b7c-cdc329e40824"}},{"action":"release","options":{}}]}[39m
[35m[UiAutomator2][39m calling get location: dbe07a8a-4178-4f9c-8b7c-cdc329e40824
[35m[HTTP][39m [37m<-- POST /wd/hub/session/dd03457a-9d46-46fa-8d5f-c982c19bd5b6/touch/perform [39m[32m200[39m [90m1797 ms - 14[39m
[35m[HTTP][39m [90m[39m
[35m[HTTP][39m [37m-->[39m [37mPOST[39m [37m/wd/hub/session/dd03457a-9d46-46fa-8d5f-c982c19bd5b6/timeouts[39m
[35m[HTTP][39m [90m{"implicit":50}[39m
[35m[HTTP][39m [37m<-- POST /wd/hub/session/dd03457a-9d46-46fa-8d5f-c982c19bd5b6/timeouts [39m[32m200[39m [90m4 ms - 14[39m
[35m[HTTP][39m [90m[39m
[35m[HTTP][39m [37m-->[39m [37mGET[39m [37m/wd/hub/session/dd03457a-9d46-46fa-8d5f-c982c19bd5b6/window/rect[39m
[35m[HTTP][39m [90m{}[39m
[35m[HTTP][39m [37m<-- GET /wd/hub/session/dd03457a-9d46-46fa-8d5f-c982c19bd5b6/window/rect [39m[32m200[39m [90m110 ms - 50[39m
[35m[HTTP][39m [90m[39m
[35m[HTTP][39m [37m-->[39m [37mPOST[39m [37m/wd/hub/session/dd03457a-9d46-46fa-8d5f-c982c19bd5b6/elements[39m
[35m[HTTP][39m [90m{"using":"-android uiautomator","value":"new UiSelector().className(\"android.view.View\").textContains(\"TOYOTA\").enabled(true)"}[39m
[35m[HTTP][39m [37m<-- POST /wd/hub/session/dd03457a-9d46-46fa-8d5f-c982c19bd5b6/elements [39m[32m200[39m [90m876 ms - 139[39m
[35m[HTTP][39m [90m[39m
[35m[HTTP][39m [37m-->[39m [37mGET[39m [37m/wd/hub/session/dd03457a-9d46-46fa-8d5f-c982c19bd5b6/element/084bd410-4199-4937-b631-7266535e5839/location[39m
[35m[HTTP][39m [90m{}[39m
[35m[W3C (dd03457a)][39m Driver proxy active, passing request on via HTTP proxy
[35m[WD Proxy][39m Replacing sessionId 91127b68-c121-46c6-8a78-6534c2d6280e with dd03457a-9d46-46fa-8d5f-c982c19bd5b6
[35m[HTTP][39m [37m<-- GET /wd/hub/session/dd03457a-9d46-46fa-8d5f-c982c19bd5b6/element/084bd410-4199-4937-b631-7266535e5839/location [39m[32m200[39m [90m217 ms - 89[39m
[35m[HTTP][39m [90m[39m
[35m[HTTP][39m [37m-->[39m [37mPOST[39m [37m/wd/hub/session/dd03457a-9d46-46fa-8d5f-c982c19bd5b6/timeouts[39m
[35m[HTTP][39m [90m{"implicit":30000}[39m
[35m[HTTP][39m [37m<-- POST /wd/hub/session/dd03457a-9d46-46fa-8d5f-c982c19bd5b6/timeouts [39m[32m200[39m [90m4 ms - 14[39m
[35m[HTTP][39m [90m[39m
[35m[HTTP][39m [37m-->[39m [37mPOST[39m [37m/wd/hub/session/dd03457a-9d46-46fa-8d5f-c982c19bd5b6/touch/perform[39m
[35m[HTTP][39m [90m{"actions":[{"action":"tap","options":{"x":1,"y":1,"element":"084bd410-4199-4937-b631-7266535e5839"}},{"action":"release","options":{}}]}[39m
[35m[UiAutomator2][39m calling get location: 084bd410-4199-4937-b631-7266535e5839
[35m[HTTP][39m [37m<-- POST /wd/hub/session/dd03457a-9d46-46fa-8d5f-c982c19bd5b6/touch/perform [39m[32m200[39m [90m1910 ms - 14[39m
[35m[HTTP][39m [90m[39m
[35m[HTTP][39m [37m-->[39m [37mPOST[39m [37m/wd/hub/session/dd03457a-9d46-46fa-8d5f-c982c19bd5b6/timeouts[39m
[35m[HTTP][39m [90m{"implicit":50}[39m
[35m[HTTP][39m [37m<-- POST /wd/hub/session/dd03457a-9d46-46fa-8d5f-c982c19bd5b6/timeouts [39m[32m200[39m [90m4 ms - 14[39m
[35m[HTTP][39m [90m[39m
[35m[HTTP][39m [37m-->[39m [37mGET[39m [37m/wd/hub/session/dd03457a-9d46-46fa-8d5f-c982c19bd5b6/window/rect[39m
[35m[HTTP][39m [90m{}[39m
[35m[HTTP][39m [37m<-- GET /wd/hub/session/dd03457a-9d46-46fa-8d5f-c982c19bd5b6/window/rect [39m[32m200[39m [90m111 ms - 50[39m
[35m[HTTP][39m [90m[39m
[35m[HTTP][39m [37m-->[39m [37mPOST[39m [37m/wd/hub/session/dd03457a-9d46-46fa-8d5f-c982c19bd5b6/elements[39m
[35m[HTTP][39m [90m{"using":"-android uiautomator","value":"new UiSelector().className(\"android.widget.EditText\").resourceId(\"b7-Input_Type\")"}[39m
[35m[HTTP][39m [37m<-- POST /wd/hub/session/dd03457a-9d46-46fa-8d5f-c982c19bd5b6/elements [39m[32m200[39m [90m975 ms - 139[39m
[35m[HTTP][39m [90m[39m
[35m[HTTP][39m [37m-->[39m [37mGET[39m [37m/wd/hub/session/dd03457a-9d46-46fa-8d5f-c982c19bd5b6/element/a4c63272-114d-477a-b77e-9e6aedd3e6c7/location[39m
[35m[HTTP][39m [90m{}[39m
[35m[W3C (dd03457a)][39m Driver proxy active, passing request on via HTTP proxy
[35m[WD Proxy][39m Replacing sessionId 91127b68-c121-46c6-8a78-6534c2d6280e with dd03457a-9d46-46fa-8d5f-c982c19bd5b6
[35m[HTTP][39m [37m<-- GET /wd/hub/session/dd03457a-9d46-46fa-8d5f-c982c19bd5b6/element/a4c63272-114d-477a-b77e-9e6aedd3e6c7/location [39m[32m200[39m [90m252 ms - 89[39m
[35m[HTTP][39m [90m[39m
[35m[HTTP][39m [37m-->[39m [37mPOST[39m [37m/wd/hub/session/dd03457a-9d46-46fa-8d5f-c982c19bd5b6/timeouts[39m
[35m[HTTP][39m [90m{"implicit":30000}[39m
[35m[HTTP][39m [37m<-- POST /wd/hub/session/dd03457a-9d46-46fa-8d5f-c982c19bd5b6/timeouts [39m[32m200[39m [90m3 ms - 14[39m
[35m[HTTP][39m [90m[39m
[35m[HTTP][39m [37m-->[39m [37mPOST[39m [37m/wd/hub/session/dd03457a-9d46-46fa-8d5f-c982c19bd5b6/touch/perform[39m
[35m[HTTP][39m [90m{"actions":[{"action":"tap","options":{"x":1,"y":1,"element":"a4c63272-114d-477a-b77e-9e6aedd3e6c7"}},{"action":"release","options":{}}]}[39m
[35m[UiAutomator2][39m calling get location: a4c63272-114d-477a-b77e-9e6aedd3e6c7
[35m[HTTP][39m [37m<-- POST /wd/hub/session/dd03457a-9d46-46fa-8d5f-c982c19bd5b6/touch/perform [39m[32m200[39m [90m2082 ms - 14[39m
[35m[HTTP][39m [90m[39m
[35m[HTTP][39m [37m-->[39m [37mPOST[39m [37m/wd/hub/session/dd03457a-9d46-46fa-8d5f-c982c19bd5b6/timeouts[39m
[35m[HTTP][39m [90m{"implicit":50}[39m
[35m[HTTP][39m [37m<-- POST /wd/hub/session/dd03457a-9d46-46fa-8d5f-c982c19bd5b6/timeouts [39m[32m200[39m [90m3 ms - 14[39m
[35m[HTTP][39m [90m[39m
[35m[HTTP][39m [37m-->[39m [37mGET[39m [37m/wd/hub/session/dd03457a-9d46-46fa-8d5f-c982c19bd5b6/window/rect[39m
[35m[HTTP][39m [90m{}[39m
[35m[HTTP][39m [37m<-- GET /wd/hub/session/dd03457a-9d46-46fa-8d5f-c982c19bd5b6/window/rect [39m[32m200[39m [90m113 ms - 50[39m
[35m[HTTP][39m [90m[39m
[35m[HTTP][39m [37m-->[39m [37mPOST[39m [37m/wd/hub/session/dd03457a-9d46-46fa-8d5f-c982c19bd5b6/elements[39m
[35m[HTTP][39m [90m{"using":"-android uiautomator","value":"new UiSelector().className(\"android.widget.EditText\").resourceId(\"b7-Input_Type\")"}[39m
[35m[HTTP][39m [37m<-- POST /wd/hub/session/dd03457a-9d46-46fa-8d5f-c982c19bd5b6/elements [39m[32m200[39m [90m2891 ms - 139[39m
[35m[HTTP][39m [90m[39m
[35m[HTTP][39m [37m-->[39m [37mGET[39m [37m/wd/hub/session/dd03457a-9d46-46fa-8d5f-c982c19bd5b6/element/6c5350d8-81cc-410d-bdea-005e9117d9b7/location[39m
[35m[HTTP][39m [90m{}[39m
[35m[W3C (dd03457a)][39m Driver proxy active, passing request on via HTTP proxy
[35m[WD Proxy][39m Replacing sessionId 91127b68-c121-46c6-8a78-6534c2d6280e with dd03457a-9d46-46fa-8d5f-c982c19bd5b6
[35m[HTTP][39m [37m<-- GET /wd/hub/session/dd03457a-9d46-46fa-8d5f-c982c19bd5b6/element/6c5350d8-81cc-410d-bdea-005e9117d9b7/location [39m[32m200[39m [90m231 ms - 89[39m
[35m[HTTP][39m [90m[39m
[35m[HTTP][39m [37m-->[39m [37mPOST[39m [37m/wd/hub/session/dd03457a-9d46-46fa-8d5f-c982c19bd5b6/timeouts[39m
[35m[HTTP][39m [90m{"implicit":30000}[39m
[35m[HTTP][39m [37m<-- POST /wd/hub/session/dd03457a-9d46-46fa-8d5f-c982c19bd5b6/timeouts [39m[32m200[39m [90m4 ms - 14[39m
[35m[HTTP][39m [90m[39m
[35m[HTTP][39m [37m-->[39m [37mPOST[39m [37m/wd/hub/session/dd03457a-9d46-46fa-8d5f-c982c19bd5b6/element/6c5350d8-81cc-410d-bdea-005e9117d9b7/clear[39m
[35m[HTTP][39m [90m{"id":"6c5350d8-81cc-410d-bdea-005e9117d9b7"}[39m
[35m[HTTP][39m [37m<-- POST /wd/hub/session/dd03457a-9d46-46fa-8d5f-c982c19bd5b6/element/6c5350d8-81cc-410d-bdea-005e9117d9b7/clear [39m[32m200[39m [90m182 ms - 27[39m
[35m[HTTP][39m [90m[39m
[35m[HTTP][39m [37m-->[39m [37mPOST[39m [37m/wd/hub/session/dd03457a-9d46-46fa-8d5f-c982c19bd5b6/element/6c5350d8-81cc-410d-bdea-005e9117d9b7/value[39m
[35m[HTTP][39m [90m{"id":"6c5350d8-81cc-410d-bdea-005e9117d9b7","text":"F03","value":["F","0","3"]}[39m
[35m[HTTP][39m [37m<-- POST /wd/hub/session/dd03457a-9d46-46fa-8d5f-c982c19bd5b6/element/6c5350d8-81cc-410d-bdea-005e9117d9b7/value [39m[32m200[39m [90m970 ms - 12[39m
[35m[HTTP][39m [90m[39m
[35m[HTTP][39m [37m-->[39m [37mPOST[39m [37m/wd/hub/session/dd03457a-9d46-46fa-8d5f-c982c19bd5b6/timeouts[39m
[35m[HTTP][39m [90m{"implicit":50}[39m
[35m[HTTP][39m [37m<-- POST /wd/hub/session/dd03457a-9d46-46fa-8d5f-c982c19bd5b6/timeouts [39m[32m200[39m [90m4 ms - 14[39m
[35m[HTTP][39m [90m[39m
[35m[HTTP][39m [37m-->[39m [37mGET[39m [37m/wd/hub/session/dd03457a-9d46-46fa-8d5f-c982c19bd5b6/window/rect[39m
[35m[HTTP][39m [90m{}[39m
[35m[HTTP][39m [37m<-- GET /wd/hub/session/dd03457a-9d46-46fa-8d5f-c982c19bd5b6/window/rect [39m[32m200[39m [90m99 ms - 50[39m
[35m[HTTP][39m [90m[39m
[35m[HTTP][39m [37m-->[39m [37mPOST[39m [37m/wd/hub/session/dd03457a-9d46-46fa-8d5f-c982c19bd5b6/elements[39m
[35m[HTTP][39m [90m{"using":"-android uiautomator","value":"new UiSelector().className(\"android.widget.EditText\").resourceId(\"b7-Input_Type\")"}[39m
[35m[HTTP][39m [37m<-- POST /wd/hub/session/dd03457a-9d46-46fa-8d5f-c982c19bd5b6/elements [39m[32m200[39m [90m757 ms - 139[39m
[35m[HTTP][39m [90m[39m
[35m[HTTP][39m [37m-->[39m [37mGET[39m [37m/wd/hub/session/dd03457a-9d46-46fa-8d5f-c982c19bd5b6/element/24915ec6-c0d9-46b1-b358-44672bed1efb/location[39m
[35m[HTTP][39m [90m{}[39m
[35m[W3C (dd03457a)][39m Driver proxy active, passing request on via HTTP proxy
[35m[WD Proxy][39m Replacing sessionId 91127b68-c121-46c6-8a78-6534c2d6280e with dd03457a-9d46-46fa-8d5f-c982c19bd5b6
[35m[HTTP][39m [37m<-- GET /wd/hub/session/dd03457a-9d46-46fa-8d5f-c982c19bd5b6/element/24915ec6-c0d9-46b1-b358-44672bed1efb/location [39m[32m200[39m [90m215 ms - 89[39m
[35m[HTTP][39m [90m[39m
[35m[HTTP][39m [37m-->[39m [37mPOST[39m [37m/wd/hub/session/dd03457a-9d46-46fa-8d5f-c982c19bd5b6/timeouts[39m
[35m[HTTP][39m [90m{"implicit":30000}[39m
[35m[HTTP][39m [37m<-- POST /wd/hub/session/dd03457a-9d46-46fa-8d5f-c982c19bd5b6/timeouts [39m[32m200[39m [90m3 ms - 14[39m
[35m[HTTP][39m [90m[39m
[35m[HTTP][39m [37m-->[39m [37mPOST[39m [37m/wd/hub/session/dd03457a-9d46-46fa-8d5f-c982c19bd5b6/touch/perform[39m
[35m[HTTP][39m [90m{"actions":[{"action":"tap","options":{"x":1,"y":1,"element":"24915ec6-c0d9-46b1-b358-44672bed1efb"}},{"action":"release","options":{}}]}[39m
[35m[UiAutomator2][39m calling get location: 24915ec6-c0d9-46b1-b358-44672bed1efb
[35m[HTTP][39m [37m<-- POST /wd/hub/session/dd03457a-9d46-46fa-8d5f-c982c19bd5b6/touch/perform [39m[32m200[39m [90m1316 ms - 14[39m
[35m[HTTP][39m [90m[39m
[35m[HTTP][39m [37m-->[39m [37mPOST[39m [37m/wd/hub/session/dd03457a-9d46-46fa-8d5f-c982c19bd5b6/timeouts[39m
[35m[HTTP][39m [90m{"implicit":50}[39m
[35m[HTTP][39m [37m<-- POST /wd/hub/session/dd03457a-9d46-46fa-8d5f-c982c19bd5b6/timeouts [39m[32m200[39m [90m3 ms - 14[39m
[35m[HTTP][39m [90m[39m
[35m[HTTP][39m [37m-->[39m [37mGET[39m [37m/wd/hub/session/dd03457a-9d46-46fa-8d5f-c982c19bd5b6/window/rect[39m
[35m[HTTP][39m [90m{}[39m
[35m[HTTP][39m [37m<-- GET /wd/hub/session/dd03457a-9d46-46fa-8d5f-c982c19bd5b6/window/rect [39m[32m200[39m [90m97 ms - 50[39m
[35m[HTTP][39m [90m[39m
[35m[HTTP][39m [37m-->[39m [37mPOST[39m [37m/wd/hub/session/dd03457a-9d46-46fa-8d5f-c982c19bd5b6/elements[39m
[35m[HTTP][39m [90m{"using":"-android uiautomator","value":"new UiSelector().className(\"android.view.View\").resourceId(\"b7-l8-0-ListItemType\").instance(70)"}[39m
[35m[HTTP][39m [37m<-- POST /wd/hub/session/dd03457a-9d46-46fa-8d5f-c982c19bd5b6/elements [39m[32m200[39m [90m623 ms - 139[39m
[35m[HTTP][39m [90m[39m
[35m[HTTP][39m [37m-->[39m [37mGET[39m [37m/wd/hub/session/dd03457a-9d46-46fa-8d5f-c982c19bd5b6/element/0e918472-61fe-4ece-8c90-6e1fab97bc81/location[39m
[35m[HTTP][39m [90m{}[39m
[35m[W3C (dd03457a)][39m Driver proxy active, passing request on via HTTP proxy
[35m[WD Proxy][39m Replacing sessionId 91127b68-c121-46c6-8a78-6534c2d6280e with dd03457a-9d46-46fa-8d5f-c982c19bd5b6
[35m[HTTP][39m [37m<-- GET /wd/hub/session/dd03457a-9d46-46fa-8d5f-c982c19bd5b6/element/0e918472-61fe-4ece-8c90-6e1fab97bc81/location [39m[32m200[39m [90m155 ms - 89[39m
[35m[HTTP][39m [90m[39m
[35m[HTTP][39m [37m-->[39m [37mPOST[39m [37m/wd/hub/session/dd03457a-9d46-46fa-8d5f-c982c19bd5b6/timeouts[39m
[35m[HTTP][39m [90m{"implicit":30000}[39m
[35m[HTTP][39m [37m<-- POST /wd/hub/session/dd03457a-9d46-46fa-8d5f-c982c19bd5b6/timeouts [39m[32m200[39m [90m3 ms - 14[39m
[35m[HTTP][39m [90m[39m
[35m[HTTP][39m [37m-->[39m [37mPOST[39m [37m/wd/hub/session/dd03457a-9d46-46fa-8d5f-c982c19bd5b6/touch/perform[39m
[35m[HTTP][39m [90m{"actions":[{"action":"tap","options":{"x":1,"y":1,"element":"0e918472-61fe-4ece-8c90-6e1fab97bc81"}},{"action":"release","options":{}}]}[39m
[35m[UiAutomator2][39m calling get location: 0e918472-61fe-4ece-8c90-6e1fab97bc81
[35m[HTTP][39m [37m<-- POST /wd/hub/session/dd03457a-9d46-46fa-8d5f-c982c19bd5b6/touch/perform [39m[32m200[39m [90m1856 ms - 14[39m
[35m[HTTP][39m [90m[39m
[35m[HTTP][39m [37m-->[39m [37mGET[39m [37m/wd/hub/session/dd03457a-9d46-46fa-8d5f-c982c19bd5b6/context[39m
[35m[HTTP][39m [90m{}[39m
[35m[HTTP][39m [37m<-- GET /wd/hub/session/dd03457a-9d46-46fa-8d5f-c982c19bd5b6/context [39m[32m200[39m [90m5 ms - 22[39m
[35m[HTTP][39m [90m[39m
[35m[HTTP][39m [37m-->[39m [37mGET[39m [37m/wd/hub/session/dd03457a-9d46-46fa-8d5f-c982c19bd5b6/contexts[39m
[35m[HTTP][39m [90m{}[39m
[35m[HTTP][39m [37m<-- GET /wd/hub/session/dd03457a-9d46-46fa-8d5f-c982c19bd5b6/contexts [39m[32m200[39m [90m928 ms - 80[39m
[35m[HTTP][39m [90m[39m
[35m[HTTP][39m [37m-->[39m [37mPOST[39m [37m/wd/hub/session/dd03457a-9d46-46fa-8d5f-c982c19bd5b6/context[39m
[35m[HTTP][39m [90m{"name":"NATIVE_APP"}[39m
[35m[HTTP][39m [37m<-- POST /wd/hub/session/dd03457a-9d46-46fa-8d5f-c982c19bd5b6/context [39m[32m200[39m [90m3 ms - 14[39m
[35m[HTTP][39m [90m[39m
[35m[HTTP][39m [37m-->[39m [37mGET[39m [37m/wd/hub/session/dd03457a-9d46-46fa-8d5f-c982c19bd5b6/window/rect[39m
[35m[HTTP][39m [90m{}[39m
[35m[HTTP][39m [37m<-- GET /wd/hub/session/dd03457a-9d46-46fa-8d5f-c982c19bd5b6/window/rect [39m[32m200[39m [90m90 ms - 50[39m
[35m[HTTP][39m [90m[39m
[35m[HTTP][39m [37m-->[39m [37mPOST[39m [37m/wd/hub/session/dd03457a-9d46-46fa-8d5f-c982c19bd5b6/context[39m
[35m[HTTP][39m [90m{"name":"NATIVE_APP"}[39m
[35m[HTTP][39m [37m<-- POST /wd/hub/session/dd03457a-9d46-46fa-8d5f-c982c19bd5b6/context [39m[32m200[39m [90m5 ms - 14[39m
[35m[HTTP][39m [90m[39m
[35m[HTTP][39m [37m-->[39m [37mGET[39m [37m/wd/hub/session/dd03457a-9d46-46fa-8d5f-c982c19bd5b6/context[39m
[35m[HTTP][39m [90m{}[39m
[35m[HTTP][39m [37m<-- GET /wd/hub/session/dd03457a-9d46-46fa-8d5f-c982c19bd5b6/context [39m[32m200[39m [90m3 ms - 22[39m
[35m[HTTP][39m [90m[39m
[35m[HTTP][39m [37m-->[39m [37mGET[39m [37m/wd/hub/session/dd03457a-9d46-46fa-8d5f-c982c19bd5b6/contexts[39m
[35m[HTTP][39m [90m{}[39m
[35m[HTTP][39m [37m<-- GET /wd/hub/session/dd03457a-9d46-46fa-8d5f-c982c19bd5b6/contexts [39m[32m200[39m [90m887 ms - 80[39m
[35m[HTTP][39m [90m[39m
[35m[HTTP][39m [37m-->[39m [37mPOST[39m [37m/wd/hub/session/dd03457a-9d46-46fa-8d5f-c982c19bd5b6/context[39m
[35m[HTTP][39m [90m{"name":"NATIVE_APP"}[39m
[35m[HTTP][39m [37m<-- POST /wd/hub/session/dd03457a-9d46-46fa-8d5f-c982c19bd5b6/context [39m[32m200[39m [90m3 ms - 14[39m
[35m[HTTP][39m [90m[39m
[35m[HTTP][39m [37m-->[39m [37mGET[39m [37m/wd/hub/session/dd03457a-9d46-46fa-8d5f-c982c19bd5b6/window/rect[39m
[35m[HTTP][39m [90m{}[39m
[35m[HTTP][39m [37m<-- GET /wd/hub/session/dd03457a-9d46-46fa-8d5f-c982c19bd5b6/window/rect [39m[32m200[39m [90m91 ms - 50[39m
[35m[HTTP][39m [90m[39m
[35m[HTTP][39m [37m-->[39m [37mPOST[39m [37m/wd/hub/session/dd03457a-9d46-46fa-8d5f-c982c19bd5b6/context[39m
[35m[HTTP][39m [90m{"name":"NATIVE_APP"}[39m
[35m[HTTP][39m [37m<-- POST /wd/hub/session/dd03457a-9d46-46fa-8d5f-c982c19bd5b6/context [39m[32m200[39m [90m3 ms - 14[39m
[35m[HTTP][39m [90m[39m
[35m[HTTP][39m [37m-->[39m [37mGET[39m [37m/wd/hub/session/dd03457a-9d46-46fa-8d5f-c982c19bd5b6/context[39m
[35m[HTTP][39m [90m{}[39m
[35m[HTTP][39m [37m<-- GET /wd/hub/session/dd03457a-9d46-46fa-8d5f-c982c19bd5b6/context [39m[32m200[39m [90m3 ms - 22[39m
[35m[HTTP][39m [90m[39m
[35m[HTTP][39m [37m-->[39m [37mGET[39m [37m/wd/hub/session/dd03457a-9d46-46fa-8d5f-c982c19bd5b6/contexts[39m
[35m[HTTP][39m [90m{}[39m
[35m[HTTP][39m [37m<-- GET /wd/hub/session/dd03457a-9d46-46fa-8d5f-c982c19bd5b6/contexts [39m[32m200[39m [90m1077 ms - 80[39m
[35m[HTTP][39m [90m[39m
[35m[HTTP][39m [37m-->[39m [37mPOST[39m [37m/wd/hub/session/dd03457a-9d46-46fa-8d5f-c982c19bd5b6/context[39m
[35m[HTTP][39m [90m{"name":"NATIVE_APP"}[39m
[35m[HTTP][39m [37m<-- POST /wd/hub/session/dd03457a-9d46-46fa-8d5f-c982c19bd5b6/context [39m[32m200[39m [90m3 ms - 14[39m
[35m[HTTP][39m [90m[39m
[35m[HTTP][39m [37m-->[39m [37mPOST[39m [37m/wd/hub/session/dd03457a-9d46-46fa-8d5f-c982c19bd5b6/touch/perform[39m
[35m[HTTP][39m [90m{"actions":[{"action":"press","options":{"x":1000,"y":1704}},{"action":"wait","options":{"ms":500}},{"action":"moveTo","options":{"x":1000,"y":1065}},{"action":"release","options":{}}]}[39m
[35m[HTTP][39m [37m<-- POST /wd/hub/session/dd03457a-9d46-46fa-8d5f-c982c19bd5b6/touch/perform [39m[32m200[39m [90m1179 ms - 14[39m
[35m[HTTP][39m [90m[39m
[35m[HTTP][39m [37m-->[39m [37mPOST[39m [37m/wd/hub/session/dd03457a-9d46-46fa-8d5f-c982c19bd5b6/context[39m
[35m[HTTP][39m [90m{"name":"NATIVE_APP"}[39m
[35m[HTTP][39m [37m<-- POST /wd/hub/session/dd03457a-9d46-46fa-8d5f-c982c19bd5b6/context [39m[32m200[39m [90m4 ms - 14[39m
[35m[HTTP][39m [90m[39m
[35m[HTTP][39m [37m-->[39m [37mPOST[39m [37m/wd/hub/session/dd03457a-9d46-46fa-8d5f-c982c19bd5b6/timeouts[39m
[35m[HTTP][39m [90m{"implicit":50}[39m
[35m[HTTP][39m [37m<-- POST /wd/hub/session/dd03457a-9d46-46fa-8d5f-c982c19bd5b6/timeouts [39m[32m200[39m [90m5 ms - 14[39m
[35m[HTTP][39m [90m[39m
[35m[HTTP][39m [37m-->[39m [37mGET[39m [37m/wd/hub/session/dd03457a-9d46-46fa-8d5f-c982c19bd5b6/window/rect[39m
[35m[HTTP][39m [90m{}[39m
[35m[HTTP][39m [37m<-- GET /wd/hub/session/dd03457a-9d46-46fa-8d5f-c982c19bd5b6/window/rect [39m[32m200[39m [90m95 ms - 50[39m
[35m[HTTP][39m [90m[39m
[35m[HTTP][39m [37m-->[39m [37mPOST[39m [37m/wd/hub/session/dd03457a-9d46-46fa-8d5f-c982c19bd5b6/elements[39m
[35m[HTTP][39m [90m{"using":"-android uiautomator","value":"new UiSelector().className(\"android.view.View\").resourceId(\"b7-Input_Model3\")"}[39m
[35m[HTTP][39m [37m<-- POST /wd/hub/session/dd03457a-9d46-46fa-8d5f-c982c19bd5b6/elements [39m[32m200[39m [90m880 ms - 139[39m
[35m[HTTP][39m [90m[39m
[35m[HTTP][39m [37m-->[39m [37mGET[39m [37m/wd/hub/session/dd03457a-9d46-46fa-8d5f-c982c19bd5b6/element/b919cc6e-ad88-4e19-a79c-bf9ba0ffcb61/location[39m
[35m[HTTP][39m [90m{}[39m
[35m[W3C (dd03457a)][39m Driver proxy active, passing request on via HTTP proxy
[35m[WD Proxy][39m Replacing sessionId 91127b68-c121-46c6-8a78-6534c2d6280e with dd03457a-9d46-46fa-8d5f-c982c19bd5b6
[35m[HTTP][39m [37m<-- GET /wd/hub/session/dd03457a-9d46-46fa-8d5f-c982c19bd5b6/element/b919cc6e-ad88-4e19-a79c-bf9ba0ffcb61/location [39m[32m200[39m [90m239 ms - 88[39m
[35m[HTTP][39m [90m[39m
[35m[HTTP][39m [37m-->[39m [37mPOST[39m [37m/wd/hub/session/dd03457a-9d46-46fa-8d5f-c982c19bd5b6/timeouts[39m
[35m[HTTP][39m [90m{"implicit":30000}[39m
[35m[HTTP][39m [37m<-- POST /wd/hub/session/dd03457a-9d46-46fa-8d5f-c982c19bd5b6/timeouts [39m[32m200[39m [90m4 ms - 14[39m
[35m[HTTP][39m [90m[39m
[35m[HTTP][39m [37m-->[39m [37mPOST[39m [37m/wd/hub/session/dd03457a-9d46-46fa-8d5f-c982c19bd5b6/touch/perform[39m
[35m[HTTP][39m [90m{"actions":[{"action":"tap","options":{"x":1,"y":1,"element":"b919cc6e-ad88-4e19-a79c-bf9ba0ffcb61"}},{"action":"release","options":{}}]}[39m
[35m[UiAutomator2][39m calling get location: b919cc6e-ad88-4e19-a79c-bf9ba0ffcb61
[35m[HTTP][39m [37m<-- POST /wd/hub/session/dd03457a-9d46-46fa-8d5f-c982c19bd5b6/touch/perform [39m[32m200[39m [90m1915 ms - 14[39m
[35m[HTTP][39m [90m[39m
[35m[HTTP][39m [37m-->[39m [37mGET[39m [37m/wd/hub/session/dd03457a-9d46-46fa-8d5f-c982c19bd5b6/context[39m
[35m[HTTP][39m [90m{}[39m
[35m[HTTP][39m [37m<-- GET /wd/hub/session/dd03457a-9d46-46fa-8d5f-c982c19bd5b6/context [39m[32m200[39m [90m3 ms - 22[39m
[35m[HTTP][39m [90m[39m
[35m[HTTP][39m [37m-->[39m [37mGET[39m [37m/wd/hub/session/dd03457a-9d46-46fa-8d5f-c982c19bd5b6/contexts[39m
[35m[HTTP][39m [90m{}[39m
[35m[HTTP][39m [37m<-- GET /wd/hub/session/dd03457a-9d46-46fa-8d5f-c982c19bd5b6/contexts [39m[32m200[39m [90m839 ms - 80[39m
[35m[HTTP][39m [90m[39m
[35m[HTTP][39m [37m-->[39m [37mPOST[39m [37m/wd/hub/session/dd03457a-9d46-46fa-8d5f-c982c19bd5b6/context[39m
[35m[HTTP][39m [90m{"name":"NATIVE_APP"}[39m
[35m[HTTP][39m [37m<-- POST /wd/hub/session/dd03457a-9d46-46fa-8d5f-c982c19bd5b6/context [39m[32m200[39m [90m4 ms - 14[39m
[35m[HTTP][39m [90m[39m
[35m[HTTP][39m [37m-->[39m [37mPOST[39m [37m/wd/hub/session/dd03457a-9d46-46fa-8d5f-c982c19bd5b6/element[39m
[35m[HTTP][39m [90m{"using":"-android uiautomator","value":"new UiScrollable(new UiSelector().scrollable(true).instance(0)).scrollIntoView(new UiSelector().textContains(\"T:2.7GLUX4X2A/T\"))"}[39m
[35m[HTTP][39m [37m<-- POST /wd/hub/session/dd03457a-9d46-46fa-8d5f-c982c19bd5b6/element [39m[32m200[39m [90m7969 ms - 137[39m
[35m[HTTP][39m [90m[39m
[35m[HTTP][39m [37m-->[39m [37mPOST[39m [37m/wd/hub/session/dd03457a-9d46-46fa-8d5f-c982c19bd5b6/context[39m
[35m[HTTP][39m [90m{"name":"NATIVE_APP"}[39m
[35m[HTTP][39m [37m<-- POST /wd/hub/session/dd03457a-9d46-46fa-8d5f-c982c19bd5b6/context [39m[32m200[39m [90m5 ms - 14[39m
[35m[HTTP][39m [90m[39m
[35m[HTTP][39m [37m-->[39m [37mPOST[39m [37m/wd/hub/session/dd03457a-9d46-46fa-8d5f-c982c19bd5b6/timeouts[39m
[35m[HTTP][39m [90m{"implicit":50}[39m
[35m[HTTP][39m [37m<-- POST /wd/hub/session/dd03457a-9d46-46fa-8d5f-c982c19bd5b6/timeouts [39m[32m200[39m [90m4 ms - 14[39m
[35m[HTTP][39m [90m[39m
[35m[HTTP][39m [37m-->[39m [37mGET[39m [37m/wd/hub/session/dd03457a-9d46-46fa-8d5f-c982c19bd5b6/window/rect[39m
[35m[HTTP][39m [90m{}[39m
[35m[HTTP][39m [37m<-- GET /wd/hub/session/dd03457a-9d46-46fa-8d5f-c982c19bd5b6/window/rect [39m[32m200[39m [90m84 ms - 50[39m
[35m[HTTP][39m [90m[39m
[35m[HTTP][39m [37m-->[39m [37mPOST[39m [37m/wd/hub/session/dd03457a-9d46-46fa-8d5f-c982c19bd5b6/elements[39m
[35m[HTTP][39m [90m{"using":"-android uiautomator","value":"new UiSelector().className(\"android.widget.CheckedTextView\").textContains(\"T:2.7GLUX4X2A/T\")"}[39m
[35m[HTTP][39m [37m<-- POST /wd/hub/session/dd03457a-9d46-46fa-8d5f-c982c19bd5b6/elements [39m[32m200[39m [90m211 ms - 139[39m
[35m[HTTP][39m [90m[39m
[35m[HTTP][39m [37m-->[39m [37mGET[39m [37m/wd/hub/session/dd03457a-9d46-46fa-8d5f-c982c19bd5b6/element/c1aaa7f7-fe41-427a-93b8-bd0c9d1671f4/location[39m
[35m[HTTP][39m [90m{}[39m
[35m[W3C (dd03457a)][39m Driver proxy active, passing request on via HTTP proxy
[35m[WD Proxy][39m Replacing sessionId 91127b68-c121-46c6-8a78-6534c2d6280e with dd03457a-9d46-46fa-8d5f-c982c19bd5b6
[35m[HTTP][39m [37m<-- GET /wd/hub/session/dd03457a-9d46-46fa-8d5f-c982c19bd5b6/element/c1aaa7f7-fe41-427a-93b8-bd0c9d1671f4/location [39m[32m200[39m [90m138 ms - 88[39m
[35m[HTTP][39m [90m[39m
[35m[HTTP][39m [37m-->[39m [37mPOST[39m [37m/wd/hub/session/dd03457a-9d46-46fa-8d5f-c982c19bd5b6/timeouts[39m
[35m[HTTP][39m [90m{"implicit":30000}[39m
[35m[HTTP][39m [37m<-- POST /wd/hub/session/dd03457a-9d46-46fa-8d5f-c982c19bd5b6/timeouts [39m[32m200[39m [90m3 ms - 14[39m
[35m[HTTP][39m [90m[39m
[35m[HTTP][39m [37m-->[39m [37mPOST[39m [37m/wd/hub/session/dd03457a-9d46-46fa-8d5f-c982c19bd5b6/touch/perform[39m
[35m[HTTP][39m [90m{"actions":[{"action":"tap","options":{"x":1,"y":1,"element":"c1aaa7f7-fe41-427a-93b8-bd0c9d1671f4"}},{"action":"release","options":{}}]}[39m
[35m[UiAutomator2][39m calling get location: c1aaa7f7-fe41-427a-93b8-bd0c9d1671f4
[35m[HTTP][39m [37m<-- POST /wd/hub/session/dd03457a-9d46-46fa-8d5f-c982c19bd5b6/touch/perform [39m[32m200[39m [90m1108 ms - 14[39m
[35m[HTTP][39m [90m[39m
[35m[HTTP][39m [37m-->[39m [37mPOST[39m [37m/wd/hub/session/dd03457a-9d46-46fa-8d5f-c982c19bd5b6/timeouts[39m
[35m[HTTP][39m [90m{"implicit":50}[39m
[35m[HTTP][39m [37m<-- POST /wd/hub/session/dd03457a-9d46-46fa-8d5f-c982c19bd5b6/timeouts [39m[32m200[39m [90m4 ms - 14[39m
[35m[HTTP][39m [90m[39m
[35m[HTTP][39m [37m-->[39m [37mGET[39m [37m/wd/hub/session/dd03457a-9d46-46fa-8d5f-c982c19bd5b6/window/rect[39m
[35m[HTTP][39m [90m{}[39m
[35m[HTTP][39m [37m<-- GET /wd/hub/session/dd03457a-9d46-46fa-8d5f-c982c19bd5b6/window/rect [39m[32m200[39m [90m68 ms - 50[39m
[35m[HTTP][39m [90m[39m
[35m[HTTP][39m [37m-->[39m [37mPOST[39m [37m/wd/hub/session/dd03457a-9d46-46fa-8d5f-c982c19bd5b6/elements[39m
[35m[HTTP][39m [90m{"using":"-android uiautomator","value":"new UiSelector().className(\"android.widget.Spinner\").resourceId(\"b7-b8-List\")"}[39m
[35m[HTTP][39m [37m<-- POST /wd/hub/session/dd03457a-9d46-46fa-8d5f-c982c19bd5b6/elements [39m[32m200[39m [90m759 ms - 139[39m
[35m[HTTP][39m [90m[39m
[35m[HTTP][39m [37m-->[39m [37mGET[39m [37m/wd/hub/session/dd03457a-9d46-46fa-8d5f-c982c19bd5b6/element/3e247cca-93e8-412f-8ff6-626f9dd57672/location[39m
[35m[HTTP][39m [90m{}[39m
[35m[W3C (dd03457a)][39m Driver proxy active, passing request on via HTTP proxy
[35m[WD Proxy][39m Replacing sessionId 91127b68-c121-46c6-8a78-6534c2d6280e with dd03457a-9d46-46fa-8d5f-c982c19bd5b6
[35m[HTTP][39m [37m<-- GET /wd/hub/session/dd03457a-9d46-46fa-8d5f-c982c19bd5b6/element/3e247cca-93e8-412f-8ff6-626f9dd57672/location [39m[32m200[39m [90m196 ms - 88[39m
[35m[HTTP][39m [90m[39m
[35m[HTTP][39m [37m-->[39m [37mPOST[39m [37m/wd/hub/session/dd03457a-9d46-46fa-8d5f-c982c19bd5b6/timeouts[39m
[35m[HTTP][39m [90m{"implicit":30000}[39m
[35m[HTTP][39m [37m<-- POST /wd/hub/session/dd03457a-9d46-46fa-8d5f-c982c19bd5b6/timeouts [39m[32m200[39m [90m3 ms - 14[39m
[35m[HTTP][39m [90m[39m
[35m[HTTP][39m [37m-->[39m [37mPOST[39m [37m/wd/hub/session/dd03457a-9d46-46fa-8d5f-c982c19bd5b6/touch/perform[39m
[35m[HTTP][39m [90m{"actions":[{"action":"tap","options":{"x":1,"y":1,"element":"3e247cca-93e8-412f-8ff6-626f9dd57672"}},{"action":"release","options":{}}]}[39m
[35m[UiAutomator2][39m calling get location: 3e247cca-93e8-412f-8ff6-626f9dd57672
[35m[HTTP][39m [37m<-- POST /wd/hub/session/dd03457a-9d46-46fa-8d5f-c982c19bd5b6/touch/perform [39m[32m200[39m [90m1479 ms - 14[39m
[35m[HTTP][39m [90m[39m
[35m[HTTP][39m [37m-->[39m [37mGET[39m [37m/wd/hub/session/dd03457a-9d46-46fa-8d5f-c982c19bd5b6/context[39m
[35m[HTTP][39m [90m{}[39m
[35m[HTTP][39m [37m<-- GET /wd/hub/session/dd03457a-9d46-46fa-8d5f-c982c19bd5b6/context [39m[32m200[39m [90m7 ms - 22[39m
[35m[HTTP][39m [90m[39m
[35m[HTTP][39m [37m-->[39m [37mGET[39m [37m/wd/hub/session/dd03457a-9d46-46fa-8d5f-c982c19bd5b6/contexts[39m
[35m[HTTP][39m [90m{}[39m
[35m[HTTP][39m [37m<-- GET /wd/hub/session/dd03457a-9d46-46fa-8d5f-c982c19bd5b6/contexts [39m[32m200[39m [90m916 ms - 80[39m
[35m[HTTP][39m [90m[39m
[35m[HTTP][39m [37m-->[39m [37mPOST[39m [37m/wd/hub/session/dd03457a-9d46-46fa-8d5f-c982c19bd5b6/context[39m
[35m[HTTP][39m [90m{"name":"NATIVE_APP"}[39m
[35m[HTTP][39m [37m<-- POST /wd/hub/session/dd03457a-9d46-46fa-8d5f-c982c19bd5b6/context [39m[32m200[39m [90m3 ms - 14[39m
[35m[HTTP][39m [90m[39m
[35m[HTTP][39m [37m-->[39m [37mPOST[39m [37m/wd/hub/session/dd03457a-9d46-46fa-8d5f-c982c19bd5b6/element[39m
[35m[HTTP][39m [90m{"using":"-android uiautomator","value":"new UiScrollable(new UiSelector().scrollable(true).instance(0)).scrollIntoView(new UiSelector().textContains(\"2008\"))"}[39m
[35m[WD Proxy][39m Got an unexpected response: {"sessionId":"91127b68-c121-46c6-8a78-6534c2d6280e","status":7,"value":"An element could not be located on the page using the given search parameters."}
[35m[WD Proxy][39m Got an unexpected response: {"sessionId":"91127b68-c121-46c6-8a78-6534c2d6280e","status":7,"value":"An element could not be located on the page using the given search parameters."}
[35m[WD Proxy][39m Got an unexpected response: {"sessionId":"91127b68-c121-46c6-8a78-6534c2d6280e","status":7,"value":"An element could not be located on the page using the given search parameters."}
[35m[HTTP][39m [37m<-- POST /wd/hub/session/dd03457a-9d46-46fa-8d5f-c982c19bd5b6/element [39m[33m404[39m [90m35315 ms - 427[39m
[35m[HTTP][39m [90m[39m
[35m[HTTP][39m [37m-->[39m [37mPOST[39m [37m/wd/hub/session/dd03457a-9d46-46fa-8d5f-c982c19bd5b6/context[39m
[35m[HTTP][39m [90m{"name":"NATIVE_APP"}[39m
[35m[HTTP][39m [37m<-- POST /wd/hub/session/dd03457a-9d46-46fa-8d5f-c982c19bd5b6/context [39m[32m200[39m [90m2 ms - 14[39m
[35m[HTTP][39m [90m[39m
[35m[HTTP][39m [37m-->[39m [37mGET[39m [37m/wd/hub/session/dd03457a-9d46-46fa-8d5f-c982c19bd5b6/context[39m
[35m[HTTP][39m [90m{}[39m
[35m[HTTP][39m [37m<-- GET /wd/hub/session/dd03457a-9d46-46fa-8d5f-c982c19bd5b6/context [39m[32m200[39m [90m3 ms - 22[39m
[35m[HTTP][39m [90m[39m
[35m[HTTP][39m [37m-->[39m [37mGET[39m [37m/wd/hub/session/dd03457a-9d46-46fa-8d5f-c982c19bd5b6/contexts[39m
[35m[HTTP][39m [90m{}[39m
[35m[HTTP][39m [37m<-- GET /wd/hub/session/dd03457a-9d46-46fa-8d5f-c982c19bd5b6/contexts [39m[32m200[39m [90m985 ms - 80[39m
[35m[HTTP][39m [90m[39m
[35m[HTTP][39m [37m-->[39m [37mPOST[39m [37m/wd/hub/session/dd03457a-9d46-46fa-8d5f-c982c19bd5b6/context[39m
[35m[HTTP][39m [90m{"name":"NATIVE_APP"}[39m
[35m[HTTP][39m [37m<-- POST /wd/hub/session/dd03457a-9d46-46fa-8d5f-c982c19bd5b6/context [39m[32m200[39m [90m3 ms - 14[39m
[35m[HTTP][39m [90m[39m
[35m[HTTP][39m [37m-->[39m [37mGET[39m [37m/wd/hub/session/dd03457a-9d46-46fa-8d5f-c982c19bd5b6/screenshot[39m
[35m[HTTP][39m [90m{}[39m
[35m[HTTP][39m [37m<-- GET /wd/hub/session/dd03457a-9d46-46fa-8d5f-c982c19bd5b6/screenshot [39m[32m200[39m [90m872 ms - 145726[39m
[35m[HTTP][39m [90m[39m
[35m[HTTP][39m [37m-->[39m [37mPOST[39m [37m/wd/hub/session/dd03457a-9d46-46fa-8d5f-c982c19bd5b6/context[39m
[35m[HTTP][39m [90m{"name":"NATIVE_APP"}[39m
[35m[HTTP][39m [37m<-- POST /wd/hub/session/dd03457a-9d46-46fa-8d5f-c982c19bd5b6/context [39m[32m200[39m [90m3 ms - 14[39m
[35m[HTTP][39m [90m[39m
[35m[BaseDriver][39m Shutting down because we waited 1800 seconds for a command
[35m[Appium][39m Closing session, cause was 'New Command Timeout of 1800 seconds expired. Try customizing the timeout using the 'newCommandTimeout' desired capability'
[35m[Appium][39m Removing session dd03457a-9d46-46fa-8d5f-c982c19bd5b6 from our master session list
[35m[UiAutomator2][39m Restoring hidden api policy to the device default configuration
