[35m[Appium][39m Welcome to Appium v1.12.1
[35m[Appium][39m Non-default server args:
[35m[Appium][39m   port: 50945
[35m[Appium][39m   loglevel: info
[35m[Appium][39m   chromeDriverPort: 50948
[35m[Appium][39m   tmpDir: C:\Users\15420\AppData\Local\Temp\\Katalon\Appium\Temp1574912747671
[35m[Appium][39m Appium REST http interface listener started on 0.0.0.0:50945
[35m[HTTP][39m [37m-->[39m [37mGET[39m [37m/wd/hub/status[39m
[35m[HTTP][39m [90m{}[39m
[35m[HTTP][39m [37m<-- GET /wd/hub/status [39m[32m200[39m [90m17 ms - 68[39m
[35m[HTTP][39m [90m[39m
[35m[HTTP][39m [37m-->[39m [37mPOST[39m [37m/wd/hub/session[39m
[35m[HTTP][39m [90m{"desiredCapabilities":{"app":"C:\\Users\\15420\\git\\ACCME-Dupcheck\\AccMe.apk","noReset":true,"deviceId":"","deviceName":"samsung SM-A505F (Android 9)","fullReset":false,"platform":"ANDROID","newCommandTimeout":1800,"platformVersion":"9","automationName":"uiautomator2","autoGrantPermissions":true,"unicodeKeyboard":true,"platformName":"Android","udid":"RR8M30NJT6T","resetKeyboard":true,"systemPort":50944},"capabilities":{"firstMatch":[{"appium:app":"C:\\Users\\15420\\git\\ACCME-Dupcheck\\AccMe.apk","appium:autoGrantPermissions":true,"appium:automationName":"uiautomator2","deviceId":"","appium:deviceName":"samsung SM-A505F (Android 9)","appium:fullReset":false,"appium:newCommandTimeout":1800,"appium:noReset":true,"platform":"ANDROID","platformName":"android","appium:platformVersion":"9","appium:resetKeyboard":true,"appium:systemPort":50944,"appium:udid":"RR8M30NJT6T","appium:unicodeKeyboard":true}]}}[39m
[35m[BaseDriver][39m The capabilities ["deviceId","platform"] are not standard capabilities and should have an extension prefix
[35m[Appium][39m Appium v1.12.1 creating new AndroidUiautomator2Driver (v1.33.0) session
[35m[Appium][39m Capabilities:
[35m[Appium][39m   deviceId: 
[35m[Appium][39m   platform: ANDROID
[35m[Appium][39m   platformName: android
[35m[Appium][39m   app: C:\Users\15420\git\ACCME-Dupcheck\AccMe.apk
[35m[Appium][39m   autoGrantPermissions: true
[35m[Appium][39m   automationName: uiautomator2
[35m[Appium][39m   deviceName: samsung SM-A505F (Android 9)
[35m[Appium][39m   fullReset: false
[35m[Appium][39m   newCommandTimeout: 1800
[35m[Appium][39m   noReset: true
[35m[Appium][39m   platformVersion: 9
[35m[Appium][39m   resetKeyboard: true
[35m[Appium][39m   systemPort: 50944
[35m[Appium][39m   udid: RR8M30NJT6T
[35m[Appium][39m   unicodeKeyboard: true
[35m[BaseDriver][39m The following capabilities were provided, but are not recognized by appium: deviceId, platform.
[35m[BaseDriver][39m Session created with session id: f8f22577-935a-487f-aea4-81589875ccbf
[35m[BaseDriver][39m Using local app 'C:\Users\15420\git\ACCME-Dupcheck\AccMe.apk'
[35m[ADB][39m Checking whether adb is present
[35m[ADB][39m Found 1 'build-tools' folders under 'C:\Users\15420\.katalon\tools\android_sdk' (newest first):
[35m[ADB][39m     C:/Users/15420/.katalon/tools/android_sdk/build-tools/29.0.2
[35m[ADB][39m Using adb.exe from C:\Users\15420\.katalon\tools\android_sdk\platform-tools\adb.exe
[35m[AndroidDriver][39m Retrieving device list
[35m[AndroidDriver][39m Using device: RR8M30NJT6T
[35m[UiAutomator2][39m Relaxing hidden api policy
[35m[ADB][39m Using the alternative activity name detection method because of: Could not find apkanalyzer.bat in C:\Users\15420\.katalon\tools\android_sdk\platform-tools\apkanalyzer.bat,C:\Users\15420\.katalon\tools\android_sdk\emulator\apkanalyzer.bat,C:\Users\15420\.katalon\tools\android_sdk\tools\apkanalyzer.bat,C:\Users\15420\.katalon\tools\android_sdk\tools\bin\apkanalyzer.bat,C:\Users\15420\.katalon\tools\android_sdk\build-tools\29.0.2\apkanalyzer.bat. Do you have the Android SDK installed at 'C:\Users\15420\.katalon\tools\android_sdk'?
[35m[ADB][39m Checking whether aapt is present
[35m[ADB][39m Using aapt.exe from C:\Users\15420\.katalon\tools\android_sdk\build-tools\29.0.2\aapt.exe
[35m[ADB][39m Extracting package and launch activity from manifest
[35m[ADB][39m Package name: 'com.outsystemsenterprise.accdev1.AccMeMobile2'
[35m[ADB][39m Main activity name: 'com.outsystemsenterprise.accdev1.AccMeMobile2.MainActivity'
[35m[ADB][39m Using apksigner.bat from C:\Users\15420\.katalon\tools\android_sdk\build-tools\29.0.2\apksigner.bat
[35m[UiAutomator2][39m Server packages are not going to be (re)installed
[35m[UiAutomator2][39m Starting UIAutomator2 server 3.4.0
[35m[UiAutomator2][39m Using UIAutomator2 server from 'C:\Users\15420\AppData\Roaming\npm\node_modules\appium\node_modules\appium-uiautomator2-server\apks\appium-uiautomator2-server-v3.4.0.apk' and test from 'C:\Users\15420\AppData\Roaming\npm\node_modules\appium\node_modules\appium-uiautomator2-server\apks\appium-uiautomator2-server-debug-androidTest.apk'
[35m[UiAutomator2][39m Waiting up to 30000ms for UiAutomator2 to be online...
[35m[WD Proxy][39m Got an unexpected response: {"code":"ECONNRESET"}
[35m[WD Proxy][39m Got an unexpected response: {"code":"ECONNRESET"}
[35m[AndroidDriver][39m Screen already unlocked, doing nothing
[35m[UiAutomator2][39m UiAutomator2 did not start the activity we were waiting for, 'com.outsystemsenterprise.accdev1.AccMeMobile2/com.outsystemsenterprise.accdev1.AccMeMobile2.MainActivity'. Starting it ourselves
[35m[Appium][39m New AndroidUiautomator2Driver session created successfully, session f8f22577-935a-487f-aea4-81589875ccbf added to master session list
[35m[HTTP][39m [37m<-- POST /wd/hub/session [39m[32m200[39m [90m34017 ms - 1340[39m
[35m[HTTP][39m [90m[39m
[35m[HTTP][39m [37m-->[39m [37mGET[39m [37m/wd/hub/session/f8f22577-935a-487f-aea4-81589875ccbf[39m
[35m[HTTP][39m [90m{}[39m
[35m[HTTP][39m [37m<-- GET /wd/hub/session/f8f22577-935a-487f-aea4-81589875ccbf [39m[32m200[39m [90m76 ms - 1272[39m
[35m[HTTP][39m [90m[39m
[35m[HTTP][39m [37m-->[39m [37mGET[39m [37m/wd/hub/session/f8f22577-935a-487f-aea4-81589875ccbf[39m
[35m[HTTP][39m [90m{}[39m
[35m[HTTP][39m [37m<-- GET /wd/hub/session/f8f22577-935a-487f-aea4-81589875ccbf [39m[32m200[39m [90m39 ms - 1272[39m
[35m[HTTP][39m [90m[39m
[35m[HTTP][39m [37m-->[39m [37mGET[39m [37m/wd/hub/status[39m
[35m[HTTP][39m [90m{}[39m
[35m[HTTP][39m [37m<-- GET /wd/hub/status [39m[32m200[39m [90m2 ms - 68[39m
[35m[HTTP][39m [90m[39m
[35m[HTTP][39m [37m-->[39m [37mPOST[39m [37m/wd/hub/session/f8f22577-935a-487f-aea4-81589875ccbf/timeouts[39m
[35m[HTTP][39m [90m{"implicit":30000}[39m
[35m[HTTP][39m [37m<-- POST /wd/hub/session/f8f22577-935a-487f-aea4-81589875ccbf/timeouts [39m[32m200[39m [90m8 ms - 14[39m
[35m[HTTP][39m [90m[39m
[35m[HTTP][39m [37m-->[39m [37mPOST[39m [37m/wd/hub/session/f8f22577-935a-487f-aea4-81589875ccbf/timeouts[39m
[35m[HTTP][39m [90m{"implicit":50}[39m
[35m[HTTP][39m [37m<-- POST /wd/hub/session/f8f22577-935a-487f-aea4-81589875ccbf/timeouts [39m[32m200[39m [90m7 ms - 14[39m
[35m[HTTP][39m [90m[39m
[35m[HTTP][39m [37m-->[39m [37mGET[39m [37m/wd/hub/session/f8f22577-935a-487f-aea4-81589875ccbf/window/rect[39m
[35m[HTTP][39m [90m{}[39m
[35m[HTTP][39m [37m<-- GET /wd/hub/session/f8f22577-935a-487f-aea4-81589875ccbf/window/rect [39m[32m200[39m [90m70 ms - 50[39m
[35m[HTTP][39m [90m[39m
[35m[HTTP][39m [37m-->[39m [37mPOST[39m [37m/wd/hub/session/f8f22577-935a-487f-aea4-81589875ccbf/elements[39m
[35m[HTTP][39m [90m{"using":"-android uiautomator","value":"new UiSelector().className(\"android.widget.Image\").text(\"AccMeTheme.creditsimulationsicon\")"}[39m
[35m[HTTP][39m [37m<-- POST /wd/hub/session/f8f22577-935a-487f-aea4-81589875ccbf/elements [39m[32m200[39m [90m672 ms - 12[39m
[35m[HTTP][39m [90m[39m
[35m[HTTP][39m [37m-->[39m [37mPOST[39m [37m/wd/hub/session/f8f22577-935a-487f-aea4-81589875ccbf/elements[39m
[35m[HTTP][39m [90m{"using":"-android uiautomator","value":"new UiSelector().className(\"android.widget.Image\").text(\"AccMeTheme.creditsimulationsicon\")"}[39m
[35m[HTTP][39m [37m<-- POST /wd/hub/session/f8f22577-935a-487f-aea4-81589875ccbf/elements [39m[32m200[39m [90m121 ms - 12[39m
[35m[HTTP][39m [90m[39m
[35m[HTTP][39m [37m-->[39m [37mPOST[39m [37m/wd/hub/session/f8f22577-935a-487f-aea4-81589875ccbf/elements[39m
[35m[HTTP][39m [90m{"using":"-android uiautomator","value":"new UiSelector().className(\"android.widget.Image\").text(\"AccMeTheme.creditsimulationsicon\")"}[39m
[35m[HTTP][39m [37m<-- POST /wd/hub/session/f8f22577-935a-487f-aea4-81589875ccbf/elements [39m[32m200[39m [90m115 ms - 12[39m
[35m[HTTP][39m [90m[39m
[35m[HTTP][39m [37m-->[39m [37mPOST[39m [37m/wd/hub/session/f8f22577-935a-487f-aea4-81589875ccbf/elements[39m
[35m[HTTP][39m [90m{"using":"-android uiautomator","value":"new UiSelector().className(\"android.widget.Image\").text(\"AccMeTheme.creditsimulationsicon\")"}[39m
[35m[HTTP][39m [37m<-- POST /wd/hub/session/f8f22577-935a-487f-aea4-81589875ccbf/elements [39m[32m200[39m [90m93 ms - 12[39m
[35m[HTTP][39m [90m[39m
[35m[HTTP][39m [37m-->[39m [37mPOST[39m [37m/wd/hub/session/f8f22577-935a-487f-aea4-81589875ccbf/elements[39m
[35m[HTTP][39m [90m{"using":"-android uiautomator","value":"new UiSelector().className(\"android.widget.Image\").text(\"AccMeTheme.creditsimulationsicon\")"}[39m
[35m[HTTP][39m [37m<-- POST /wd/hub/session/f8f22577-935a-487f-aea4-81589875ccbf/elements [39m[32m200[39m [90m73 ms - 12[39m
[35m[HTTP][39m [90m[39m
[35m[HTTP][39m [37m-->[39m [37mPOST[39m [37m/wd/hub/session/f8f22577-935a-487f-aea4-81589875ccbf/elements[39m
[35m[HTTP][39m [90m{"using":"-android uiautomator","value":"new UiSelector().className(\"android.widget.Image\").text(\"AccMeTheme.creditsimulationsicon\")"}[39m
[35m[HTTP][39m [37m<-- POST /wd/hub/session/f8f22577-935a-487f-aea4-81589875ccbf/elements [39m[32m200[39m [90m109 ms - 12[39m
[35m[HTTP][39m [90m[39m
[35m[HTTP][39m [37m-->[39m [37mPOST[39m [37m/wd/hub/session/f8f22577-935a-487f-aea4-81589875ccbf/elements[39m
[35m[HTTP][39m [90m{"using":"-android uiautomator","value":"new UiSelector().className(\"android.widget.Image\").text(\"AccMeTheme.creditsimulationsicon\")"}[39m
[35m[HTTP][39m [37m<-- POST /wd/hub/session/f8f22577-935a-487f-aea4-81589875ccbf/elements [39m[32m200[39m [90m104 ms - 12[39m
[35m[HTTP][39m [90m[39m
[35m[HTTP][39m [37m-->[39m [37mPOST[39m [37m/wd/hub/session/f8f22577-935a-487f-aea4-81589875ccbf/elements[39m
[35m[HTTP][39m [90m{"using":"-android uiautomator","value":"new UiSelector().className(\"android.widget.Image\").text(\"AccMeTheme.creditsimulationsicon\")"}[39m
[35m[HTTP][39m [37m<-- POST /wd/hub/session/f8f22577-935a-487f-aea4-81589875ccbf/elements [39m[32m200[39m [90m2215 ms - 12[39m
[35m[HTTP][39m [90m[39m
[35m[HTTP][39m [37m-->[39m [37mPOST[39m [37m/wd/hub/session/f8f22577-935a-487f-aea4-81589875ccbf/elements[39m
[35m[HTTP][39m [90m{"using":"-android uiautomator","value":"new UiSelector().className(\"android.widget.Image\").text(\"AccMeTheme.creditsimulationsicon\")"}[39m
[35m[HTTP][39m [37m<-- POST /wd/hub/session/f8f22577-935a-487f-aea4-81589875ccbf/elements [39m[32m200[39m [90m499 ms - 12[39m
[35m[HTTP][39m [90m[39m
[35m[HTTP][39m [37m-->[39m [37mPOST[39m [37m/wd/hub/session/f8f22577-935a-487f-aea4-81589875ccbf/elements[39m
[35m[HTTP][39m [90m{"using":"-android uiautomator","value":"new UiSelector().className(\"android.widget.Image\").text(\"AccMeTheme.creditsimulationsicon\")"}[39m
[35m[HTTP][39m [37m<-- POST /wd/hub/session/f8f22577-935a-487f-aea4-81589875ccbf/elements [39m[32m200[39m [90m404 ms - 12[39m
[35m[HTTP][39m [90m[39m
[35m[HTTP][39m [37m-->[39m [37mPOST[39m [37m/wd/hub/session/f8f22577-935a-487f-aea4-81589875ccbf/elements[39m
[35m[HTTP][39m [90m{"using":"-android uiautomator","value":"new UiSelector().className(\"android.widget.Image\").text(\"AccMeTheme.creditsimulationsicon\")"}[39m
[35m[HTTP][39m [37m<-- POST /wd/hub/session/f8f22577-935a-487f-aea4-81589875ccbf/elements [39m[32m200[39m [90m1774 ms - 139[39m
[35m[HTTP][39m [90m[39m
[35m[HTTP][39m [37m-->[39m [37mGET[39m [37m/wd/hub/session/f8f22577-935a-487f-aea4-81589875ccbf/element/f3a8dce1-c60b-4786-b6e2-2764da59d487/location[39m
[35m[HTTP][39m [90m{}[39m
[35m[W3C (f8f22577)][39m Driver proxy active, passing request on via HTTP proxy
[35m[WD Proxy][39m Replacing sessionId 9ded5f78-4242-49cd-887c-041f85260a79 with f8f22577-935a-487f-aea4-81589875ccbf
[35m[HTTP][39m [37m<-- GET /wd/hub/session/f8f22577-935a-487f-aea4-81589875ccbf/element/f3a8dce1-c60b-4786-b6e2-2764da59d487/location [39m[32m200[39m [90m157 ms - 89[39m
[35m[HTTP][39m [90m[39m
[35m[HTTP][39m [37m-->[39m [37mPOST[39m [37m/wd/hub/session/f8f22577-935a-487f-aea4-81589875ccbf/timeouts[39m
[35m[HTTP][39m [90m{"implicit":30000}[39m
[35m[HTTP][39m [37m<-- POST /wd/hub/session/f8f22577-935a-487f-aea4-81589875ccbf/timeouts [39m[32m200[39m [90m5 ms - 14[39m
[35m[HTTP][39m [90m[39m
[35m[HTTP][39m [37m-->[39m [37mPOST[39m [37m/wd/hub/session/f8f22577-935a-487f-aea4-81589875ccbf/timeouts[39m
[35m[HTTP][39m [90m{"implicit":50}[39m
[35m[HTTP][39m [37m<-- POST /wd/hub/session/f8f22577-935a-487f-aea4-81589875ccbf/timeouts [39m[32m200[39m [90m4 ms - 14[39m
[35m[HTTP][39m [90m[39m
[35m[HTTP][39m [37m-->[39m [37mGET[39m [37m/wd/hub/session/f8f22577-935a-487f-aea4-81589875ccbf/window/rect[39m
[35m[HTTP][39m [90m{}[39m
[35m[HTTP][39m [37m<-- GET /wd/hub/session/f8f22577-935a-487f-aea4-81589875ccbf/window/rect [39m[32m200[39m [90m50 ms - 50[39m
[35m[HTTP][39m [90m[39m
[35m[HTTP][39m [37m-->[39m [37mPOST[39m [37m/wd/hub/session/f8f22577-935a-487f-aea4-81589875ccbf/elements[39m
[35m[HTTP][39m [90m{"using":"-android uiautomator","value":"new UiSelector().className(\"android.widget.Image\").text(\"AccMeTheme.creditsimulationsicon\")"}[39m
[35m[HTTP][39m [37m<-- POST /wd/hub/session/f8f22577-935a-487f-aea4-81589875ccbf/elements [39m[32m200[39m [90m338 ms - 139[39m
[35m[HTTP][39m [90m[39m
[35m[HTTP][39m [37m-->[39m [37mGET[39m [37m/wd/hub/session/f8f22577-935a-487f-aea4-81589875ccbf/element/2eb3d58f-2f69-48b9-bc56-651f57fb47f7/location[39m
[35m[HTTP][39m [90m{}[39m
[35m[W3C (f8f22577)][39m Driver proxy active, passing request on via HTTP proxy
[35m[WD Proxy][39m Replacing sessionId 9ded5f78-4242-49cd-887c-041f85260a79 with f8f22577-935a-487f-aea4-81589875ccbf
[35m[HTTP][39m [37m<-- GET /wd/hub/session/f8f22577-935a-487f-aea4-81589875ccbf/element/2eb3d58f-2f69-48b9-bc56-651f57fb47f7/location [39m[32m200[39m [90m166 ms - 89[39m
[35m[HTTP][39m [90m[39m
[35m[HTTP][39m [37m-->[39m [37mPOST[39m [37m/wd/hub/session/f8f22577-935a-487f-aea4-81589875ccbf/timeouts[39m
[35m[HTTP][39m [90m{"implicit":30000}[39m
[35m[HTTP][39m [37m<-- POST /wd/hub/session/f8f22577-935a-487f-aea4-81589875ccbf/timeouts [39m[32m200[39m [90m4 ms - 14[39m
[35m[HTTP][39m [90m[39m
[35m[HTTP][39m [37m-->[39m [37mPOST[39m [37m/wd/hub/session/f8f22577-935a-487f-aea4-81589875ccbf/touch/perform[39m
[35m[HTTP][39m [90m{"actions":[{"action":"tap","options":{"x":1,"y":1,"element":"2eb3d58f-2f69-48b9-bc56-651f57fb47f7"}},{"action":"release","options":{}}]}[39m
[35m[UiAutomator2][39m calling get location: 2eb3d58f-2f69-48b9-bc56-651f57fb47f7
[35m[HTTP][39m [37m<-- POST /wd/hub/session/f8f22577-935a-487f-aea4-81589875ccbf/touch/perform [39m[32m200[39m [90m1296 ms - 14[39m
[35m[HTTP][39m [90m[39m
[35m[HTTP][39m [37m-->[39m [37mPOST[39m [37m/wd/hub/session/f8f22577-935a-487f-aea4-81589875ccbf/timeouts[39m
[35m[HTTP][39m [90m{"implicit":50}[39m
[35m[HTTP][39m [37m<-- POST /wd/hub/session/f8f22577-935a-487f-aea4-81589875ccbf/timeouts [39m[32m200[39m [90m5 ms - 14[39m
[35m[HTTP][39m [90m[39m
[35m[HTTP][39m [37m-->[39m [37mGET[39m [37m/wd/hub/session/f8f22577-935a-487f-aea4-81589875ccbf/window/rect[39m
[35m[HTTP][39m [90m{}[39m
[35m[HTTP][39m [37m<-- GET /wd/hub/session/f8f22577-935a-487f-aea4-81589875ccbf/window/rect [39m[32m200[39m [90m50 ms - 50[39m
[35m[HTTP][39m [90m[39m
[35m[HTTP][39m [37m-->[39m [37mPOST[39m [37m/wd/hub/session/f8f22577-935a-487f-aea4-81589875ccbf/elements[39m
[35m[HTTP][39m [90m{"using":"-android uiautomator","value":"new UiSelector().className(\"android.widget.Button\").text(\"New Car\").resourceId(\"b7-ButtonGroupItem1\")"}[39m
[35m[HTTP][39m [37m<-- POST /wd/hub/session/f8f22577-935a-487f-aea4-81589875ccbf/elements [39m[32m200[39m [90m296 ms - 12[39m
[35m[HTTP][39m [90m[39m
[35m[HTTP][39m [37m-->[39m [37mPOST[39m [37m/wd/hub/session/f8f22577-935a-487f-aea4-81589875ccbf/elements[39m
[35m[HTTP][39m [90m{"using":"-android uiautomator","value":"new UiSelector().className(\"android.widget.Button\").text(\"New Car\").resourceId(\"b7-ButtonGroupItem1\")"}[39m
[35m[HTTP][39m [37m<-- POST /wd/hub/session/f8f22577-935a-487f-aea4-81589875ccbf/elements [39m[32m200[39m [90m775 ms - 12[39m
[35m[HTTP][39m [90m[39m
[35m[HTTP][39m [37m-->[39m [37mPOST[39m [37m/wd/hub/session/f8f22577-935a-487f-aea4-81589875ccbf/elements[39m
[35m[HTTP][39m [90m{"using":"-android uiautomator","value":"new UiSelector().className(\"android.widget.Button\").text(\"New Car\").resourceId(\"b7-ButtonGroupItem1\")"}[39m
[35m[HTTP][39m [37m<-- POST /wd/hub/session/f8f22577-935a-487f-aea4-81589875ccbf/elements [39m[32m200[39m [90m1620 ms - 139[39m
[35m[HTTP][39m [90m[39m
[35m[HTTP][39m [37m-->[39m [37mGET[39m [37m/wd/hub/session/f8f22577-935a-487f-aea4-81589875ccbf/element/0d9a2904-7f13-4587-beff-7c8b07e5874a/location[39m
[35m[HTTP][39m [90m{}[39m
[35m[W3C (f8f22577)][39m Driver proxy active, passing request on via HTTP proxy
[35m[WD Proxy][39m Replacing sessionId 9ded5f78-4242-49cd-887c-041f85260a79 with f8f22577-935a-487f-aea4-81589875ccbf
[35m[HTTP][39m [37m<-- GET /wd/hub/session/f8f22577-935a-487f-aea4-81589875ccbf/element/0d9a2904-7f13-4587-beff-7c8b07e5874a/location [39m[32m200[39m [90m214 ms - 88[39m
[35m[HTTP][39m [90m[39m
[35m[HTTP][39m [37m-->[39m [37mPOST[39m [37m/wd/hub/session/f8f22577-935a-487f-aea4-81589875ccbf/timeouts[39m
[35m[HTTP][39m [90m{"implicit":30000}[39m
[35m[HTTP][39m [37m<-- POST /wd/hub/session/f8f22577-935a-487f-aea4-81589875ccbf/timeouts [39m[32m200[39m [90m5 ms - 14[39m
[35m[HTTP][39m [90m[39m
[35m[HTTP][39m [37m-->[39m [37mPOST[39m [37m/wd/hub/session/f8f22577-935a-487f-aea4-81589875ccbf/touch/perform[39m
[35m[HTTP][39m [90m{"actions":[{"action":"tap","options":{"x":1,"y":1,"element":"0d9a2904-7f13-4587-beff-7c8b07e5874a"}},{"action":"release","options":{}}]}[39m
[35m[UiAutomator2][39m calling get location: 0d9a2904-7f13-4587-beff-7c8b07e5874a
[35m[HTTP][39m [37m<-- POST /wd/hub/session/f8f22577-935a-487f-aea4-81589875ccbf/touch/perform [39m[32m200[39m [90m1069 ms - 14[39m
[35m[HTTP][39m [90m[39m
[35m[HTTP][39m [37m-->[39m [37mPOST[39m [37m/wd/hub/session/f8f22577-935a-487f-aea4-81589875ccbf/timeouts[39m
[35m[HTTP][39m [90m{"implicit":50}[39m
[35m[HTTP][39m [37m<-- POST /wd/hub/session/f8f22577-935a-487f-aea4-81589875ccbf/timeouts [39m[32m200[39m [90m4 ms - 14[39m
[35m[HTTP][39m [90m[39m
[35m[HTTP][39m [37m-->[39m [37mGET[39m [37m/wd/hub/session/f8f22577-935a-487f-aea4-81589875ccbf/window/rect[39m
[35m[HTTP][39m [90m{}[39m
[35m[HTTP][39m [37m<-- GET /wd/hub/session/f8f22577-935a-487f-aea4-81589875ccbf/window/rect [39m[32m200[39m [90m96 ms - 50[39m
[35m[HTTP][39m [90m[39m
[35m[HTTP][39m [37m-->[39m [37mPOST[39m [37m/wd/hub/session/f8f22577-935a-487f-aea4-81589875ccbf/elements[39m
[35m[HTTP][39m [90m{"using":"-android uiautomator","value":"new UiSelector().className(\"android.widget.EditText\").resourceId(\"b7-Input_Brand\")"}[39m
[35m[HTTP][39m [37m<-- POST /wd/hub/session/f8f22577-935a-487f-aea4-81589875ccbf/elements [39m[32m200[39m [90m543 ms - 139[39m
[35m[HTTP][39m [90m[39m
[35m[HTTP][39m [37m-->[39m [37mGET[39m [37m/wd/hub/session/f8f22577-935a-487f-aea4-81589875ccbf/element/fe2826b8-c6ba-4aa9-9371-83d200c503f5/location[39m
[35m[HTTP][39m [90m{}[39m
[35m[W3C (f8f22577)][39m Driver proxy active, passing request on via HTTP proxy
[35m[WD Proxy][39m Replacing sessionId 9ded5f78-4242-49cd-887c-041f85260a79 with f8f22577-935a-487f-aea4-81589875ccbf
[35m[HTTP][39m [37m<-- GET /wd/hub/session/f8f22577-935a-487f-aea4-81589875ccbf/element/fe2826b8-c6ba-4aa9-9371-83d200c503f5/location [39m[32m200[39m [90m132 ms - 89[39m
[35m[HTTP][39m [90m[39m
[35m[HTTP][39m [37m-->[39m [37mPOST[39m [37m/wd/hub/session/f8f22577-935a-487f-aea4-81589875ccbf/timeouts[39m
[35m[HTTP][39m [90m{"implicit":30000}[39m
[35m[HTTP][39m [37m<-- POST /wd/hub/session/f8f22577-935a-487f-aea4-81589875ccbf/timeouts [39m[32m200[39m [90m5 ms - 14[39m
[35m[HTTP][39m [90m[39m
[35m[HTTP][39m [37m-->[39m [37mPOST[39m [37m/wd/hub/session/f8f22577-935a-487f-aea4-81589875ccbf/element/fe2826b8-c6ba-4aa9-9371-83d200c503f5/clear[39m
[35m[HTTP][39m [90m{"id":"fe2826b8-c6ba-4aa9-9371-83d200c503f5"}[39m
[35m[HTTP][39m [37m<-- POST /wd/hub/session/f8f22577-935a-487f-aea4-81589875ccbf/element/fe2826b8-c6ba-4aa9-9371-83d200c503f5/clear [39m[32m200[39m [90m112 ms - 27[39m
[35m[HTTP][39m [90m[39m
[35m[HTTP][39m [37m-->[39m [37mPOST[39m [37m/wd/hub/session/f8f22577-935a-487f-aea4-81589875ccbf/element/fe2826b8-c6ba-4aa9-9371-83d200c503f5/value[39m
[35m[HTTP][39m [90m{"id":"fe2826b8-c6ba-4aa9-9371-83d200c503f5","text":"010","value":["0","1","0"]}[39m
[35m[HTTP][39m [37m<-- POST /wd/hub/session/f8f22577-935a-487f-aea4-81589875ccbf/element/fe2826b8-c6ba-4aa9-9371-83d200c503f5/value [39m[32m200[39m [90m232 ms - 12[39m
[35m[HTTP][39m [90m[39m
[35m[HTTP][39m [37m-->[39m [37mPOST[39m [37m/wd/hub/session/f8f22577-935a-487f-aea4-81589875ccbf/timeouts[39m
[35m[HTTP][39m [90m{"implicit":50}[39m
[35m[HTTP][39m [37m<-- POST /wd/hub/session/f8f22577-935a-487f-aea4-81589875ccbf/timeouts [39m[32m200[39m [90m4 ms - 14[39m
[35m[HTTP][39m [90m[39m
[35m[HTTP][39m [37m-->[39m [37mGET[39m [37m/wd/hub/session/f8f22577-935a-487f-aea4-81589875ccbf/window/rect[39m
[35m[HTTP][39m [90m{}[39m
[35m[HTTP][39m [37m<-- GET /wd/hub/session/f8f22577-935a-487f-aea4-81589875ccbf/window/rect [39m[32m200[39m [90m49 ms - 50[39m
[35m[HTTP][39m [90m[39m
[35m[HTTP][39m [37m-->[39m [37mPOST[39m [37m/wd/hub/session/f8f22577-935a-487f-aea4-81589875ccbf/elements[39m
[35m[HTTP][39m [90m{"using":"-android uiautomator","value":"new UiSelector().className(\"android.widget.EditText\").resourceId(\"b7-Input_Brand\")"}[39m
[35m[HTTP][39m [37m<-- POST /wd/hub/session/f8f22577-935a-487f-aea4-81589875ccbf/elements [39m[32m200[39m [90m2942 ms - 139[39m
[35m[HTTP][39m [90m[39m
[35m[HTTP][39m [37m-->[39m [37mGET[39m [37m/wd/hub/session/f8f22577-935a-487f-aea4-81589875ccbf/element/c4ffccfd-9fe5-407a-afa7-a27760499bfe/location[39m
[35m[HTTP][39m [90m{}[39m
[35m[W3C (f8f22577)][39m Driver proxy active, passing request on via HTTP proxy
[35m[WD Proxy][39m Replacing sessionId 9ded5f78-4242-49cd-887c-041f85260a79 with f8f22577-935a-487f-aea4-81589875ccbf
[35m[HTTP][39m [37m<-- GET /wd/hub/session/f8f22577-935a-487f-aea4-81589875ccbf/element/c4ffccfd-9fe5-407a-afa7-a27760499bfe/location [39m[32m200[39m [90m155 ms - 89[39m
[35m[HTTP][39m [90m[39m
[35m[HTTP][39m [37m-->[39m [37mPOST[39m [37m/wd/hub/session/f8f22577-935a-487f-aea4-81589875ccbf/timeouts[39m
[35m[HTTP][39m [90m{"implicit":30000}[39m
[35m[HTTP][39m [37m<-- POST /wd/hub/session/f8f22577-935a-487f-aea4-81589875ccbf/timeouts [39m[32m200[39m [90m3 ms - 14[39m
[35m[HTTP][39m [90m[39m
[35m[HTTP][39m [37m-->[39m [37mPOST[39m [37m/wd/hub/session/f8f22577-935a-487f-aea4-81589875ccbf/touch/perform[39m
[35m[HTTP][39m [90m{"actions":[{"action":"tap","options":{"x":1,"y":1,"element":"c4ffccfd-9fe5-407a-afa7-a27760499bfe"}},{"action":"release","options":{}}]}[39m
[35m[UiAutomator2][39m calling get location: c4ffccfd-9fe5-407a-afa7-a27760499bfe
[35m[HTTP][39m [37m<-- POST /wd/hub/session/f8f22577-935a-487f-aea4-81589875ccbf/touch/perform [39m[32m200[39m [90m1358 ms - 14[39m
[35m[HTTP][39m [90m[39m
[35m[HTTP][39m [37m-->[39m [37mPOST[39m [37m/wd/hub/session/f8f22577-935a-487f-aea4-81589875ccbf/timeouts[39m
[35m[HTTP][39m [90m{"implicit":50}[39m
[35m[HTTP][39m [37m<-- POST /wd/hub/session/f8f22577-935a-487f-aea4-81589875ccbf/timeouts [39m[32m200[39m [90m4 ms - 14[39m
[35m[HTTP][39m [90m[39m
[35m[HTTP][39m [37m-->[39m [37mGET[39m [37m/wd/hub/session/f8f22577-935a-487f-aea4-81589875ccbf/window/rect[39m
[35m[HTTP][39m [90m{}[39m
[35m[HTTP][39m [37m<-- GET /wd/hub/session/f8f22577-935a-487f-aea4-81589875ccbf/window/rect [39m[32m200[39m [90m90 ms - 50[39m
[35m[HTTP][39m [90m[39m
[35m[HTTP][39m [37m-->[39m [37mPOST[39m [37m/wd/hub/session/f8f22577-935a-487f-aea4-81589875ccbf/elements[39m
[35m[HTTP][39m [90m{"using":"-android uiautomator","value":"new UiSelector().className(\"android.view.View\").textContains(\"010\").enabled(true)"}[39m
[35m[HTTP][39m [37m<-- POST /wd/hub/session/f8f22577-935a-487f-aea4-81589875ccbf/elements [39m[32m200[39m [90m1022 ms - 12[39m
[35m[HTTP][39m [90m[39m
[35m[HTTP][39m [37m-->[39m [37mPOST[39m [37m/wd/hub/session/f8f22577-935a-487f-aea4-81589875ccbf/elements[39m
[35m[HTTP][39m [90m{"using":"-android uiautomator","value":"new UiSelector().className(\"android.view.View\").textContains(\"010\").enabled(true)"}[39m
[35m[HTTP][39m [37m<-- POST /wd/hub/session/f8f22577-935a-487f-aea4-81589875ccbf/elements [39m[32m200[39m [90m1730 ms - 12[39m
[35m[HTTP][39m [90m[39m
[35m[HTTP][39m [37m-->[39m [37mPOST[39m [37m/wd/hub/session/f8f22577-935a-487f-aea4-81589875ccbf/elements[39m
[35m[HTTP][39m [90m{"using":"-android uiautomator","value":"new UiSelector().className(\"android.view.View\").textContains(\"010\").enabled(true)"}[39m
[35m[HTTP][39m [37m<-- POST /wd/hub/session/f8f22577-935a-487f-aea4-81589875ccbf/elements [39m[32m200[39m [90m1836 ms - 12[39m
[35m[HTTP][39m [90m[39m
[35m[HTTP][39m [37m-->[39m [37mPOST[39m [37m/wd/hub/session/f8f22577-935a-487f-aea4-81589875ccbf/elements[39m
[35m[HTTP][39m [90m{"using":"-android uiautomator","value":"new UiSelector().className(\"android.view.View\").textContains(\"010\").enabled(true)"}[39m
[35m[HTTP][39m [37m<-- POST /wd/hub/session/f8f22577-935a-487f-aea4-81589875ccbf/elements [39m[32m200[39m [90m1486 ms - 12[39m
[35m[HTTP][39m [90m[39m
[35m[HTTP][39m [37m-->[39m [37mPOST[39m [37m/wd/hub/session/f8f22577-935a-487f-aea4-81589875ccbf/elements[39m
[35m[HTTP][39m [90m{"using":"-android uiautomator","value":"new UiSelector().className(\"android.view.View\").textContains(\"010\").enabled(true)"}[39m
[35m[HTTP][39m [37m<-- POST /wd/hub/session/f8f22577-935a-487f-aea4-81589875ccbf/elements [39m[32m200[39m [90m1186 ms - 12[39m
[35m[HTTP][39m [90m[39m
[35m[HTTP][39m [37m-->[39m [37mPOST[39m [37m/wd/hub/session/f8f22577-935a-487f-aea4-81589875ccbf/elements[39m
[35m[HTTP][39m [90m{"using":"-android uiautomator","value":"new UiSelector().className(\"android.view.View\").textContains(\"010\").enabled(true)"}[39m
[35m[HTTP][39m [37m<-- POST /wd/hub/session/f8f22577-935a-487f-aea4-81589875ccbf/elements [39m[32m200[39m [90m1849 ms - 12[39m
[35m[HTTP][39m [90m[39m
[35m[HTTP][39m [37m-->[39m [37mPOST[39m [37m/wd/hub/session/f8f22577-935a-487f-aea4-81589875ccbf/elements[39m
[35m[HTTP][39m [90m{"using":"-android uiautomator","value":"new UiSelector().className(\"android.view.View\").textContains(\"010\").enabled(true)"}[39m
[35m[HTTP][39m [37m<-- POST /wd/hub/session/f8f22577-935a-487f-aea4-81589875ccbf/elements [39m[32m200[39m [90m1894 ms - 12[39m
[35m[HTTP][39m [90m[39m
[35m[HTTP][39m [37m-->[39m [37mPOST[39m [37m/wd/hub/session/f8f22577-935a-487f-aea4-81589875ccbf/elements[39m
[35m[HTTP][39m [90m{"using":"-android uiautomator","value":"new UiSelector().className(\"android.view.View\").textContains(\"010\").enabled(true)"}[39m
[35m[HTTP][39m [37m<-- POST /wd/hub/session/f8f22577-935a-487f-aea4-81589875ccbf/elements [39m[32m200[39m [90m452 ms - 12[39m
[35m[HTTP][39m [90m[39m
[35m[HTTP][39m [37m-->[39m [37mPOST[39m [37m/wd/hub/session/f8f22577-935a-487f-aea4-81589875ccbf/elements[39m
[35m[HTTP][39m [90m{"using":"-android uiautomator","value":"new UiSelector().className(\"android.view.View\").textContains(\"010\").enabled(true)"}[39m
[35m[HTTP][39m [37m<-- POST /wd/hub/session/f8f22577-935a-487f-aea4-81589875ccbf/elements [39m[32m200[39m [90m1964 ms - 12[39m
[35m[HTTP][39m [90m[39m
[35m[HTTP][39m [37m-->[39m [37mPOST[39m [37m/wd/hub/session/f8f22577-935a-487f-aea4-81589875ccbf/elements[39m
[35m[HTTP][39m [90m{"using":"-android uiautomator","value":"new UiSelector().className(\"android.view.View\").textContains(\"010\").enabled(true)"}[39m
[35m[HTTP][39m [37m<-- POST /wd/hub/session/f8f22577-935a-487f-aea4-81589875ccbf/elements [39m[32m200[39m [90m1774 ms - 12[39m
[35m[HTTP][39m [90m[39m
[35m[HTTP][39m [37m-->[39m [37mPOST[39m [37m/wd/hub/session/f8f22577-935a-487f-aea4-81589875ccbf/elements[39m
[35m[HTTP][39m [90m{"using":"-android uiautomator","value":"new UiSelector().className(\"android.view.View\").textContains(\"010\").enabled(true)"}[39m
[35m[HTTP][39m [37m<-- POST /wd/hub/session/f8f22577-935a-487f-aea4-81589875ccbf/elements [39m[32m200[39m [90m1674 ms - 12[39m
[35m[HTTP][39m [90m[39m
[35m[HTTP][39m [37m-->[39m [37mPOST[39m [37m/wd/hub/session/f8f22577-935a-487f-aea4-81589875ccbf/elements[39m
[35m[HTTP][39m [90m{"using":"-android uiautomator","value":"new UiSelector().className(\"android.view.View\").textContains(\"010\").enabled(true)"}[39m
[35m[HTTP][39m [37m<-- POST /wd/hub/session/f8f22577-935a-487f-aea4-81589875ccbf/elements [39m[32m200[39m [90m1030 ms - 12[39m
[35m[HTTP][39m [90m[39m
[35m[HTTP][39m [37m-->[39m [37mPOST[39m [37m/wd/hub/session/f8f22577-935a-487f-aea4-81589875ccbf/elements[39m
[35m[HTTP][39m [90m{"using":"-android uiautomator","value":"new UiSelector().className(\"android.view.View\").textContains(\"010\").enabled(true)"}[39m
[35m[HTTP][39m [37m<-- POST /wd/hub/session/f8f22577-935a-487f-aea4-81589875ccbf/elements [39m[32m200[39m [90m1554 ms - 12[39m
[35m[HTTP][39m [90m[39m
[35m[HTTP][39m [37m-->[39m [37mPOST[39m [37m/wd/hub/session/f8f22577-935a-487f-aea4-81589875ccbf/elements[39m
[35m[HTTP][39m [90m{"using":"-android uiautomator","value":"new UiSelector().className(\"android.view.View\").textContains(\"010\").enabled(true)"}[39m
[35m[HTTP][39m [37m<-- POST /wd/hub/session/f8f22577-935a-487f-aea4-81589875ccbf/elements [39m[32m200[39m [90m1664 ms - 12[39m
[35m[HTTP][39m [90m[39m
[35m[HTTP][39m [37m-->[39m [37mPOST[39m [37m/wd/hub/session/f8f22577-935a-487f-aea4-81589875ccbf/elements[39m
[35m[HTTP][39m [90m{"using":"-android uiautomator","value":"new UiSelector().className(\"android.view.View\").textContains(\"010\").enabled(true)"}[39m
[35m[HTTP][39m [37m<-- POST /wd/hub/session/f8f22577-935a-487f-aea4-81589875ccbf/elements [39m[32m200[39m [90m1828 ms - 12[39m
[35m[HTTP][39m [90m[39m
[35m[HTTP][39m [37m-->[39m [37mPOST[39m [37m/wd/hub/session/f8f22577-935a-487f-aea4-81589875ccbf/elements[39m
[35m[HTTP][39m [90m{"using":"-android uiautomator","value":"new UiSelector().className(\"android.view.View\").textContains(\"010\").enabled(true)"}[39m
[35m[HTTP][39m [37m<-- POST /wd/hub/session/f8f22577-935a-487f-aea4-81589875ccbf/elements [39m[32m200[39m [90m942 ms - 12[39m
[35m[HTTP][39m [90m[39m
[35m[HTTP][39m [37m-->[39m [37mPOST[39m [37m/wd/hub/session/f8f22577-935a-487f-aea4-81589875ccbf/elements[39m
[35m[HTTP][39m [90m{"using":"-android uiautomator","value":"new UiSelector().className(\"android.view.View\").textContains(\"010\").enabled(true)"}[39m
[35m[HTTP][39m [37m<-- POST /wd/hub/session/f8f22577-935a-487f-aea4-81589875ccbf/elements [39m[32m200[39m [90m1524 ms - 12[39m
[35m[HTTP][39m [90m[39m
[35m[HTTP][39m [37m-->[39m [37mPOST[39m [37m/wd/hub/session/f8f22577-935a-487f-aea4-81589875ccbf/elements[39m
[35m[HTTP][39m [90m{"using":"-android uiautomator","value":"new UiSelector().className(\"android.view.View\").textContains(\"010\").enabled(true)"}[39m
[35m[HTTP][39m [37m<-- POST /wd/hub/session/f8f22577-935a-487f-aea4-81589875ccbf/elements [39m[32m200[39m [90m592 ms - 12[39m
[35m[HTTP][39m [90m[39m
[35m[HTTP][39m [37m-->[39m [37mPOST[39m [37m/wd/hub/session/f8f22577-935a-487f-aea4-81589875ccbf/elements[39m
[35m[HTTP][39m [90m{"using":"-android uiautomator","value":"new UiSelector().className(\"android.view.View\").textContains(\"010\").enabled(true)"}[39m
[35m[HTTP][39m [37m<-- POST /wd/hub/session/f8f22577-935a-487f-aea4-81589875ccbf/elements [39m[32m200[39m [90m8796 ms - 12[39m
[35m[HTTP][39m [90m[39m
[35m[HTTP][39m [37m-->[39m [37mPOST[39m [37m/wd/hub/session/f8f22577-935a-487f-aea4-81589875ccbf/timeouts[39m
[35m[HTTP][39m [90m{"implicit":30000}[39m
[35m[HTTP][39m [37m<-- POST /wd/hub/session/f8f22577-935a-487f-aea4-81589875ccbf/timeouts [39m[32m200[39m [90m4 ms - 14[39m
[35m[HTTP][39m [90m[39m
[35m[HTTP][39m [37m-->[39m [37mGET[39m [37m/wd/hub/session/f8f22577-935a-487f-aea4-81589875ccbf/context[39m
[35m[HTTP][39m [90m{}[39m
[35m[HTTP][39m [37m<-- GET /wd/hub/session/f8f22577-935a-487f-aea4-81589875ccbf/context [39m[32m200[39m [90m4 ms - 22[39m
[35m[HTTP][39m [90m[39m
[35m[HTTP][39m [37m-->[39m [37mGET[39m [37m/wd/hub/session/f8f22577-935a-487f-aea4-81589875ccbf/contexts[39m
[35m[HTTP][39m [90m{}[39m
[35m[HTTP][39m [37m<-- GET /wd/hub/session/f8f22577-935a-487f-aea4-81589875ccbf/contexts [39m[32m200[39m [90m1094 ms - 80[39m
[35m[HTTP][39m [90m[39m
[35m[HTTP][39m [37m-->[39m [37mPOST[39m [37m/wd/hub/session/f8f22577-935a-487f-aea4-81589875ccbf/context[39m
[35m[HTTP][39m [90m{"name":"NATIVE_APP"}[39m
[35m[HTTP][39m [37m<-- POST /wd/hub/session/f8f22577-935a-487f-aea4-81589875ccbf/context [39m[32m200[39m [90m4 ms - 14[39m
[35m[HTTP][39m [90m[39m
[35m[HTTP][39m [37m-->[39m [37mGET[39m [37m/wd/hub/session/f8f22577-935a-487f-aea4-81589875ccbf/screenshot[39m
[35m[HTTP][39m [90m{}[39m
[35m[HTTP][39m [37m<-- GET /wd/hub/session/f8f22577-935a-487f-aea4-81589875ccbf/screenshot [39m[32m200[39m [90m741 ms - 171128[39m
[35m[HTTP][39m [90m[39m
[35m[HTTP][39m [37m-->[39m [37mPOST[39m [37m/wd/hub/session/f8f22577-935a-487f-aea4-81589875ccbf/context[39m
[35m[HTTP][39m [90m{"name":"NATIVE_APP"}[39m
[35m[HTTP][39m [37m<-- POST /wd/hub/session/f8f22577-935a-487f-aea4-81589875ccbf/context [39m[32m200[39m [90m6 ms - 14[39m
[35m[HTTP][39m [90m[39m
[35m[HTTP][39m [37m-->[39m [37mGET[39m [37m/wd/hub/session/f8f22577-935a-487f-aea4-81589875ccbf/context[39m
[35m[HTTP][39m [90m{}[39m
[35m[HTTP][39m [37m<-- GET /wd/hub/session/f8f22577-935a-487f-aea4-81589875ccbf/context [39m[32m200[39m [90m6 ms - 22[39m
[35m[HTTP][39m [90m[39m
[35m[HTTP][39m [37m-->[39m [37mGET[39m [37m/wd/hub/session/f8f22577-935a-487f-aea4-81589875ccbf/contexts[39m
[35m[HTTP][39m [90m{}[39m
[35m[HTTP][39m [37m<-- GET /wd/hub/session/f8f22577-935a-487f-aea4-81589875ccbf/contexts [39m[32m200[39m [90m876 ms - 80[39m
[35m[HTTP][39m [90m[39m
[35m[HTTP][39m [37m-->[39m [37mPOST[39m [37m/wd/hub/session/f8f22577-935a-487f-aea4-81589875ccbf/context[39m
[35m[HTTP][39m [90m{"name":"NATIVE_APP"}[39m
[35m[HTTP][39m [37m<-- POST /wd/hub/session/f8f22577-935a-487f-aea4-81589875ccbf/context [39m[32m200[39m [90m4 ms - 14[39m
[35m[HTTP][39m [90m[39m
[35m[HTTP][39m [37m-->[39m [37mGET[39m [37m/wd/hub/session/f8f22577-935a-487f-aea4-81589875ccbf/screenshot[39m
[35m[HTTP][39m [90m{}[39m
[35m[HTTP][39m [37m<-- GET /wd/hub/session/f8f22577-935a-487f-aea4-81589875ccbf/screenshot [39m[32m200[39m [90m677 ms - 172462[39m
[35m[HTTP][39m [90m[39m
[35m[HTTP][39m [37m-->[39m [37mPOST[39m [37m/wd/hub/session/f8f22577-935a-487f-aea4-81589875ccbf/context[39m
[35m[HTTP][39m [90m{"name":"NATIVE_APP"}[39m
[35m[HTTP][39m [37m<-- POST /wd/hub/session/f8f22577-935a-487f-aea4-81589875ccbf/context [39m[32m200[39m [90m3 ms - 14[39m
[35m[HTTP][39m [90m[39m
[35m[HTTP][39m [37m-->[39m [37mPOST[39m [37m/wd/hub/session/f8f22577-935a-487f-aea4-81589875ccbf/timeouts[39m
[35m[HTTP][39m [90m{"implicit":50}[39m
[35m[HTTP][39m [37m<-- POST /wd/hub/session/f8f22577-935a-487f-aea4-81589875ccbf/timeouts [39m[32m200[39m [90m4 ms - 14[39m
[35m[HTTP][39m [90m[39m
[35m[HTTP][39m [37m-->[39m [37mGET[39m [37m/wd/hub/session/f8f22577-935a-487f-aea4-81589875ccbf/window/rect[39m
[35m[HTTP][39m [90m{}[39m
[35m[HTTP][39m [37m<-- GET /wd/hub/session/f8f22577-935a-487f-aea4-81589875ccbf/window/rect [39m[32m200[39m [90m29 ms - 50[39m
[35m[HTTP][39m [90m[39m
[35m[HTTP][39m [37m-->[39m [37mPOST[39m [37m/wd/hub/session/f8f22577-935a-487f-aea4-81589875ccbf/elements[39m
[35m[HTTP][39m [90m{"using":"-android uiautomator","value":"new UiSelector().className(\"android.widget.EditText\").resourceId(\"b7-Input_NamaAsuransi\")"}[39m
[35m[HTTP][39m [37m<-- POST /wd/hub/session/f8f22577-935a-487f-aea4-81589875ccbf/elements [39m[32m200[39m [90m2176 ms - 12[39m
[35m[HTTP][39m [90m[39m
[35m[HTTP][39m [37m-->[39m [37mPOST[39m [37m/wd/hub/session/f8f22577-935a-487f-aea4-81589875ccbf/elements[39m
[35m[HTTP][39m [90m{"using":"-android uiautomator","value":"new UiSelector().className(\"android.widget.EditText\").resourceId(\"b7-Input_NamaAsuransi\")"}[39m
[35m[HTTP][39m [37m<-- POST /wd/hub/session/f8f22577-935a-487f-aea4-81589875ccbf/elements [39m[32m200[39m [90m1745 ms - 12[39m
[35m[HTTP][39m [90m[39m
[35m[HTTP][39m [37m-->[39m [37mPOST[39m [37m/wd/hub/session/f8f22577-935a-487f-aea4-81589875ccbf/elements[39m
[35m[HTTP][39m [90m{"using":"-android uiautomator","value":"new UiSelector().className(\"android.widget.EditText\").resourceId(\"b7-Input_NamaAsuransi\")"}[39m
[35m[HTTP][39m [37m<-- POST /wd/hub/session/f8f22577-935a-487f-aea4-81589875ccbf/elements [39m[32m200[39m [90m1032 ms - 12[39m
[35m[HTTP][39m [90m[39m
[35m[HTTP][39m [37m-->[39m [37mPOST[39m [37m/wd/hub/session/f8f22577-935a-487f-aea4-81589875ccbf/elements[39m
[35m[HTTP][39m [90m{"using":"-android uiautomator","value":"new UiSelector().className(\"android.widget.EditText\").resourceId(\"b7-Input_NamaAsuransi\")"}[39m
[35m[HTTP][39m [37m<-- POST /wd/hub/session/f8f22577-935a-487f-aea4-81589875ccbf/elements [39m[32m200[39m [90m1321 ms - 12[39m
[35m[HTTP][39m [90m[39m
[35m[HTTP][39m [37m-->[39m [37mPOST[39m [37m/wd/hub/session/f8f22577-935a-487f-aea4-81589875ccbf/elements[39m
[35m[HTTP][39m [90m{"using":"-android uiautomator","value":"new UiSelector().className(\"android.widget.EditText\").resourceId(\"b7-Input_NamaAsuransi\")"}[39m
[35m[HTTP][39m [37m<-- POST /wd/hub/session/f8f22577-935a-487f-aea4-81589875ccbf/elements [39m[32m200[39m [90m667 ms - 12[39m
[35m[HTTP][39m [90m[39m
[35m[HTTP][39m [37m-->[39m [37mPOST[39m [37m/wd/hub/session/f8f22577-935a-487f-aea4-81589875ccbf/elements[39m
[35m[HTTP][39m [90m{"using":"-android uiautomator","value":"new UiSelector().className(\"android.widget.EditText\").resourceId(\"b7-Input_NamaAsuransi\")"}[39m
[35m[HTTP][39m [37m<-- POST /wd/hub/session/f8f22577-935a-487f-aea4-81589875ccbf/elements [39m[32m200[39m [90m1981 ms - 12[39m
[35m[HTTP][39m [90m[39m
[35m[HTTP][39m [37m-->[39m [37mPOST[39m [37m/wd/hub/session/f8f22577-935a-487f-aea4-81589875ccbf/elements[39m
[35m[HTTP][39m [90m{"using":"-android uiautomator","value":"new UiSelector().className(\"android.widget.EditText\").resourceId(\"b7-Input_NamaAsuransi\")"}[39m
[35m[HTTP][39m [37m<-- POST /wd/hub/session/f8f22577-935a-487f-aea4-81589875ccbf/elements [39m[32m200[39m [90m1534 ms - 12[39m
[35m[HTTP][39m [90m[39m
[35m[HTTP][39m [37m-->[39m [37mPOST[39m [37m/wd/hub/session/f8f22577-935a-487f-aea4-81589875ccbf/elements[39m
[35m[HTTP][39m [90m{"using":"-android uiautomator","value":"new UiSelector().className(\"android.widget.EditText\").resourceId(\"b7-Input_NamaAsuransi\")"}[39m
[35m[HTTP][39m [37m<-- POST /wd/hub/session/f8f22577-935a-487f-aea4-81589875ccbf/elements [39m[32m200[39m [90m986 ms - 12[39m
[35m[HTTP][39m [90m[39m
[35m[HTTP][39m [37m-->[39m [37mPOST[39m [37m/wd/hub/session/f8f22577-935a-487f-aea4-81589875ccbf/elements[39m
[35m[HTTP][39m [90m{"using":"-android uiautomator","value":"new UiSelector().className(\"android.widget.EditText\").resourceId(\"b7-Input_NamaAsuransi\")"}[39m
[35m[HTTP][39m [37m<-- POST /wd/hub/session/f8f22577-935a-487f-aea4-81589875ccbf/elements [39m[32m200[39m [90m1642 ms - 12[39m
[35m[HTTP][39m [90m[39m
[35m[HTTP][39m [37m-->[39m [37mPOST[39m [37m/wd/hub/session/f8f22577-935a-487f-aea4-81589875ccbf/elements[39m
[35m[HTTP][39m [90m{"using":"-android uiautomator","value":"new UiSelector().className(\"android.widget.EditText\").resourceId(\"b7-Input_NamaAsuransi\")"}[39m
[35m[HTTP][39m [37m<-- POST /wd/hub/session/f8f22577-935a-487f-aea4-81589875ccbf/elements [39m[32m200[39m [90m1668 ms - 12[39m
[35m[HTTP][39m [90m[39m
[35m[HTTP][39m [37m-->[39m [37mPOST[39m [37m/wd/hub/session/f8f22577-935a-487f-aea4-81589875ccbf/elements[39m
[35m[HTTP][39m [90m{"using":"-android uiautomator","value":"new UiSelector().className(\"android.widget.EditText\").resourceId(\"b7-Input_NamaAsuransi\")"}[39m
[35m[HTTP][39m [37m<-- POST /wd/hub/session/f8f22577-935a-487f-aea4-81589875ccbf/elements [39m[32m200[39m [90m1455 ms - 12[39m
[35m[HTTP][39m [90m[39m
[35m[HTTP][39m [37m-->[39m [37mPOST[39m [37m/wd/hub/session/f8f22577-935a-487f-aea4-81589875ccbf/elements[39m
[35m[HTTP][39m [90m{"using":"-android uiautomator","value":"new UiSelector().className(\"android.widget.EditText\").resourceId(\"b7-Input_NamaAsuransi\")"}[39m
[35m[HTTP][39m [37m<-- POST /wd/hub/session/f8f22577-935a-487f-aea4-81589875ccbf/elements [39m[32m200[39m [90m1019 ms - 12[39m
[35m[HTTP][39m [90m[39m
[35m[HTTP][39m [37m-->[39m [37mPOST[39m [37m/wd/hub/session/f8f22577-935a-487f-aea4-81589875ccbf/elements[39m
[35m[HTTP][39m [90m{"using":"-android uiautomator","value":"new UiSelector().className(\"android.widget.EditText\").resourceId(\"b7-Input_NamaAsuransi\")"}[39m
[35m[HTTP][39m [37m<-- POST /wd/hub/session/f8f22577-935a-487f-aea4-81589875ccbf/elements [39m[32m200[39m [90m997 ms - 12[39m
[35m[HTTP][39m [90m[39m
[35m[HTTP][39m [37m-->[39m [37mPOST[39m [37m/wd/hub/session/f8f22577-935a-487f-aea4-81589875ccbf/elements[39m
[35m[HTTP][39m [90m{"using":"-android uiautomator","value":"new UiSelector().className(\"android.widget.EditText\").resourceId(\"b7-Input_NamaAsuransi\")"}[39m
[35m[HTTP][39m [37m<-- POST /wd/hub/session/f8f22577-935a-487f-aea4-81589875ccbf/elements [39m[32m200[39m [90m3188 ms - 12[39m
[35m[HTTP][39m [90m[39m
[35m[HTTP][39m [37m-->[39m [37mPOST[39m [37m/wd/hub/session/f8f22577-935a-487f-aea4-81589875ccbf/elements[39m
[35m[HTTP][39m [90m{"using":"-android uiautomator","value":"new UiSelector().className(\"android.widget.EditText\").resourceId(\"b7-Input_NamaAsuransi\")"}[39m
[35m[HTTP][39m [37m<-- POST /wd/hub/session/f8f22577-935a-487f-aea4-81589875ccbf/elements [39m[32m200[39m [90m2278 ms - 12[39m
[35m[HTTP][39m [90m[39m
[35m[HTTP][39m [37m-->[39m [37mPOST[39m [37m/wd/hub/session/f8f22577-935a-487f-aea4-81589875ccbf/elements[39m
[35m[HTTP][39m [90m{"using":"-android uiautomator","value":"new UiSelector().className(\"android.widget.EditText\").resourceId(\"b7-Input_NamaAsuransi\")"}[39m
[35m[HTTP][39m [37m<-- POST /wd/hub/session/f8f22577-935a-487f-aea4-81589875ccbf/elements [39m[32m200[39m [90m208 ms - 12[39m
[35m[HTTP][39m [90m[39m
[35m[HTTP][39m [37m-->[39m [37mPOST[39m [37m/wd/hub/session/f8f22577-935a-487f-aea4-81589875ccbf/elements[39m
[35m[HTTP][39m [90m{"using":"-android uiautomator","value":"new UiSelector().className(\"android.widget.EditText\").resourceId(\"b7-Input_NamaAsuransi\")"}[39m
[35m[HTTP][39m [37m<-- POST /wd/hub/session/f8f22577-935a-487f-aea4-81589875ccbf/elements [39m[32m200[39m [90m128 ms - 12[39m
[35m[HTTP][39m [90m[39m
[35m[HTTP][39m [37m-->[39m [37mPOST[39m [37m/wd/hub/session/f8f22577-935a-487f-aea4-81589875ccbf/elements[39m
[35m[HTTP][39m [90m{"using":"-android uiautomator","value":"new UiSelector().className(\"android.widget.EditText\").resourceId(\"b7-Input_NamaAsuransi\")"}[39m
[35m[HTTP][39m [37m<-- POST /wd/hub/session/f8f22577-935a-487f-aea4-81589875ccbf/elements [39m[32m200[39m [90m182 ms - 12[39m
[35m[HTTP][39m [90m[39m
[35m[HTTP][39m [37m-->[39m [37mPOST[39m [37m/wd/hub/session/f8f22577-935a-487f-aea4-81589875ccbf/elements[39m
[35m[HTTP][39m [90m{"using":"-android uiautomator","value":"new UiSelector().className(\"android.widget.EditText\").resourceId(\"b7-Input_NamaAsuransi\")"}[39m
[35m[HTTP][39m [37m<-- POST /wd/hub/session/f8f22577-935a-487f-aea4-81589875ccbf/elements [39m[32m200[39m [90m154 ms - 12[39m
[35m[HTTP][39m [90m[39m
[35m[HTTP][39m [37m-->[39m [37mPOST[39m [37m/wd/hub/session/f8f22577-935a-487f-aea4-81589875ccbf/elements[39m
[35m[HTTP][39m [90m{"using":"-android uiautomator","value":"new UiSelector().className(\"android.widget.EditText\").resourceId(\"b7-Input_NamaAsuransi\")"}[39m
[35m[HTTP][39m [37m<-- POST /wd/hub/session/f8f22577-935a-487f-aea4-81589875ccbf/elements [39m[32m200[39m [90m195 ms - 12[39m
[35m[HTTP][39m [90m[39m
[35m[HTTP][39m [37m-->[39m [37mPOST[39m [37m/wd/hub/session/f8f22577-935a-487f-aea4-81589875ccbf/elements[39m
[35m[HTTP][39m [90m{"using":"-android uiautomator","value":"new UiSelector().className(\"android.widget.EditText\").resourceId(\"b7-Input_NamaAsuransi\")"}[39m
[35m[HTTP][39m [37m<-- POST /wd/hub/session/f8f22577-935a-487f-aea4-81589875ccbf/elements [39m[32m200[39m [90m169 ms - 12[39m
[35m[HTTP][39m [90m[39m
[35m[HTTP][39m [37m-->[39m [37mPOST[39m [37m/wd/hub/session/f8f22577-935a-487f-aea4-81589875ccbf/elements[39m
[35m[HTTP][39m [90m{"using":"-android uiautomator","value":"new UiSelector().className(\"android.widget.EditText\").resourceId(\"b7-Input_NamaAsuransi\")"}[39m
[35m[HTTP][39m [37m<-- POST /wd/hub/session/f8f22577-935a-487f-aea4-81589875ccbf/elements [39m[32m200[39m [90m175 ms - 12[39m
[35m[HTTP][39m [90m[39m
[35m[HTTP][39m [37m-->[39m [37mPOST[39m [37m/wd/hub/session/f8f22577-935a-487f-aea4-81589875ccbf/elements[39m
[35m[HTTP][39m [90m{"using":"-android uiautomator","value":"new UiSelector().className(\"android.widget.EditText\").resourceId(\"b7-Input_NamaAsuransi\")"}[39m
[35m[HTTP][39m [37m<-- POST /wd/hub/session/f8f22577-935a-487f-aea4-81589875ccbf/elements [39m[32m200[39m [90m182 ms - 12[39m
[35m[HTTP][39m [90m[39m
[35m[HTTP][39m [37m-->[39m [37mPOST[39m [37m/wd/hub/session/f8f22577-935a-487f-aea4-81589875ccbf/elements[39m
[35m[HTTP][39m [90m{"using":"-android uiautomator","value":"new UiSelector().className(\"android.widget.EditText\").resourceId(\"b7-Input_NamaAsuransi\")"}[39m
[35m[HTTP][39m [37m<-- POST /wd/hub/session/f8f22577-935a-487f-aea4-81589875ccbf/elements [39m[32m200[39m [90m155 ms - 12[39m
[35m[HTTP][39m [90m[39m
[35m[HTTP][39m [37m-->[39m [37mPOST[39m [37m/wd/hub/session/f8f22577-935a-487f-aea4-81589875ccbf/elements[39m
[35m[HTTP][39m [90m{"using":"-android uiautomator","value":"new UiSelector().className(\"android.widget.EditText\").resourceId(\"b7-Input_NamaAsuransi\")"}[39m
[35m[HTTP][39m [37m<-- POST /wd/hub/session/f8f22577-935a-487f-aea4-81589875ccbf/elements [39m[32m200[39m [90m184 ms - 12[39m
[35m[HTTP][39m [90m[39m
[35m[HTTP][39m [37m-->[39m [37mPOST[39m [37m/wd/hub/session/f8f22577-935a-487f-aea4-81589875ccbf/elements[39m
[35m[HTTP][39m [90m{"using":"-android uiautomator","value":"new UiSelector().className(\"android.widget.EditText\").resourceId(\"b7-Input_NamaAsuransi\")"}[39m
[35m[HTTP][39m [37m<-- POST /wd/hub/session/f8f22577-935a-487f-aea4-81589875ccbf/elements [39m[32m200[39m [90m218 ms - 12[39m
[35m[HTTP][39m [90m[39m
[35m[HTTP][39m [37m-->[39m [37mPOST[39m [37m/wd/hub/session/f8f22577-935a-487f-aea4-81589875ccbf/elements[39m
[35m[HTTP][39m [90m{"using":"-android uiautomator","value":"new UiSelector().className(\"android.widget.EditText\").resourceId(\"b7-Input_NamaAsuransi\")"}[39m
[35m[HTTP][39m [37m<-- POST /wd/hub/session/f8f22577-935a-487f-aea4-81589875ccbf/elements [39m[32m200[39m [90m212 ms - 12[39m
[35m[HTTP][39m [90m[39m
[35m[HTTP][39m [37m-->[39m [37mPOST[39m [37m/wd/hub/session/f8f22577-935a-487f-aea4-81589875ccbf/elements[39m
[35m[HTTP][39m [90m{"using":"-android uiautomator","value":"new UiSelector().className(\"android.widget.EditText\").resourceId(\"b7-Input_NamaAsuransi\")"}[39m
[35m[HTTP][39m [37m<-- POST /wd/hub/session/f8f22577-935a-487f-aea4-81589875ccbf/elements [39m[32m200[39m [90m138 ms - 12[39m
[35m[HTTP][39m [90m[39m
[35m[HTTP][39m [37m-->[39m [37mPOST[39m [37m/wd/hub/session/f8f22577-935a-487f-aea4-81589875ccbf/elements[39m
[35m[HTTP][39m [90m{"using":"-android uiautomator","value":"new UiSelector().className(\"android.widget.EditText\").resourceId(\"b7-Input_NamaAsuransi\")"}[39m
[35m[HTTP][39m [37m<-- POST /wd/hub/session/f8f22577-935a-487f-aea4-81589875ccbf/elements [39m[32m200[39m [90m169 ms - 12[39m
[35m[HTTP][39m [90m[39m
[35m[HTTP][39m [37m-->[39m [37mPOST[39m [37m/wd/hub/session/f8f22577-935a-487f-aea4-81589875ccbf/elements[39m
[35m[HTTP][39m [90m{"using":"-android uiautomator","value":"new UiSelector().className(\"android.widget.EditText\").resourceId(\"b7-Input_NamaAsuransi\")"}[39m
[35m[HTTP][39m [37m<-- POST /wd/hub/session/f8f22577-935a-487f-aea4-81589875ccbf/elements [39m[32m200[39m [90m185 ms - 12[39m
[35m[HTTP][39m [90m[39m
[35m[HTTP][39m [37m-->[39m [37mPOST[39m [37m/wd/hub/session/f8f22577-935a-487f-aea4-81589875ccbf/elements[39m
[35m[HTTP][39m [90m{"using":"-android uiautomator","value":"new UiSelector().className(\"android.widget.EditText\").resourceId(\"b7-Input_NamaAsuransi\")"}[39m
[35m[HTTP][39m [37m<-- POST /wd/hub/session/f8f22577-935a-487f-aea4-81589875ccbf/elements [39m[32m200[39m [90m150 ms - 12[39m
[35m[HTTP][39m [90m[39m
[35m[HTTP][39m [37m-->[39m [37mPOST[39m [37m/wd/hub/session/f8f22577-935a-487f-aea4-81589875ccbf/elements[39m
[35m[HTTP][39m [90m{"using":"-android uiautomator","value":"new UiSelector().className(\"android.widget.EditText\").resourceId(\"b7-Input_NamaAsuransi\")"}[39m
[35m[HTTP][39m [37m<-- POST /wd/hub/session/f8f22577-935a-487f-aea4-81589875ccbf/elements [39m[32m200[39m [90m178 ms - 12[39m
[35m[HTTP][39m [90m[39m
[35m[HTTP][39m [37m-->[39m [37mPOST[39m [37m/wd/hub/session/f8f22577-935a-487f-aea4-81589875ccbf/elements[39m
[35m[HTTP][39m [90m{"using":"-android uiautomator","value":"new UiSelector().className(\"android.widget.EditText\").resourceId(\"b7-Input_NamaAsuransi\")"}[39m
[35m[HTTP][39m [37m<-- POST /wd/hub/session/f8f22577-935a-487f-aea4-81589875ccbf/elements [39m[32m200[39m [90m204 ms - 12[39m
[35m[HTTP][39m [90m[39m
[35m[HTTP][39m [37m-->[39m [37mPOST[39m [37m/wd/hub/session/f8f22577-935a-487f-aea4-81589875ccbf/elements[39m
[35m[HTTP][39m [90m{"using":"-android uiautomator","value":"new UiSelector().className(\"android.widget.EditText\").resourceId(\"b7-Input_NamaAsuransi\")"}[39m
[35m[HTTP][39m [37m<-- POST /wd/hub/session/f8f22577-935a-487f-aea4-81589875ccbf/elements [39m[32m200[39m [90m125 ms - 12[39m
[35m[HTTP][39m [90m[39m
[35m[HTTP][39m [37m-->[39m [37mPOST[39m [37m/wd/hub/session/f8f22577-935a-487f-aea4-81589875ccbf/elements[39m
[35m[HTTP][39m [90m{"using":"-android uiautomator","value":"new UiSelector().className(\"android.widget.EditText\").resourceId(\"b7-Input_NamaAsuransi\")"}[39m
[35m[HTTP][39m [37m<-- POST /wd/hub/session/f8f22577-935a-487f-aea4-81589875ccbf/elements [39m[32m200[39m [90m1476 ms - 12[39m
[35m[HTTP][39m [90m[39m
[35m[HTTP][39m [37m-->[39m [37mPOST[39m [37m/wd/hub/session/f8f22577-935a-487f-aea4-81589875ccbf/elements[39m
[35m[HTTP][39m [90m{"using":"-android uiautomator","value":"new UiSelector().className(\"android.widget.EditText\").resourceId(\"b7-Input_NamaAsuransi\")"}[39m
[35m[HTTP][39m [37m<-- POST /wd/hub/session/f8f22577-935a-487f-aea4-81589875ccbf/elements [39m[32m200[39m [90m121 ms - 12[39m
[35m[HTTP][39m [90m[39m
[35m[HTTP][39m [37m-->[39m [37mPOST[39m [37m/wd/hub/session/f8f22577-935a-487f-aea4-81589875ccbf/elements[39m
[35m[HTTP][39m [90m{"using":"-android uiautomator","value":"new UiSelector().className(\"android.widget.EditText\").resourceId(\"b7-Input_NamaAsuransi\")"}[39m
[35m[HTTP][39m [37m<-- POST /wd/hub/session/f8f22577-935a-487f-aea4-81589875ccbf/elements [39m[32m200[39m [90m115 ms - 12[39m
[35m[HTTP][39m [90m[39m
[35m[HTTP][39m [37m-->[39m [37mPOST[39m [37m/wd/hub/session/f8f22577-935a-487f-aea4-81589875ccbf/elements[39m
[35m[HTTP][39m [90m{"using":"-android uiautomator","value":"new UiSelector().className(\"android.widget.EditText\").resourceId(\"b7-Input_NamaAsuransi\")"}[39m
[35m[HTTP][39m [37m<-- POST /wd/hub/session/f8f22577-935a-487f-aea4-81589875ccbf/elements [39m[32m200[39m [90m125 ms - 12[39m
[35m[HTTP][39m [90m[39m
[35m[HTTP][39m [37m-->[39m [37mPOST[39m [37m/wd/hub/session/f8f22577-935a-487f-aea4-81589875ccbf/elements[39m
[35m[HTTP][39m [90m{"using":"-android uiautomator","value":"new UiSelector().className(\"android.widget.EditText\").resourceId(\"b7-Input_NamaAsuransi\")"}[39m
[35m[HTTP][39m [37m<-- POST /wd/hub/session/f8f22577-935a-487f-aea4-81589875ccbf/elements [39m[32m200[39m [90m122 ms - 12[39m
[35m[HTTP][39m [90m[39m
[35m[HTTP][39m [37m-->[39m [37mPOST[39m [37m/wd/hub/session/f8f22577-935a-487f-aea4-81589875ccbf/elements[39m
[35m[HTTP][39m [90m{"using":"-android uiautomator","value":"new UiSelector().className(\"android.widget.EditText\").resourceId(\"b7-Input_NamaAsuransi\")"}[39m
[35m[HTTP][39m [37m<-- POST /wd/hub/session/f8f22577-935a-487f-aea4-81589875ccbf/elements [39m[32m200[39m [90m122 ms - 12[39m
[35m[HTTP][39m [90m[39m
[35m[HTTP][39m [37m-->[39m [37mPOST[39m [37m/wd/hub/session/f8f22577-935a-487f-aea4-81589875ccbf/elements[39m
[35m[HTTP][39m [90m{"using":"-android uiautomator","value":"new UiSelector().className(\"android.widget.EditText\").resourceId(\"b7-Input_NamaAsuransi\")"}[39m
[35m[HTTP][39m [37m<-- POST /wd/hub/session/f8f22577-935a-487f-aea4-81589875ccbf/elements [39m[32m200[39m [90m130 ms - 12[39m
[35m[HTTP][39m [90m[39m
[35m[HTTP][39m [37m-->[39m [37mPOST[39m [37m/wd/hub/session/f8f22577-935a-487f-aea4-81589875ccbf/elements[39m
[35m[HTTP][39m [90m{"using":"-android uiautomator","value":"new UiSelector().className(\"android.widget.EditText\").resourceId(\"b7-Input_NamaAsuransi\")"}[39m
[35m[HTTP][39m [37m<-- POST /wd/hub/session/f8f22577-935a-487f-aea4-81589875ccbf/elements [39m[32m200[39m [90m118 ms - 12[39m
[35m[HTTP][39m [90m[39m
[35m[HTTP][39m [37m-->[39m [37mPOST[39m [37m/wd/hub/session/f8f22577-935a-487f-aea4-81589875ccbf/elements[39m
[35m[HTTP][39m [90m{"using":"-android uiautomator","value":"new UiSelector().className(\"android.widget.EditText\").resourceId(\"b7-Input_NamaAsuransi\")"}[39m
[35m[HTTP][39m [37m<-- POST /wd/hub/session/f8f22577-935a-487f-aea4-81589875ccbf/elements [39m[32m200[39m [90m117 ms - 12[39m
[35m[HTTP][39m [90m[39m
[35m[HTTP][39m [37m-->[39m [37mPOST[39m [37m/wd/hub/session/f8f22577-935a-487f-aea4-81589875ccbf/elements[39m
[35m[HTTP][39m [90m{"using":"-android uiautomator","value":"new UiSelector().className(\"android.widget.EditText\").resourceId(\"b7-Input_NamaAsuransi\")"}[39m
[35m[HTTP][39m [37m<-- POST /wd/hub/session/f8f22577-935a-487f-aea4-81589875ccbf/elements [39m[32m200[39m [90m126 ms - 12[39m
[35m[HTTP][39m [90m[39m
[35m[HTTP][39m [37m-->[39m [37mPOST[39m [37m/wd/hub/session/f8f22577-935a-487f-aea4-81589875ccbf/elements[39m
[35m[HTTP][39m [90m{"using":"-android uiautomator","value":"new UiSelector().className(\"android.widget.EditText\").resourceId(\"b7-Input_NamaAsuransi\")"}[39m
[35m[HTTP][39m [37m<-- POST /wd/hub/session/f8f22577-935a-487f-aea4-81589875ccbf/elements [39m[32m200[39m [90m80 ms - 12[39m
[35m[HTTP][39m [90m[39m
[35m[HTTP][39m [37m-->[39m [37mPOST[39m [37m/wd/hub/session/f8f22577-935a-487f-aea4-81589875ccbf/elements[39m
[35m[HTTP][39m [90m{"using":"-android uiautomator","value":"new UiSelector().className(\"android.widget.EditText\").resourceId(\"b7-Input_NamaAsuransi\")"}[39m
[35m[HTTP][39m [37m<-- POST /wd/hub/session/f8f22577-935a-487f-aea4-81589875ccbf/elements [39m[32m200[39m [90m73 ms - 12[39m
[35m[HTTP][39m [90m[39m
[35m[HTTP][39m [37m-->[39m [37mPOST[39m [37m/wd/hub/session/f8f22577-935a-487f-aea4-81589875ccbf/timeouts[39m
[35m[HTTP][39m [90m{"implicit":30000}[39m
[35m[HTTP][39m [37m<-- POST /wd/hub/session/f8f22577-935a-487f-aea4-81589875ccbf/timeouts [39m[32m200[39m [90m3 ms - 14[39m
[35m[HTTP][39m [90m[39m
[35m[HTTP][39m [37m-->[39m [37mGET[39m [37m/wd/hub/session/f8f22577-935a-487f-aea4-81589875ccbf/context[39m
[35m[HTTP][39m [90m{}[39m
[35m[HTTP][39m [37m<-- GET /wd/hub/session/f8f22577-935a-487f-aea4-81589875ccbf/context [39m[32m200[39m [90m4 ms - 22[39m
[35m[HTTP][39m [90m[39m
[35m[HTTP][39m [37m-->[39m [37mGET[39m [37m/wd/hub/session/f8f22577-935a-487f-aea4-81589875ccbf/contexts[39m
[35m[HTTP][39m [90m{}[39m
[35m[HTTP][39m [37m<-- GET /wd/hub/session/f8f22577-935a-487f-aea4-81589875ccbf/contexts [39m[32m200[39m [90m843 ms - 80[39m
[35m[HTTP][39m [90m[39m
[35m[HTTP][39m [37m-->[39m [37mPOST[39m [37m/wd/hub/session/f8f22577-935a-487f-aea4-81589875ccbf/context[39m
[35m[HTTP][39m [90m{"name":"NATIVE_APP"}[39m
[35m[HTTP][39m [37m<-- POST /wd/hub/session/f8f22577-935a-487f-aea4-81589875ccbf/context [39m[32m200[39m [90m3 ms - 14[39m
[35m[HTTP][39m [90m[39m
[35m[HTTP][39m [37m-->[39m [37mGET[39m [37m/wd/hub/session/f8f22577-935a-487f-aea4-81589875ccbf/screenshot[39m
[35m[HTTP][39m [90m{}[39m
[35m[HTTP][39m [37m<-- GET /wd/hub/session/f8f22577-935a-487f-aea4-81589875ccbf/screenshot [39m[32m200[39m [90m583 ms - 182040[39m
[35m[HTTP][39m [90m[39m
[35m[HTTP][39m [37m-->[39m [37mPOST[39m [37m/wd/hub/session/f8f22577-935a-487f-aea4-81589875ccbf/context[39m
[35m[HTTP][39m [90m{"name":"NATIVE_APP"}[39m
[35m[HTTP][39m [37m<-- POST /wd/hub/session/f8f22577-935a-487f-aea4-81589875ccbf/context [39m[32m200[39m [90m3 ms - 14[39m
[35m[HTTP][39m [90m[39m
[35m[HTTP][39m [37m-->[39m [37mGET[39m [37m/wd/hub/session/f8f22577-935a-487f-aea4-81589875ccbf/context[39m
[35m[HTTP][39m [90m{}[39m
[35m[HTTP][39m [37m<-- GET /wd/hub/session/f8f22577-935a-487f-aea4-81589875ccbf/context [39m[32m200[39m [90m3 ms - 22[39m
[35m[HTTP][39m [90m[39m
[35m[HTTP][39m [37m-->[39m [37mGET[39m [37m/wd/hub/session/f8f22577-935a-487f-aea4-81589875ccbf/contexts[39m
[35m[HTTP][39m [90m{}[39m
[35m[HTTP][39m [37m<-- GET /wd/hub/session/f8f22577-935a-487f-aea4-81589875ccbf/contexts [39m[32m200[39m [90m837 ms - 80[39m
[35m[HTTP][39m [90m[39m
[35m[HTTP][39m [37m-->[39m [37mPOST[39m [37m/wd/hub/session/f8f22577-935a-487f-aea4-81589875ccbf/context[39m
[35m[HTTP][39m [90m{"name":"NATIVE_APP"}[39m
[35m[HTTP][39m [37m<-- POST /wd/hub/session/f8f22577-935a-487f-aea4-81589875ccbf/context [39m[32m200[39m [90m4 ms - 14[39m
[35m[HTTP][39m [90m[39m
[35m[HTTP][39m [37m-->[39m [37mGET[39m [37m/wd/hub/session/f8f22577-935a-487f-aea4-81589875ccbf/screenshot[39m
[35m[HTTP][39m [90m{}[39m
[35m[HTTP][39m [37m<-- GET /wd/hub/session/f8f22577-935a-487f-aea4-81589875ccbf/screenshot [39m[32m200[39m [90m715 ms - 182040[39m
[35m[HTTP][39m [90m[39m
[35m[HTTP][39m [37m-->[39m [37mPOST[39m [37m/wd/hub/session/f8f22577-935a-487f-aea4-81589875ccbf/context[39m
[35m[HTTP][39m [90m{"name":"NATIVE_APP"}[39m
[35m[HTTP][39m [37m<-- POST /wd/hub/session/f8f22577-935a-487f-aea4-81589875ccbf/context [39m[32m200[39m [90m3 ms - 14[39m
[35m[HTTP][39m [90m[39m
[35m[HTTP][39m [37m-->[39m [37mDELETE[39m [37m/wd/hub/session/f8f22577-935a-487f-aea4-81589875ccbf[39m
[35m[HTTP][39m [90m{}[39m
[35m[Appium][39m Removing session f8f22577-935a-487f-aea4-81589875ccbf from our master session list
[35m[UiAutomator2][39m Restoring hidden api policy to the device default configuration
[35m[HTTP][39m [37m<-- DELETE /wd/hub/session/f8f22577-935a-487f-aea4-81589875ccbf [39m[32m200[39m [90m2826 ms - 14[39m
[35m[HTTP][39m [90m[39m
