<?xml version="1.0" encoding="UTF-8" standalone="no"?>
<!DOCTYPE log SYSTEM "logger.dtd">
<log>
<record>
  <date>2019-11-20T14:24:04</date>
  <millis>1574234644936</millis>
  <sequence>0</sequence>
  <level>START</level>
  <class>com.kms.katalon.core.logging.XmlKeywordLogger</class>
  <method>startSuite</method>
  <thread>1</thread>
  <message>Start Test Suite : Test Suites/data entry dupcek</message>
  <nestedLevel>0</nestedLevel>
  <property name="name">data entry dupcek</property>
  <property name="description"></property>
  <property name="id">Test Suites/data entry dupcek</property>
</record>
<record>
  <date>2019-11-20T14:24:04</date>
  <millis>1574234644973</millis>
  <sequence>1</sequence>
  <level>RUN_DATA</level>
  <class>com.kms.katalon.core.logging.XmlKeywordLogger</class>
  <method>logMessage</method>
  <thread>1</thread>
  <message>hostName = 15420 - 10.7.8.181</message>
  <nestedLevel>0</nestedLevel>
  <property name="hostName">15420 - 10.7.8.181</property>
</record>
<record>
  <date>2019-11-20T14:24:04</date>
  <millis>1574234644978</millis>
  <sequence>2</sequence>
  <level>RUN_DATA</level>
  <class>com.kms.katalon.core.logging.XmlKeywordLogger</class>
  <method>logMessage</method>
  <thread>1</thread>
  <message>os = Windows 10 64bit</message>
  <nestedLevel>0</nestedLevel>
  <property name="os">Windows 10 64bit</property>
</record>
<record>
  <date>2019-11-20T14:24:04</date>
  <millis>1574234644979</millis>
  <sequence>3</sequence>
  <level>RUN_DATA</level>
  <class>com.kms.katalon.core.logging.XmlKeywordLogger</class>
  <method>logMessage</method>
  <thread>1</thread>
  <message>hostAddress = 10.7.8.181</message>
  <nestedLevel>0</nestedLevel>
  <property name="hostAddress">10.7.8.181</property>
</record>
<record>
  <date>2019-11-20T14:24:04</date>
  <millis>1574234644983</millis>
  <sequence>4</sequence>
  <level>RUN_DATA</level>
  <class>com.kms.katalon.core.logging.XmlKeywordLogger</class>
  <method>logMessage</method>
  <thread>1</thread>
  <message>katalonVersion = 7.0.7.1</message>
  <nestedLevel>0</nestedLevel>
  <property name="katalonVersion">7.0.7.1</property>
</record>
<record>
  <date>2019-11-20T14:24:06</date>
  <millis>1574234646887</millis>
  <sequence>5</sequence>
  <level>START</level>
  <class>com.kms.katalon.core.logging.XmlKeywordLogger</class>
  <method>startTest</method>
  <thread>1</thread>
  <message>Start Test Case : Test Cases/Data Entry/TC_Data Entry</message>
  <nestedLevel>1</nestedLevel>
  <property name="name">Test Cases/Data Entry/TC_Data Entry</property>
  <property name="description">test case data entry dari awal simulasi kredit hingga submit</property>
  <property name="id">Test Cases/Data Entry/TC_Data Entry</property>
  <property name="source">C:\\Users\\15420\\git\\ACCME-Dupcheck\\Test Cases\\Data Entry\\TC_Data Entry.tc</property>
  <property name="tag"></property>
  <property name="isOptional">false</property>
</record>
<record>
  <date>2019-11-20T14:24:07</date>
  <millis>1574234647167</millis>
  <sequence>7</sequence>
  <level>INFO</level>
  <class>com.kms.katalon.core.logging.XmlKeywordLogger</class>
  <method>logMessage</method>
  <thread>1</thread>
  <message>varPembiayaan = NewCar</message>
  <nestedLevel>1</nestedLevel>
</record>
<record>
  <date>2019-11-20T14:24:07</date>
  <millis>1574234647167</millis>
  <sequence>8</sequence>
  <level>INFO</level>
  <class>com.kms.katalon.core.logging.XmlKeywordLogger</class>
  <method>logMessage</method>
  <thread>1</thread>
  <message>varBrand = TOYOTA</message>
  <nestedLevel>1</nestedLevel>
</record>
<record>
  <date>2019-11-20T14:24:07</date>
  <millis>1574234647177</millis>
  <sequence>9</sequence>
  <level>INFO</level>
  <class>com.kms.katalon.core.logging.XmlKeywordLogger</class>
  <method>logMessage</method>
  <thread>1</thread>
  <message>varType = ALL NEW AVANZA</message>
  <nestedLevel>1</nestedLevel>
</record>
<record>
  <date>2019-11-20T14:24:07</date>
  <millis>1574234647178</millis>
  <sequence>10</sequence>
  <level>INFO</level>
  <class>com.kms.katalon.core.logging.XmlKeywordLogger</class>
  <method>logMessage</method>
  <thread>1</thread>
  <message>varModel = VELOZ 1.5 M/T</message>
  <nestedLevel>1</nestedLevel>
</record>
<record>
  <date>2019-11-20T14:24:07</date>
  <millis>1574234647178</millis>
  <sequence>11</sequence>
  <level>INFO</level>
  <class>com.kms.katalon.core.logging.XmlKeywordLogger</class>
  <method>logMessage</method>
  <thread>1</thread>
  <message>varTahun = 2018</message>
  <nestedLevel>1</nestedLevel>
</record>
<record>
  <date>2019-11-20T14:24:07</date>
  <millis>1574234647180</millis>
  <sequence>12</sequence>
  <level>INFO</level>
  <class>com.kms.katalon.core.logging.XmlKeywordLogger</class>
  <method>logMessage</method>
  <thread>1</thread>
  <message>varTenor = 48</message>
  <nestedLevel>1</nestedLevel>
</record>
<record>
  <date>2019-11-20T14:24:07</date>
  <millis>1574234647188</millis>
  <sequence>13</sequence>
  <level>INFO</level>
  <class>com.kms.katalon.core.logging.XmlKeywordLogger</class>
  <method>logMessage</method>
  <thread>1</thread>
  <message>varOTR = 193200000</message>
  <nestedLevel>1</nestedLevel>
</record>
<record>
  <date>2019-11-20T14:24:07</date>
  <millis>1574234647190</millis>
  <sequence>14</sequence>
  <level>INFO</level>
  <class>com.kms.katalon.core.logging.XmlKeywordLogger</class>
  <method>logMessage</method>
  <thread>1</thread>
  <message>varRP = 64250000</message>
  <nestedLevel>1</nestedLevel>
</record>
<record>
  <date>2019-11-20T14:24:07</date>
  <millis>1574234647191</millis>
  <sequence>15</sequence>
  <level>INFO</level>
  <class>com.kms.katalon.core.logging.XmlKeywordLogger</class>
  <method>logMessage</method>
  <thread>1</thread>
  <message>varDealer = TUNAS RIDEAN M-SRG SUDIRMAN</message>
  <nestedLevel>1</nestedLevel>
</record>
<record>
  <date>2019-11-20T14:24:07</date>
  <millis>1574234647191</millis>
  <sequence>16</sequence>
  <level>INFO</level>
  <class>com.kms.katalon.core.logging.XmlKeywordLogger</class>
  <method>logMessage</method>
  <thread>1</thread>
  <message>varSales = ENDANG SOLIHAT</message>
  <nestedLevel>1</nestedLevel>
</record>
<record>
  <date>2019-11-20T14:24:07</date>
  <millis>1574234647195</millis>
  <sequence>17</sequence>
  <level>INFO</level>
  <class>com.kms.katalon.core.logging.XmlKeywordLogger</class>
  <method>logMessage</method>
  <thread>1</thread>
  <message>varAsuransi = PT AAB REGULER OJK 2017(305001)</message>
  <nestedLevel>1</nestedLevel>
</record>
<record>
  <date>2019-11-20T14:24:07</date>
  <millis>1574234647195</millis>
  <sequence>18</sequence>
  <level>INFO</level>
  <class>com.kms.katalon.core.logging.XmlKeywordLogger</class>
  <method>logMessage</method>
  <thread>1</thread>
  <message>varKodeWilayah = BANTEN, DKI, JABAR</message>
  <nestedLevel>1</nestedLevel>
</record>
<record>
  <date>2019-11-20T14:24:07</date>
  <millis>1574234647196</millis>
  <sequence>19</sequence>
  <level>INFO</level>
  <class>com.kms.katalon.core.logging.XmlKeywordLogger</class>
  <method>logMessage</method>
  <thread>1</thread>
  <message>varOpsiNPWP = Approval</message>
  <nestedLevel>1</nestedLevel>
</record>
<record>
  <date>2019-11-20T14:24:07</date>
  <millis>1574234647197</millis>
  <sequence>20</sequence>
  <level>INFO</level>
  <class>com.kms.katalon.core.logging.XmlKeywordLogger</class>
  <method>logMessage</method>
  <thread>1</thread>
  <message>Borrower_varKTP = abc.jpg</message>
  <nestedLevel>1</nestedLevel>
</record>
<record>
  <date>2019-11-20T14:24:07</date>
  <millis>1574234647198</millis>
  <sequence>21</sequence>
  <level>INFO</level>
  <class>com.kms.katalon.core.logging.XmlKeywordLogger</class>
  <method>logMessage</method>
  <thread>1</thread>
  <message>BIvarNoKTP = 1373010710580002</message>
  <nestedLevel>1</nestedLevel>
</record>
<record>
  <date>2019-11-20T14:24:07</date>
  <millis>1574234647198</millis>
  <sequence>22</sequence>
  <level>INFO</level>
  <class>com.kms.katalon.core.logging.XmlKeywordLogger</class>
  <method>logMessage</method>
  <thread>1</thread>
  <message>BIvarAgama = ISLAM</message>
  <nestedLevel>1</nestedLevel>
</record>
<record>
  <date>2019-11-20T14:24:07</date>
  <millis>1574234647200</millis>
  <sequence>23</sequence>
  <level>INFO</level>
  <class>com.kms.katalon.core.logging.XmlKeywordLogger</class>
  <method>logMessage</method>
  <thread>1</thread>
  <message>BIvarNama = ASWIR ADI</message>
  <nestedLevel>1</nestedLevel>
</record>
<record>
  <date>2019-11-20T14:24:07</date>
  <millis>1574234647200</millis>
  <sequence>24</sequence>
  <level>INFO</level>
  <class>com.kms.katalon.core.logging.XmlKeywordLogger</class>
  <method>logMessage</method>
  <thread>1</thread>
  <message>BIvarTempatLahir = PADANG</message>
  <nestedLevel>1</nestedLevel>
</record>
<record>
  <date>2019-11-20T14:24:07</date>
  <millis>1574234647225</millis>
  <sequence>25</sequence>
  <level>INFO</level>
  <class>com.kms.katalon.core.logging.XmlKeywordLogger</class>
  <method>logMessage</method>
  <thread>1</thread>
  <message>BIvarStatusPerkawinan = UNMARIED</message>
  <nestedLevel>1</nestedLevel>
</record>
<record>
  <date>2019-11-20T14:24:07</date>
  <millis>1574234647226</millis>
  <sequence>26</sequence>
  <level>INFO</level>
  <class>com.kms.katalon.core.logging.XmlKeywordLogger</class>
  <method>logMessage</method>
  <thread>1</thread>
  <message>BEvarRT = 458</message>
  <nestedLevel>1</nestedLevel>
</record>
<record>
  <date>2019-11-20T14:24:07</date>
  <millis>1574234647228</millis>
  <sequence>27</sequence>
  <level>INFO</level>
  <class>com.kms.katalon.core.logging.XmlKeywordLogger</class>
  <method>logMessage</method>
  <thread>1</thread>
  <message>BEvarRW = 223</message>
  <nestedLevel>1</nestedLevel>
</record>
<record>
  <date>2019-11-20T14:24:07</date>
  <millis>1574234647229</millis>
  <sequence>28</sequence>
  <level>INFO</level>
  <class>com.kms.katalon.core.logging.XmlKeywordLogger</class>
  <method>logMessage</method>
  <thread>1</thread>
  <message>BIvarTahun = 1958</message>
  <nestedLevel>1</nestedLevel>
</record>
<record>
  <date>2019-11-20T14:24:07</date>
  <millis>1574234647229</millis>
  <sequence>29</sequence>
  <level>INFO</level>
  <class>com.kms.katalon.core.logging.XmlKeywordLogger</class>
  <method>logMessage</method>
  <thread>1</thread>
  <message>BIvarJenkel = LK</message>
  <nestedLevel>1</nestedLevel>
</record>
