[35m[Appium][39m Welcome to Appium v1.12.1
[35m[Appium][39m Non-default server args:
[35m[Appium][39m   port: 51631
[35m[Appium][39m   loglevel: info
[35m[Appium][39m   chromeDriverPort: 51634
[35m[Appium][39m   tmpDir: C:\Users\15420\AppData\Local\Temp\\Katalon\Appium\Temp1574906359200
[35m[Appium][39m Appium REST http interface listener started on 0.0.0.0:51631
[35m[HTTP][39m [37m-->[39m [37mGET[39m [37m/wd/hub/status[39m
[35m[HTTP][39m [90m{}[39m
[35m[HTTP][39m [37m<-- GET /wd/hub/status [39m[32m200[39m [90m11 ms - 68[39m
[35m[HTTP][39m [90m[39m
[35m[HTTP][39m [37m-->[39m [37mPOST[39m [37m/wd/hub/session[39m
[35m[HTTP][39m [90m{"desiredCapabilities":{"app":"C:\\Users\\15420\\git\\ACCME-Dupcheck\\AccMe.apk","noReset":true,"deviceId":"","deviceName":"samsung SM-A505F (Android 9)","fullReset":false,"platform":"ANDROID","newCommandTimeout":1800,"platformVersion":"9","automationName":"uiautomator2","autoGrantPermissions":true,"unicodeKeyboard":true,"platformName":"Android","udid":"RR8M30NJT6T","resetKeyboard":true,"systemPort":51630},"capabilities":{"firstMatch":[{"appium:app":"C:\\Users\\15420\\git\\ACCME-Dupcheck\\AccMe.apk","appium:autoGrantPermissions":true,"appium:automationName":"uiautomator2","deviceId":"","appium:deviceName":"samsung SM-A505F (Android 9)","appium:fullReset":false,"appium:newCommandTimeout":1800,"appium:noReset":true,"platform":"ANDROID","platformName":"android","appium:platformVersion":"9","appium:resetKeyboard":true,"appium:systemPort":51630,"appium:udid":"RR8M30NJT6T","appium:unicodeKeyboard":true}]}}[39m
[35m[BaseDriver][39m The capabilities ["deviceId","platform"] are not standard capabilities and should have an extension prefix
[35m[Appium][39m Appium v1.12.1 creating new AndroidUiautomator2Driver (v1.33.0) session
[35m[Appium][39m Capabilities:
[35m[Appium][39m   deviceId: 
[35m[Appium][39m   platform: ANDROID
[35m[Appium][39m   platformName: android
[35m[Appium][39m   app: C:\Users\15420\git\ACCME-Dupcheck\AccMe.apk
[35m[Appium][39m   autoGrantPermissions: true
[35m[Appium][39m   automationName: uiautomator2
[35m[Appium][39m   deviceName: samsung SM-A505F (Android 9)
[35m[Appium][39m   fullReset: false
[35m[Appium][39m   newCommandTimeout: 1800
[35m[Appium][39m   noReset: true
[35m[Appium][39m   platformVersion: 9
[35m[Appium][39m   resetKeyboard: true
[35m[Appium][39m   systemPort: 51630
[35m[Appium][39m   udid: RR8M30NJT6T
[35m[Appium][39m   unicodeKeyboard: true
[35m[BaseDriver][39m The following capabilities were provided, but are not recognized by appium: deviceId, platform.
[35m[BaseDriver][39m Session created with session id: 9577b0fd-2187-417e-bf7c-757b54b839e8
[35m[BaseDriver][39m Using local app 'C:\Users\15420\git\ACCME-Dupcheck\AccMe.apk'
[35m[ADB][39m Checking whether adb is present
[35m[ADB][39m Found 1 'build-tools' folders under 'C:\Users\15420\.katalon\tools\android_sdk' (newest first):
[35m[ADB][39m     C:/Users/15420/.katalon/tools/android_sdk/build-tools/29.0.2
[35m[ADB][39m Using adb.exe from C:\Users\15420\.katalon\tools\android_sdk\platform-tools\adb.exe
[35m[AndroidDriver][39m Retrieving device list
[35m[AndroidDriver][39m Using device: RR8M30NJT6T
[35m[UiAutomator2][39m Relaxing hidden api policy
[35m[ADB][39m Using the alternative activity name detection method because of: Could not find apkanalyzer.bat in C:\Users\15420\.katalon\tools\android_sdk\platform-tools\apkanalyzer.bat,C:\Users\15420\.katalon\tools\android_sdk\emulator\apkanalyzer.bat,C:\Users\15420\.katalon\tools\android_sdk\tools\apkanalyzer.bat,C:\Users\15420\.katalon\tools\android_sdk\tools\bin\apkanalyzer.bat,C:\Users\15420\.katalon\tools\android_sdk\build-tools\29.0.2\apkanalyzer.bat. Do you have the Android SDK installed at 'C:\Users\15420\.katalon\tools\android_sdk'?
[35m[ADB][39m Checking whether aapt is present
[35m[ADB][39m Using aapt.exe from C:\Users\15420\.katalon\tools\android_sdk\build-tools\29.0.2\aapt.exe
[35m[ADB][39m Extracting package and launch activity from manifest
[35m[ADB][39m Package name: 'com.outsystemsenterprise.accdev1.AccMeMobile2'
[35m[ADB][39m Main activity name: 'com.outsystemsenterprise.accdev1.AccMeMobile2.MainActivity'
[35m[ADB][39m Using apksigner.bat from C:\Users\15420\.katalon\tools\android_sdk\build-tools\29.0.2\apksigner.bat
[35m[UiAutomator2][39m Server packages are not going to be (re)installed
[35m[UiAutomator2][39m Starting UIAutomator2 server 3.4.0
[35m[UiAutomator2][39m Using UIAutomator2 server from 'C:\Users\15420\AppData\Roaming\npm\node_modules\appium\node_modules\appium-uiautomator2-server\apks\appium-uiautomator2-server-v3.4.0.apk' and test from 'C:\Users\15420\AppData\Roaming\npm\node_modules\appium\node_modules\appium-uiautomator2-server\apks\appium-uiautomator2-server-debug-androidTest.apk'
[35m[UiAutomator2][39m Waiting up to 30000ms for UiAutomator2 to be online...
[35m[WD Proxy][39m Got an unexpected response: {"code":"ECONNRESET"}
[35m[WD Proxy][39m Got an unexpected response: {"code":"ECONNRESET"}
[35m[AndroidDriver][39m Screen already unlocked, doing nothing
[35m[UiAutomator2][39m UiAutomator2 did not start the activity we were waiting for, 'com.outsystemsenterprise.accdev1.AccMeMobile2/com.outsystemsenterprise.accdev1.AccMeMobile2.MainActivity'. Starting it ourselves
[35m[Appium][39m New AndroidUiautomator2Driver session created successfully, session 9577b0fd-2187-417e-bf7c-757b54b839e8 added to master session list
[35m[HTTP][39m [37m<-- POST /wd/hub/session [39m[32m200[39m [90m34195 ms - 1340[39m
[35m[HTTP][39m [90m[39m
[35m[HTTP][39m [37m-->[39m [37mGET[39m [37m/wd/hub/session/9577b0fd-2187-417e-bf7c-757b54b839e8[39m
[35m[HTTP][39m [90m{}[39m
[35m[HTTP][39m [37m<-- GET /wd/hub/session/9577b0fd-2187-417e-bf7c-757b54b839e8 [39m[32m200[39m [90m79 ms - 1272[39m
[35m[HTTP][39m [90m[39m
[35m[HTTP][39m [37m-->[39m [37mGET[39m [37m/wd/hub/session/9577b0fd-2187-417e-bf7c-757b54b839e8[39m
[35m[HTTP][39m [90m{}[39m
[35m[HTTP][39m [37m<-- GET /wd/hub/session/9577b0fd-2187-417e-bf7c-757b54b839e8 [39m[32m200[39m [90m35 ms - 1272[39m
[35m[HTTP][39m [90m[39m
[35m[HTTP][39m [37m-->[39m [37mGET[39m [37m/wd/hub/status[39m
[35m[HTTP][39m [90m{}[39m
[35m[HTTP][39m [37m<-- GET /wd/hub/status [39m[32m200[39m [90m1 ms - 68[39m
[35m[HTTP][39m [90m[39m
[35m[HTTP][39m [37m-->[39m [37mPOST[39m [37m/wd/hub/session/9577b0fd-2187-417e-bf7c-757b54b839e8/timeouts[39m
[35m[HTTP][39m [90m{"implicit":30000}[39m
[35m[HTTP][39m [37m<-- POST /wd/hub/session/9577b0fd-2187-417e-bf7c-757b54b839e8/timeouts [39m[32m200[39m [90m7 ms - 14[39m
[35m[HTTP][39m [90m[39m
[35m[HTTP][39m [37m-->[39m [37mPOST[39m [37m/wd/hub/session/9577b0fd-2187-417e-bf7c-757b54b839e8/timeouts[39m
[35m[HTTP][39m [90m{"implicit":50}[39m
[35m[HTTP][39m [37m<-- POST /wd/hub/session/9577b0fd-2187-417e-bf7c-757b54b839e8/timeouts [39m[32m200[39m [90m4 ms - 14[39m
[35m[HTTP][39m [90m[39m
[35m[HTTP][39m [37m-->[39m [37mGET[39m [37m/wd/hub/session/9577b0fd-2187-417e-bf7c-757b54b839e8/window/rect[39m
[35m[HTTP][39m [90m{}[39m
[35m[HTTP][39m [37m<-- GET /wd/hub/session/9577b0fd-2187-417e-bf7c-757b54b839e8/window/rect [39m[32m200[39m [90m90 ms - 50[39m
[35m[HTTP][39m [90m[39m
[35m[HTTP][39m [37m-->[39m [37mPOST[39m [37m/wd/hub/session/9577b0fd-2187-417e-bf7c-757b54b839e8/elements[39m
[35m[HTTP][39m [90m{"using":"-android uiautomator","value":"new UiSelector().className(\"android.widget.Image\").text(\"AccMeTheme.creditsimulationsicon\")"}[39m
[35m[HTTP][39m [37m<-- POST /wd/hub/session/9577b0fd-2187-417e-bf7c-757b54b839e8/elements [39m[32m200[39m [90m131 ms - 12[39m
[35m[HTTP][39m [90m[39m
[35m[HTTP][39m [37m-->[39m [37mPOST[39m [37m/wd/hub/session/9577b0fd-2187-417e-bf7c-757b54b839e8/elements[39m
[35m[HTTP][39m [90m{"using":"-android uiautomator","value":"new UiSelector().className(\"android.widget.Image\").text(\"AccMeTheme.creditsimulationsicon\")"}[39m
[35m[HTTP][39m [37m<-- POST /wd/hub/session/9577b0fd-2187-417e-bf7c-757b54b839e8/elements [39m[32m200[39m [90m632 ms - 12[39m
[35m[HTTP][39m [90m[39m
[35m[HTTP][39m [37m-->[39m [37mPOST[39m [37m/wd/hub/session/9577b0fd-2187-417e-bf7c-757b54b839e8/elements[39m
[35m[HTTP][39m [90m{"using":"-android uiautomator","value":"new UiSelector().className(\"android.widget.Image\").text(\"AccMeTheme.creditsimulationsicon\")"}[39m
[35m[HTTP][39m [37m<-- POST /wd/hub/session/9577b0fd-2187-417e-bf7c-757b54b839e8/elements [39m[32m200[39m [90m1309 ms - 12[39m
[35m[HTTP][39m [90m[39m
[35m[HTTP][39m [37m-->[39m [37mPOST[39m [37m/wd/hub/session/9577b0fd-2187-417e-bf7c-757b54b839e8/elements[39m
[35m[HTTP][39m [90m{"using":"-android uiautomator","value":"new UiSelector().className(\"android.widget.Image\").text(\"AccMeTheme.creditsimulationsicon\")"}[39m
[35m[HTTP][39m [37m<-- POST /wd/hub/session/9577b0fd-2187-417e-bf7c-757b54b839e8/elements [39m[32m200[39m [90m1262 ms - 12[39m
[35m[HTTP][39m [90m[39m
[35m[HTTP][39m [37m-->[39m [37mPOST[39m [37m/wd/hub/session/9577b0fd-2187-417e-bf7c-757b54b839e8/elements[39m
[35m[HTTP][39m [90m{"using":"-android uiautomator","value":"new UiSelector().className(\"android.widget.Image\").text(\"AccMeTheme.creditsimulationsicon\")"}[39m
[35m[HTTP][39m [37m<-- POST /wd/hub/session/9577b0fd-2187-417e-bf7c-757b54b839e8/elements [39m[32m200[39m [90m460 ms - 12[39m
[35m[HTTP][39m [90m[39m
[35m[HTTP][39m [37m-->[39m [37mPOST[39m [37m/wd/hub/session/9577b0fd-2187-417e-bf7c-757b54b839e8/elements[39m
[35m[HTTP][39m [90m{"using":"-android uiautomator","value":"new UiSelector().className(\"android.widget.Image\").text(\"AccMeTheme.creditsimulationsicon\")"}[39m
[35m[HTTP][39m [37m<-- POST /wd/hub/session/9577b0fd-2187-417e-bf7c-757b54b839e8/elements [39m[32m200[39m [90m359 ms - 12[39m
[35m[HTTP][39m [90m[39m
[35m[HTTP][39m [37m-->[39m [37mPOST[39m [37m/wd/hub/session/9577b0fd-2187-417e-bf7c-757b54b839e8/elements[39m
[35m[HTTP][39m [90m{"using":"-android uiautomator","value":"new UiSelector().className(\"android.widget.Image\").text(\"AccMeTheme.creditsimulationsicon\")"}[39m
[35m[HTTP][39m [37m<-- POST /wd/hub/session/9577b0fd-2187-417e-bf7c-757b54b839e8/elements [39m[32m200[39m [90m1995 ms - 139[39m
[35m[HTTP][39m [90m[39m
[35m[HTTP][39m [37m-->[39m [37mGET[39m [37m/wd/hub/session/9577b0fd-2187-417e-bf7c-757b54b839e8/element/3e497a9e-f19a-4776-887e-455a47333e57/location[39m
[35m[HTTP][39m [90m{}[39m
[35m[W3C (9577b0fd)][39m Driver proxy active, passing request on via HTTP proxy
[35m[WD Proxy][39m Replacing sessionId fe6d9461-1760-4c74-baea-a2fa1f4d567a with 9577b0fd-2187-417e-bf7c-757b54b839e8
[35m[HTTP][39m [37m<-- GET /wd/hub/session/9577b0fd-2187-417e-bf7c-757b54b839e8/element/3e497a9e-f19a-4776-887e-455a47333e57/location [39m[32m200[39m [90m191 ms - 89[39m
[35m[HTTP][39m [90m[39m
[35m[HTTP][39m [37m-->[39m [37mPOST[39m [37m/wd/hub/session/9577b0fd-2187-417e-bf7c-757b54b839e8/timeouts[39m
[35m[HTTP][39m [90m{"implicit":30000}[39m
[35m[HTTP][39m [37m<-- POST /wd/hub/session/9577b0fd-2187-417e-bf7c-757b54b839e8/timeouts [39m[32m200[39m [90m4 ms - 14[39m
[35m[HTTP][39m [90m[39m
[35m[HTTP][39m [37m-->[39m [37mPOST[39m [37m/wd/hub/session/9577b0fd-2187-417e-bf7c-757b54b839e8/timeouts[39m
[35m[HTTP][39m [90m{"implicit":50}[39m
[35m[HTTP][39m [37m<-- POST /wd/hub/session/9577b0fd-2187-417e-bf7c-757b54b839e8/timeouts [39m[32m200[39m [90m4 ms - 14[39m
[35m[HTTP][39m [90m[39m
[35m[HTTP][39m [37m-->[39m [37mGET[39m [37m/wd/hub/session/9577b0fd-2187-417e-bf7c-757b54b839e8/window/rect[39m
[35m[HTTP][39m [90m{}[39m
[35m[HTTP][39m [37m<-- GET /wd/hub/session/9577b0fd-2187-417e-bf7c-757b54b839e8/window/rect [39m[32m200[39m [90m50 ms - 50[39m
[35m[HTTP][39m [90m[39m
[35m[HTTP][39m [37m-->[39m [37mPOST[39m [37m/wd/hub/session/9577b0fd-2187-417e-bf7c-757b54b839e8/elements[39m
[35m[HTTP][39m [90m{"using":"-android uiautomator","value":"new UiSelector().className(\"android.widget.Image\").text(\"AccMeTheme.creditsimulationsicon\")"}[39m
[35m[HTTP][39m [37m<-- POST /wd/hub/session/9577b0fd-2187-417e-bf7c-757b54b839e8/elements [39m[32m200[39m [90m365 ms - 139[39m
[35m[HTTP][39m [90m[39m
[35m[HTTP][39m [37m-->[39m [37mGET[39m [37m/wd/hub/session/9577b0fd-2187-417e-bf7c-757b54b839e8/element/35536868-9826-456b-a602-d5e98c747672/location[39m
[35m[HTTP][39m [90m{}[39m
[35m[W3C (9577b0fd)][39m Driver proxy active, passing request on via HTTP proxy
[35m[WD Proxy][39m Replacing sessionId fe6d9461-1760-4c74-baea-a2fa1f4d567a with 9577b0fd-2187-417e-bf7c-757b54b839e8
[35m[HTTP][39m [37m<-- GET /wd/hub/session/9577b0fd-2187-417e-bf7c-757b54b839e8/element/35536868-9826-456b-a602-d5e98c747672/location [39m[32m200[39m [90m159 ms - 89[39m
[35m[HTTP][39m [90m[39m
[35m[HTTP][39m [37m-->[39m [37mPOST[39m [37m/wd/hub/session/9577b0fd-2187-417e-bf7c-757b54b839e8/timeouts[39m
[35m[HTTP][39m [90m{"implicit":30000}[39m
[35m[HTTP][39m [37m<-- POST /wd/hub/session/9577b0fd-2187-417e-bf7c-757b54b839e8/timeouts [39m[32m200[39m [90m5 ms - 14[39m
[35m[HTTP][39m [90m[39m
[35m[HTTP][39m [37m-->[39m [37mPOST[39m [37m/wd/hub/session/9577b0fd-2187-417e-bf7c-757b54b839e8/touch/perform[39m
[35m[HTTP][39m [90m{"actions":[{"action":"tap","options":{"x":1,"y":1,"element":"35536868-9826-456b-a602-d5e98c747672"}},{"action":"release","options":{}}]}[39m
[35m[UiAutomator2][39m calling get location: 35536868-9826-456b-a602-d5e98c747672
[35m[HTTP][39m [37m<-- POST /wd/hub/session/9577b0fd-2187-417e-bf7c-757b54b839e8/touch/perform [39m[32m200[39m [90m1271 ms - 14[39m
[35m[HTTP][39m [90m[39m
[35m[HTTP][39m [37m-->[39m [37mPOST[39m [37m/wd/hub/session/9577b0fd-2187-417e-bf7c-757b54b839e8/timeouts[39m
[35m[HTTP][39m [90m{"implicit":50}[39m
[35m[HTTP][39m [37m<-- POST /wd/hub/session/9577b0fd-2187-417e-bf7c-757b54b839e8/timeouts [39m[32m200[39m [90m4 ms - 14[39m
[35m[HTTP][39m [90m[39m
[35m[HTTP][39m [37m-->[39m [37mGET[39m [37m/wd/hub/session/9577b0fd-2187-417e-bf7c-757b54b839e8/window/rect[39m
[35m[HTTP][39m [90m{}[39m
[35m[HTTP][39m [37m<-- GET /wd/hub/session/9577b0fd-2187-417e-bf7c-757b54b839e8/window/rect [39m[32m200[39m [90m74 ms - 50[39m
[35m[HTTP][39m [90m[39m
[35m[HTTP][39m [37m-->[39m [37mPOST[39m [37m/wd/hub/session/9577b0fd-2187-417e-bf7c-757b54b839e8/elements[39m
[35m[HTTP][39m [90m{"using":"-android uiautomator","value":"new UiSelector().className(\"android.widget.Button\").text(\"New Car\").resourceId(\"b7-ButtonGroupItem1\")"}[39m
[35m[HTTP][39m [37m<-- POST /wd/hub/session/9577b0fd-2187-417e-bf7c-757b54b839e8/elements [39m[32m200[39m [90m226 ms - 12[39m
[35m[HTTP][39m [90m[39m
[35m[HTTP][39m [37m-->[39m [37mPOST[39m [37m/wd/hub/session/9577b0fd-2187-417e-bf7c-757b54b839e8/elements[39m
[35m[HTTP][39m [90m{"using":"-android uiautomator","value":"new UiSelector().className(\"android.widget.Button\").text(\"New Car\").resourceId(\"b7-ButtonGroupItem1\")"}[39m
[35m[HTTP][39m [37m<-- POST /wd/hub/session/9577b0fd-2187-417e-bf7c-757b54b839e8/elements [39m[32m200[39m [90m258 ms - 12[39m
[35m[HTTP][39m [90m[39m
[35m[HTTP][39m [37m-->[39m [37mPOST[39m [37m/wd/hub/session/9577b0fd-2187-417e-bf7c-757b54b839e8/elements[39m
[35m[HTTP][39m [90m{"using":"-android uiautomator","value":"new UiSelector().className(\"android.widget.Button\").text(\"New Car\").resourceId(\"b7-ButtonGroupItem1\")"}[39m
[35m[HTTP][39m [37m<-- POST /wd/hub/session/9577b0fd-2187-417e-bf7c-757b54b839e8/elements [39m[32m200[39m [90m254 ms - 12[39m
[35m[HTTP][39m [90m[39m
[35m[HTTP][39m [37m-->[39m [37mPOST[39m [37m/wd/hub/session/9577b0fd-2187-417e-bf7c-757b54b839e8/elements[39m
[35m[HTTP][39m [90m{"using":"-android uiautomator","value":"new UiSelector().className(\"android.widget.Button\").text(\"New Car\").resourceId(\"b7-ButtonGroupItem1\")"}[39m
[35m[HTTP][39m [37m<-- POST /wd/hub/session/9577b0fd-2187-417e-bf7c-757b54b839e8/elements [39m[32m200[39m [90m317 ms - 12[39m
[35m[HTTP][39m [90m[39m
[35m[HTTP][39m [37m-->[39m [37mPOST[39m [37m/wd/hub/session/9577b0fd-2187-417e-bf7c-757b54b839e8/elements[39m
[35m[HTTP][39m [90m{"using":"-android uiautomator","value":"new UiSelector().className(\"android.widget.Button\").text(\"New Car\").resourceId(\"b7-ButtonGroupItem1\")"}[39m
[35m[HTTP][39m [37m<-- POST /wd/hub/session/9577b0fd-2187-417e-bf7c-757b54b839e8/elements [39m[32m200[39m [90m2302 ms - 139[39m
[35m[HTTP][39m [90m[39m
[35m[HTTP][39m [37m-->[39m [37mGET[39m [37m/wd/hub/session/9577b0fd-2187-417e-bf7c-757b54b839e8/element/3ce9f2cb-65f5-492c-bb86-394efaa4a6ee/location[39m
[35m[HTTP][39m [90m{}[39m
[35m[W3C (9577b0fd)][39m Driver proxy active, passing request on via HTTP proxy
[35m[WD Proxy][39m Replacing sessionId fe6d9461-1760-4c74-baea-a2fa1f4d567a with 9577b0fd-2187-417e-bf7c-757b54b839e8
[35m[HTTP][39m [37m<-- GET /wd/hub/session/9577b0fd-2187-417e-bf7c-757b54b839e8/element/3ce9f2cb-65f5-492c-bb86-394efaa4a6ee/location [39m[32m200[39m [90m226 ms - 88[39m
[35m[HTTP][39m [90m[39m
[35m[HTTP][39m [37m-->[39m [37mPOST[39m [37m/wd/hub/session/9577b0fd-2187-417e-bf7c-757b54b839e8/timeouts[39m
[35m[HTTP][39m [90m{"implicit":30000}[39m
[35m[HTTP][39m [37m<-- POST /wd/hub/session/9577b0fd-2187-417e-bf7c-757b54b839e8/timeouts [39m[32m200[39m [90m3 ms - 14[39m
[35m[HTTP][39m [90m[39m
[35m[HTTP][39m [37m-->[39m [37mPOST[39m [37m/wd/hub/session/9577b0fd-2187-417e-bf7c-757b54b839e8/touch/perform[39m
[35m[HTTP][39m [90m{"actions":[{"action":"tap","options":{"x":1,"y":1,"element":"3ce9f2cb-65f5-492c-bb86-394efaa4a6ee"}},{"action":"release","options":{}}]}[39m
[35m[UiAutomator2][39m calling get location: 3ce9f2cb-65f5-492c-bb86-394efaa4a6ee
[35m[HTTP][39m [37m<-- POST /wd/hub/session/9577b0fd-2187-417e-bf7c-757b54b839e8/touch/perform [39m[32m200[39m [90m1082 ms - 14[39m
[35m[HTTP][39m [90m[39m
[35m[HTTP][39m [37m-->[39m [37mPOST[39m [37m/wd/hub/session/9577b0fd-2187-417e-bf7c-757b54b839e8/timeouts[39m
[35m[HTTP][39m [90m{"implicit":50}[39m
[35m[HTTP][39m [37m<-- POST /wd/hub/session/9577b0fd-2187-417e-bf7c-757b54b839e8/timeouts [39m[32m200[39m [90m3 ms - 14[39m
[35m[HTTP][39m [90m[39m
[35m[HTTP][39m [37m-->[39m [37mGET[39m [37m/wd/hub/session/9577b0fd-2187-417e-bf7c-757b54b839e8/window/rect[39m
[35m[HTTP][39m [90m{}[39m
[35m[HTTP][39m [37m<-- GET /wd/hub/session/9577b0fd-2187-417e-bf7c-757b54b839e8/window/rect [39m[32m200[39m [90m43 ms - 50[39m
[35m[HTTP][39m [90m[39m
[35m[HTTP][39m [37m-->[39m [37mPOST[39m [37m/wd/hub/session/9577b0fd-2187-417e-bf7c-757b54b839e8/elements[39m
[35m[HTTP][39m [90m{"using":"-android uiautomator","value":"new UiSelector().className(\"android.widget.EditText\").resourceId(\"b7-Input_Brand\")"}[39m
[35m[HTTP][39m [37m<-- POST /wd/hub/session/9577b0fd-2187-417e-bf7c-757b54b839e8/elements [39m[32m200[39m [90m360 ms - 139[39m
[35m[HTTP][39m [90m[39m
[35m[HTTP][39m [37m-->[39m [37mGET[39m [37m/wd/hub/session/9577b0fd-2187-417e-bf7c-757b54b839e8/element/b802d25d-050b-4179-a77a-f2f45e106134/location[39m
[35m[HTTP][39m [90m{}[39m
[35m[W3C (9577b0fd)][39m Driver proxy active, passing request on via HTTP proxy
[35m[WD Proxy][39m Replacing sessionId fe6d9461-1760-4c74-baea-a2fa1f4d567a with 9577b0fd-2187-417e-bf7c-757b54b839e8
[35m[HTTP][39m [37m<-- GET /wd/hub/session/9577b0fd-2187-417e-bf7c-757b54b839e8/element/b802d25d-050b-4179-a77a-f2f45e106134/location [39m[32m200[39m [90m176 ms - 89[39m
[35m[HTTP][39m [90m[39m
[35m[HTTP][39m [37m-->[39m [37mPOST[39m [37m/wd/hub/session/9577b0fd-2187-417e-bf7c-757b54b839e8/timeouts[39m
[35m[HTTP][39m [90m{"implicit":30000}[39m
[35m[HTTP][39m [37m<-- POST /wd/hub/session/9577b0fd-2187-417e-bf7c-757b54b839e8/timeouts [39m[32m200[39m [90m4 ms - 14[39m
[35m[HTTP][39m [90m[39m
[35m[HTTP][39m [37m-->[39m [37mPOST[39m [37m/wd/hub/session/9577b0fd-2187-417e-bf7c-757b54b839e8/element/b802d25d-050b-4179-a77a-f2f45e106134/clear[39m
[35m[HTTP][39m [90m{"id":"b802d25d-050b-4179-a77a-f2f45e106134"}[39m
[35m[HTTP][39m [37m<-- POST /wd/hub/session/9577b0fd-2187-417e-bf7c-757b54b839e8/element/b802d25d-050b-4179-a77a-f2f45e106134/clear [39m[32m200[39m [90m204 ms - 27[39m
[35m[HTTP][39m [90m[39m
[35m[HTTP][39m [37m-->[39m [37mPOST[39m [37m/wd/hub/session/9577b0fd-2187-417e-bf7c-757b54b839e8/element/b802d25d-050b-4179-a77a-f2f45e106134/value[39m
[35m[HTTP][39m [90m{"id":"b802d25d-050b-4179-a77a-f2f45e106134","text":"TOYOTA","value":["T","O","Y","O","T","A"]}[39m
[35m[HTTP][39m [37m<-- POST /wd/hub/session/9577b0fd-2187-417e-bf7c-757b54b839e8/element/b802d25d-050b-4179-a77a-f2f45e106134/value [39m[32m200[39m [90m247 ms - 12[39m
[35m[HTTP][39m [90m[39m
[35m[HTTP][39m [37m-->[39m [37mPOST[39m [37m/wd/hub/session/9577b0fd-2187-417e-bf7c-757b54b839e8/timeouts[39m
[35m[HTTP][39m [90m{"implicit":50}[39m
[35m[HTTP][39m [37m<-- POST /wd/hub/session/9577b0fd-2187-417e-bf7c-757b54b839e8/timeouts [39m[32m200[39m [90m6 ms - 14[39m
[35m[HTTP][39m [90m[39m
[35m[HTTP][39m [37m-->[39m [37mGET[39m [37m/wd/hub/session/9577b0fd-2187-417e-bf7c-757b54b839e8/window/rect[39m
[35m[HTTP][39m [90m{}[39m
[35m[HTTP][39m [37m<-- GET /wd/hub/session/9577b0fd-2187-417e-bf7c-757b54b839e8/window/rect [39m[32m200[39m [90m44 ms - 50[39m
[35m[HTTP][39m [90m[39m
[35m[HTTP][39m [37m-->[39m [37mPOST[39m [37m/wd/hub/session/9577b0fd-2187-417e-bf7c-757b54b839e8/elements[39m
[35m[HTTP][39m [90m{"using":"-android uiautomator","value":"new UiSelector().className(\"android.widget.EditText\").resourceId(\"b7-Input_Brand\")"}[39m
[35m[HTTP][39m [37m<-- POST /wd/hub/session/9577b0fd-2187-417e-bf7c-757b54b839e8/elements [39m[32m200[39m [90m1507 ms - 139[39m
[35m[HTTP][39m [90m[39m
[35m[HTTP][39m [37m-->[39m [37mGET[39m [37m/wd/hub/session/9577b0fd-2187-417e-bf7c-757b54b839e8/element/385cef9a-3b54-47ad-b827-9a182e0d8f62/location[39m
[35m[HTTP][39m [90m{}[39m
[35m[W3C (9577b0fd)][39m Driver proxy active, passing request on via HTTP proxy
[35m[WD Proxy][39m Replacing sessionId fe6d9461-1760-4c74-baea-a2fa1f4d567a with 9577b0fd-2187-417e-bf7c-757b54b839e8
[35m[HTTP][39m [37m<-- GET /wd/hub/session/9577b0fd-2187-417e-bf7c-757b54b839e8/element/385cef9a-3b54-47ad-b827-9a182e0d8f62/location [39m[32m200[39m [90m194 ms - 89[39m
[35m[HTTP][39m [90m[39m
[35m[HTTP][39m [37m-->[39m [37mPOST[39m [37m/wd/hub/session/9577b0fd-2187-417e-bf7c-757b54b839e8/timeouts[39m
[35m[HTTP][39m [90m{"implicit":30000}[39m
[35m[HTTP][39m [37m<-- POST /wd/hub/session/9577b0fd-2187-417e-bf7c-757b54b839e8/timeouts [39m[32m200[39m [90m3 ms - 14[39m
[35m[HTTP][39m [90m[39m
[35m[HTTP][39m [37m-->[39m [37mPOST[39m [37m/wd/hub/session/9577b0fd-2187-417e-bf7c-757b54b839e8/touch/perform[39m
[35m[HTTP][39m [90m{"actions":[{"action":"tap","options":{"x":1,"y":1,"element":"385cef9a-3b54-47ad-b827-9a182e0d8f62"}},{"action":"release","options":{}}]}[39m
[35m[UiAutomator2][39m calling get location: 385cef9a-3b54-47ad-b827-9a182e0d8f62
[35m[HTTP][39m [37m<-- POST /wd/hub/session/9577b0fd-2187-417e-bf7c-757b54b839e8/touch/perform [39m[32m200[39m [90m1356 ms - 14[39m
[35m[HTTP][39m [90m[39m
[35m[HTTP][39m [37m-->[39m [37mPOST[39m [37m/wd/hub/session/9577b0fd-2187-417e-bf7c-757b54b839e8/timeouts[39m
[35m[HTTP][39m [90m{"implicit":50}[39m
[35m[HTTP][39m [37m<-- POST /wd/hub/session/9577b0fd-2187-417e-bf7c-757b54b839e8/timeouts [39m[32m200[39m [90m34 ms - 14[39m
[35m[HTTP][39m [90m[39m
[35m[HTTP][39m [37m-->[39m [37mGET[39m [37m/wd/hub/session/9577b0fd-2187-417e-bf7c-757b54b839e8/window/rect[39m
[35m[HTTP][39m [90m{}[39m
[35m[HTTP][39m [37m<-- GET /wd/hub/session/9577b0fd-2187-417e-bf7c-757b54b839e8/window/rect [39m[32m200[39m [90m90 ms - 50[39m
[35m[HTTP][39m [90m[39m
[35m[HTTP][39m [37m-->[39m [37mPOST[39m [37m/wd/hub/session/9577b0fd-2187-417e-bf7c-757b54b839e8/elements[39m
[35m[HTTP][39m [90m{"using":"-android uiautomator","value":"new UiSelector().className(\"android.view.View\").textContains(\"TOYOTA\").enabled(true)"}[39m
[35m[HTTP][39m [37m<-- POST /wd/hub/session/9577b0fd-2187-417e-bf7c-757b54b839e8/elements [39m[32m200[39m [90m590 ms - 139[39m
[35m[HTTP][39m [90m[39m
[35m[HTTP][39m [37m-->[39m [37mGET[39m [37m/wd/hub/session/9577b0fd-2187-417e-bf7c-757b54b839e8/element/f1fb271d-482c-455c-a5e1-1775376f3154/location[39m
[35m[HTTP][39m [90m{}[39m
[35m[W3C (9577b0fd)][39m Driver proxy active, passing request on via HTTP proxy
[35m[WD Proxy][39m Replacing sessionId fe6d9461-1760-4c74-baea-a2fa1f4d567a with 9577b0fd-2187-417e-bf7c-757b54b839e8
[35m[HTTP][39m [37m<-- GET /wd/hub/session/9577b0fd-2187-417e-bf7c-757b54b839e8/element/f1fb271d-482c-455c-a5e1-1775376f3154/location [39m[32m200[39m [90m176 ms - 89[39m
[35m[HTTP][39m [90m[39m
[35m[HTTP][39m [37m-->[39m [37mPOST[39m [37m/wd/hub/session/9577b0fd-2187-417e-bf7c-757b54b839e8/timeouts[39m
[35m[HTTP][39m [90m{"implicit":30000}[39m
[35m[HTTP][39m [37m<-- POST /wd/hub/session/9577b0fd-2187-417e-bf7c-757b54b839e8/timeouts [39m[32m200[39m [90m6 ms - 14[39m
[35m[HTTP][39m [90m[39m
[35m[HTTP][39m [37m-->[39m [37mPOST[39m [37m/wd/hub/session/9577b0fd-2187-417e-bf7c-757b54b839e8/touch/perform[39m
[35m[HTTP][39m [90m{"actions":[{"action":"tap","options":{"x":1,"y":1,"element":"f1fb271d-482c-455c-a5e1-1775376f3154"}},{"action":"release","options":{}}]}[39m
[35m[UiAutomator2][39m calling get location: f1fb271d-482c-455c-a5e1-1775376f3154
[35m[HTTP][39m [37m<-- POST /wd/hub/session/9577b0fd-2187-417e-bf7c-757b54b839e8/touch/perform [39m[32m200[39m [90m1657 ms - 14[39m
[35m[HTTP][39m [90m[39m
[35m[HTTP][39m [37m-->[39m [37mPOST[39m [37m/wd/hub/session/9577b0fd-2187-417e-bf7c-757b54b839e8/timeouts[39m
[35m[HTTP][39m [90m{"implicit":50}[39m
[35m[HTTP][39m [37m<-- POST /wd/hub/session/9577b0fd-2187-417e-bf7c-757b54b839e8/timeouts [39m[32m200[39m [90m40 ms - 14[39m
[35m[HTTP][39m [90m[39m
[35m[HTTP][39m [37m-->[39m [37mGET[39m [37m/wd/hub/session/9577b0fd-2187-417e-bf7c-757b54b839e8/window/rect[39m
[35m[HTTP][39m [90m{}[39m
[35m[HTTP][39m [37m<-- GET /wd/hub/session/9577b0fd-2187-417e-bf7c-757b54b839e8/window/rect [39m[32m200[39m [90m92 ms - 50[39m
[35m[HTTP][39m [90m[39m
[35m[HTTP][39m [37m-->[39m [37mPOST[39m [37m/wd/hub/session/9577b0fd-2187-417e-bf7c-757b54b839e8/elements[39m
[35m[HTTP][39m [90m{"using":"-android uiautomator","value":"new UiSelector().className(\"android.widget.EditText\").resourceId(\"b7-Input_Type\")"}[39m
[35m[HTTP][39m [37m<-- POST /wd/hub/session/9577b0fd-2187-417e-bf7c-757b54b839e8/elements [39m[32m200[39m [90m692 ms - 139[39m
[35m[HTTP][39m [90m[39m
[35m[HTTP][39m [37m-->[39m [37mGET[39m [37m/wd/hub/session/9577b0fd-2187-417e-bf7c-757b54b839e8/element/60538215-b91c-4d26-8ce0-964962f1bd6a/location[39m
[35m[HTTP][39m [90m{}[39m
[35m[W3C (9577b0fd)][39m Driver proxy active, passing request on via HTTP proxy
[35m[WD Proxy][39m Replacing sessionId fe6d9461-1760-4c74-baea-a2fa1f4d567a with 9577b0fd-2187-417e-bf7c-757b54b839e8
[35m[HTTP][39m [37m<-- GET /wd/hub/session/9577b0fd-2187-417e-bf7c-757b54b839e8/element/60538215-b91c-4d26-8ce0-964962f1bd6a/location [39m[32m200[39m [90m203 ms - 89[39m
[35m[HTTP][39m [90m[39m
[35m[HTTP][39m [37m-->[39m [37mPOST[39m [37m/wd/hub/session/9577b0fd-2187-417e-bf7c-757b54b839e8/timeouts[39m
[35m[HTTP][39m [90m{"implicit":30000}[39m
[35m[HTTP][39m [37m<-- POST /wd/hub/session/9577b0fd-2187-417e-bf7c-757b54b839e8/timeouts [39m[32m200[39m [90m3 ms - 14[39m
[35m[HTTP][39m [90m[39m
[35m[HTTP][39m [37m-->[39m [37mPOST[39m [37m/wd/hub/session/9577b0fd-2187-417e-bf7c-757b54b839e8/touch/perform[39m
[35m[HTTP][39m [90m{"actions":[{"action":"tap","options":{"x":1,"y":1,"element":"60538215-b91c-4d26-8ce0-964962f1bd6a"}},{"action":"release","options":{}}]}[39m
[35m[UiAutomator2][39m calling get location: 60538215-b91c-4d26-8ce0-964962f1bd6a
[35m[HTTP][39m [37m<-- POST /wd/hub/session/9577b0fd-2187-417e-bf7c-757b54b839e8/touch/perform [39m[32m200[39m [90m1933 ms - 14[39m
[35m[HTTP][39m [90m[39m
[35m[HTTP][39m [37m-->[39m [37mPOST[39m [37m/wd/hub/session/9577b0fd-2187-417e-bf7c-757b54b839e8/timeouts[39m
[35m[HTTP][39m [90m{"implicit":50}[39m
[35m[HTTP][39m [37m<-- POST /wd/hub/session/9577b0fd-2187-417e-bf7c-757b54b839e8/timeouts [39m[32m200[39m [90m3 ms - 14[39m
[35m[HTTP][39m [90m[39m
[35m[HTTP][39m [37m-->[39m [37mGET[39m [37m/wd/hub/session/9577b0fd-2187-417e-bf7c-757b54b839e8/window/rect[39m
[35m[HTTP][39m [90m{}[39m
[35m[HTTP][39m [37m<-- GET /wd/hub/session/9577b0fd-2187-417e-bf7c-757b54b839e8/window/rect [39m[32m200[39m [90m88 ms - 50[39m
[35m[HTTP][39m [90m[39m
[35m[HTTP][39m [37m-->[39m [37mPOST[39m [37m/wd/hub/session/9577b0fd-2187-417e-bf7c-757b54b839e8/elements[39m
[35m[HTTP][39m [90m{"using":"-android uiautomator","value":"new UiSelector().className(\"android.widget.EditText\").resourceId(\"b7-Input_Type\")"}[39m
[35m[HTTP][39m [37m<-- POST /wd/hub/session/9577b0fd-2187-417e-bf7c-757b54b839e8/elements [39m[32m200[39m [90m1292 ms - 139[39m
[35m[HTTP][39m [90m[39m
[35m[HTTP][39m [37m-->[39m [37mGET[39m [37m/wd/hub/session/9577b0fd-2187-417e-bf7c-757b54b839e8/element/0cef9590-5e8c-4a60-a6dc-340a6dbd90a2/location[39m
[35m[HTTP][39m [90m{}[39m
[35m[W3C (9577b0fd)][39m Driver proxy active, passing request on via HTTP proxy
[35m[WD Proxy][39m Replacing sessionId fe6d9461-1760-4c74-baea-a2fa1f4d567a with 9577b0fd-2187-417e-bf7c-757b54b839e8
[35m[HTTP][39m [37m<-- GET /wd/hub/session/9577b0fd-2187-417e-bf7c-757b54b839e8/element/0cef9590-5e8c-4a60-a6dc-340a6dbd90a2/location [39m[32m200[39m [90m104 ms - 89[39m
[35m[HTTP][39m [90m[39m
[35m[HTTP][39m [37m-->[39m [37mPOST[39m [37m/wd/hub/session/9577b0fd-2187-417e-bf7c-757b54b839e8/timeouts[39m
[35m[HTTP][39m [90m{"implicit":30000}[39m
[35m[HTTP][39m [37m<-- POST /wd/hub/session/9577b0fd-2187-417e-bf7c-757b54b839e8/timeouts [39m[32m200[39m [90m4 ms - 14[39m
[35m[HTTP][39m [90m[39m
[35m[HTTP][39m [37m-->[39m [37mPOST[39m [37m/wd/hub/session/9577b0fd-2187-417e-bf7c-757b54b839e8/element/0cef9590-5e8c-4a60-a6dc-340a6dbd90a2/clear[39m
[35m[HTTP][39m [90m{"id":"0cef9590-5e8c-4a60-a6dc-340a6dbd90a2"}[39m
[35m[HTTP][39m [37m<-- POST /wd/hub/session/9577b0fd-2187-417e-bf7c-757b54b839e8/element/0cef9590-5e8c-4a60-a6dc-340a6dbd90a2/clear [39m[32m200[39m [90m129 ms - 27[39m
[35m[HTTP][39m [90m[39m
[35m[HTTP][39m [37m-->[39m [37mPOST[39m [37m/wd/hub/session/9577b0fd-2187-417e-bf7c-757b54b839e8/element/0cef9590-5e8c-4a60-a6dc-340a6dbd90a2/value[39m
[35m[HTTP][39m [90m{"id":"0cef9590-5e8c-4a60-a6dc-340a6dbd90a2","text":"NEW INNOVA","value":["N","E","W"," ","I","N","N","O","V","A"]}[39m
[35m[HTTP][39m [37m<-- POST /wd/hub/session/9577b0fd-2187-417e-bf7c-757b54b839e8/element/0cef9590-5e8c-4a60-a6dc-340a6dbd90a2/value [39m[32m200[39m [90m924 ms - 12[39m
[35m[HTTP][39m [90m[39m
[35m[HTTP][39m [37m-->[39m [37mPOST[39m [37m/wd/hub/session/9577b0fd-2187-417e-bf7c-757b54b839e8/timeouts[39m
[35m[HTTP][39m [90m{"implicit":50}[39m
[35m[HTTP][39m [37m<-- POST /wd/hub/session/9577b0fd-2187-417e-bf7c-757b54b839e8/timeouts [39m[32m200[39m [90m3 ms - 14[39m
[35m[HTTP][39m [90m[39m
[35m[HTTP][39m [37m-->[39m [37mGET[39m [37m/wd/hub/session/9577b0fd-2187-417e-bf7c-757b54b839e8/window/rect[39m
[35m[HTTP][39m [90m{}[39m
[35m[HTTP][39m [37m<-- GET /wd/hub/session/9577b0fd-2187-417e-bf7c-757b54b839e8/window/rect [39m[32m200[39m [90m101 ms - 50[39m
[35m[HTTP][39m [90m[39m
[35m[HTTP][39m [37m-->[39m [37mPOST[39m [37m/wd/hub/session/9577b0fd-2187-417e-bf7c-757b54b839e8/elements[39m
[35m[HTTP][39m [90m{"using":"-android uiautomator","value":"new UiSelector().className(\"android.widget.EditText\").resourceId(\"b7-Input_Type\")"}[39m
[35m[HTTP][39m [37m<-- POST /wd/hub/session/9577b0fd-2187-417e-bf7c-757b54b839e8/elements [39m[32m200[39m [90m586 ms - 139[39m
[35m[HTTP][39m [90m[39m
[35m[HTTP][39m [37m-->[39m [37mGET[39m [37m/wd/hub/session/9577b0fd-2187-417e-bf7c-757b54b839e8/element/b9210aff-d606-44c5-91bd-b1170006420f/location[39m
[35m[HTTP][39m [90m{}[39m
[35m[W3C (9577b0fd)][39m Driver proxy active, passing request on via HTTP proxy
[35m[WD Proxy][39m Replacing sessionId fe6d9461-1760-4c74-baea-a2fa1f4d567a with 9577b0fd-2187-417e-bf7c-757b54b839e8
[35m[HTTP][39m [37m<-- GET /wd/hub/session/9577b0fd-2187-417e-bf7c-757b54b839e8/element/b9210aff-d606-44c5-91bd-b1170006420f/location [39m[32m200[39m [90m176 ms - 89[39m
[35m[HTTP][39m [90m[39m
[35m[HTTP][39m [37m-->[39m [37mPOST[39m [37m/wd/hub/session/9577b0fd-2187-417e-bf7c-757b54b839e8/timeouts[39m
[35m[HTTP][39m [90m{"implicit":30000}[39m
[35m[HTTP][39m [37m<-- POST /wd/hub/session/9577b0fd-2187-417e-bf7c-757b54b839e8/timeouts [39m[32m200[39m [90m6 ms - 14[39m
[35m[HTTP][39m [90m[39m
[35m[HTTP][39m [37m-->[39m [37mPOST[39m [37m/wd/hub/session/9577b0fd-2187-417e-bf7c-757b54b839e8/touch/perform[39m
[35m[HTTP][39m [90m{"actions":[{"action":"tap","options":{"x":1,"y":1,"element":"b9210aff-d606-44c5-91bd-b1170006420f"}},{"action":"release","options":{}}]}[39m
[35m[UiAutomator2][39m calling get location: b9210aff-d606-44c5-91bd-b1170006420f
[35m[HTTP][39m [37m<-- POST /wd/hub/session/9577b0fd-2187-417e-bf7c-757b54b839e8/touch/perform [39m[32m200[39m [90m1233 ms - 14[39m
[35m[HTTP][39m [90m[39m
[35m[HTTP][39m [37m-->[39m [37mPOST[39m [37m/wd/hub/session/9577b0fd-2187-417e-bf7c-757b54b839e8/timeouts[39m
[35m[HTTP][39m [90m{"implicit":50}[39m
[35m[HTTP][39m [37m<-- POST /wd/hub/session/9577b0fd-2187-417e-bf7c-757b54b839e8/timeouts [39m[32m200[39m [90m3 ms - 14[39m
[35m[HTTP][39m [90m[39m
[35m[HTTP][39m [37m-->[39m [37mGET[39m [37m/wd/hub/session/9577b0fd-2187-417e-bf7c-757b54b839e8/window/rect[39m
[35m[HTTP][39m [90m{}[39m
[35m[HTTP][39m [37m<-- GET /wd/hub/session/9577b0fd-2187-417e-bf7c-757b54b839e8/window/rect [39m[32m200[39m [90m86 ms - 50[39m
[35m[HTTP][39m [90m[39m
[35m[HTTP][39m [37m-->[39m [37mPOST[39m [37m/wd/hub/session/9577b0fd-2187-417e-bf7c-757b54b839e8/elements[39m
[35m[HTTP][39m [90m{"using":"-android uiautomator","value":"new UiSelector().className(\"android.view.View\").resourceId(\"b7-l8-0-ListItemType\").instance(70)"}[39m
[35m[HTTP][39m [37m<-- POST /wd/hub/session/9577b0fd-2187-417e-bf7c-757b54b839e8/elements [39m[32m200[39m [90m592 ms - 139[39m
[35m[HTTP][39m [90m[39m
[35m[HTTP][39m [37m-->[39m [37mGET[39m [37m/wd/hub/session/9577b0fd-2187-417e-bf7c-757b54b839e8/element/4a3afc21-ef6c-41e5-9e9e-0d6f5fd6f1b6/location[39m
[35m[HTTP][39m [90m{}[39m
[35m[W3C (9577b0fd)][39m Driver proxy active, passing request on via HTTP proxy
[35m[WD Proxy][39m Replacing sessionId fe6d9461-1760-4c74-baea-a2fa1f4d567a with 9577b0fd-2187-417e-bf7c-757b54b839e8
[35m[HTTP][39m [37m<-- GET /wd/hub/session/9577b0fd-2187-417e-bf7c-757b54b839e8/element/4a3afc21-ef6c-41e5-9e9e-0d6f5fd6f1b6/location [39m[32m200[39m [90m165 ms - 89[39m
[35m[HTTP][39m [90m[39m
[35m[HTTP][39m [37m-->[39m [37mPOST[39m [37m/wd/hub/session/9577b0fd-2187-417e-bf7c-757b54b839e8/timeouts[39m
[35m[HTTP][39m [90m{"implicit":30000}[39m
[35m[HTTP][39m [37m<-- POST /wd/hub/session/9577b0fd-2187-417e-bf7c-757b54b839e8/timeouts [39m[32m200[39m [90m2 ms - 14[39m
[35m[HTTP][39m [90m[39m
[35m[HTTP][39m [37m-->[39m [37mPOST[39m [37m/wd/hub/session/9577b0fd-2187-417e-bf7c-757b54b839e8/touch/perform[39m
[35m[HTTP][39m [90m{"actions":[{"action":"tap","options":{"x":1,"y":1,"element":"4a3afc21-ef6c-41e5-9e9e-0d6f5fd6f1b6"}},{"action":"release","options":{}}]}[39m
[35m[UiAutomator2][39m calling get location: 4a3afc21-ef6c-41e5-9e9e-0d6f5fd6f1b6
[35m[HTTP][39m [37m<-- POST /wd/hub/session/9577b0fd-2187-417e-bf7c-757b54b839e8/touch/perform [39m[32m200[39m [90m1827 ms - 14[39m
[35m[HTTP][39m [90m[39m
[35m[HTTP][39m [37m-->[39m [37mGET[39m [37m/wd/hub/session/9577b0fd-2187-417e-bf7c-757b54b839e8/context[39m
[35m[HTTP][39m [90m{}[39m
[35m[HTTP][39m [37m<-- GET /wd/hub/session/9577b0fd-2187-417e-bf7c-757b54b839e8/context [39m[32m200[39m [90m3 ms - 22[39m
[35m[HTTP][39m [90m[39m
[35m[HTTP][39m [37m-->[39m [37mGET[39m [37m/wd/hub/session/9577b0fd-2187-417e-bf7c-757b54b839e8/contexts[39m
[35m[HTTP][39m [90m{}[39m
[35m[HTTP][39m [37m<-- GET /wd/hub/session/9577b0fd-2187-417e-bf7c-757b54b839e8/contexts [39m[32m200[39m [90m839 ms - 80[39m
[35m[HTTP][39m [90m[39m
[35m[HTTP][39m [37m-->[39m [37mPOST[39m [37m/wd/hub/session/9577b0fd-2187-417e-bf7c-757b54b839e8/context[39m
[35m[HTTP][39m [90m{"name":"NATIVE_APP"}[39m
[35m[HTTP][39m [37m<-- POST /wd/hub/session/9577b0fd-2187-417e-bf7c-757b54b839e8/context [39m[32m200[39m [90m4 ms - 14[39m
[35m[HTTP][39m [90m[39m
[35m[HTTP][39m [37m-->[39m [37mGET[39m [37m/wd/hub/session/9577b0fd-2187-417e-bf7c-757b54b839e8/window/rect[39m
[35m[HTTP][39m [90m{}[39m
[35m[HTTP][39m [37m<-- GET /wd/hub/session/9577b0fd-2187-417e-bf7c-757b54b839e8/window/rect [39m[32m200[39m [90m113 ms - 50[39m
[35m[HTTP][39m [90m[39m
[35m[HTTP][39m [37m-->[39m [37mPOST[39m [37m/wd/hub/session/9577b0fd-2187-417e-bf7c-757b54b839e8/context[39m
[35m[HTTP][39m [90m{"name":"NATIVE_APP"}[39m
[35m[HTTP][39m [37m<-- POST /wd/hub/session/9577b0fd-2187-417e-bf7c-757b54b839e8/context [39m[32m200[39m [90m5 ms - 14[39m
[35m[HTTP][39m [90m[39m
[35m[HTTP][39m [37m-->[39m [37mGET[39m [37m/wd/hub/session/9577b0fd-2187-417e-bf7c-757b54b839e8/context[39m
[35m[HTTP][39m [90m{}[39m
[35m[HTTP][39m [37m<-- GET /wd/hub/session/9577b0fd-2187-417e-bf7c-757b54b839e8/context [39m[32m200[39m [90m3 ms - 22[39m
[35m[HTTP][39m [90m[39m
[35m[HTTP][39m [37m-->[39m [37mGET[39m [37m/wd/hub/session/9577b0fd-2187-417e-bf7c-757b54b839e8/contexts[39m
[35m[HTTP][39m [90m{}[39m
[35m[HTTP][39m [37m<-- GET /wd/hub/session/9577b0fd-2187-417e-bf7c-757b54b839e8/contexts [39m[32m200[39m [90m914 ms - 80[39m
[35m[HTTP][39m [90m[39m
[35m[HTTP][39m [37m-->[39m [37mPOST[39m [37m/wd/hub/session/9577b0fd-2187-417e-bf7c-757b54b839e8/context[39m
[35m[HTTP][39m [90m{"name":"NATIVE_APP"}[39m
[35m[HTTP][39m [37m<-- POST /wd/hub/session/9577b0fd-2187-417e-bf7c-757b54b839e8/context [39m[32m200[39m [90m4 ms - 14[39m
[35m[HTTP][39m [90m[39m
[35m[HTTP][39m [37m-->[39m [37mGET[39m [37m/wd/hub/session/9577b0fd-2187-417e-bf7c-757b54b839e8/window/rect[39m
[35m[HTTP][39m [90m{}[39m
[35m[HTTP][39m [37m<-- GET /wd/hub/session/9577b0fd-2187-417e-bf7c-757b54b839e8/window/rect [39m[32m200[39m [90m88 ms - 50[39m
[35m[HTTP][39m [90m[39m
[35m[HTTP][39m [37m-->[39m [37mPOST[39m [37m/wd/hub/session/9577b0fd-2187-417e-bf7c-757b54b839e8/context[39m
[35m[HTTP][39m [90m{"name":"NATIVE_APP"}[39m
[35m[HTTP][39m [37m<-- POST /wd/hub/session/9577b0fd-2187-417e-bf7c-757b54b839e8/context [39m[32m200[39m [90m4 ms - 14[39m
[35m[HTTP][39m [90m[39m
[35m[HTTP][39m [37m-->[39m [37mGET[39m [37m/wd/hub/session/9577b0fd-2187-417e-bf7c-757b54b839e8/context[39m
[35m[HTTP][39m [90m{}[39m
[35m[HTTP][39m [37m<-- GET /wd/hub/session/9577b0fd-2187-417e-bf7c-757b54b839e8/context [39m[32m200[39m [90m3 ms - 22[39m
[35m[HTTP][39m [90m[39m
[35m[HTTP][39m [37m-->[39m [37mGET[39m [37m/wd/hub/session/9577b0fd-2187-417e-bf7c-757b54b839e8/contexts[39m
[35m[HTTP][39m [90m{}[39m
[35m[HTTP][39m [37m<-- GET /wd/hub/session/9577b0fd-2187-417e-bf7c-757b54b839e8/contexts [39m[32m200[39m [90m876 ms - 80[39m
[35m[HTTP][39m [90m[39m
[35m[HTTP][39m [37m-->[39m [37mPOST[39m [37m/wd/hub/session/9577b0fd-2187-417e-bf7c-757b54b839e8/context[39m
[35m[HTTP][39m [90m{"name":"NATIVE_APP"}[39m
[35m[HTTP][39m [37m<-- POST /wd/hub/session/9577b0fd-2187-417e-bf7c-757b54b839e8/context [39m[32m200[39m [90m3 ms - 14[39m
[35m[HTTP][39m [90m[39m
[35m[HTTP][39m [37m-->[39m [37mPOST[39m [37m/wd/hub/session/9577b0fd-2187-417e-bf7c-757b54b839e8/touch/perform[39m
[35m[HTTP][39m [90m{"actions":[{"action":"press","options":{"x":1000,"y":1704}},{"action":"wait","options":{"ms":500}},{"action":"moveTo","options":{"x":1000,"y":1065}},{"action":"release","options":{}}]}[39m
[35m[HTTP][39m [37m<-- POST /wd/hub/session/9577b0fd-2187-417e-bf7c-757b54b839e8/touch/perform [39m[32m200[39m [90m1289 ms - 14[39m
[35m[HTTP][39m [90m[39m
[35m[HTTP][39m [37m-->[39m [37mPOST[39m [37m/wd/hub/session/9577b0fd-2187-417e-bf7c-757b54b839e8/context[39m
[35m[HTTP][39m [90m{"name":"NATIVE_APP"}[39m
[35m[HTTP][39m [37m<-- POST /wd/hub/session/9577b0fd-2187-417e-bf7c-757b54b839e8/context [39m[32m200[39m [90m5 ms - 14[39m
[35m[HTTP][39m [90m[39m
[35m[HTTP][39m [37m-->[39m [37mPOST[39m [37m/wd/hub/session/9577b0fd-2187-417e-bf7c-757b54b839e8/timeouts[39m
[35m[HTTP][39m [90m{"implicit":50}[39m
[35m[HTTP][39m [37m<-- POST /wd/hub/session/9577b0fd-2187-417e-bf7c-757b54b839e8/timeouts [39m[32m200[39m [90m7 ms - 14[39m
[35m[HTTP][39m [90m[39m
[35m[HTTP][39m [37m-->[39m [37mGET[39m [37m/wd/hub/session/9577b0fd-2187-417e-bf7c-757b54b839e8/window/rect[39m
[35m[HTTP][39m [90m{}[39m
[35m[HTTP][39m [37m<-- GET /wd/hub/session/9577b0fd-2187-417e-bf7c-757b54b839e8/window/rect [39m[32m200[39m [90m90 ms - 50[39m
[35m[HTTP][39m [90m[39m
[35m[HTTP][39m [37m-->[39m [37mPOST[39m [37m/wd/hub/session/9577b0fd-2187-417e-bf7c-757b54b839e8/elements[39m
[35m[HTTP][39m [90m{"using":"-android uiautomator","value":"new UiSelector().className(\"android.view.View\").resourceId(\"b7-Input_Model3\")"}[39m
[35m[HTTP][39m [37m<-- POST /wd/hub/session/9577b0fd-2187-417e-bf7c-757b54b839e8/elements [39m[32m200[39m [90m793 ms - 139[39m
[35m[HTTP][39m [90m[39m
[35m[HTTP][39m [37m-->[39m [37mGET[39m [37m/wd/hub/session/9577b0fd-2187-417e-bf7c-757b54b839e8/element/a7404a9c-239c-41ab-ba2b-3522a755a9b7/location[39m
[35m[HTTP][39m [90m{}[39m
[35m[W3C (9577b0fd)][39m Driver proxy active, passing request on via HTTP proxy
[35m[WD Proxy][39m Replacing sessionId fe6d9461-1760-4c74-baea-a2fa1f4d567a with 9577b0fd-2187-417e-bf7c-757b54b839e8
[35m[HTTP][39m [37m<-- GET /wd/hub/session/9577b0fd-2187-417e-bf7c-757b54b839e8/element/a7404a9c-239c-41ab-ba2b-3522a755a9b7/location [39m[32m200[39m [90m199 ms - 88[39m
[35m[HTTP][39m [90m[39m
[35m[HTTP][39m [37m-->[39m [37mPOST[39m [37m/wd/hub/session/9577b0fd-2187-417e-bf7c-757b54b839e8/timeouts[39m
[35m[HTTP][39m [90m{"implicit":30000}[39m
[35m[HTTP][39m [37m<-- POST /wd/hub/session/9577b0fd-2187-417e-bf7c-757b54b839e8/timeouts [39m[32m200[39m [90m3 ms - 14[39m
[35m[HTTP][39m [90m[39m
[35m[HTTP][39m [37m-->[39m [37mPOST[39m [37m/wd/hub/session/9577b0fd-2187-417e-bf7c-757b54b839e8/touch/perform[39m
[35m[HTTP][39m [90m{"actions":[{"action":"tap","options":{"x":1,"y":1,"element":"a7404a9c-239c-41ab-ba2b-3522a755a9b7"}},{"action":"release","options":{}}]}[39m
[35m[UiAutomator2][39m calling get location: a7404a9c-239c-41ab-ba2b-3522a755a9b7
[35m[HTTP][39m [37m<-- POST /wd/hub/session/9577b0fd-2187-417e-bf7c-757b54b839e8/touch/perform [39m[32m200[39m [90m1890 ms - 14[39m
[35m[HTTP][39m [90m[39m
[35m[HTTP][39m [37m-->[39m [37mGET[39m [37m/wd/hub/session/9577b0fd-2187-417e-bf7c-757b54b839e8/context[39m
[35m[HTTP][39m [90m{}[39m
[35m[HTTP][39m [37m<-- GET /wd/hub/session/9577b0fd-2187-417e-bf7c-757b54b839e8/context [39m[32m200[39m [90m2 ms - 22[39m
[35m[HTTP][39m [90m[39m
[35m[HTTP][39m [37m-->[39m [37mGET[39m [37m/wd/hub/session/9577b0fd-2187-417e-bf7c-757b54b839e8/contexts[39m
[35m[HTTP][39m [90m{}[39m
[35m[HTTP][39m [37m<-- GET /wd/hub/session/9577b0fd-2187-417e-bf7c-757b54b839e8/contexts [39m[32m200[39m [90m842 ms - 80[39m
[35m[HTTP][39m [90m[39m
[35m[HTTP][39m [37m-->[39m [37mPOST[39m [37m/wd/hub/session/9577b0fd-2187-417e-bf7c-757b54b839e8/context[39m
[35m[HTTP][39m [90m{"name":"NATIVE_APP"}[39m
[35m[HTTP][39m [37m<-- POST /wd/hub/session/9577b0fd-2187-417e-bf7c-757b54b839e8/context [39m[32m200[39m [90m3 ms - 14[39m
[35m[HTTP][39m [90m[39m
[35m[HTTP][39m [37m-->[39m [37mPOST[39m [37m/wd/hub/session/9577b0fd-2187-417e-bf7c-757b54b839e8/element[39m
[35m[HTTP][39m [90m{"using":"-android uiautomator","value":"new UiScrollable(new UiSelector().scrollable(true).instance(0)).scrollIntoView(new UiSelector().textContains(\"V AT BENSIN\"))"}[39m
[35m[WD Proxy][39m Got an unexpected response: {"sessionId":"fe6d9461-1760-4c74-baea-a2fa1f4d567a","status":7,"value":"An element could not be located on the page using the given search parameters."}
[35m[WD Proxy][39m Got an unexpected response: {"sessionId":"fe6d9461-1760-4c74-baea-a2fa1f4d567a","status":7,"value":"An element could not be located on the page using the given search parameters."}
[35m[WD Proxy][39m Got an unexpected response: {"sessionId":"fe6d9461-1760-4c74-baea-a2fa1f4d567a","status":7,"value":"An element could not be located on the page using the given search parameters."}
[35m[WD Proxy][39m Got an unexpected response: {"sessionId":"fe6d9461-1760-4c74-baea-a2fa1f4d567a","status":7,"value":"An element could not be located on the page using the given search parameters."}
[35m[WD Proxy][39m Got an unexpected response: {"sessionId":"fe6d9461-1760-4c74-baea-a2fa1f4d567a","status":7,"value":"An element could not be located on the page using the given search parameters."}
[35m[HTTP][39m [37m<-- POST /wd/hub/session/9577b0fd-2187-417e-bf7c-757b54b839e8/element [39m[33m404[39m [90m33195 ms - 427[39m
[35m[HTTP][39m [90m[39m
[35m[HTTP][39m [37m-->[39m [37mPOST[39m [37m/wd/hub/session/9577b0fd-2187-417e-bf7c-757b54b839e8/context[39m
[35m[HTTP][39m [90m{"name":"NATIVE_APP"}[39m
[35m[HTTP][39m [37m<-- POST /wd/hub/session/9577b0fd-2187-417e-bf7c-757b54b839e8/context [39m[32m200[39m [90m2 ms - 14[39m
[35m[HTTP][39m [90m[39m
[35m[HTTP][39m [37m-->[39m [37mGET[39m [37m/wd/hub/session/9577b0fd-2187-417e-bf7c-757b54b839e8/context[39m
[35m[HTTP][39m [90m{}[39m
[35m[HTTP][39m [37m<-- GET /wd/hub/session/9577b0fd-2187-417e-bf7c-757b54b839e8/context [39m[32m200[39m [90m3 ms - 22[39m
[35m[HTTP][39m [90m[39m
[35m[HTTP][39m [37m-->[39m [37mGET[39m [37m/wd/hub/session/9577b0fd-2187-417e-bf7c-757b54b839e8/contexts[39m
[35m[HTTP][39m [90m{}[39m
[35m[HTTP][39m [37m<-- GET /wd/hub/session/9577b0fd-2187-417e-bf7c-757b54b839e8/contexts [39m[32m200[39m [90m838 ms - 80[39m
[35m[HTTP][39m [90m[39m
[35m[HTTP][39m [37m-->[39m [37mPOST[39m [37m/wd/hub/session/9577b0fd-2187-417e-bf7c-757b54b839e8/context[39m
[35m[HTTP][39m [90m{"name":"NATIVE_APP"}[39m
[35m[HTTP][39m [37m<-- POST /wd/hub/session/9577b0fd-2187-417e-bf7c-757b54b839e8/context [39m[32m200[39m [90m4 ms - 14[39m
[35m[HTTP][39m [90m[39m
[35m[HTTP][39m [37m-->[39m [37mGET[39m [37m/wd/hub/session/9577b0fd-2187-417e-bf7c-757b54b839e8/screenshot[39m
[35m[HTTP][39m [90m{}[39m
[35m[HTTP][39m [37m<-- GET /wd/hub/session/9577b0fd-2187-417e-bf7c-757b54b839e8/screenshot [39m[32m200[39m [90m865 ms - 283066[39m
[35m[HTTP][39m [90m[39m
[35m[HTTP][39m [37m-->[39m [37mPOST[39m [37m/wd/hub/session/9577b0fd-2187-417e-bf7c-757b54b839e8/context[39m
[35m[HTTP][39m [90m{"name":"NATIVE_APP"}[39m
[35m[HTTP][39m [37m<-- POST /wd/hub/session/9577b0fd-2187-417e-bf7c-757b54b839e8/context [39m[32m200[39m [90m4 ms - 14[39m
[35m[HTTP][39m [90m[39m
[35m[HTTP][39m [37m-->[39m [37mPOST[39m [37m/wd/hub/session/9577b0fd-2187-417e-bf7c-757b54b839e8/timeouts[39m
[35m[HTTP][39m [90m{"implicit":50}[39m
[35m[HTTP][39m [37m<-- POST /wd/hub/session/9577b0fd-2187-417e-bf7c-757b54b839e8/timeouts [39m[32m200[39m [90m4 ms - 14[39m
[35m[HTTP][39m [90m[39m
[35m[HTTP][39m [37m-->[39m [37mGET[39m [37m/wd/hub/session/9577b0fd-2187-417e-bf7c-757b54b839e8/window/rect[39m
[35m[HTTP][39m [90m{}[39m
[35m[HTTP][39m [37m<-- GET /wd/hub/session/9577b0fd-2187-417e-bf7c-757b54b839e8/window/rect [39m[32m200[39m [90m116 ms - 50[39m
[35m[HTTP][39m [90m[39m
[35m[HTTP][39m [37m-->[39m [37mPOST[39m [37m/wd/hub/session/9577b0fd-2187-417e-bf7c-757b54b839e8/elements[39m
[35m[HTTP][39m [90m{"using":"-android uiautomator","value":"new UiSelector().className(\"android.widget.EditText\").resourceId(\"b7-Input_NamaAsuransi\")"}[39m
[35m[HTTP][39m [37m<-- POST /wd/hub/session/9577b0fd-2187-417e-bf7c-757b54b839e8/elements [39m[32m200[39m [90m117 ms - 12[39m
[35m[HTTP][39m [90m[39m
[35m[HTTP][39m [37m-->[39m [37mPOST[39m [37m/wd/hub/session/9577b0fd-2187-417e-bf7c-757b54b839e8/elements[39m
[35m[HTTP][39m [90m{"using":"-android uiautomator","value":"new UiSelector().className(\"android.widget.EditText\").resourceId(\"b7-Input_NamaAsuransi\")"}[39m
[35m[HTTP][39m [37m<-- POST /wd/hub/session/9577b0fd-2187-417e-bf7c-757b54b839e8/elements [39m[32m200[39m [90m133 ms - 12[39m
[35m[HTTP][39m [90m[39m
[35m[HTTP][39m [37m-->[39m [37mPOST[39m [37m/wd/hub/session/9577b0fd-2187-417e-bf7c-757b54b839e8/elements[39m
[35m[HTTP][39m [90m{"using":"-android uiautomator","value":"new UiSelector().className(\"android.widget.EditText\").resourceId(\"b7-Input_NamaAsuransi\")"}[39m
[35m[HTTP][39m [37m<-- POST /wd/hub/session/9577b0fd-2187-417e-bf7c-757b54b839e8/elements [39m[32m200[39m [90m139 ms - 12[39m
[35m[HTTP][39m [90m[39m
[35m[HTTP][39m [37m-->[39m [37mPOST[39m [37m/wd/hub/session/9577b0fd-2187-417e-bf7c-757b54b839e8/elements[39m
[35m[HTTP][39m [90m{"using":"-android uiautomator","value":"new UiSelector().className(\"android.widget.EditText\").resourceId(\"b7-Input_NamaAsuransi\")"}[39m
[35m[HTTP][39m [37m<-- POST /wd/hub/session/9577b0fd-2187-417e-bf7c-757b54b839e8/elements [39m[32m200[39m [90m152 ms - 12[39m
[35m[HTTP][39m [90m[39m
[35m[HTTP][39m [37m-->[39m [37mPOST[39m [37m/wd/hub/session/9577b0fd-2187-417e-bf7c-757b54b839e8/elements[39m
[35m[HTTP][39m [90m{"using":"-android uiautomator","value":"new UiSelector().className(\"android.widget.EditText\").resourceId(\"b7-Input_NamaAsuransi\")"}[39m
[35m[HTTP][39m [37m<-- POST /wd/hub/session/9577b0fd-2187-417e-bf7c-757b54b839e8/elements [39m[32m200[39m [90m150 ms - 12[39m
[35m[HTTP][39m [90m[39m
[35m[HTTP][39m [37m-->[39m [37mPOST[39m [37m/wd/hub/session/9577b0fd-2187-417e-bf7c-757b54b839e8/elements[39m
[35m[HTTP][39m [90m{"using":"-android uiautomator","value":"new UiSelector().className(\"android.widget.EditText\").resourceId(\"b7-Input_NamaAsuransi\")"}[39m
[35m[HTTP][39m [37m<-- POST /wd/hub/session/9577b0fd-2187-417e-bf7c-757b54b839e8/elements [39m[32m200[39m [90m133 ms - 12[39m
[35m[HTTP][39m [90m[39m
[35m[HTTP][39m [37m-->[39m [37mPOST[39m [37m/wd/hub/session/9577b0fd-2187-417e-bf7c-757b54b839e8/elements[39m
[35m[HTTP][39m [90m{"using":"-android uiautomator","value":"new UiSelector().className(\"android.widget.EditText\").resourceId(\"b7-Input_NamaAsuransi\")"}[39m
[35m[HTTP][39m [37m<-- POST /wd/hub/session/9577b0fd-2187-417e-bf7c-757b54b839e8/elements [39m[32m200[39m [90m124 ms - 12[39m
[35m[HTTP][39m [90m[39m
[35m[HTTP][39m [37m-->[39m [37mPOST[39m [37m/wd/hub/session/9577b0fd-2187-417e-bf7c-757b54b839e8/elements[39m
[35m[HTTP][39m [90m{"using":"-android uiautomator","value":"new UiSelector().className(\"android.widget.EditText\").resourceId(\"b7-Input_NamaAsuransi\")"}[39m
[35m[HTTP][39m [37m<-- POST /wd/hub/session/9577b0fd-2187-417e-bf7c-757b54b839e8/elements [39m[32m200[39m [90m106 ms - 12[39m
[35m[HTTP][39m [90m[39m
[35m[HTTP][39m [37m-->[39m [37mPOST[39m [37m/wd/hub/session/9577b0fd-2187-417e-bf7c-757b54b839e8/elements[39m
[35m[HTTP][39m [90m{"using":"-android uiautomator","value":"new UiSelector().className(\"android.widget.EditText\").resourceId(\"b7-Input_NamaAsuransi\")"}[39m
[35m[HTTP][39m [37m<-- POST /wd/hub/session/9577b0fd-2187-417e-bf7c-757b54b839e8/elements [39m[32m200[39m [90m116 ms - 12[39m
[35m[HTTP][39m [90m[39m
[35m[HTTP][39m [37m-->[39m [37mPOST[39m [37m/wd/hub/session/9577b0fd-2187-417e-bf7c-757b54b839e8/elements[39m
[35m[HTTP][39m [90m{"using":"-android uiautomator","value":"new UiSelector().className(\"android.widget.EditText\").resourceId(\"b7-Input_NamaAsuransi\")"}[39m
[35m[HTTP][39m [37m<-- POST /wd/hub/session/9577b0fd-2187-417e-bf7c-757b54b839e8/elements [39m[32m200[39m [90m126 ms - 12[39m
[35m[HTTP][39m [90m[39m
[35m[HTTP][39m [37m-->[39m [37mPOST[39m [37m/wd/hub/session/9577b0fd-2187-417e-bf7c-757b54b839e8/elements[39m
[35m[HTTP][39m [90m{"using":"-android uiautomator","value":"new UiSelector().className(\"android.widget.EditText\").resourceId(\"b7-Input_NamaAsuransi\")"}[39m
[35m[HTTP][39m [37m<-- POST /wd/hub/session/9577b0fd-2187-417e-bf7c-757b54b839e8/elements [39m[32m200[39m [90m91 ms - 12[39m
[35m[HTTP][39m [90m[39m
[35m[HTTP][39m [37m-->[39m [37mPOST[39m [37m/wd/hub/session/9577b0fd-2187-417e-bf7c-757b54b839e8/elements[39m
[35m[HTTP][39m [90m{"using":"-android uiautomator","value":"new UiSelector().className(\"android.widget.EditText\").resourceId(\"b7-Input_NamaAsuransi\")"}[39m
[35m[HTTP][39m [37m<-- POST /wd/hub/session/9577b0fd-2187-417e-bf7c-757b54b839e8/elements [39m[32m200[39m [90m56 ms - 12[39m
[35m[HTTP][39m [90m[39m
[35m[HTTP][39m [37m-->[39m [37mPOST[39m [37m/wd/hub/session/9577b0fd-2187-417e-bf7c-757b54b839e8/elements[39m
[35m[HTTP][39m [90m{"using":"-android uiautomator","value":"new UiSelector().className(\"android.widget.EditText\").resourceId(\"b7-Input_NamaAsuransi\")"}[39m
[35m[HTTP][39m [37m<-- POST /wd/hub/session/9577b0fd-2187-417e-bf7c-757b54b839e8/elements [39m[32m200[39m [90m74 ms - 12[39m
[35m[HTTP][39m [90m[39m
[35m[HTTP][39m [37m-->[39m [37mPOST[39m [37m/wd/hub/session/9577b0fd-2187-417e-bf7c-757b54b839e8/elements[39m
[35m[HTTP][39m [90m{"using":"-android uiautomator","value":"new UiSelector().className(\"android.widget.EditText\").resourceId(\"b7-Input_NamaAsuransi\")"}[39m
[35m[HTTP][39m [37m<-- POST /wd/hub/session/9577b0fd-2187-417e-bf7c-757b54b839e8/elements [39m[32m200[39m [90m97 ms - 12[39m
[35m[HTTP][39m [90m[39m
[35m[HTTP][39m [37m-->[39m [37mPOST[39m [37m/wd/hub/session/9577b0fd-2187-417e-bf7c-757b54b839e8/elements[39m
[35m[HTTP][39m [90m{"using":"-android uiautomator","value":"new UiSelector().className(\"android.widget.EditText\").resourceId(\"b7-Input_NamaAsuransi\")"}[39m
[35m[HTTP][39m [37m<-- POST /wd/hub/session/9577b0fd-2187-417e-bf7c-757b54b839e8/elements [39m[32m200[39m [90m76 ms - 12[39m
[35m[HTTP][39m [90m[39m
[35m[HTTP][39m [37m-->[39m [37mPOST[39m [37m/wd/hub/session/9577b0fd-2187-417e-bf7c-757b54b839e8/elements[39m
[35m[HTTP][39m [90m{"using":"-android uiautomator","value":"new UiSelector().className(\"android.widget.EditText\").resourceId(\"b7-Input_NamaAsuransi\")"}[39m
[35m[HTTP][39m [37m<-- POST /wd/hub/session/9577b0fd-2187-417e-bf7c-757b54b839e8/elements [39m[32m200[39m [90m98 ms - 12[39m
[35m[HTTP][39m [90m[39m
[35m[HTTP][39m [37m-->[39m [37mPOST[39m [37m/wd/hub/session/9577b0fd-2187-417e-bf7c-757b54b839e8/elements[39m
[35m[HTTP][39m [90m{"using":"-android uiautomator","value":"new UiSelector().className(\"android.widget.EditText\").resourceId(\"b7-Input_NamaAsuransi\")"}[39m
[35m[HTTP][39m [37m<-- POST /wd/hub/session/9577b0fd-2187-417e-bf7c-757b54b839e8/elements [39m[32m200[39m [90m106 ms - 12[39m
[35m[HTTP][39m [90m[39m
[35m[HTTP][39m [37m-->[39m [37mPOST[39m [37m/wd/hub/session/9577b0fd-2187-417e-bf7c-757b54b839e8/elements[39m
[35m[HTTP][39m [90m{"using":"-android uiautomator","value":"new UiSelector().className(\"android.widget.EditText\").resourceId(\"b7-Input_NamaAsuransi\")"}[39m
[35m[HTTP][39m [37m<-- POST /wd/hub/session/9577b0fd-2187-417e-bf7c-757b54b839e8/elements [39m[32m200[39m [90m104 ms - 12[39m
[35m[HTTP][39m [90m[39m
[35m[HTTP][39m [37m-->[39m [37mPOST[39m [37m/wd/hub/session/9577b0fd-2187-417e-bf7c-757b54b839e8/elements[39m
[35m[HTTP][39m [90m{"using":"-android uiautomator","value":"new UiSelector().className(\"android.widget.EditText\").resourceId(\"b7-Input_NamaAsuransi\")"}[39m
[35m[HTTP][39m [37m<-- POST /wd/hub/session/9577b0fd-2187-417e-bf7c-757b54b839e8/elements [39m[32m200[39m [90m116 ms - 12[39m
[35m[HTTP][39m [90m[39m
[35m[HTTP][39m [37m-->[39m [37mPOST[39m [37m/wd/hub/session/9577b0fd-2187-417e-bf7c-757b54b839e8/elements[39m
[35m[HTTP][39m [90m{"using":"-android uiautomator","value":"new UiSelector().className(\"android.widget.EditText\").resourceId(\"b7-Input_NamaAsuransi\")"}[39m
[35m[HTTP][39m [37m<-- POST /wd/hub/session/9577b0fd-2187-417e-bf7c-757b54b839e8/elements [39m[32m200[39m [90m114 ms - 12[39m
[35m[HTTP][39m [90m[39m
[35m[HTTP][39m [37m-->[39m [37mPOST[39m [37m/wd/hub/session/9577b0fd-2187-417e-bf7c-757b54b839e8/elements[39m
[35m[HTTP][39m [90m{"using":"-android uiautomator","value":"new UiSelector().className(\"android.widget.EditText\").resourceId(\"b7-Input_NamaAsuransi\")"}[39m
[35m[HTTP][39m [37m<-- POST /wd/hub/session/9577b0fd-2187-417e-bf7c-757b54b839e8/elements [39m[32m200[39m [90m133 ms - 12[39m
[35m[HTTP][39m [90m[39m
[35m[HTTP][39m [37m-->[39m [37mPOST[39m [37m/wd/hub/session/9577b0fd-2187-417e-bf7c-757b54b839e8/elements[39m
[35m[HTTP][39m [90m{"using":"-android uiautomator","value":"new UiSelector().className(\"android.widget.EditText\").resourceId(\"b7-Input_NamaAsuransi\")"}[39m
[35m[HTTP][39m [37m<-- POST /wd/hub/session/9577b0fd-2187-417e-bf7c-757b54b839e8/elements [39m[32m200[39m [90m135 ms - 12[39m
[35m[HTTP][39m [90m[39m
[35m[HTTP][39m [37m-->[39m [37mPOST[39m [37m/wd/hub/session/9577b0fd-2187-417e-bf7c-757b54b839e8/elements[39m
[35m[HTTP][39m [90m{"using":"-android uiautomator","value":"new UiSelector().className(\"android.widget.EditText\").resourceId(\"b7-Input_NamaAsuransi\")"}[39m
[35m[HTTP][39m [37m<-- POST /wd/hub/session/9577b0fd-2187-417e-bf7c-757b54b839e8/elements [39m[32m200[39m [90m123 ms - 12[39m
[35m[HTTP][39m [90m[39m
[35m[HTTP][39m [37m-->[39m [37mPOST[39m [37m/wd/hub/session/9577b0fd-2187-417e-bf7c-757b54b839e8/elements[39m
[35m[HTTP][39m [90m{"using":"-android uiautomator","value":"new UiSelector().className(\"android.widget.EditText\").resourceId(\"b7-Input_NamaAsuransi\")"}[39m
[35m[HTTP][39m [37m<-- POST /wd/hub/session/9577b0fd-2187-417e-bf7c-757b54b839e8/elements [39m[32m200[39m [90m132 ms - 12[39m
[35m[HTTP][39m [90m[39m
[35m[HTTP][39m [37m-->[39m [37mPOST[39m [37m/wd/hub/session/9577b0fd-2187-417e-bf7c-757b54b839e8/elements[39m
[35m[HTTP][39m [90m{"using":"-android uiautomator","value":"new UiSelector().className(\"android.widget.EditText\").resourceId(\"b7-Input_NamaAsuransi\")"}[39m
[35m[HTTP][39m [37m<-- POST /wd/hub/session/9577b0fd-2187-417e-bf7c-757b54b839e8/elements [39m[32m200[39m [90m136 ms - 12[39m
[35m[HTTP][39m [90m[39m
[35m[HTTP][39m [37m-->[39m [37mPOST[39m [37m/wd/hub/session/9577b0fd-2187-417e-bf7c-757b54b839e8/elements[39m
[35m[HTTP][39m [90m{"using":"-android uiautomator","value":"new UiSelector().className(\"android.widget.EditText\").resourceId(\"b7-Input_NamaAsuransi\")"}[39m
[35m[HTTP][39m [37m<-- POST /wd/hub/session/9577b0fd-2187-417e-bf7c-757b54b839e8/elements [39m[32m200[39m [90m134 ms - 12[39m
[35m[HTTP][39m [90m[39m
[35m[HTTP][39m [37m-->[39m [37mPOST[39m [37m/wd/hub/session/9577b0fd-2187-417e-bf7c-757b54b839e8/elements[39m
[35m[HTTP][39m [90m{"using":"-android uiautomator","value":"new UiSelector().className(\"android.widget.EditText\").resourceId(\"b7-Input_NamaAsuransi\")"}[39m
[35m[HTTP][39m [37m<-- POST /wd/hub/session/9577b0fd-2187-417e-bf7c-757b54b839e8/elements [39m[32m200[39m [90m130 ms - 12[39m
[35m[HTTP][39m [90m[39m
[35m[HTTP][39m [37m-->[39m [37mPOST[39m [37m/wd/hub/session/9577b0fd-2187-417e-bf7c-757b54b839e8/elements[39m
[35m[HTTP][39m [90m{"using":"-android uiautomator","value":"new UiSelector().className(\"android.widget.EditText\").resourceId(\"b7-Input_NamaAsuransi\")"}[39m
[35m[HTTP][39m [37m<-- POST /wd/hub/session/9577b0fd-2187-417e-bf7c-757b54b839e8/elements [39m[32m200[39m [90m131 ms - 12[39m
[35m[HTTP][39m [90m[39m
[35m[HTTP][39m [37m-->[39m [37mPOST[39m [37m/wd/hub/session/9577b0fd-2187-417e-bf7c-757b54b839e8/elements[39m
[35m[HTTP][39m [90m{"using":"-android uiautomator","value":"new UiSelector().className(\"android.widget.EditText\").resourceId(\"b7-Input_NamaAsuransi\")"}[39m
[35m[HTTP][39m [37m<-- POST /wd/hub/session/9577b0fd-2187-417e-bf7c-757b54b839e8/elements [39m[32m200[39m [90m127 ms - 12[39m
[35m[HTTP][39m [90m[39m
[35m[HTTP][39m [37m-->[39m [37mPOST[39m [37m/wd/hub/session/9577b0fd-2187-417e-bf7c-757b54b839e8/elements[39m
[35m[HTTP][39m [90m{"using":"-android uiautomator","value":"new UiSelector().className(\"android.widget.EditText\").resourceId(\"b7-Input_NamaAsuransi\")"}[39m
[35m[HTTP][39m [37m<-- POST /wd/hub/session/9577b0fd-2187-417e-bf7c-757b54b839e8/elements [39m[32m200[39m [90m135 ms - 12[39m
[35m[HTTP][39m [90m[39m
[35m[HTTP][39m [37m-->[39m [37mPOST[39m [37m/wd/hub/session/9577b0fd-2187-417e-bf7c-757b54b839e8/elements[39m
[35m[HTTP][39m [90m{"using":"-android uiautomator","value":"new UiSelector().className(\"android.widget.EditText\").resourceId(\"b7-Input_NamaAsuransi\")"}[39m
[35m[HTTP][39m [37m<-- POST /wd/hub/session/9577b0fd-2187-417e-bf7c-757b54b839e8/elements [39m[32m200[39m [90m146 ms - 12[39m
[35m[HTTP][39m [90m[39m
[35m[HTTP][39m [37m-->[39m [37mPOST[39m [37m/wd/hub/session/9577b0fd-2187-417e-bf7c-757b54b839e8/elements[39m
[35m[HTTP][39m [90m{"using":"-android uiautomator","value":"new UiSelector().className(\"android.widget.EditText\").resourceId(\"b7-Input_NamaAsuransi\")"}[39m
[35m[HTTP][39m [37m<-- POST /wd/hub/session/9577b0fd-2187-417e-bf7c-757b54b839e8/elements [39m[32m200[39m [90m127 ms - 12[39m
[35m[HTTP][39m [90m[39m
[35m[HTTP][39m [37m-->[39m [37mPOST[39m [37m/wd/hub/session/9577b0fd-2187-417e-bf7c-757b54b839e8/elements[39m
[35m[HTTP][39m [90m{"using":"-android uiautomator","value":"new UiSelector().className(\"android.widget.EditText\").resourceId(\"b7-Input_NamaAsuransi\")"}[39m
[35m[HTTP][39m [37m<-- POST /wd/hub/session/9577b0fd-2187-417e-bf7c-757b54b839e8/elements [39m[32m200[39m [90m121 ms - 12[39m
[35m[HTTP][39m [90m[39m
[35m[HTTP][39m [37m-->[39m [37mPOST[39m [37m/wd/hub/session/9577b0fd-2187-417e-bf7c-757b54b839e8/elements[39m
[35m[HTTP][39m [90m{"using":"-android uiautomator","value":"new UiSelector().className(\"android.widget.EditText\").resourceId(\"b7-Input_NamaAsuransi\")"}[39m
[35m[HTTP][39m [37m<-- POST /wd/hub/session/9577b0fd-2187-417e-bf7c-757b54b839e8/elements [39m[32m200[39m [90m115 ms - 12[39m
[35m[HTTP][39m [90m[39m
[35m[HTTP][39m [37m-->[39m [37mPOST[39m [37m/wd/hub/session/9577b0fd-2187-417e-bf7c-757b54b839e8/elements[39m
[35m[HTTP][39m [90m{"using":"-android uiautomator","value":"new UiSelector().className(\"android.widget.EditText\").resourceId(\"b7-Input_NamaAsuransi\")"}[39m
[35m[HTTP][39m [37m<-- POST /wd/hub/session/9577b0fd-2187-417e-bf7c-757b54b839e8/elements [39m[32m200[39m [90m161 ms - 12[39m
[35m[HTTP][39m [90m[39m
[35m[HTTP][39m [37m-->[39m [37mPOST[39m [37m/wd/hub/session/9577b0fd-2187-417e-bf7c-757b54b839e8/elements[39m
[35m[HTTP][39m [90m{"using":"-android uiautomator","value":"new UiSelector().className(\"android.widget.EditText\").resourceId(\"b7-Input_NamaAsuransi\")"}[39m
[35m[HTTP][39m [37m<-- POST /wd/hub/session/9577b0fd-2187-417e-bf7c-757b54b839e8/elements [39m[32m200[39m [90m152 ms - 12[39m
[35m[HTTP][39m [90m[39m
[35m[HTTP][39m [37m-->[39m [37mPOST[39m [37m/wd/hub/session/9577b0fd-2187-417e-bf7c-757b54b839e8/elements[39m
[35m[HTTP][39m [90m{"using":"-android uiautomator","value":"new UiSelector().className(\"android.widget.EditText\").resourceId(\"b7-Input_NamaAsuransi\")"}[39m
[35m[HTTP][39m [37m<-- POST /wd/hub/session/9577b0fd-2187-417e-bf7c-757b54b839e8/elements [39m[32m200[39m [90m147 ms - 12[39m
[35m[HTTP][39m [90m[39m
[35m[HTTP][39m [37m-->[39m [37mPOST[39m [37m/wd/hub/session/9577b0fd-2187-417e-bf7c-757b54b839e8/elements[39m
[35m[HTTP][39m [90m{"using":"-android uiautomator","value":"new UiSelector().className(\"android.widget.EditText\").resourceId(\"b7-Input_NamaAsuransi\")"}[39m
[35m[HTTP][39m [37m<-- POST /wd/hub/session/9577b0fd-2187-417e-bf7c-757b54b839e8/elements [39m[32m200[39m [90m150 ms - 12[39m
[35m[HTTP][39m [90m[39m
[35m[HTTP][39m [37m-->[39m [37mPOST[39m [37m/wd/hub/session/9577b0fd-2187-417e-bf7c-757b54b839e8/elements[39m
[35m[HTTP][39m [90m{"using":"-android uiautomator","value":"new UiSelector().className(\"android.widget.EditText\").resourceId(\"b7-Input_NamaAsuransi\")"}[39m
[35m[HTTP][39m [37m<-- POST /wd/hub/session/9577b0fd-2187-417e-bf7c-757b54b839e8/elements [39m[32m200[39m [90m134 ms - 12[39m
[35m[HTTP][39m [90m[39m
[35m[HTTP][39m [37m-->[39m [37mPOST[39m [37m/wd/hub/session/9577b0fd-2187-417e-bf7c-757b54b839e8/elements[39m
[35m[HTTP][39m [90m{"using":"-android uiautomator","value":"new UiSelector().className(\"android.widget.EditText\").resourceId(\"b7-Input_NamaAsuransi\")"}[39m
[35m[HTTP][39m [37m<-- POST /wd/hub/session/9577b0fd-2187-417e-bf7c-757b54b839e8/elements [39m[32m200[39m [90m144 ms - 12[39m
[35m[HTTP][39m [90m[39m
[35m[HTTP][39m [37m-->[39m [37mPOST[39m [37m/wd/hub/session/9577b0fd-2187-417e-bf7c-757b54b839e8/elements[39m
[35m[HTTP][39m [90m{"using":"-android uiautomator","value":"new UiSelector().className(\"android.widget.EditText\").resourceId(\"b7-Input_NamaAsuransi\")"}[39m
[35m[HTTP][39m [37m<-- POST /wd/hub/session/9577b0fd-2187-417e-bf7c-757b54b839e8/elements [39m[32m200[39m [90m131 ms - 12[39m
[35m[HTTP][39m [90m[39m
[35m[HTTP][39m [37m-->[39m [37mPOST[39m [37m/wd/hub/session/9577b0fd-2187-417e-bf7c-757b54b839e8/elements[39m
[35m[HTTP][39m [90m{"using":"-android uiautomator","value":"new UiSelector().className(\"android.widget.EditText\").resourceId(\"b7-Input_NamaAsuransi\")"}[39m
[35m[HTTP][39m [37m<-- POST /wd/hub/session/9577b0fd-2187-417e-bf7c-757b54b839e8/elements [39m[32m200[39m [90m80 ms - 12[39m
[35m[HTTP][39m [90m[39m
[35m[HTTP][39m [37m-->[39m [37mPOST[39m [37m/wd/hub/session/9577b0fd-2187-417e-bf7c-757b54b839e8/elements[39m
[35m[HTTP][39m [90m{"using":"-android uiautomator","value":"new UiSelector().className(\"android.widget.EditText\").resourceId(\"b7-Input_NamaAsuransi\")"}[39m
[35m[HTTP][39m [37m<-- POST /wd/hub/session/9577b0fd-2187-417e-bf7c-757b54b839e8/elements [39m[32m200[39m [90m90 ms - 12[39m
[35m[HTTP][39m [90m[39m
[35m[HTTP][39m [37m-->[39m [37mPOST[39m [37m/wd/hub/session/9577b0fd-2187-417e-bf7c-757b54b839e8/elements[39m
[35m[HTTP][39m [90m{"using":"-android uiautomator","value":"new UiSelector().className(\"android.widget.EditText\").resourceId(\"b7-Input_NamaAsuransi\")"}[39m
[35m[HTTP][39m [37m<-- POST /wd/hub/session/9577b0fd-2187-417e-bf7c-757b54b839e8/elements [39m[32m200[39m [90m63 ms - 12[39m
[35m[HTTP][39m [90m[39m
[35m[HTTP][39m [37m-->[39m [37mPOST[39m [37m/wd/hub/session/9577b0fd-2187-417e-bf7c-757b54b839e8/elements[39m
[35m[HTTP][39m [90m{"using":"-android uiautomator","value":"new UiSelector().className(\"android.widget.EditText\").resourceId(\"b7-Input_NamaAsuransi\")"}[39m
[35m[HTTP][39m [37m<-- POST /wd/hub/session/9577b0fd-2187-417e-bf7c-757b54b839e8/elements [39m[32m200[39m [90m84 ms - 12[39m
[35m[HTTP][39m [90m[39m
[35m[HTTP][39m [37m-->[39m [37mPOST[39m [37m/wd/hub/session/9577b0fd-2187-417e-bf7c-757b54b839e8/elements[39m
[35m[HTTP][39m [90m{"using":"-android uiautomator","value":"new UiSelector().className(\"android.widget.EditText\").resourceId(\"b7-Input_NamaAsuransi\")"}[39m
[35m[HTTP][39m [37m<-- POST /wd/hub/session/9577b0fd-2187-417e-bf7c-757b54b839e8/elements [39m[32m200[39m [90m156 ms - 12[39m
[35m[HTTP][39m [90m[39m
[35m[HTTP][39m [37m-->[39m [37mPOST[39m [37m/wd/hub/session/9577b0fd-2187-417e-bf7c-757b54b839e8/elements[39m
[35m[HTTP][39m [90m{"using":"-android uiautomator","value":"new UiSelector().className(\"android.widget.EditText\").resourceId(\"b7-Input_NamaAsuransi\")"}[39m
[35m[HTTP][39m [37m<-- POST /wd/hub/session/9577b0fd-2187-417e-bf7c-757b54b839e8/elements [39m[32m200[39m [90m140 ms - 12[39m
[35m[HTTP][39m [90m[39m
[35m[HTTP][39m [37m-->[39m [37mPOST[39m [37m/wd/hub/session/9577b0fd-2187-417e-bf7c-757b54b839e8/elements[39m
[35m[HTTP][39m [90m{"using":"-android uiautomator","value":"new UiSelector().className(\"android.widget.EditText\").resourceId(\"b7-Input_NamaAsuransi\")"}[39m
[35m[HTTP][39m [37m<-- POST /wd/hub/session/9577b0fd-2187-417e-bf7c-757b54b839e8/elements [39m[32m200[39m [90m146 ms - 12[39m
[35m[HTTP][39m [90m[39m
[35m[HTTP][39m [37m-->[39m [37mPOST[39m [37m/wd/hub/session/9577b0fd-2187-417e-bf7c-757b54b839e8/elements[39m
[35m[HTTP][39m [90m{"using":"-android uiautomator","value":"new UiSelector().className(\"android.widget.EditText\").resourceId(\"b7-Input_NamaAsuransi\")"}[39m
[35m[HTTP][39m [37m<-- POST /wd/hub/session/9577b0fd-2187-417e-bf7c-757b54b839e8/elements [39m[32m200[39m [90m148 ms - 12[39m
[35m[HTTP][39m [90m[39m
[35m[HTTP][39m [37m-->[39m [37mPOST[39m [37m/wd/hub/session/9577b0fd-2187-417e-bf7c-757b54b839e8/elements[39m
[35m[HTTP][39m [90m{"using":"-android uiautomator","value":"new UiSelector().className(\"android.widget.EditText\").resourceId(\"b7-Input_NamaAsuransi\")"}[39m
[35m[HTTP][39m [37m<-- POST /wd/hub/session/9577b0fd-2187-417e-bf7c-757b54b839e8/elements [39m[32m200[39m [90m131 ms - 12[39m
[35m[HTTP][39m [90m[39m
[35m[HTTP][39m [37m-->[39m [37mPOST[39m [37m/wd/hub/session/9577b0fd-2187-417e-bf7c-757b54b839e8/elements[39m
[35m[HTTP][39m [90m{"using":"-android uiautomator","value":"new UiSelector().className(\"android.widget.EditText\").resourceId(\"b7-Input_NamaAsuransi\")"}[39m
[35m[HTTP][39m [37m<-- POST /wd/hub/session/9577b0fd-2187-417e-bf7c-757b54b839e8/elements [39m[32m200[39m [90m151 ms - 12[39m
[35m[HTTP][39m [90m[39m
[35m[HTTP][39m [37m-->[39m [37mPOST[39m [37m/wd/hub/session/9577b0fd-2187-417e-bf7c-757b54b839e8/elements[39m
[35m[HTTP][39m [90m{"using":"-android uiautomator","value":"new UiSelector().className(\"android.widget.EditText\").resourceId(\"b7-Input_NamaAsuransi\")"}[39m
[35m[HTTP][39m [37m<-- POST /wd/hub/session/9577b0fd-2187-417e-bf7c-757b54b839e8/elements [39m[32m200[39m [90m140 ms - 12[39m
[35m[HTTP][39m [90m[39m
[35m[HTTP][39m [37m-->[39m [37mPOST[39m [37m/wd/hub/session/9577b0fd-2187-417e-bf7c-757b54b839e8/elements[39m
[35m[HTTP][39m [90m{"using":"-android uiautomator","value":"new UiSelector().className(\"android.widget.EditText\").resourceId(\"b7-Input_NamaAsuransi\")"}[39m
[35m[HTTP][39m [37m<-- POST /wd/hub/session/9577b0fd-2187-417e-bf7c-757b54b839e8/elements [39m[32m200[39m [90m125 ms - 12[39m
[35m[HTTP][39m [90m[39m
[35m[HTTP][39m [37m-->[39m [37mPOST[39m [37m/wd/hub/session/9577b0fd-2187-417e-bf7c-757b54b839e8/elements[39m
[35m[HTTP][39m [90m{"using":"-android uiautomator","value":"new UiSelector().className(\"android.widget.EditText\").resourceId(\"b7-Input_NamaAsuransi\")"}[39m
[35m[HTTP][39m [37m<-- POST /wd/hub/session/9577b0fd-2187-417e-bf7c-757b54b839e8/elements [39m[32m200[39m [90m89 ms - 12[39m
[35m[HTTP][39m [90m[39m
[35m[HTTP][39m [37m-->[39m [37mPOST[39m [37m/wd/hub/session/9577b0fd-2187-417e-bf7c-757b54b839e8/elements[39m
[35m[HTTP][39m [90m{"using":"-android uiautomator","value":"new UiSelector().className(\"android.widget.EditText\").resourceId(\"b7-Input_NamaAsuransi\")"}[39m
[35m[HTTP][39m [37m<-- POST /wd/hub/session/9577b0fd-2187-417e-bf7c-757b54b839e8/elements [39m[32m200[39m [90m82 ms - 12[39m
[35m[HTTP][39m [90m[39m
[35m[HTTP][39m [37m-->[39m [37mPOST[39m [37m/wd/hub/session/9577b0fd-2187-417e-bf7c-757b54b839e8/elements[39m
[35m[HTTP][39m [90m{"using":"-android uiautomator","value":"new UiSelector().className(\"android.widget.EditText\").resourceId(\"b7-Input_NamaAsuransi\")"}[39m
[35m[HTTP][39m [37m<-- POST /wd/hub/session/9577b0fd-2187-417e-bf7c-757b54b839e8/elements [39m[32m200[39m [90m87 ms - 12[39m
[35m[HTTP][39m [90m[39m
[35m[HTTP][39m [37m-->[39m [37mPOST[39m [37m/wd/hub/session/9577b0fd-2187-417e-bf7c-757b54b839e8/elements[39m
[35m[HTTP][39m [90m{"using":"-android uiautomator","value":"new UiSelector().className(\"android.widget.EditText\").resourceId(\"b7-Input_NamaAsuransi\")"}[39m
[35m[HTTP][39m [37m<-- POST /wd/hub/session/9577b0fd-2187-417e-bf7c-757b54b839e8/elements [39m[32m200[39m [90m74 ms - 12[39m
[35m[HTTP][39m [90m[39m
[35m[HTTP][39m [37m-->[39m [37mPOST[39m [37m/wd/hub/session/9577b0fd-2187-417e-bf7c-757b54b839e8/elements[39m
[35m[HTTP][39m [90m{"using":"-android uiautomator","value":"new UiSelector().className(\"android.widget.EditText\").resourceId(\"b7-Input_NamaAsuransi\")"}[39m
[35m[HTTP][39m [37m<-- POST /wd/hub/session/9577b0fd-2187-417e-bf7c-757b54b839e8/elements [39m[32m200[39m [90m71 ms - 12[39m
[35m[HTTP][39m [90m[39m
[35m[HTTP][39m [37m-->[39m [37mPOST[39m [37m/wd/hub/session/9577b0fd-2187-417e-bf7c-757b54b839e8/elements[39m
[35m[HTTP][39m [90m{"using":"-android uiautomator","value":"new UiSelector().className(\"android.widget.EditText\").resourceId(\"b7-Input_NamaAsuransi\")"}[39m
[35m[HTTP][39m [37m<-- POST /wd/hub/session/9577b0fd-2187-417e-bf7c-757b54b839e8/elements [39m[32m200[39m [90m57 ms - 12[39m
[35m[HTTP][39m [90m[39m
[35m[HTTP][39m [37m-->[39m [37mPOST[39m [37m/wd/hub/session/9577b0fd-2187-417e-bf7c-757b54b839e8/elements[39m
[35m[HTTP][39m [90m{"using":"-android uiautomator","value":"new UiSelector().className(\"android.widget.EditText\").resourceId(\"b7-Input_NamaAsuransi\")"}[39m
[35m[HTTP][39m [37m<-- POST /wd/hub/session/9577b0fd-2187-417e-bf7c-757b54b839e8/elements [39m[32m200[39m [90m70 ms - 12[39m
[35m[HTTP][39m [90m[39m
[35m[HTTP][39m [37m-->[39m [37mPOST[39m [37m/wd/hub/session/9577b0fd-2187-417e-bf7c-757b54b839e8/elements[39m
[35m[HTTP][39m [90m{"using":"-android uiautomator","value":"new UiSelector().className(\"android.widget.EditText\").resourceId(\"b7-Input_NamaAsuransi\")"}[39m
[35m[HTTP][39m [37m<-- POST /wd/hub/session/9577b0fd-2187-417e-bf7c-757b54b839e8/elements [39m[32m200[39m [90m66 ms - 12[39m
[35m[HTTP][39m [90m[39m
[35m[HTTP][39m [37m-->[39m [37mPOST[39m [37m/wd/hub/session/9577b0fd-2187-417e-bf7c-757b54b839e8/elements[39m
[35m[HTTP][39m [90m{"using":"-android uiautomator","value":"new UiSelector().className(\"android.widget.EditText\").resourceId(\"b7-Input_NamaAsuransi\")"}[39m
[35m[HTTP][39m [37m<-- POST /wd/hub/session/9577b0fd-2187-417e-bf7c-757b54b839e8/elements [39m[32m200[39m [90m94 ms - 12[39m
[35m[HTTP][39m [90m[39m
[35m[HTTP][39m [37m-->[39m [37mPOST[39m [37m/wd/hub/session/9577b0fd-2187-417e-bf7c-757b54b839e8/elements[39m
[35m[HTTP][39m [90m{"using":"-android uiautomator","value":"new UiSelector().className(\"android.widget.EditText\").resourceId(\"b7-Input_NamaAsuransi\")"}[39m
[35m[HTTP][39m [37m<-- POST /wd/hub/session/9577b0fd-2187-417e-bf7c-757b54b839e8/elements [39m[32m200[39m [90m1041 ms - 12[39m
[35m[HTTP][39m [90m[39m
[35m[HTTP][39m [37m-->[39m [37mPOST[39m [37m/wd/hub/session/9577b0fd-2187-417e-bf7c-757b54b839e8/elements[39m
[35m[HTTP][39m [90m{"using":"-android uiautomator","value":"new UiSelector().className(\"android.widget.EditText\").resourceId(\"b7-Input_NamaAsuransi\")"}[39m
[35m[HTTP][39m [37m<-- POST /wd/hub/session/9577b0fd-2187-417e-bf7c-757b54b839e8/elements [39m[32m200[39m [90m706 ms - 12[39m
[35m[HTTP][39m [90m[39m
[35m[HTTP][39m [37m-->[39m [37mPOST[39m [37m/wd/hub/session/9577b0fd-2187-417e-bf7c-757b54b839e8/elements[39m
[35m[HTTP][39m [90m{"using":"-android uiautomator","value":"new UiSelector().className(\"android.widget.EditText\").resourceId(\"b7-Input_NamaAsuransi\")"}[39m
[35m[HTTP][39m [37m<-- POST /wd/hub/session/9577b0fd-2187-417e-bf7c-757b54b839e8/elements [39m[32m200[39m [90m753 ms - 12[39m
[35m[HTTP][39m [90m[39m
[35m[HTTP][39m [37m-->[39m [37mPOST[39m [37m/wd/hub/session/9577b0fd-2187-417e-bf7c-757b54b839e8/elements[39m
[35m[HTTP][39m [90m{"using":"-android uiautomator","value":"new UiSelector().className(\"android.widget.EditText\").resourceId(\"b7-Input_NamaAsuransi\")"}[39m
[35m[HTTP][39m [37m<-- POST /wd/hub/session/9577b0fd-2187-417e-bf7c-757b54b839e8/elements [39m[32m200[39m [90m703 ms - 12[39m
[35m[HTTP][39m [90m[39m
[35m[HTTP][39m [37m-->[39m [37mPOST[39m [37m/wd/hub/session/9577b0fd-2187-417e-bf7c-757b54b839e8/elements[39m
[35m[HTTP][39m [90m{"using":"-android uiautomator","value":"new UiSelector().className(\"android.widget.EditText\").resourceId(\"b7-Input_NamaAsuransi\")"}[39m
[35m[HTTP][39m [37m<-- POST /wd/hub/session/9577b0fd-2187-417e-bf7c-757b54b839e8/elements [39m[32m200[39m [90m716 ms - 12[39m
[35m[HTTP][39m [90m[39m
[35m[HTTP][39m [37m-->[39m [37mPOST[39m [37m/wd/hub/session/9577b0fd-2187-417e-bf7c-757b54b839e8/elements[39m
[35m[HTTP][39m [90m{"using":"-android uiautomator","value":"new UiSelector().className(\"android.widget.EditText\").resourceId(\"b7-Input_NamaAsuransi\")"}[39m
[35m[HTTP][39m [37m<-- POST /wd/hub/session/9577b0fd-2187-417e-bf7c-757b54b839e8/elements [39m[32m200[39m [90m666 ms - 12[39m
[35m[HTTP][39m [90m[39m
[35m[HTTP][39m [37m-->[39m [37mPOST[39m [37m/wd/hub/session/9577b0fd-2187-417e-bf7c-757b54b839e8/elements[39m
[35m[HTTP][39m [90m{"using":"-android uiautomator","value":"new UiSelector().className(\"android.widget.EditText\").resourceId(\"b7-Input_NamaAsuransi\")"}[39m
[35m[HTTP][39m [37m<-- POST /wd/hub/session/9577b0fd-2187-417e-bf7c-757b54b839e8/elements [39m[32m200[39m [90m671 ms - 12[39m
[35m[HTTP][39m [90m[39m
[35m[HTTP][39m [37m-->[39m [37mPOST[39m [37m/wd/hub/session/9577b0fd-2187-417e-bf7c-757b54b839e8/elements[39m
[35m[HTTP][39m [90m{"using":"-android uiautomator","value":"new UiSelector().className(\"android.widget.EditText\").resourceId(\"b7-Input_NamaAsuransi\")"}[39m
[35m[HTTP][39m [37m<-- POST /wd/hub/session/9577b0fd-2187-417e-bf7c-757b54b839e8/elements [39m[32m200[39m [90m410 ms - 12[39m
[35m[HTTP][39m [90m[39m
[35m[HTTP][39m [37m-->[39m [37mPOST[39m [37m/wd/hub/session/9577b0fd-2187-417e-bf7c-757b54b839e8/elements[39m
[35m[HTTP][39m [90m{"using":"-android uiautomator","value":"new UiSelector().className(\"android.widget.EditText\").resourceId(\"b7-Input_NamaAsuransi\")"}[39m
[35m[HTTP][39m [37m<-- POST /wd/hub/session/9577b0fd-2187-417e-bf7c-757b54b839e8/elements [39m[32m200[39m [90m498 ms - 12[39m
[35m[HTTP][39m [90m[39m
[35m[HTTP][39m [37m-->[39m [37mPOST[39m [37m/wd/hub/session/9577b0fd-2187-417e-bf7c-757b54b839e8/elements[39m
[35m[HTTP][39m [90m{"using":"-android uiautomator","value":"new UiSelector().className(\"android.widget.EditText\").resourceId(\"b7-Input_NamaAsuransi\")"}[39m
[35m[HTTP][39m [37m<-- POST /wd/hub/session/9577b0fd-2187-417e-bf7c-757b54b839e8/elements [39m[32m200[39m [90m690 ms - 12[39m
[35m[HTTP][39m [90m[39m
[35m[HTTP][39m [37m-->[39m [37mPOST[39m [37m/wd/hub/session/9577b0fd-2187-417e-bf7c-757b54b839e8/elements[39m
[35m[HTTP][39m [90m{"using":"-android uiautomator","value":"new UiSelector().className(\"android.widget.EditText\").resourceId(\"b7-Input_NamaAsuransi\")"}[39m
[35m[HTTP][39m [37m<-- POST /wd/hub/session/9577b0fd-2187-417e-bf7c-757b54b839e8/elements [39m[32m200[39m [90m660 ms - 12[39m
[35m[HTTP][39m [90m[39m
[35m[HTTP][39m [37m-->[39m [37mPOST[39m [37m/wd/hub/session/9577b0fd-2187-417e-bf7c-757b54b839e8/elements[39m
[35m[HTTP][39m [90m{"using":"-android uiautomator","value":"new UiSelector().className(\"android.widget.EditText\").resourceId(\"b7-Input_NamaAsuransi\")"}[39m
[35m[HTTP][39m [37m<-- POST /wd/hub/session/9577b0fd-2187-417e-bf7c-757b54b839e8/elements [39m[32m200[39m [90m758 ms - 12[39m
[35m[HTTP][39m [90m[39m
[35m[HTTP][39m [37m-->[39m [37mPOST[39m [37m/wd/hub/session/9577b0fd-2187-417e-bf7c-757b54b839e8/elements[39m
[35m[HTTP][39m [90m{"using":"-android uiautomator","value":"new UiSelector().className(\"android.widget.EditText\").resourceId(\"b7-Input_NamaAsuransi\")"}[39m
[35m[HTTP][39m [37m<-- POST /wd/hub/session/9577b0fd-2187-417e-bf7c-757b54b839e8/elements [39m[32m200[39m [90m702 ms - 12[39m
[35m[HTTP][39m [90m[39m
[35m[HTTP][39m [37m-->[39m [37mPOST[39m [37m/wd/hub/session/9577b0fd-2187-417e-bf7c-757b54b839e8/elements[39m
[35m[HTTP][39m [90m{"using":"-android uiautomator","value":"new UiSelector().className(\"android.widget.EditText\").resourceId(\"b7-Input_NamaAsuransi\")"}[39m
[35m[HTTP][39m [37m<-- POST /wd/hub/session/9577b0fd-2187-417e-bf7c-757b54b839e8/elements [39m[32m200[39m [90m692 ms - 12[39m
[35m[HTTP][39m [90m[39m
[35m[HTTP][39m [37m-->[39m [37mPOST[39m [37m/wd/hub/session/9577b0fd-2187-417e-bf7c-757b54b839e8/elements[39m
[35m[HTTP][39m [90m{"using":"-android uiautomator","value":"new UiSelector().className(\"android.widget.EditText\").resourceId(\"b7-Input_NamaAsuransi\")"}[39m
[35m[HTTP][39m [37m<-- POST /wd/hub/session/9577b0fd-2187-417e-bf7c-757b54b839e8/elements [39m[32m200[39m [90m720 ms - 12[39m
[35m[HTTP][39m [90m[39m
[35m[HTTP][39m [37m-->[39m [37mPOST[39m [37m/wd/hub/session/9577b0fd-2187-417e-bf7c-757b54b839e8/elements[39m
[35m[HTTP][39m [90m{"using":"-android uiautomator","value":"new UiSelector().className(\"android.widget.EditText\").resourceId(\"b7-Input_NamaAsuransi\")"}[39m
[35m[HTTP][39m [37m<-- POST /wd/hub/session/9577b0fd-2187-417e-bf7c-757b54b839e8/elements [39m[32m200[39m [90m680 ms - 12[39m
[35m[HTTP][39m [90m[39m
[35m[HTTP][39m [37m-->[39m [37mPOST[39m [37m/wd/hub/session/9577b0fd-2187-417e-bf7c-757b54b839e8/elements[39m
[35m[HTTP][39m [90m{"using":"-android uiautomator","value":"new UiSelector().className(\"android.widget.EditText\").resourceId(\"b7-Input_NamaAsuransi\")"}[39m
[35m[HTTP][39m [37m<-- POST /wd/hub/session/9577b0fd-2187-417e-bf7c-757b54b839e8/elements [39m[32m200[39m [90m326 ms - 12[39m
[35m[HTTP][39m [90m[39m
[35m[HTTP][39m [37m-->[39m [37mPOST[39m [37m/wd/hub/session/9577b0fd-2187-417e-bf7c-757b54b839e8/elements[39m
[35m[HTTP][39m [90m{"using":"-android uiautomator","value":"new UiSelector().className(\"android.widget.EditText\").resourceId(\"b7-Input_NamaAsuransi\")"}[39m
[35m[HTTP][39m [37m<-- POST /wd/hub/session/9577b0fd-2187-417e-bf7c-757b54b839e8/elements [39m[32m200[39m [90m447 ms - 12[39m
[35m[HTTP][39m [90m[39m
[35m[HTTP][39m [37m-->[39m [37mPOST[39m [37m/wd/hub/session/9577b0fd-2187-417e-bf7c-757b54b839e8/elements[39m
[35m[HTTP][39m [90m{"using":"-android uiautomator","value":"new UiSelector().className(\"android.widget.EditText\").resourceId(\"b7-Input_NamaAsuransi\")"}[39m
[35m[HTTP][39m [37m<-- POST /wd/hub/session/9577b0fd-2187-417e-bf7c-757b54b839e8/elements [39m[32m200[39m [90m583 ms - 12[39m
[35m[HTTP][39m [90m[39m
[35m[HTTP][39m [37m-->[39m [37mPOST[39m [37m/wd/hub/session/9577b0fd-2187-417e-bf7c-757b54b839e8/elements[39m
[35m[HTTP][39m [90m{"using":"-android uiautomator","value":"new UiSelector().className(\"android.widget.EditText\").resourceId(\"b7-Input_NamaAsuransi\")"}[39m
[35m[HTTP][39m [37m<-- POST /wd/hub/session/9577b0fd-2187-417e-bf7c-757b54b839e8/elements [39m[32m200[39m [90m700 ms - 12[39m
[35m[HTTP][39m [90m[39m
[35m[HTTP][39m [37m-->[39m [37mPOST[39m [37m/wd/hub/session/9577b0fd-2187-417e-bf7c-757b54b839e8/elements[39m
[35m[HTTP][39m [90m{"using":"-android uiautomator","value":"new UiSelector().className(\"android.widget.EditText\").resourceId(\"b7-Input_NamaAsuransi\")"}[39m
[35m[HTTP][39m [37m<-- POST /wd/hub/session/9577b0fd-2187-417e-bf7c-757b54b839e8/elements [39m[32m200[39m [90m655 ms - 12[39m
[35m[HTTP][39m [90m[39m
[35m[HTTP][39m [37m-->[39m [37mPOST[39m [37m/wd/hub/session/9577b0fd-2187-417e-bf7c-757b54b839e8/elements[39m
[35m[HTTP][39m [90m{"using":"-android uiautomator","value":"new UiSelector().className(\"android.widget.EditText\").resourceId(\"b7-Input_NamaAsuransi\")"}[39m
[35m[HTTP][39m [37m<-- POST /wd/hub/session/9577b0fd-2187-417e-bf7c-757b54b839e8/elements [39m[32m200[39m [90m659 ms - 12[39m
[35m[HTTP][39m [90m[39m
[35m[HTTP][39m [37m-->[39m [37mPOST[39m [37m/wd/hub/session/9577b0fd-2187-417e-bf7c-757b54b839e8/elements[39m
[35m[HTTP][39m [90m{"using":"-android uiautomator","value":"new UiSelector().className(\"android.widget.EditText\").resourceId(\"b7-Input_NamaAsuransi\")"}[39m
[35m[HTTP][39m [37m<-- POST /wd/hub/session/9577b0fd-2187-417e-bf7c-757b54b839e8/elements [39m[32m200[39m [90m703 ms - 12[39m
[35m[HTTP][39m [90m[39m
[35m[HTTP][39m [37m-->[39m [37mPOST[39m [37m/wd/hub/session/9577b0fd-2187-417e-bf7c-757b54b839e8/elements[39m
[35m[HTTP][39m [90m{"using":"-android uiautomator","value":"new UiSelector().className(\"android.widget.EditText\").resourceId(\"b7-Input_NamaAsuransi\")"}[39m
[35m[HTTP][39m [37m<-- POST /wd/hub/session/9577b0fd-2187-417e-bf7c-757b54b839e8/elements [39m[32m200[39m [90m677 ms - 12[39m
[35m[HTTP][39m [90m[39m
[35m[HTTP][39m [37m-->[39m [37mPOST[39m [37m/wd/hub/session/9577b0fd-2187-417e-bf7c-757b54b839e8/elements[39m
[35m[HTTP][39m [90m{"using":"-android uiautomator","value":"new UiSelector().className(\"android.widget.EditText\").resourceId(\"b7-Input_NamaAsuransi\")"}[39m
[35m[HTTP][39m [37m<-- POST /wd/hub/session/9577b0fd-2187-417e-bf7c-757b54b839e8/elements [39m[32m200[39m [90m1047 ms - 12[39m
[35m[HTTP][39m [90m[39m
[35m[HTTP][39m [37m-->[39m [37mPOST[39m [37m/wd/hub/session/9577b0fd-2187-417e-bf7c-757b54b839e8/elements[39m
[35m[HTTP][39m [90m{"using":"-android uiautomator","value":"new UiSelector().className(\"android.widget.EditText\").resourceId(\"b7-Input_NamaAsuransi\")"}[39m
[35m[HTTP][39m [37m<-- POST /wd/hub/session/9577b0fd-2187-417e-bf7c-757b54b839e8/elements [39m[32m200[39m [90m288 ms - 12[39m
[35m[HTTP][39m [90m[39m
[35m[HTTP][39m [37m-->[39m [37mPOST[39m [37m/wd/hub/session/9577b0fd-2187-417e-bf7c-757b54b839e8/elements[39m
[35m[HTTP][39m [90m{"using":"-android uiautomator","value":"new UiSelector().className(\"android.widget.EditText\").resourceId(\"b7-Input_NamaAsuransi\")"}[39m
[35m[HTTP][39m [37m<-- POST /wd/hub/session/9577b0fd-2187-417e-bf7c-757b54b839e8/elements [39m[32m200[39m [90m421 ms - 12[39m
[35m[HTTP][39m [90m[39m
[35m[HTTP][39m [37m-->[39m [37mPOST[39m [37m/wd/hub/session/9577b0fd-2187-417e-bf7c-757b54b839e8/elements[39m
[35m[HTTP][39m [90m{"using":"-android uiautomator","value":"new UiSelector().className(\"android.widget.EditText\").resourceId(\"b7-Input_NamaAsuransi\")"}[39m
[35m[HTTP][39m [37m<-- POST /wd/hub/session/9577b0fd-2187-417e-bf7c-757b54b839e8/elements [39m[32m200[39m [90m581 ms - 12[39m
[35m[HTTP][39m [90m[39m
[35m[HTTP][39m [37m-->[39m [37mPOST[39m [37m/wd/hub/session/9577b0fd-2187-417e-bf7c-757b54b839e8/elements[39m
[35m[HTTP][39m [90m{"using":"-android uiautomator","value":"new UiSelector().className(\"android.widget.EditText\").resourceId(\"b7-Input_NamaAsuransi\")"}[39m
[35m[HTTP][39m [37m<-- POST /wd/hub/session/9577b0fd-2187-417e-bf7c-757b54b839e8/elements [39m[32m200[39m [90m705 ms - 12[39m
[35m[HTTP][39m [90m[39m
[35m[HTTP][39m [37m-->[39m [37mPOST[39m [37m/wd/hub/session/9577b0fd-2187-417e-bf7c-757b54b839e8/elements[39m
[35m[HTTP][39m [90m{"using":"-android uiautomator","value":"new UiSelector().className(\"android.widget.EditText\").resourceId(\"b7-Input_NamaAsuransi\")"}[39m
[35m[HTTP][39m [37m<-- POST /wd/hub/session/9577b0fd-2187-417e-bf7c-757b54b839e8/elements [39m[32m200[39m [90m606 ms - 12[39m
[35m[HTTP][39m [90m[39m
[35m[HTTP][39m [37m-->[39m [37mPOST[39m [37m/wd/hub/session/9577b0fd-2187-417e-bf7c-757b54b839e8/elements[39m
[35m[HTTP][39m [90m{"using":"-android uiautomator","value":"new UiSelector().className(\"android.widget.EditText\").resourceId(\"b7-Input_NamaAsuransi\")"}[39m
[35m[HTTP][39m [37m<-- POST /wd/hub/session/9577b0fd-2187-417e-bf7c-757b54b839e8/elements [39m[32m200[39m [90m684 ms - 12[39m
[35m[HTTP][39m [90m[39m
[35m[HTTP][39m [37m-->[39m [37mPOST[39m [37m/wd/hub/session/9577b0fd-2187-417e-bf7c-757b54b839e8/elements[39m
[35m[HTTP][39m [90m{"using":"-android uiautomator","value":"new UiSelector().className(\"android.widget.EditText\").resourceId(\"b7-Input_NamaAsuransi\")"}[39m
[35m[HTTP][39m [37m<-- POST /wd/hub/session/9577b0fd-2187-417e-bf7c-757b54b839e8/elements [39m[32m200[39m [90m684 ms - 12[39m
[35m[HTTP][39m [90m[39m
[35m[HTTP][39m [37m-->[39m [37mPOST[39m [37m/wd/hub/session/9577b0fd-2187-417e-bf7c-757b54b839e8/elements[39m
[35m[HTTP][39m [90m{"using":"-android uiautomator","value":"new UiSelector().className(\"android.widget.EditText\").resourceId(\"b7-Input_NamaAsuransi\")"}[39m
[35m[HTTP][39m [37m<-- POST /wd/hub/session/9577b0fd-2187-417e-bf7c-757b54b839e8/elements [39m[32m200[39m [90m692 ms - 12[39m
[35m[HTTP][39m [90m[39m
[35m[HTTP][39m [37m-->[39m [37mPOST[39m [37m/wd/hub/session/9577b0fd-2187-417e-bf7c-757b54b839e8/elements[39m
[35m[HTTP][39m [90m{"using":"-android uiautomator","value":"new UiSelector().className(\"android.widget.EditText\").resourceId(\"b7-Input_NamaAsuransi\")"}[39m
[35m[HTTP][39m [37m<-- POST /wd/hub/session/9577b0fd-2187-417e-bf7c-757b54b839e8/elements [39m[32m200[39m [90m559 ms - 12[39m
[35m[HTTP][39m [90m[39m
[35m[HTTP][39m [37m-->[39m [37mPOST[39m [37m/wd/hub/session/9577b0fd-2187-417e-bf7c-757b54b839e8/timeouts[39m
[35m[HTTP][39m [90m{"implicit":30000}[39m
[35m[HTTP][39m [37m<-- POST /wd/hub/session/9577b0fd-2187-417e-bf7c-757b54b839e8/timeouts [39m[32m200[39m [90m7 ms - 14[39m
[35m[HTTP][39m [90m[39m
[35m[HTTP][39m [37m-->[39m [37mGET[39m [37m/wd/hub/session/9577b0fd-2187-417e-bf7c-757b54b839e8/context[39m
[35m[HTTP][39m [90m{}[39m
[35m[HTTP][39m [37m<-- GET /wd/hub/session/9577b0fd-2187-417e-bf7c-757b54b839e8/context [39m[32m200[39m [90m7 ms - 22[39m
[35m[HTTP][39m [90m[39m
[35m[HTTP][39m [37m-->[39m [37mGET[39m [37m/wd/hub/session/9577b0fd-2187-417e-bf7c-757b54b839e8/contexts[39m
[35m[HTTP][39m [90m{}[39m
[35m[HTTP][39m [37m<-- GET /wd/hub/session/9577b0fd-2187-417e-bf7c-757b54b839e8/contexts [39m[32m200[39m [90m1142 ms - 80[39m
[35m[HTTP][39m [90m[39m
[35m[HTTP][39m [37m-->[39m [37mPOST[39m [37m/wd/hub/session/9577b0fd-2187-417e-bf7c-757b54b839e8/context[39m
[35m[HTTP][39m [90m{"name":"NATIVE_APP"}[39m
[35m[HTTP][39m [37m<-- POST /wd/hub/session/9577b0fd-2187-417e-bf7c-757b54b839e8/context [39m[32m200[39m [90m4 ms - 14[39m
[35m[HTTP][39m [90m[39m
[35m[HTTP][39m [37m-->[39m [37mGET[39m [37m/wd/hub/session/9577b0fd-2187-417e-bf7c-757b54b839e8/screenshot[39m
[35m[HTTP][39m [90m{}[39m
[35m[HTTP][39m [37m<-- GET /wd/hub/session/9577b0fd-2187-417e-bf7c-757b54b839e8/screenshot [39m[32m200[39m [90m803 ms - 173140[39m
[35m[HTTP][39m [90m[39m
[35m[HTTP][39m [37m-->[39m [37mPOST[39m [37m/wd/hub/session/9577b0fd-2187-417e-bf7c-757b54b839e8/context[39m
[35m[HTTP][39m [90m{"name":"NATIVE_APP"}[39m
[35m[HTTP][39m [37m<-- POST /wd/hub/session/9577b0fd-2187-417e-bf7c-757b54b839e8/context [39m[32m200[39m [90m3 ms - 14[39m
[35m[HTTP][39m [90m[39m
[35m[HTTP][39m [37m-->[39m [37mGET[39m [37m/wd/hub/session/9577b0fd-2187-417e-bf7c-757b54b839e8/context[39m
[35m[HTTP][39m [90m{}[39m
[35m[HTTP][39m [37m<-- GET /wd/hub/session/9577b0fd-2187-417e-bf7c-757b54b839e8/context [39m[32m200[39m [90m3 ms - 22[39m
[35m[HTTP][39m [90m[39m
[35m[HTTP][39m [37m-->[39m [37mGET[39m [37m/wd/hub/session/9577b0fd-2187-417e-bf7c-757b54b839e8/contexts[39m
[35m[HTTP][39m [90m{}[39m
[35m[HTTP][39m [37m<-- GET /wd/hub/session/9577b0fd-2187-417e-bf7c-757b54b839e8/contexts [39m[32m200[39m [90m1051 ms - 80[39m
[35m[HTTP][39m [90m[39m
[35m[HTTP][39m [37m-->[39m [37mPOST[39m [37m/wd/hub/session/9577b0fd-2187-417e-bf7c-757b54b839e8/context[39m
[35m[HTTP][39m [90m{"name":"NATIVE_APP"}[39m
[35m[HTTP][39m [37m<-- POST /wd/hub/session/9577b0fd-2187-417e-bf7c-757b54b839e8/context [39m[32m200[39m [90m4 ms - 14[39m
[35m[HTTP][39m [90m[39m
[35m[HTTP][39m [37m-->[39m [37mGET[39m [37m/wd/hub/session/9577b0fd-2187-417e-bf7c-757b54b839e8/screenshot[39m
[35m[HTTP][39m [90m{}[39m
[35m[HTTP][39m [37m<-- GET /wd/hub/session/9577b0fd-2187-417e-bf7c-757b54b839e8/screenshot [39m[32m200[39m [90m724 ms - 173140[39m
[35m[HTTP][39m [90m[39m
[35m[HTTP][39m [37m-->[39m [37mPOST[39m [37m/wd/hub/session/9577b0fd-2187-417e-bf7c-757b54b839e8/context[39m
[35m[HTTP][39m [90m{"name":"NATIVE_APP"}[39m
[35m[HTTP][39m [37m<-- POST /wd/hub/session/9577b0fd-2187-417e-bf7c-757b54b839e8/context [39m[32m200[39m [90m4 ms - 14[39m
[35m[HTTP][39m [90m[39m
[35m[HTTP][39m [37m-->[39m [37mDELETE[39m [37m/wd/hub/session/9577b0fd-2187-417e-bf7c-757b54b839e8[39m
[35m[HTTP][39m [90m{}[39m
[35m[Appium][39m Removing session 9577b0fd-2187-417e-bf7c-757b54b839e8 from our master session list
[35m[UiAutomator2][39m Restoring hidden api policy to the device default configuration
[35m[HTTP][39m [37m<-- DELETE /wd/hub/session/9577b0fd-2187-417e-bf7c-757b54b839e8 [39m[32m200[39m [90m2765 ms - 14[39m
[35m[HTTP][39m [90m[39m
