[35m[Appium][39m Welcome to Appium v1.12.1
[35m[Appium][39m Non-default server args:
[35m[Appium][39m   port: 56725
[35m[Appium][39m   loglevel: info
[35m[Appium][39m   chromeDriverPort: 56727
[35m[Appium][39m   tmpDir: C:\Users\15420\AppData\Local\Temp\\Katalon\Appium\Temp1574317412211
[35m[Appium][39m Appium REST http interface listener started on 0.0.0.0:56725
[35m[HTTP][39m [37m-->[39m [37mGET[39m [37m/wd/hub/status[39m
[35m[HTTP][39m [90m{}[39m
[35m[HTTP][39m [37m<-- GET /wd/hub/status [39m[32m200[39m [90m17 ms - 68[39m
[35m[HTTP][39m [90m[39m
[35m[HTTP][39m [37m-->[39m [37mPOST[39m [37m/wd/hub/session[39m
[35m[HTTP][39m [90m{"desiredCapabilities":{"app":"C:\\Users\\15420\\git\\ACCME-Dupcheck\\AccMe.apk","noReset":true,"deviceId":"","deviceName":"samsung SM-A505F (Android 9)","fullReset":false,"platform":"ANDROID","newCommandTimeout":1800,"platformVersion":"9","automationName":"uiautomator2","autoGrantPermissions":true,"unicodeKeyboard":true,"platformName":"Android","udid":"RR8M30NJT6T","resetKeyboard":true,"systemPort":56724},"capabilities":{"firstMatch":[{"appium:app":"C:\\Users\\15420\\git\\ACCME-Dupcheck\\AccMe.apk","appium:autoGrantPermissions":true,"appium:automationName":"uiautomator2","deviceId":"","appium:deviceName":"samsung SM-A505F (Android 9)","appium:fullReset":false,"appium:newCommandTimeout":1800,"appium:noReset":true,"platform":"ANDROID","platformName":"android","appium:platformVersion":"9","appium:resetKeyboard":true,"appium:systemPort":56724,"appium:udid":"RR8M30NJT6T","appium:unicodeKeyboard":true}]}}[39m
[35m[BaseDriver][39m The capabilities ["deviceId","platform"] are not standard capabilities and should have an extension prefix
[35m[Appium][39m Appium v1.12.1 creating new AndroidUiautomator2Driver (v1.33.0) session
[35m[Appium][39m Capabilities:
[35m[Appium][39m   deviceId: 
[35m[Appium][39m   platform: ANDROID
[35m[Appium][39m   platformName: android
[35m[Appium][39m   app: C:\Users\15420\git\ACCME-Dupcheck\AccMe.apk
[35m[Appium][39m   autoGrantPermissions: true
[35m[Appium][39m   automationName: uiautomator2
[35m[Appium][39m   deviceName: samsung SM-A505F (Android 9)
[35m[Appium][39m   fullReset: false
[35m[Appium][39m   newCommandTimeout: 1800
[35m[Appium][39m   noReset: true
[35m[Appium][39m   platformVersion: 9
[35m[Appium][39m   resetKeyboard: true
[35m[Appium][39m   systemPort: 56724
[35m[Appium][39m   udid: RR8M30NJT6T
[35m[Appium][39m   unicodeKeyboard: true
[35m[BaseDriver][39m The following capabilities were provided, but are not recognized by appium: deviceId, platform.
[35m[BaseDriver][39m Session created with session id: 2cddbb17-9abb-4eb3-b8a9-50cb5be97613
[35m[BaseDriver][39m Using local app 'C:\Users\15420\git\ACCME-Dupcheck\AccMe.apk'
[35m[ADB][39m Checking whether adb is present
[35m[ADB][39m Found 1 'build-tools' folders under 'C:\Users\15420\.katalon\tools\android_sdk' (newest first):
[35m[ADB][39m     C:/Users/15420/.katalon/tools/android_sdk/build-tools/29.0.2
[35m[ADB][39m Using adb.exe from C:\Users\15420\.katalon\tools\android_sdk\platform-tools\adb.exe
[35m[AndroidDriver][39m Retrieving device list
[35m[AndroidDriver][39m Using device: RR8M30NJT6T
[35m[UiAutomator2][39m Relaxing hidden api policy
[35m[ADB][39m Using the alternative activity name detection method because of: Could not find apkanalyzer.bat in C:\Users\15420\.katalon\tools\android_sdk\platform-tools\apkanalyzer.bat,C:\Users\15420\.katalon\tools\android_sdk\emulator\apkanalyzer.bat,C:\Users\15420\.katalon\tools\android_sdk\tools\apkanalyzer.bat,C:\Users\15420\.katalon\tools\android_sdk\tools\bin\apkanalyzer.bat,C:\Users\15420\.katalon\tools\android_sdk\build-tools\29.0.2\apkanalyzer.bat. Do you have the Android SDK installed at 'C:\Users\15420\.katalon\tools\android_sdk'?
[35m[ADB][39m Checking whether aapt is present
[35m[ADB][39m Using aapt.exe from C:\Users\15420\.katalon\tools\android_sdk\build-tools\29.0.2\aapt.exe
[35m[ADB][39m Extracting package and launch activity from manifest
[35m[ADB][39m Package name: 'com.outsystemsenterprise.accdev1.AccMeMobile2'
[35m[ADB][39m Main activity name: 'com.outsystemsenterprise.accdev1.AccMeMobile2.MainActivity'
[35m[ADB][39m Using apksigner.bat from C:\Users\15420\.katalon\tools\android_sdk\build-tools\29.0.2\apksigner.bat
[35m[UiAutomator2][39m Server packages are not going to be (re)installed
[35m[UiAutomator2][39m Starting UIAutomator2 server 3.4.0
[35m[UiAutomator2][39m Using UIAutomator2 server from 'C:\Users\15420\AppData\Roaming\npm\node_modules\appium\node_modules\appium-uiautomator2-server\apks\appium-uiautomator2-server-v3.4.0.apk' and test from 'C:\Users\15420\AppData\Roaming\npm\node_modules\appium\node_modules\appium-uiautomator2-server\apks\appium-uiautomator2-server-debug-androidTest.apk'
[35m[UiAutomator2][39m Waiting up to 30000ms for UiAutomator2 to be online...
[35m[WD Proxy][39m Got an unexpected response: {"code":"ECONNRESET"}
[35m[WD Proxy][39m Got an unexpected response: {"code":"ECONNRESET"}
[35m[WD Proxy][39m Got an unexpected response: {"code":"ECONNRESET"}
[35m[AndroidDriver][39m Screen already unlocked, doing nothing
[35m[UiAutomator2][39m UiAutomator2 did not start the activity we were waiting for, 'com.outsystemsenterprise.accdev1.AccMeMobile2/com.outsystemsenterprise.accdev1.AccMeMobile2.MainActivity'. Starting it ourselves
[35m[Appium][39m New AndroidUiautomator2Driver session created successfully, session 2cddbb17-9abb-4eb3-b8a9-50cb5be97613 added to master session list
[35m[HTTP][39m [37m<-- POST /wd/hub/session [39m[32m200[39m [90m39256 ms - 1340[39m
[35m[HTTP][39m [90m[39m
[35m[HTTP][39m [37m-->[39m [37mGET[39m [37m/wd/hub/session/2cddbb17-9abb-4eb3-b8a9-50cb5be97613[39m
[35m[HTTP][39m [90m{}[39m
[35m[HTTP][39m [37m<-- GET /wd/hub/session/2cddbb17-9abb-4eb3-b8a9-50cb5be97613 [39m[32m200[39m [90m70 ms - 1272[39m
[35m[HTTP][39m [90m[39m
[35m[HTTP][39m [37m-->[39m [37mGET[39m [37m/wd/hub/session/2cddbb17-9abb-4eb3-b8a9-50cb5be97613[39m
[35m[HTTP][39m [90m{}[39m
[35m[HTTP][39m [37m<-- GET /wd/hub/session/2cddbb17-9abb-4eb3-b8a9-50cb5be97613 [39m[32m200[39m [90m62 ms - 1272[39m
[35m[HTTP][39m [90m[39m
[35m[HTTP][39m [37m-->[39m [37mGET[39m [37m/wd/hub/status[39m
[35m[HTTP][39m [90m{}[39m
[35m[HTTP][39m [37m<-- GET /wd/hub/status [39m[32m200[39m [90m2 ms - 68[39m
[35m[HTTP][39m [90m[39m
[35m[HTTP][39m [37m-->[39m [37mPOST[39m [37m/wd/hub/session/2cddbb17-9abb-4eb3-b8a9-50cb5be97613/timeouts[39m
[35m[HTTP][39m [90m{"implicit":30000}[39m
[35m[HTTP][39m [37m<-- POST /wd/hub/session/2cddbb17-9abb-4eb3-b8a9-50cb5be97613/timeouts [39m[32m200[39m [90m9 ms - 14[39m
[35m[HTTP][39m [90m[39m
[35m[HTTP][39m [37m-->[39m [37mPOST[39m [37m/wd/hub/session/2cddbb17-9abb-4eb3-b8a9-50cb5be97613/timeouts[39m
[35m[HTTP][39m [90m{"implicit":50}[39m
[35m[HTTP][39m [37m<-- POST /wd/hub/session/2cddbb17-9abb-4eb3-b8a9-50cb5be97613/timeouts [39m[32m200[39m [90m4 ms - 14[39m
[35m[HTTP][39m [90m[39m
[35m[HTTP][39m [37m-->[39m [37mGET[39m [37m/wd/hub/session/2cddbb17-9abb-4eb3-b8a9-50cb5be97613/window/rect[39m
[35m[HTTP][39m [90m{}[39m
[35m[HTTP][39m [37m<-- GET /wd/hub/session/2cddbb17-9abb-4eb3-b8a9-50cb5be97613/window/rect [39m[32m200[39m [90m86 ms - 50[39m
[35m[HTTP][39m [90m[39m
[35m[HTTP][39m [37m-->[39m [37mPOST[39m [37m/wd/hub/session/2cddbb17-9abb-4eb3-b8a9-50cb5be97613/elements[39m
[35m[HTTP][39m [90m{"using":"-android uiautomator","value":"new UiSelector().className(\"android.widget.Image\").text(\"AccMeTheme.creditsimulationsicon\")"}[39m
[35m[HTTP][39m [37m<-- POST /wd/hub/session/2cddbb17-9abb-4eb3-b8a9-50cb5be97613/elements [39m[32m200[39m [90m159 ms - 12[39m
[35m[HTTP][39m [90m[39m
[35m[HTTP][39m [37m-->[39m [37mPOST[39m [37m/wd/hub/session/2cddbb17-9abb-4eb3-b8a9-50cb5be97613/elements[39m
[35m[HTTP][39m [90m{"using":"-android uiautomator","value":"new UiSelector().className(\"android.widget.Image\").text(\"AccMeTheme.creditsimulationsicon\")"}[39m
[35m[HTTP][39m [37m<-- POST /wd/hub/session/2cddbb17-9abb-4eb3-b8a9-50cb5be97613/elements [39m[32m200[39m [90m1776 ms - 12[39m
[35m[HTTP][39m [90m[39m
[35m[HTTP][39m [37m-->[39m [37mPOST[39m [37m/wd/hub/session/2cddbb17-9abb-4eb3-b8a9-50cb5be97613/elements[39m
[35m[HTTP][39m [90m{"using":"-android uiautomator","value":"new UiSelector().className(\"android.widget.Image\").text(\"AccMeTheme.creditsimulationsicon\")"}[39m
[35m[HTTP][39m [37m<-- POST /wd/hub/session/2cddbb17-9abb-4eb3-b8a9-50cb5be97613/elements [39m[32m200[39m [90m504 ms - 12[39m
[35m[HTTP][39m [90m[39m
[35m[HTTP][39m [37m-->[39m [37mPOST[39m [37m/wd/hub/session/2cddbb17-9abb-4eb3-b8a9-50cb5be97613/elements[39m
[35m[HTTP][39m [90m{"using":"-android uiautomator","value":"new UiSelector().className(\"android.widget.Image\").text(\"AccMeTheme.creditsimulationsicon\")"}[39m
[35m[HTTP][39m [37m<-- POST /wd/hub/session/2cddbb17-9abb-4eb3-b8a9-50cb5be97613/elements [39m[32m200[39m [90m1845 ms - 139[39m
[35m[HTTP][39m [90m[39m
[35m[HTTP][39m [37m-->[39m [37mGET[39m [37m/wd/hub/session/2cddbb17-9abb-4eb3-b8a9-50cb5be97613/element/27d3892a-a897-4c4a-b68b-60fa6d959390/location[39m
[35m[HTTP][39m [90m{}[39m
[35m[W3C (2cddbb17)][39m Driver proxy active, passing request on via HTTP proxy
[35m[WD Proxy][39m Replacing sessionId 6d302140-3cd5-4e68-971c-af0b52c8cb5f with 2cddbb17-9abb-4eb3-b8a9-50cb5be97613
[35m[HTTP][39m [37m<-- GET /wd/hub/session/2cddbb17-9abb-4eb3-b8a9-50cb5be97613/element/27d3892a-a897-4c4a-b68b-60fa6d959390/location [39m[32m200[39m [90m157 ms - 89[39m
[35m[HTTP][39m [90m[39m
[35m[HTTP][39m [37m-->[39m [37mPOST[39m [37m/wd/hub/session/2cddbb17-9abb-4eb3-b8a9-50cb5be97613/timeouts[39m
[35m[HTTP][39m [90m{"implicit":30000}[39m
[35m[HTTP][39m [37m<-- POST /wd/hub/session/2cddbb17-9abb-4eb3-b8a9-50cb5be97613/timeouts [39m[32m200[39m [90m8 ms - 14[39m
[35m[HTTP][39m [90m[39m
[35m[HTTP][39m [37m-->[39m [37mPOST[39m [37m/wd/hub/session/2cddbb17-9abb-4eb3-b8a9-50cb5be97613/timeouts[39m
[35m[HTTP][39m [90m{"implicit":50}[39m
[35m[HTTP][39m [37m<-- POST /wd/hub/session/2cddbb17-9abb-4eb3-b8a9-50cb5be97613/timeouts [39m[32m200[39m [90m5 ms - 14[39m
[35m[HTTP][39m [90m[39m
[35m[HTTP][39m [37m-->[39m [37mGET[39m [37m/wd/hub/session/2cddbb17-9abb-4eb3-b8a9-50cb5be97613/window/rect[39m
[35m[HTTP][39m [90m{}[39m
[35m[HTTP][39m [37m<-- GET /wd/hub/session/2cddbb17-9abb-4eb3-b8a9-50cb5be97613/window/rect [39m[32m200[39m [90m54 ms - 50[39m
[35m[HTTP][39m [90m[39m
[35m[HTTP][39m [37m-->[39m [37mPOST[39m [37m/wd/hub/session/2cddbb17-9abb-4eb3-b8a9-50cb5be97613/elements[39m
[35m[HTTP][39m [90m{"using":"-android uiautomator","value":"new UiSelector().className(\"android.widget.Image\").text(\"AccMeTheme.creditsimulationsicon\")"}[39m
[35m[HTTP][39m [37m<-- POST /wd/hub/session/2cddbb17-9abb-4eb3-b8a9-50cb5be97613/elements [39m[32m200[39m [90m558 ms - 139[39m
[35m[HTTP][39m [90m[39m
[35m[HTTP][39m [37m-->[39m [37mGET[39m [37m/wd/hub/session/2cddbb17-9abb-4eb3-b8a9-50cb5be97613/element/694c7302-f820-4ba7-9065-4998e76b5722/location[39m
[35m[HTTP][39m [90m{}[39m
[35m[W3C (2cddbb17)][39m Driver proxy active, passing request on via HTTP proxy
[35m[WD Proxy][39m Replacing sessionId 6d302140-3cd5-4e68-971c-af0b52c8cb5f with 2cddbb17-9abb-4eb3-b8a9-50cb5be97613
[35m[HTTP][39m [37m<-- GET /wd/hub/session/2cddbb17-9abb-4eb3-b8a9-50cb5be97613/element/694c7302-f820-4ba7-9065-4998e76b5722/location [39m[32m200[39m [90m212 ms - 89[39m
[35m[HTTP][39m [90m[39m
[35m[HTTP][39m [37m-->[39m [37mPOST[39m [37m/wd/hub/session/2cddbb17-9abb-4eb3-b8a9-50cb5be97613/timeouts[39m
[35m[HTTP][39m [90m{"implicit":30000}[39m
[35m[HTTP][39m [37m<-- POST /wd/hub/session/2cddbb17-9abb-4eb3-b8a9-50cb5be97613/timeouts [39m[32m200[39m [90m4 ms - 14[39m
[35m[HTTP][39m [90m[39m
[35m[HTTP][39m [37m-->[39m [37mPOST[39m [37m/wd/hub/session/2cddbb17-9abb-4eb3-b8a9-50cb5be97613/touch/perform[39m
[35m[HTTP][39m [90m{"actions":[{"action":"tap","options":{"x":1,"y":1,"element":"694c7302-f820-4ba7-9065-4998e76b5722"}},{"action":"release","options":{}}]}[39m
[35m[UiAutomator2][39m calling get location: 694c7302-f820-4ba7-9065-4998e76b5722
[35m[HTTP][39m [37m<-- POST /wd/hub/session/2cddbb17-9abb-4eb3-b8a9-50cb5be97613/touch/perform [39m[32m200[39m [90m1283 ms - 14[39m
[35m[HTTP][39m [90m[39m
[35m[HTTP][39m [37m-->[39m [37mPOST[39m [37m/wd/hub/session/2cddbb17-9abb-4eb3-b8a9-50cb5be97613/timeouts[39m
[35m[HTTP][39m [90m{"implicit":50}[39m
[35m[HTTP][39m [37m<-- POST /wd/hub/session/2cddbb17-9abb-4eb3-b8a9-50cb5be97613/timeouts [39m[32m200[39m [90m5 ms - 14[39m
[35m[HTTP][39m [90m[39m
[35m[HTTP][39m [37m-->[39m [37mGET[39m [37m/wd/hub/session/2cddbb17-9abb-4eb3-b8a9-50cb5be97613/window/rect[39m
[35m[HTTP][39m [90m{}[39m
[35m[HTTP][39m [37m<-- GET /wd/hub/session/2cddbb17-9abb-4eb3-b8a9-50cb5be97613/window/rect [39m[32m200[39m [90m60 ms - 50[39m
[35m[HTTP][39m [90m[39m
[35m[HTTP][39m [37m-->[39m [37mPOST[39m [37m/wd/hub/session/2cddbb17-9abb-4eb3-b8a9-50cb5be97613/elements[39m
[35m[HTTP][39m [90m{"using":"-android uiautomator","value":"new UiSelector().className(\"android.widget.Button\").text(\"New Car\").resourceId(\"b7-ButtonGroupItem1\")"}[39m
[35m[HTTP][39m [37m<-- POST /wd/hub/session/2cddbb17-9abb-4eb3-b8a9-50cb5be97613/elements [39m[32m200[39m [90m489 ms - 12[39m
[35m[HTTP][39m [90m[39m
[35m[HTTP][39m [37m-->[39m [37mPOST[39m [37m/wd/hub/session/2cddbb17-9abb-4eb3-b8a9-50cb5be97613/elements[39m
[35m[HTTP][39m [90m{"using":"-android uiautomator","value":"new UiSelector().className(\"android.widget.Button\").text(\"New Car\").resourceId(\"b7-ButtonGroupItem1\")"}[39m
[35m[HTTP][39m [37m<-- POST /wd/hub/session/2cddbb17-9abb-4eb3-b8a9-50cb5be97613/elements [39m[32m200[39m [90m266 ms - 12[39m
[35m[HTTP][39m [90m[39m
[35m[HTTP][39m [37m-->[39m [37mPOST[39m [37m/wd/hub/session/2cddbb17-9abb-4eb3-b8a9-50cb5be97613/elements[39m
[35m[HTTP][39m [90m{"using":"-android uiautomator","value":"new UiSelector().className(\"android.widget.Button\").text(\"New Car\").resourceId(\"b7-ButtonGroupItem1\")"}[39m
[35m[HTTP][39m [37m<-- POST /wd/hub/session/2cddbb17-9abb-4eb3-b8a9-50cb5be97613/elements [39m[32m200[39m [90m349 ms - 12[39m
[35m[HTTP][39m [90m[39m
[35m[HTTP][39m [37m-->[39m [37mPOST[39m [37m/wd/hub/session/2cddbb17-9abb-4eb3-b8a9-50cb5be97613/elements[39m
[35m[HTTP][39m [90m{"using":"-android uiautomator","value":"new UiSelector().className(\"android.widget.Button\").text(\"New Car\").resourceId(\"b7-ButtonGroupItem1\")"}[39m
[35m[HTTP][39m [37m<-- POST /wd/hub/session/2cddbb17-9abb-4eb3-b8a9-50cb5be97613/elements [39m[32m200[39m [90m489 ms - 12[39m
[35m[HTTP][39m [90m[39m
[35m[HTTP][39m [37m-->[39m [37mPOST[39m [37m/wd/hub/session/2cddbb17-9abb-4eb3-b8a9-50cb5be97613/elements[39m
[35m[HTTP][39m [90m{"using":"-android uiautomator","value":"new UiSelector().className(\"android.widget.Button\").text(\"New Car\").resourceId(\"b7-ButtonGroupItem1\")"}[39m
[35m[HTTP][39m [37m<-- POST /wd/hub/session/2cddbb17-9abb-4eb3-b8a9-50cb5be97613/elements [39m[32m200[39m [90m2255 ms - 12[39m
[35m[HTTP][39m [90m[39m
[35m[HTTP][39m [37m-->[39m [37mPOST[39m [37m/wd/hub/session/2cddbb17-9abb-4eb3-b8a9-50cb5be97613/elements[39m
[35m[HTTP][39m [90m{"using":"-android uiautomator","value":"new UiSelector().className(\"android.widget.Button\").text(\"New Car\").resourceId(\"b7-ButtonGroupItem1\")"}[39m
[35m[HTTP][39m [37m<-- POST /wd/hub/session/2cddbb17-9abb-4eb3-b8a9-50cb5be97613/elements [39m[32m200[39m [90m902 ms - 12[39m
[35m[HTTP][39m [90m[39m
[35m[HTTP][39m [37m-->[39m [37mPOST[39m [37m/wd/hub/session/2cddbb17-9abb-4eb3-b8a9-50cb5be97613/elements[39m
[35m[HTTP][39m [90m{"using":"-android uiautomator","value":"new UiSelector().className(\"android.widget.Button\").text(\"New Car\").resourceId(\"b7-ButtonGroupItem1\")"}[39m
[35m[HTTP][39m [37m<-- POST /wd/hub/session/2cddbb17-9abb-4eb3-b8a9-50cb5be97613/elements [39m[32m200[39m [90m796 ms - 12[39m
[35m[HTTP][39m [90m[39m
[35m[HTTP][39m [37m-->[39m [37mPOST[39m [37m/wd/hub/session/2cddbb17-9abb-4eb3-b8a9-50cb5be97613/elements[39m
[35m[HTTP][39m [90m{"using":"-android uiautomator","value":"new UiSelector().className(\"android.widget.Button\").text(\"New Car\").resourceId(\"b7-ButtonGroupItem1\")"}[39m
[35m[HTTP][39m [37m<-- POST /wd/hub/session/2cddbb17-9abb-4eb3-b8a9-50cb5be97613/elements [39m[32m200[39m [90m940 ms - 12[39m
[35m[HTTP][39m [90m[39m
[35m[HTTP][39m [37m-->[39m [37mPOST[39m [37m/wd/hub/session/2cddbb17-9abb-4eb3-b8a9-50cb5be97613/elements[39m
[35m[HTTP][39m [90m{"using":"-android uiautomator","value":"new UiSelector().className(\"android.widget.Button\").text(\"New Car\").resourceId(\"b7-ButtonGroupItem1\")"}[39m
[35m[HTTP][39m [37m<-- POST /wd/hub/session/2cddbb17-9abb-4eb3-b8a9-50cb5be97613/elements [39m[32m200[39m [90m884 ms - 12[39m
[35m[HTTP][39m [90m[39m
[35m[HTTP][39m [37m-->[39m [37mPOST[39m [37m/wd/hub/session/2cddbb17-9abb-4eb3-b8a9-50cb5be97613/elements[39m
[35m[HTTP][39m [90m{"using":"-android uiautomator","value":"new UiSelector().className(\"android.widget.Button\").text(\"New Car\").resourceId(\"b7-ButtonGroupItem1\")"}[39m
[35m[HTTP][39m [37m<-- POST /wd/hub/session/2cddbb17-9abb-4eb3-b8a9-50cb5be97613/elements [39m[32m200[39m [90m859 ms - 12[39m
[35m[HTTP][39m [90m[39m
[35m[HTTP][39m [37m-->[39m [37mPOST[39m [37m/wd/hub/session/2cddbb17-9abb-4eb3-b8a9-50cb5be97613/elements[39m
[35m[HTTP][39m [90m{"using":"-android uiautomator","value":"new UiSelector().className(\"android.widget.Button\").text(\"New Car\").resourceId(\"b7-ButtonGroupItem1\")"}[39m
[35m[HTTP][39m [37m<-- POST /wd/hub/session/2cddbb17-9abb-4eb3-b8a9-50cb5be97613/elements [39m[32m200[39m [90m821 ms - 12[39m
[35m[HTTP][39m [90m[39m
[35m[HTTP][39m [37m-->[39m [37mPOST[39m [37m/wd/hub/session/2cddbb17-9abb-4eb3-b8a9-50cb5be97613/elements[39m
[35m[HTTP][39m [90m{"using":"-android uiautomator","value":"new UiSelector().className(\"android.widget.Button\").text(\"New Car\").resourceId(\"b7-ButtonGroupItem1\")"}[39m
[35m[HTTP][39m [37m<-- POST /wd/hub/session/2cddbb17-9abb-4eb3-b8a9-50cb5be97613/elements [39m[32m200[39m [90m783 ms - 12[39m
[35m[HTTP][39m [90m[39m
[35m[HTTP][39m [37m-->[39m [37mPOST[39m [37m/wd/hub/session/2cddbb17-9abb-4eb3-b8a9-50cb5be97613/elements[39m
[35m[HTTP][39m [90m{"using":"-android uiautomator","value":"new UiSelector().className(\"android.widget.Button\").text(\"New Car\").resourceId(\"b7-ButtonGroupItem1\")"}[39m
[35m[HTTP][39m [37m<-- POST /wd/hub/session/2cddbb17-9abb-4eb3-b8a9-50cb5be97613/elements [39m[32m200[39m [90m604 ms - 12[39m
[35m[HTTP][39m [90m[39m
[35m[HTTP][39m [37m-->[39m [37mPOST[39m [37m/wd/hub/session/2cddbb17-9abb-4eb3-b8a9-50cb5be97613/elements[39m
[35m[HTTP][39m [90m{"using":"-android uiautomator","value":"new UiSelector().className(\"android.widget.Button\").text(\"New Car\").resourceId(\"b7-ButtonGroupItem1\")"}[39m
[35m[HTTP][39m [37m<-- POST /wd/hub/session/2cddbb17-9abb-4eb3-b8a9-50cb5be97613/elements [39m[32m200[39m [90m663 ms - 12[39m
[35m[HTTP][39m [90m[39m
[35m[HTTP][39m [37m-->[39m [37mPOST[39m [37m/wd/hub/session/2cddbb17-9abb-4eb3-b8a9-50cb5be97613/elements[39m
[35m[HTTP][39m [90m{"using":"-android uiautomator","value":"new UiSelector().className(\"android.widget.Button\").text(\"New Car\").resourceId(\"b7-ButtonGroupItem1\")"}[39m
[35m[HTTP][39m [37m<-- POST /wd/hub/session/2cddbb17-9abb-4eb3-b8a9-50cb5be97613/elements [39m[32m200[39m [90m830 ms - 12[39m
[35m[HTTP][39m [90m[39m
[35m[HTTP][39m [37m-->[39m [37mPOST[39m [37m/wd/hub/session/2cddbb17-9abb-4eb3-b8a9-50cb5be97613/elements[39m
[35m[HTTP][39m [90m{"using":"-android uiautomator","value":"new UiSelector().className(\"android.widget.Button\").text(\"New Car\").resourceId(\"b7-ButtonGroupItem1\")"}[39m
[35m[HTTP][39m [37m<-- POST /wd/hub/session/2cddbb17-9abb-4eb3-b8a9-50cb5be97613/elements [39m[32m200[39m [90m865 ms - 12[39m
[35m[HTTP][39m [90m[39m
[35m[HTTP][39m [37m-->[39m [37mPOST[39m [37m/wd/hub/session/2cddbb17-9abb-4eb3-b8a9-50cb5be97613/elements[39m
[35m[HTTP][39m [90m{"using":"-android uiautomator","value":"new UiSelector().className(\"android.widget.Button\").text(\"New Car\").resourceId(\"b7-ButtonGroupItem1\")"}[39m
[35m[HTTP][39m [37m<-- POST /wd/hub/session/2cddbb17-9abb-4eb3-b8a9-50cb5be97613/elements [39m[32m200[39m [90m852 ms - 12[39m
[35m[HTTP][39m [90m[39m
[35m[HTTP][39m [37m-->[39m [37mPOST[39m [37m/wd/hub/session/2cddbb17-9abb-4eb3-b8a9-50cb5be97613/elements[39m
[35m[HTTP][39m [90m{"using":"-android uiautomator","value":"new UiSelector().className(\"android.widget.Button\").text(\"New Car\").resourceId(\"b7-ButtonGroupItem1\")"}[39m
[35m[HTTP][39m [37m<-- POST /wd/hub/session/2cddbb17-9abb-4eb3-b8a9-50cb5be97613/elements [39m[32m200[39m [90m677 ms - 12[39m
[35m[HTTP][39m [90m[39m
[35m[HTTP][39m [37m-->[39m [37mPOST[39m [37m/wd/hub/session/2cddbb17-9abb-4eb3-b8a9-50cb5be97613/elements[39m
[35m[HTTP][39m [90m{"using":"-android uiautomator","value":"new UiSelector().className(\"android.widget.Button\").text(\"New Car\").resourceId(\"b7-ButtonGroupItem1\")"}[39m
[35m[HTTP][39m [37m<-- POST /wd/hub/session/2cddbb17-9abb-4eb3-b8a9-50cb5be97613/elements [39m[32m200[39m [90m910 ms - 12[39m
[35m[HTTP][39m [90m[39m
[35m[HTTP][39m [37m-->[39m [37mPOST[39m [37m/wd/hub/session/2cddbb17-9abb-4eb3-b8a9-50cb5be97613/elements[39m
[35m[HTTP][39m [90m{"using":"-android uiautomator","value":"new UiSelector().className(\"android.widget.Button\").text(\"New Car\").resourceId(\"b7-ButtonGroupItem1\")"}[39m
[35m[HTTP][39m [37m<-- POST /wd/hub/session/2cddbb17-9abb-4eb3-b8a9-50cb5be97613/elements [39m[32m200[39m [90m844 ms - 12[39m
[35m[HTTP][39m [90m[39m
[35m[HTTP][39m [37m-->[39m [37mPOST[39m [37m/wd/hub/session/2cddbb17-9abb-4eb3-b8a9-50cb5be97613/elements[39m
[35m[HTTP][39m [90m{"using":"-android uiautomator","value":"new UiSelector().className(\"android.widget.Button\").text(\"New Car\").resourceId(\"b7-ButtonGroupItem1\")"}[39m
[35m[HTTP][39m [37m<-- POST /wd/hub/session/2cddbb17-9abb-4eb3-b8a9-50cb5be97613/elements [39m[32m200[39m [90m876 ms - 12[39m
[35m[HTTP][39m [90m[39m
[35m[HTTP][39m [37m-->[39m [37mPOST[39m [37m/wd/hub/session/2cddbb17-9abb-4eb3-b8a9-50cb5be97613/elements[39m
[35m[HTTP][39m [90m{"using":"-android uiautomator","value":"new UiSelector().className(\"android.widget.Button\").text(\"New Car\").resourceId(\"b7-ButtonGroupItem1\")"}[39m
[35m[HTTP][39m [37m<-- POST /wd/hub/session/2cddbb17-9abb-4eb3-b8a9-50cb5be97613/elements [39m[32m200[39m [90m898 ms - 12[39m
[35m[HTTP][39m [90m[39m
[35m[HTTP][39m [37m-->[39m [37mPOST[39m [37m/wd/hub/session/2cddbb17-9abb-4eb3-b8a9-50cb5be97613/elements[39m
[35m[HTTP][39m [90m{"using":"-android uiautomator","value":"new UiSelector().className(\"android.widget.Button\").text(\"New Car\").resourceId(\"b7-ButtonGroupItem1\")"}[39m
[35m[HTTP][39m [37m<-- POST /wd/hub/session/2cddbb17-9abb-4eb3-b8a9-50cb5be97613/elements [39m[32m200[39m [90m876 ms - 12[39m
[35m[HTTP][39m [90m[39m
[35m[HTTP][39m [37m-->[39m [37mPOST[39m [37m/wd/hub/session/2cddbb17-9abb-4eb3-b8a9-50cb5be97613/elements[39m
[35m[HTTP][39m [90m{"using":"-android uiautomator","value":"new UiSelector().className(\"android.widget.Button\").text(\"New Car\").resourceId(\"b7-ButtonGroupItem1\")"}[39m
[35m[HTTP][39m [37m<-- POST /wd/hub/session/2cddbb17-9abb-4eb3-b8a9-50cb5be97613/elements [39m[32m200[39m [90m776 ms - 12[39m
[35m[HTTP][39m [90m[39m
[35m[HTTP][39m [37m-->[39m [37mPOST[39m [37m/wd/hub/session/2cddbb17-9abb-4eb3-b8a9-50cb5be97613/elements[39m
[35m[HTTP][39m [90m{"using":"-android uiautomator","value":"new UiSelector().className(\"android.widget.Button\").text(\"New Car\").resourceId(\"b7-ButtonGroupItem1\")"}[39m
[35m[HTTP][39m [37m<-- POST /wd/hub/session/2cddbb17-9abb-4eb3-b8a9-50cb5be97613/elements [39m[32m200[39m [90m822 ms - 12[39m
[35m[HTTP][39m [90m[39m
[35m[HTTP][39m [37m-->[39m [37mPOST[39m [37m/wd/hub/session/2cddbb17-9abb-4eb3-b8a9-50cb5be97613/elements[39m
[35m[HTTP][39m [90m{"using":"-android uiautomator","value":"new UiSelector().className(\"android.widget.Button\").text(\"New Car\").resourceId(\"b7-ButtonGroupItem1\")"}[39m
[35m[HTTP][39m [37m<-- POST /wd/hub/session/2cddbb17-9abb-4eb3-b8a9-50cb5be97613/elements [39m[32m200[39m [90m818 ms - 12[39m
[35m[HTTP][39m [90m[39m
[35m[HTTP][39m [37m-->[39m [37mPOST[39m [37m/wd/hub/session/2cddbb17-9abb-4eb3-b8a9-50cb5be97613/elements[39m
[35m[HTTP][39m [90m{"using":"-android uiautomator","value":"new UiSelector().className(\"android.widget.Button\").text(\"New Car\").resourceId(\"b7-ButtonGroupItem1\")"}[39m
[35m[HTTP][39m [37m<-- POST /wd/hub/session/2cddbb17-9abb-4eb3-b8a9-50cb5be97613/elements [39m[32m200[39m [90m873 ms - 12[39m
[35m[HTTP][39m [90m[39m
[35m[HTTP][39m [37m-->[39m [37mPOST[39m [37m/wd/hub/session/2cddbb17-9abb-4eb3-b8a9-50cb5be97613/elements[39m
[35m[HTTP][39m [90m{"using":"-android uiautomator","value":"new UiSelector().className(\"android.widget.Button\").text(\"New Car\").resourceId(\"b7-ButtonGroupItem1\")"}[39m
[35m[HTTP][39m [37m<-- POST /wd/hub/session/2cddbb17-9abb-4eb3-b8a9-50cb5be97613/elements [39m[32m200[39m [90m897 ms - 12[39m
[35m[HTTP][39m [90m[39m
[35m[HTTP][39m [37m-->[39m [37mPOST[39m [37m/wd/hub/session/2cddbb17-9abb-4eb3-b8a9-50cb5be97613/elements[39m
[35m[HTTP][39m [90m{"using":"-android uiautomator","value":"new UiSelector().className(\"android.widget.Button\").text(\"New Car\").resourceId(\"b7-ButtonGroupItem1\")"}[39m
[35m[HTTP][39m [37m<-- POST /wd/hub/session/2cddbb17-9abb-4eb3-b8a9-50cb5be97613/elements [39m[32m200[39m [90m888 ms - 12[39m
[35m[HTTP][39m [90m[39m
[35m[HTTP][39m [37m-->[39m [37mPOST[39m [37m/wd/hub/session/2cddbb17-9abb-4eb3-b8a9-50cb5be97613/elements[39m
[35m[HTTP][39m [90m{"using":"-android uiautomator","value":"new UiSelector().className(\"android.widget.Button\").text(\"New Car\").resourceId(\"b7-ButtonGroupItem1\")"}[39m
[35m[HTTP][39m [37m<-- POST /wd/hub/session/2cddbb17-9abb-4eb3-b8a9-50cb5be97613/elements [39m[32m200[39m [90m678 ms - 12[39m
[35m[HTTP][39m [90m[39m
[35m[HTTP][39m [37m-->[39m [37mPOST[39m [37m/wd/hub/session/2cddbb17-9abb-4eb3-b8a9-50cb5be97613/elements[39m
[35m[HTTP][39m [90m{"using":"-android uiautomator","value":"new UiSelector().className(\"android.widget.Button\").text(\"New Car\").resourceId(\"b7-ButtonGroupItem1\")"}[39m
[35m[HTTP][39m [37m<-- POST /wd/hub/session/2cddbb17-9abb-4eb3-b8a9-50cb5be97613/elements [39m[32m200[39m [90m978 ms - 12[39m
[35m[HTTP][39m [90m[39m
[35m[HTTP][39m [37m-->[39m [37mPOST[39m [37m/wd/hub/session/2cddbb17-9abb-4eb3-b8a9-50cb5be97613/elements[39m
[35m[HTTP][39m [90m{"using":"-android uiautomator","value":"new UiSelector().className(\"android.widget.Button\").text(\"New Car\").resourceId(\"b7-ButtonGroupItem1\")"}[39m
[35m[HTTP][39m [37m<-- POST /wd/hub/session/2cddbb17-9abb-4eb3-b8a9-50cb5be97613/elements [39m[32m200[39m [90m823 ms - 12[39m
[35m[HTTP][39m [90m[39m
[35m[HTTP][39m [37m-->[39m [37mPOST[39m [37m/wd/hub/session/2cddbb17-9abb-4eb3-b8a9-50cb5be97613/elements[39m
[35m[HTTP][39m [90m{"using":"-android uiautomator","value":"new UiSelector().className(\"android.widget.Button\").text(\"New Car\").resourceId(\"b7-ButtonGroupItem1\")"}[39m
[35m[HTTP][39m [37m<-- POST /wd/hub/session/2cddbb17-9abb-4eb3-b8a9-50cb5be97613/elements [39m[32m200[39m [90m712 ms - 12[39m
[35m[HTTP][39m [90m[39m
[35m[HTTP][39m [37m-->[39m [37mPOST[39m [37m/wd/hub/session/2cddbb17-9abb-4eb3-b8a9-50cb5be97613/elements[39m
[35m[HTTP][39m [90m{"using":"-android uiautomator","value":"new UiSelector().className(\"android.widget.Button\").text(\"New Car\").resourceId(\"b7-ButtonGroupItem1\")"}[39m
[35m[HTTP][39m [37m<-- POST /wd/hub/session/2cddbb17-9abb-4eb3-b8a9-50cb5be97613/elements [39m[32m200[39m [90m854 ms - 12[39m
[35m[HTTP][39m [90m[39m
[35m[HTTP][39m [37m-->[39m [37mPOST[39m [37m/wd/hub/session/2cddbb17-9abb-4eb3-b8a9-50cb5be97613/elements[39m
[35m[HTTP][39m [90m{"using":"-android uiautomator","value":"new UiSelector().className(\"android.widget.Button\").text(\"New Car\").resourceId(\"b7-ButtonGroupItem1\")"}[39m
[35m[HTTP][39m [37m<-- POST /wd/hub/session/2cddbb17-9abb-4eb3-b8a9-50cb5be97613/elements [39m[32m200[39m [90m780 ms - 12[39m
[35m[HTTP][39m [90m[39m
[35m[HTTP][39m [37m-->[39m [37mPOST[39m [37m/wd/hub/session/2cddbb17-9abb-4eb3-b8a9-50cb5be97613/elements[39m
[35m[HTTP][39m [90m{"using":"-android uiautomator","value":"new UiSelector().className(\"android.widget.Button\").text(\"New Car\").resourceId(\"b7-ButtonGroupItem1\")"}[39m
[35m[HTTP][39m [37m<-- POST /wd/hub/session/2cddbb17-9abb-4eb3-b8a9-50cb5be97613/elements [39m[32m200[39m [90m826 ms - 12[39m
[35m[HTTP][39m [90m[39m
[35m[HTTP][39m [37m-->[39m [37mPOST[39m [37m/wd/hub/session/2cddbb17-9abb-4eb3-b8a9-50cb5be97613/elements[39m
[35m[HTTP][39m [90m{"using":"-android uiautomator","value":"new UiSelector().className(\"android.widget.Button\").text(\"New Car\").resourceId(\"b7-ButtonGroupItem1\")"}[39m
[35m[HTTP][39m [37m<-- POST /wd/hub/session/2cddbb17-9abb-4eb3-b8a9-50cb5be97613/elements [39m[32m200[39m [90m829 ms - 12[39m
[35m[HTTP][39m [90m[39m
[35m[HTTP][39m [37m-->[39m [37mPOST[39m [37m/wd/hub/session/2cddbb17-9abb-4eb3-b8a9-50cb5be97613/timeouts[39m
[35m[HTTP][39m [90m{"implicit":30000}[39m
[35m[HTTP][39m [37m<-- POST /wd/hub/session/2cddbb17-9abb-4eb3-b8a9-50cb5be97613/timeouts [39m[32m200[39m [90m6 ms - 14[39m
[35m[HTTP][39m [90m[39m
[35m[HTTP][39m [37m-->[39m [37mGET[39m [37m/wd/hub/session/2cddbb17-9abb-4eb3-b8a9-50cb5be97613/context[39m
[35m[HTTP][39m [90m{}[39m
[35m[HTTP][39m [37m<-- GET /wd/hub/session/2cddbb17-9abb-4eb3-b8a9-50cb5be97613/context [39m[32m200[39m [90m4 ms - 22[39m
[35m[HTTP][39m [90m[39m
[35m[HTTP][39m [37m-->[39m [37mGET[39m [37m/wd/hub/session/2cddbb17-9abb-4eb3-b8a9-50cb5be97613/contexts[39m
[35m[HTTP][39m [90m{}[39m
[35m[HTTP][39m [37m<-- GET /wd/hub/session/2cddbb17-9abb-4eb3-b8a9-50cb5be97613/contexts [39m[32m200[39m [90m950 ms - 80[39m
[35m[HTTP][39m [90m[39m
[35m[HTTP][39m [37m-->[39m [37mPOST[39m [37m/wd/hub/session/2cddbb17-9abb-4eb3-b8a9-50cb5be97613/context[39m
[35m[HTTP][39m [90m{"name":"NATIVE_APP"}[39m
[35m[HTTP][39m [37m<-- POST /wd/hub/session/2cddbb17-9abb-4eb3-b8a9-50cb5be97613/context [39m[32m200[39m [90m7 ms - 14[39m
[35m[HTTP][39m [90m[39m
[35m[HTTP][39m [37m-->[39m [37mGET[39m [37m/wd/hub/session/2cddbb17-9abb-4eb3-b8a9-50cb5be97613/screenshot[39m
[35m[HTTP][39m [90m{}[39m
[35m[HTTP][39m [37m<-- GET /wd/hub/session/2cddbb17-9abb-4eb3-b8a9-50cb5be97613/screenshot [39m[32m200[39m [90m875 ms - 296446[39m
[35m[HTTP][39m [90m[39m
[35m[HTTP][39m [37m-->[39m [37mPOST[39m [37m/wd/hub/session/2cddbb17-9abb-4eb3-b8a9-50cb5be97613/context[39m
[35m[HTTP][39m [90m{"name":"NATIVE_APP"}[39m
[35m[HTTP][39m [37m<-- POST /wd/hub/session/2cddbb17-9abb-4eb3-b8a9-50cb5be97613/context [39m[32m200[39m [90m3 ms - 14[39m
[35m[HTTP][39m [90m[39m
[35m[HTTP][39m [37m-->[39m [37mGET[39m [37m/wd/hub/session/2cddbb17-9abb-4eb3-b8a9-50cb5be97613/context[39m
[35m[HTTP][39m [90m{}[39m
[35m[HTTP][39m [37m<-- GET /wd/hub/session/2cddbb17-9abb-4eb3-b8a9-50cb5be97613/context [39m[32m200[39m [90m5 ms - 22[39m
[35m[HTTP][39m [90m[39m
[35m[HTTP][39m [37m-->[39m [37mGET[39m [37m/wd/hub/session/2cddbb17-9abb-4eb3-b8a9-50cb5be97613/contexts[39m
[35m[HTTP][39m [90m{}[39m
[35m[HTTP][39m [37m<-- GET /wd/hub/session/2cddbb17-9abb-4eb3-b8a9-50cb5be97613/contexts [39m[32m200[39m [90m909 ms - 80[39m
[35m[HTTP][39m [90m[39m
[35m[HTTP][39m [37m-->[39m [37mPOST[39m [37m/wd/hub/session/2cddbb17-9abb-4eb3-b8a9-50cb5be97613/context[39m
[35m[HTTP][39m [90m{"name":"NATIVE_APP"}[39m
[35m[HTTP][39m [37m<-- POST /wd/hub/session/2cddbb17-9abb-4eb3-b8a9-50cb5be97613/context [39m[32m200[39m [90m3 ms - 14[39m
[35m[HTTP][39m [90m[39m
[35m[HTTP][39m [37m-->[39m [37mGET[39m [37m/wd/hub/session/2cddbb17-9abb-4eb3-b8a9-50cb5be97613/screenshot[39m
[35m[HTTP][39m [90m{}[39m
[35m[HTTP][39m [37m<-- GET /wd/hub/session/2cddbb17-9abb-4eb3-b8a9-50cb5be97613/screenshot [39m[32m200[39m [90m887 ms - 296446[39m
[35m[HTTP][39m [90m[39m
[35m[HTTP][39m [37m-->[39m [37mPOST[39m [37m/wd/hub/session/2cddbb17-9abb-4eb3-b8a9-50cb5be97613/context[39m
[35m[HTTP][39m [90m{"name":"NATIVE_APP"}[39m
[35m[HTTP][39m [37m<-- POST /wd/hub/session/2cddbb17-9abb-4eb3-b8a9-50cb5be97613/context [39m[32m200[39m [90m3 ms - 14[39m
[35m[HTTP][39m [90m[39m
[35m[HTTP][39m [37m-->[39m [37mPOST[39m [37m/wd/hub/session/2cddbb17-9abb-4eb3-b8a9-50cb5be97613/timeouts[39m
[35m[HTTP][39m [90m{"implicit":50}[39m
[35m[HTTP][39m [37m<-- POST /wd/hub/session/2cddbb17-9abb-4eb3-b8a9-50cb5be97613/timeouts [39m[32m200[39m [90m4 ms - 14[39m
[35m[HTTP][39m [90m[39m
[35m[HTTP][39m [37m-->[39m [37mGET[39m [37m/wd/hub/session/2cddbb17-9abb-4eb3-b8a9-50cb5be97613/window/rect[39m
[35m[HTTP][39m [90m{}[39m
[35m[HTTP][39m [37m<-- GET /wd/hub/session/2cddbb17-9abb-4eb3-b8a9-50cb5be97613/window/rect [39m[32m200[39m [90m86 ms - 50[39m
[35m[HTTP][39m [90m[39m
[35m[HTTP][39m [37m-->[39m [37mPOST[39m [37m/wd/hub/session/2cddbb17-9abb-4eb3-b8a9-50cb5be97613/elements[39m
[35m[HTTP][39m [90m{"using":"-android uiautomator","value":"new UiSelector().className(\"android.widget.EditText\").resourceId(\"b7-Input_NamaAsuransi\")"}[39m
[35m[HTTP][39m [37m<-- POST /wd/hub/session/2cddbb17-9abb-4eb3-b8a9-50cb5be97613/elements [39m[32m200[39m [90m336 ms - 12[39m
[35m[HTTP][39m [90m[39m
[35m[HTTP][39m [37m-->[39m [37mPOST[39m [37m/wd/hub/session/2cddbb17-9abb-4eb3-b8a9-50cb5be97613/elements[39m
[35m[HTTP][39m [90m{"using":"-android uiautomator","value":"new UiSelector().className(\"android.widget.EditText\").resourceId(\"b7-Input_NamaAsuransi\")"}[39m
[35m[HTTP][39m [37m<-- POST /wd/hub/session/2cddbb17-9abb-4eb3-b8a9-50cb5be97613/elements [39m[32m200[39m [90m3440 ms - 12[39m
[35m[HTTP][39m [90m[39m
[35m[HTTP][39m [37m-->[39m [37mPOST[39m [37m/wd/hub/session/2cddbb17-9abb-4eb3-b8a9-50cb5be97613/elements[39m
[35m[HTTP][39m [90m{"using":"-android uiautomator","value":"new UiSelector().className(\"android.widget.EditText\").resourceId(\"b7-Input_NamaAsuransi\")"}[39m
[35m[HTTP][39m [37m<-- POST /wd/hub/session/2cddbb17-9abb-4eb3-b8a9-50cb5be97613/elements [39m[32m200[39m [90m457 ms - 12[39m
[35m[HTTP][39m [90m[39m
[35m[HTTP][39m [37m-->[39m [37mPOST[39m [37m/wd/hub/session/2cddbb17-9abb-4eb3-b8a9-50cb5be97613/elements[39m
[35m[HTTP][39m [90m{"using":"-android uiautomator","value":"new UiSelector().className(\"android.widget.EditText\").resourceId(\"b7-Input_NamaAsuransi\")"}[39m
[35m[HTTP][39m [37m<-- POST /wd/hub/session/2cddbb17-9abb-4eb3-b8a9-50cb5be97613/elements [39m[32m200[39m [90m631 ms - 12[39m
[35m[HTTP][39m [90m[39m
[35m[HTTP][39m [37m-->[39m [37mPOST[39m [37m/wd/hub/session/2cddbb17-9abb-4eb3-b8a9-50cb5be97613/elements[39m
[35m[HTTP][39m [90m{"using":"-android uiautomator","value":"new UiSelector().className(\"android.widget.EditText\").resourceId(\"b7-Input_NamaAsuransi\")"}[39m
[35m[HTTP][39m [37m<-- POST /wd/hub/session/2cddbb17-9abb-4eb3-b8a9-50cb5be97613/elements [39m[32m200[39m [90m230 ms - 12[39m
[35m[HTTP][39m [90m[39m
[35m[HTTP][39m [37m-->[39m [37mPOST[39m [37m/wd/hub/session/2cddbb17-9abb-4eb3-b8a9-50cb5be97613/elements[39m
[35m[HTTP][39m [90m{"using":"-android uiautomator","value":"new UiSelector().className(\"android.widget.EditText\").resourceId(\"b7-Input_NamaAsuransi\")"}[39m
[35m[HTTP][39m [37m<-- POST /wd/hub/session/2cddbb17-9abb-4eb3-b8a9-50cb5be97613/elements [39m[32m200[39m [90m219 ms - 12[39m
[35m[HTTP][39m [90m[39m
[35m[HTTP][39m [37m-->[39m [37mPOST[39m [37m/wd/hub/session/2cddbb17-9abb-4eb3-b8a9-50cb5be97613/elements[39m
[35m[HTTP][39m [90m{"using":"-android uiautomator","value":"new UiSelector().className(\"android.widget.EditText\").resourceId(\"b7-Input_NamaAsuransi\")"}[39m
[35m[HTTP][39m [37m<-- POST /wd/hub/session/2cddbb17-9abb-4eb3-b8a9-50cb5be97613/elements [39m[32m200[39m [90m207 ms - 12[39m
[35m[HTTP][39m [90m[39m
[35m[HTTP][39m [37m-->[39m [37mPOST[39m [37m/wd/hub/session/2cddbb17-9abb-4eb3-b8a9-50cb5be97613/elements[39m
[35m[HTTP][39m [90m{"using":"-android uiautomator","value":"new UiSelector().className(\"android.widget.EditText\").resourceId(\"b7-Input_NamaAsuransi\")"}[39m
[35m[HTTP][39m [37m<-- POST /wd/hub/session/2cddbb17-9abb-4eb3-b8a9-50cb5be97613/elements [39m[32m200[39m [90m1406 ms - 12[39m
[35m[HTTP][39m [90m[39m
[35m[HTTP][39m [37m-->[39m [37mPOST[39m [37m/wd/hub/session/2cddbb17-9abb-4eb3-b8a9-50cb5be97613/elements[39m
[35m[HTTP][39m [90m{"using":"-android uiautomator","value":"new UiSelector().className(\"android.widget.EditText\").resourceId(\"b7-Input_NamaAsuransi\")"}[39m
[35m[HTTP][39m [37m<-- POST /wd/hub/session/2cddbb17-9abb-4eb3-b8a9-50cb5be97613/elements [39m[32m200[39m [90m336 ms - 12[39m
[35m[HTTP][39m [90m[39m
[35m[HTTP][39m [37m-->[39m [37mPOST[39m [37m/wd/hub/session/2cddbb17-9abb-4eb3-b8a9-50cb5be97613/elements[39m
[35m[HTTP][39m [90m{"using":"-android uiautomator","value":"new UiSelector().className(\"android.widget.EditText\").resourceId(\"b7-Input_NamaAsuransi\")"}[39m
[35m[HTTP][39m [37m<-- POST /wd/hub/session/2cddbb17-9abb-4eb3-b8a9-50cb5be97613/elements [39m[32m200[39m [90m1370 ms - 12[39m
[35m[HTTP][39m [90m[39m
[35m[HTTP][39m [37m-->[39m [37mPOST[39m [37m/wd/hub/session/2cddbb17-9abb-4eb3-b8a9-50cb5be97613/elements[39m
[35m[HTTP][39m [90m{"using":"-android uiautomator","value":"new UiSelector().className(\"android.widget.EditText\").resourceId(\"b7-Input_NamaAsuransi\")"}[39m
[35m[HTTP][39m [37m<-- POST /wd/hub/session/2cddbb17-9abb-4eb3-b8a9-50cb5be97613/elements [39m[32m200[39m [90m2192 ms - 12[39m
[35m[HTTP][39m [90m[39m
[35m[HTTP][39m [37m-->[39m [37mPOST[39m [37m/wd/hub/session/2cddbb17-9abb-4eb3-b8a9-50cb5be97613/elements[39m
[35m[HTTP][39m [90m{"using":"-android uiautomator","value":"new UiSelector().className(\"android.widget.EditText\").resourceId(\"b7-Input_NamaAsuransi\")"}[39m
[35m[HTTP][39m [37m<-- POST /wd/hub/session/2cddbb17-9abb-4eb3-b8a9-50cb5be97613/elements [39m[32m200[39m [90m386 ms - 12[39m
[35m[HTTP][39m [90m[39m
[35m[HTTP][39m [37m-->[39m [37mPOST[39m [37m/wd/hub/session/2cddbb17-9abb-4eb3-b8a9-50cb5be97613/elements[39m
[35m[HTTP][39m [90m{"using":"-android uiautomator","value":"new UiSelector().className(\"android.widget.EditText\").resourceId(\"b7-Input_NamaAsuransi\")"}[39m
[35m[HTTP][39m [37m<-- POST /wd/hub/session/2cddbb17-9abb-4eb3-b8a9-50cb5be97613/elements [39m[32m200[39m [90m316 ms - 12[39m
[35m[HTTP][39m [90m[39m
[35m[HTTP][39m [37m-->[39m [37mPOST[39m [37m/wd/hub/session/2cddbb17-9abb-4eb3-b8a9-50cb5be97613/elements[39m
[35m[HTTP][39m [90m{"using":"-android uiautomator","value":"new UiSelector().className(\"android.widget.EditText\").resourceId(\"b7-Input_NamaAsuransi\")"}[39m
[35m[HTTP][39m [37m<-- POST /wd/hub/session/2cddbb17-9abb-4eb3-b8a9-50cb5be97613/elements [39m[32m-[39m [90m- ms - -[39m
[35m[HTTP][39m [90m[39m
[35m[BaseDriver][39m Shutting down because we waited 1800 seconds for a command
[35m[Appium][39m Closing session, cause was 'New Command Timeout of 1800 seconds expired. Try customizing the timeout using the 'newCommandTimeout' desired capability'
[35m[Appium][39m Removing session 2cddbb17-9abb-4eb3-b8a9-50cb5be97613 from our master session list
[35m[UiAutomator2][39m Restoring hidden api policy to the device default configuration
