[35m[Appium][39m Welcome to Appium v1.8.1
[35m[Appium][39m Non-default server args:
[35m[Appium][39m   port: 4596
[35m[Appium][39m   loglevel: info
[35m[Appium][39m   chromeDriverPort: 4597
[35m[Appium][39m   tmpDir: C:\Users\IT-SER~1\AppData\Local\Temp\\Katalon\Appium\Temp1572937978931
[35m[Appium][39m Appium REST http interface listener started on 0.0.0.0:4596
[35m[HTTP][39m [37m-->[39m [37mGET[39m [37m/wd/hub/status[39m
[35m[HTTP][39m [90m{}[39m
[35m[HTTP][39m [37m<-- GET /wd/hub/status [39m[32m200[39m [90m10 ms - 83[39m
[35m[HTTP][39m [90m[39m
[35m[HTTP][39m [37m-->[39m [37mPOST[39m [37m/wd/hub/session[39m
[35m[HTTP][39m [90m{"desiredCapabilities":{"app":"D:\\sam\\ACCME-Dupcheck-master\\AccMe.apk","autoGrantPermissions":true,"automationName":"uiautomator2","deviceId":"","deviceName":"samsung SM-A505F (Android 9)","fullReset":false,"newCommandTimeout":1800,"noReset":true,"platform":"ANDROID","platformName":"Android","resetKeyboard":true,"udid":"RR8M30NJT3Z","unicodeKeyboard":true},"capabilities":{"desiredCapabilities":{"app":"D:\\sam\\ACCME-Dupcheck-master\\AccMe.apk","autoGrantPermissions":true,"automationName":"uiautomator2","deviceId":"","deviceName":"samsung SM-A505F (Android 9)","fullReset":false,"newCommandTimeout":1800,"noReset":true,"platform":"ANDROID","platformName":"Android","resetKeyboard":true,"udid":"RR8M30NJT3Z","unicodeKeyboard":true},"firstMatch":[{"platformName":"android"}]}}[39m
[35m[Appium][39m Could not parse W3C capabilities: 'deviceName' can't be blank. Falling back to JSONWP protocol.
[35m[Appium][39m The following capabilities were provided in the JSONWP desired capabilities that are missing in W3C capabilities: ["app","autoGrantPermissions","automationName","deviceId","deviceName","fullReset","newCommandTimeout","noReset","platform","platformName","resetKeyboard","udid","unicodeKeyboard"]. Falling back to JSONWP protocol.
[35m[Appium][39m Creating new AndroidUiautomator2Driver (v1.12.0) session
[35m[Appium][39m Capabilities:
[35m[Appium][39m   app: D:\sam\ACCME-Dupcheck-master\AccMe.apk
[35m[Appium][39m   autoGrantPermissions: true
[35m[Appium][39m   automationName: uiautomator2
[35m[Appium][39m   deviceId: 
[35m[Appium][39m   deviceName: samsung SM-A505F (Android 9)
[35m[Appium][39m   fullReset: false
[35m[Appium][39m   newCommandTimeout: 1800
[35m[Appium][39m   noReset: true
[35m[Appium][39m   platform: ANDROID
[35m[Appium][39m   platformName: Android
[35m[Appium][39m   resetKeyboard: true
[35m[Appium][39m   udid: RR8M30NJT3Z
[35m[Appium][39m   unicodeKeyboard: true
[35m[BaseDriver][39m The following capabilities were provided, but are not recognized by appium: deviceId, platform.
[35m[BaseDriver][39m Session created with session id: b2acbfdb-53c2-4d9f-a60b-3d4eb4e4e1ef
[35m[BaseDriver][39m Using local app 'D:\sam\ACCME-Dupcheck-master\AccMe.apk'
[35m[AndroidDriver][39m Java version is: 1.8.0_181
[35m[ADB][39m Checking whether adb is present
[35m[ADB][39m Found 1 'build-tools' folders under 'C:\Users\IT-Services\.katalon\tools\android_sdk' (newest first):
[35m[ADB][39m     C:/Users/IT-Services/.katalon/tools/android_sdk/build-tools/28.0.3
[35m[ADB][39m Using adb.exe from C:\Users\IT-Services\.katalon\tools\android_sdk\platform-tools\adb.exe
[35m[AndroidDriver][39m Retrieving device list
[35m[AndroidDriver][39m Using device: RR8M30NJT3Z
[35m[ADB][39m Using the alternative activity name detection method because of: Could not find apkanalyzer.bat in C:\Users\IT-Services\.katalon\tools\android_sdk\platform-tools\apkanalyzer.bat,C:\Users\IT-Services\.katalon\tools\android_sdk\emulator\apkanalyzer.bat,C:\Users\IT-Services\.katalon\tools\android_sdk\tools\apkanalyzer.bat,C:\Users\IT-Services\.katalon\tools\android_sdk\tools\bin\apkanalyzer.bat,C:\Users\IT-Services\.katalon\tools\android_sdk\build-tools\28.0.3\apkanalyzer.bat. Do you have the Android SDK installed at 'C:\Users\IT-Services\.katalon\tools\android_sdk'?
[35m[ADB][39m Checking whether aapt is present
[35m[ADB][39m Using aapt.exe from C:\Users\IT-Services\.katalon\tools\android_sdk\build-tools\28.0.3\aapt.exe
[35m[ADB][39m Extracting package and launch activity from manifest
[35m[ADB][39m Package name: 'com.outsystemsenterprise.accdev1.AccMeMobile2'
[35m[ADB][39m Main activity name: 'com.outsystemsenterprise.accdev1.AccMeMobile2.MainActivity'
[35m[ADB][39m Getting device platform version
[35m[ADB][39m Using apksigner.bat from C:\Users\IT-Services\.katalon\tools\android_sdk\build-tools\28.0.3\apksigner.bat
[35m[ADB][39m Checking whether zipalign is present
[35m[ADB][39m Using zipalign.exe from C:\Users\IT-Services\.katalon\tools\android_sdk\build-tools\28.0.3\zipalign.exe
[35m[ADB][39m io.appium.uiautomator2.server was successfully uninstalled
[35m[ADB][39m io.appium.uiautomator2.server.test was successfully uninstalled
[35m[AndroidDriver][39m setDeviceLanguageCountry requires language or country.
[35m[AndroidDriver][39m Got language: 'null' and country: 'null'
[35m[ADB][39m Successfully extracted 23 strings from 'D:\sam\ACCME-Dupcheck-master\AccMe.apk' resources for '(default)' configuration
[35m[UiAutomator2][39m Starting uiautomator2 server 1.12.0
[35m[UiAutomator2][39m Using UIAutomator2 server from 'C:\Users\IT-Services\AppData\Roaming\npm\node_modules\appium\node_modules\appium-uiautomator2-server\apks\appium-uiautomator2-server-v1.12.0.apk' and test from 'C:\Users\IT-Services\AppData\Roaming\npm\node_modules\appium\node_modules\appium-uiautomator2-server\apks\appium-uiautomator2-server-debug-androidTest.apk'
[35m[UiAutomator2][39m Running command: 'adb -s RR8M30NJT3Z shell am instrument -w io.appium.uiautomator2.server.test/android.support.test.runner.AndroidJUnitRunner'
[35m[UiAutomator2][39m Waiting up to 20000ms for UiAutomator2 to be online...
[35m[AndroidDriver][39m Screen already unlocked, doing nothing
[35m[UiAutomator2][39m UiAutomator2 did not start the activity we were waiting for, 'com.outsystemsenterprise.accdev1.AccMeMobile2/com.outsystemsenterprise.accdev1.AccMeMobile2.MainActivity'. Starting it ourselves
[35m[Appium][39m New AndroidUiautomator2Driver session created successfully, session b2acbfdb-53c2-4d9f-a60b-3d4eb4e4e1ef added to master session list
[35m[HTTP][39m [37m<-- POST /wd/hub/session [39m[32m200[39m [90m31487 ms - 1260[39m
[35m[HTTP][39m [90m[39m
[35m[HTTP][39m [37m-->[39m [37mGET[39m [37m/wd/hub/status[39m
[35m[HTTP][39m [90m{}[39m
[35m[HTTP][39m [37m<-- GET /wd/hub/status [39m[32m200[39m [90m6 ms - 55[39m
[35m[HTTP][39m [90m[39m
[35m[HTTP][39m [37m-->[39m [37mPOST[39m [37m/wd/hub/session/b2acbfdb-53c2-4d9f-a60b-3d4eb4e4e1ef/timeouts[39m
[35m[HTTP][39m [90m{"type":"implicit","ms":30000}[39m
[35m[HTTP][39m [37m<-- POST /wd/hub/session/b2acbfdb-53c2-4d9f-a60b-3d4eb4e4e1ef/timeouts [39m[33m400[39m [90m24 ms - 5396[39m
[35m[HTTP][39m [90m[39m
[35m[HTTP][39m [37m-->[39m [37mGET[39m [37m/wd/hub/session/b2acbfdb-53c2-4d9f-a60b-3d4eb4e4e1ef/window/current/size[39m
[35m[HTTP][39m [90m{}[39m
[35m[W3C][39m Driver proxy active, passing request on via HTTP proxy
[35m[JSONWP Proxy][39m Replacing sessionId f1290e25-9f40-4ed7-8207-ccd9936beebf with b2acbfdb-53c2-4d9f-a60b-3d4eb4e4e1ef
[35m[HTTP][39m [37m<-- GET /wd/hub/session/b2acbfdb-53c2-4d9f-a60b-3d4eb4e4e1ef/window/current/size [39m[32m200[39m [90m77 ms - 100[39m
[35m[HTTP][39m [90m[39m
[35m[HTTP][39m [37m-->[39m [37mPOST[39m [37m/wd/hub/session/b2acbfdb-53c2-4d9f-a60b-3d4eb4e4e1ef/elements[39m
[35m[HTTP][39m [90m{"using":"-android uiautomator","value":"new UiSelector().className(\"android.widget.Image\").text(\"AccMeTheme.creditsimulationsicon\")"}[39m
[35m[HTTP][39m [37m<-- POST /wd/hub/session/b2acbfdb-53c2-4d9f-a60b-3d4eb4e4e1ef/elements [39m[32m200[39m [90m105 ms - 74[39m
[35m[HTTP][39m [90m[39m
[35m[HTTP][39m [37m-->[39m [37mPOST[39m [37m/wd/hub/session/b2acbfdb-53c2-4d9f-a60b-3d4eb4e4e1ef/elements[39m
[35m[HTTP][39m [90m{"using":"-android uiautomator","value":"new UiSelector().className(\"android.widget.Image\").text(\"AccMeTheme.creditsimulationsicon\")"}[39m
[35m[HTTP][39m [37m<-- POST /wd/hub/session/b2acbfdb-53c2-4d9f-a60b-3d4eb4e4e1ef/elements [39m[32m200[39m [90m716 ms - 74[39m
[35m[HTTP][39m [90m[39m
[35m[HTTP][39m [37m-->[39m [37mPOST[39m [37m/wd/hub/session/b2acbfdb-53c2-4d9f-a60b-3d4eb4e4e1ef/elements[39m
[35m[HTTP][39m [90m{"using":"-android uiautomator","value":"new UiSelector().className(\"android.widget.Image\").text(\"AccMeTheme.creditsimulationsicon\")"}[39m
[35m[HTTP][39m [37m<-- POST /wd/hub/session/b2acbfdb-53c2-4d9f-a60b-3d4eb4e4e1ef/elements [39m[32m200[39m [90m140 ms - 74[39m
[35m[HTTP][39m [90m[39m
[35m[HTTP][39m [37m-->[39m [37mPOST[39m [37m/wd/hub/session/b2acbfdb-53c2-4d9f-a60b-3d4eb4e4e1ef/elements[39m
[35m[HTTP][39m [90m{"using":"-android uiautomator","value":"new UiSelector().className(\"android.widget.Image\").text(\"AccMeTheme.creditsimulationsicon\")"}[39m
[35m[HTTP][39m [37m<-- POST /wd/hub/session/b2acbfdb-53c2-4d9f-a60b-3d4eb4e4e1ef/elements [39m[32m200[39m [90m120 ms - 74[39m
[35m[HTTP][39m [90m[39m
[35m[HTTP][39m [37m-->[39m [37mPOST[39m [37m/wd/hub/session/b2acbfdb-53c2-4d9f-a60b-3d4eb4e4e1ef/elements[39m
[35m[HTTP][39m [90m{"using":"-android uiautomator","value":"new UiSelector().className(\"android.widget.Image\").text(\"AccMeTheme.creditsimulationsicon\")"}[39m
[35m[HTTP][39m [37m<-- POST /wd/hub/session/b2acbfdb-53c2-4d9f-a60b-3d4eb4e4e1ef/elements [39m[32m200[39m [90m122 ms - 74[39m
[35m[HTTP][39m [90m[39m
[35m[HTTP][39m [37m-->[39m [37mPOST[39m [37m/wd/hub/session/b2acbfdb-53c2-4d9f-a60b-3d4eb4e4e1ef/elements[39m
[35m[HTTP][39m [90m{"using":"-android uiautomator","value":"new UiSelector().className(\"android.widget.Image\").text(\"AccMeTheme.creditsimulationsicon\")"}[39m
[35m[HTTP][39m [37m<-- POST /wd/hub/session/b2acbfdb-53c2-4d9f-a60b-3d4eb4e4e1ef/elements [39m[32m200[39m [90m129 ms - 74[39m
[35m[HTTP][39m [90m[39m
[35m[HTTP][39m [37m-->[39m [37mPOST[39m [37m/wd/hub/session/b2acbfdb-53c2-4d9f-a60b-3d4eb4e4e1ef/elements[39m
[35m[HTTP][39m [90m{"using":"-android uiautomator","value":"new UiSelector().className(\"android.widget.Image\").text(\"AccMeTheme.creditsimulationsicon\")"}[39m
[35m[HTTP][39m [37m<-- POST /wd/hub/session/b2acbfdb-53c2-4d9f-a60b-3d4eb4e4e1ef/elements [39m[32m200[39m [90m78 ms - 74[39m
[35m[HTTP][39m [90m[39m
[35m[HTTP][39m [37m-->[39m [37mPOST[39m [37m/wd/hub/session/b2acbfdb-53c2-4d9f-a60b-3d4eb4e4e1ef/elements[39m
[35m[HTTP][39m [90m{"using":"-android uiautomator","value":"new UiSelector().className(\"android.widget.Image\").text(\"AccMeTheme.creditsimulationsicon\")"}[39m
[35m[HTTP][39m [37m<-- POST /wd/hub/session/b2acbfdb-53c2-4d9f-a60b-3d4eb4e4e1ef/elements [39m[32m200[39m [90m113 ms - 74[39m
[35m[HTTP][39m [90m[39m
[35m[HTTP][39m [37m-->[39m [37mPOST[39m [37m/wd/hub/session/b2acbfdb-53c2-4d9f-a60b-3d4eb4e4e1ef/elements[39m
[35m[HTTP][39m [90m{"using":"-android uiautomator","value":"new UiSelector().className(\"android.widget.Image\").text(\"AccMeTheme.creditsimulationsicon\")"}[39m
[35m[HTTP][39m [37m<-- POST /wd/hub/session/b2acbfdb-53c2-4d9f-a60b-3d4eb4e4e1ef/elements [39m[32m200[39m [90m113 ms - 74[39m
[35m[HTTP][39m [90m[39m
[35m[HTTP][39m [37m-->[39m [37mPOST[39m [37m/wd/hub/session/b2acbfdb-53c2-4d9f-a60b-3d4eb4e4e1ef/elements[39m
[35m[HTTP][39m [90m{"using":"-android uiautomator","value":"new UiSelector().className(\"android.widget.Image\").text(\"AccMeTheme.creditsimulationsicon\")"}[39m
[35m[HTTP][39m [37m<-- POST /wd/hub/session/b2acbfdb-53c2-4d9f-a60b-3d4eb4e4e1ef/elements [39m[32m200[39m [90m100 ms - 74[39m
[35m[HTTP][39m [90m[39m
[35m[HTTP][39m [37m-->[39m [37mPOST[39m [37m/wd/hub/session/b2acbfdb-53c2-4d9f-a60b-3d4eb4e4e1ef/elements[39m
[35m[HTTP][39m [90m{"using":"-android uiautomator","value":"new UiSelector().className(\"android.widget.Image\").text(\"AccMeTheme.creditsimulationsicon\")"}[39m
[35m[HTTP][39m [37m<-- POST /wd/hub/session/b2acbfdb-53c2-4d9f-a60b-3d4eb4e4e1ef/elements [39m[32m200[39m [90m79 ms - 74[39m
[35m[HTTP][39m [90m[39m
[35m[HTTP][39m [37m-->[39m [37mPOST[39m [37m/wd/hub/session/b2acbfdb-53c2-4d9f-a60b-3d4eb4e4e1ef/elements[39m
[35m[HTTP][39m [90m{"using":"-android uiautomator","value":"new UiSelector().className(\"android.widget.Image\").text(\"AccMeTheme.creditsimulationsicon\")"}[39m
[35m[HTTP][39m [37m<-- POST /wd/hub/session/b2acbfdb-53c2-4d9f-a60b-3d4eb4e4e1ef/elements [39m[32m200[39m [90m101 ms - 74[39m
[35m[HTTP][39m [90m[39m
[35m[HTTP][39m [37m-->[39m [37mPOST[39m [37m/wd/hub/session/b2acbfdb-53c2-4d9f-a60b-3d4eb4e4e1ef/elements[39m
[35m[HTTP][39m [90m{"using":"-android uiautomator","value":"new UiSelector().className(\"android.widget.Image\").text(\"AccMeTheme.creditsimulationsicon\")"}[39m
[35m[HTTP][39m [37m<-- POST /wd/hub/session/b2acbfdb-53c2-4d9f-a60b-3d4eb4e4e1ef/elements [39m[32m200[39m [90m99 ms - 74[39m
[35m[HTTP][39m [90m[39m
[35m[HTTP][39m [37m-->[39m [37mPOST[39m [37m/wd/hub/session/b2acbfdb-53c2-4d9f-a60b-3d4eb4e4e1ef/elements[39m
[35m[HTTP][39m [90m{"using":"-android uiautomator","value":"new UiSelector().className(\"android.widget.Image\").text(\"AccMeTheme.creditsimulationsicon\")"}[39m
[35m[HTTP][39m [37m<-- POST /wd/hub/session/b2acbfdb-53c2-4d9f-a60b-3d4eb4e4e1ef/elements [39m[32m200[39m [90m1384 ms - 74[39m
[35m[HTTP][39m [90m[39m
[35m[HTTP][39m [37m-->[39m [37mPOST[39m [37m/wd/hub/session/b2acbfdb-53c2-4d9f-a60b-3d4eb4e4e1ef/elements[39m
[35m[HTTP][39m [90m{"using":"-android uiautomator","value":"new UiSelector().className(\"android.widget.Image\").text(\"AccMeTheme.creditsimulationsicon\")"}[39m
[35m[HTTP][39m [37m<-- POST /wd/hub/session/b2acbfdb-53c2-4d9f-a60b-3d4eb4e4e1ef/elements [39m[32m200[39m [90m624 ms - 74[39m
[35m[HTTP][39m [90m[39m
[35m[HTTP][39m [37m-->[39m [37mPOST[39m [37m/wd/hub/session/b2acbfdb-53c2-4d9f-a60b-3d4eb4e4e1ef/elements[39m
[35m[HTTP][39m [90m{"using":"-android uiautomator","value":"new UiSelector().className(\"android.widget.Image\").text(\"AccMeTheme.creditsimulationsicon\")"}[39m
[35m[HTTP][39m [37m<-- POST /wd/hub/session/b2acbfdb-53c2-4d9f-a60b-3d4eb4e4e1ef/elements [39m[32m200[39m [90m1161 ms - 74[39m
[35m[HTTP][39m [90m[39m
[35m[HTTP][39m [37m-->[39m [37mPOST[39m [37m/wd/hub/session/b2acbfdb-53c2-4d9f-a60b-3d4eb4e4e1ef/elements[39m
[35m[HTTP][39m [90m{"using":"-android uiautomator","value":"new UiSelector().className(\"android.widget.Image\").text(\"AccMeTheme.creditsimulationsicon\")"}[39m
[35m[HTTP][39m [37m<-- POST /wd/hub/session/b2acbfdb-53c2-4d9f-a60b-3d4eb4e4e1ef/elements [39m[32m200[39m [90m221 ms - 74[39m
[35m[HTTP][39m [90m[39m
[35m[HTTP][39m [37m-->[39m [37mPOST[39m [37m/wd/hub/session/b2acbfdb-53c2-4d9f-a60b-3d4eb4e4e1ef/elements[39m
[35m[HTTP][39m [90m{"using":"-android uiautomator","value":"new UiSelector().className(\"android.widget.Image\").text(\"AccMeTheme.creditsimulationsicon\")"}[39m
[35m[HTTP][39m [37m<-- POST /wd/hub/session/b2acbfdb-53c2-4d9f-a60b-3d4eb4e4e1ef/elements [39m[32m200[39m [90m135 ms - 74[39m
[35m[HTTP][39m [90m[39m
[35m[HTTP][39m [37m-->[39m [37mPOST[39m [37m/wd/hub/session/b2acbfdb-53c2-4d9f-a60b-3d4eb4e4e1ef/elements[39m
[35m[HTTP][39m [90m{"using":"-android uiautomator","value":"new UiSelector().className(\"android.widget.Image\").text(\"AccMeTheme.creditsimulationsicon\")"}[39m
[35m[HTTP][39m [37m<-- POST /wd/hub/session/b2acbfdb-53c2-4d9f-a60b-3d4eb4e4e1ef/elements [39m[32m200[39m [90m218 ms - 74[39m
[35m[HTTP][39m [90m[39m
[35m[HTTP][39m [37m-->[39m [37mPOST[39m [37m/wd/hub/session/b2acbfdb-53c2-4d9f-a60b-3d4eb4e4e1ef/elements[39m
[35m[HTTP][39m [90m{"using":"-android uiautomator","value":"new UiSelector().className(\"android.widget.Image\").text(\"AccMeTheme.creditsimulationsicon\")"}[39m
[35m[HTTP][39m [37m<-- POST /wd/hub/session/b2acbfdb-53c2-4d9f-a60b-3d4eb4e4e1ef/elements [39m[32m200[39m [90m144 ms - 74[39m
[35m[HTTP][39m [90m[39m
[35m[HTTP][39m [37m-->[39m [37mPOST[39m [37m/wd/hub/session/b2acbfdb-53c2-4d9f-a60b-3d4eb4e4e1ef/elements[39m
[35m[HTTP][39m [90m{"using":"-android uiautomator","value":"new UiSelector().className(\"android.widget.Image\").text(\"AccMeTheme.creditsimulationsicon\")"}[39m
[35m[HTTP][39m [37m<-- POST /wd/hub/session/b2acbfdb-53c2-4d9f-a60b-3d4eb4e4e1ef/elements [39m[32m200[39m [90m628 ms - 74[39m
[35m[HTTP][39m [90m[39m
[35m[HTTP][39m [37m-->[39m [37mPOST[39m [37m/wd/hub/session/b2acbfdb-53c2-4d9f-a60b-3d4eb4e4e1ef/elements[39m
[35m[HTTP][39m [90m{"using":"-android uiautomator","value":"new UiSelector().className(\"android.widget.Image\").text(\"AccMeTheme.creditsimulationsicon\")"}[39m
[35m[HTTP][39m [37m<-- POST /wd/hub/session/b2acbfdb-53c2-4d9f-a60b-3d4eb4e4e1ef/elements [39m[32m200[39m [90m1220 ms - 124[39m
[35m[HTTP][39m [90m[39m
[35m[HTTP][39m [37m-->[39m [37mGET[39m [37m/wd/hub/session/b2acbfdb-53c2-4d9f-a60b-3d4eb4e4e1ef[39m
[35m[HTTP][39m [90m{}[39m
[35m[HTTP][39m [37m<-- GET /wd/hub/session/b2acbfdb-53c2-4d9f-a60b-3d4eb4e4e1ef [39m[32m200[39m [90m31 ms - 1260[39m
[35m[HTTP][39m [90m[39m
[35m[HTTP][39m [37m-->[39m [37mGET[39m [37m/wd/hub/session/b2acbfdb-53c2-4d9f-a60b-3d4eb4e4e1ef[39m
[35m[HTTP][39m [90m{}[39m
[35m[HTTP][39m [37m<-- GET /wd/hub/session/b2acbfdb-53c2-4d9f-a60b-3d4eb4e4e1ef [39m[32m200[39m [90m32 ms - 1260[39m
[35m[HTTP][39m [90m[39m
[35m[HTTP][39m [37m-->[39m [37mGET[39m [37m/wd/hub/session/b2acbfdb-53c2-4d9f-a60b-3d4eb4e4e1ef[39m
[35m[HTTP][39m [90m{}[39m
[35m[HTTP][39m [37m<-- GET /wd/hub/session/b2acbfdb-53c2-4d9f-a60b-3d4eb4e4e1ef [39m[32m200[39m [90m44 ms - 1260[39m
[35m[HTTP][39m [90m[39m
[35m[HTTP][39m [37m-->[39m [37mGET[39m [37m/wd/hub/session/b2acbfdb-53c2-4d9f-a60b-3d4eb4e4e1ef[39m
[35m[HTTP][39m [90m{}[39m
[35m[HTTP][39m [37m<-- GET /wd/hub/session/b2acbfdb-53c2-4d9f-a60b-3d4eb4e4e1ef [39m[32m200[39m [90m43 ms - 1260[39m
[35m[HTTP][39m [90m[39m
[35m[HTTP][39m [37m-->[39m [37mGET[39m [37m/wd/hub/session/b2acbfdb-53c2-4d9f-a60b-3d4eb4e4e1ef/element/bbe0ee8b-2afa-48ca-953d-7fb91e014db5/location[39m
[35m[HTTP][39m [90m{}[39m
[35m[W3C][39m Driver proxy active, passing request on via HTTP proxy
[35m[JSONWP Proxy][39m Replacing sessionId f1290e25-9f40-4ed7-8207-ccd9936beebf with b2acbfdb-53c2-4d9f-a60b-3d4eb4e4e1ef
[35m[HTTP][39m [37m<-- GET /wd/hub/session/b2acbfdb-53c2-4d9f-a60b-3d4eb4e4e1ef/element/bbe0ee8b-2afa-48ca-953d-7fb91e014db5/location [39m[32m200[39m [90m106 ms - 90[39m
[35m[HTTP][39m [90m[39m
[35m[HTTP][39m [37m-->[39m [37mGET[39m [37m/wd/hub/session/b2acbfdb-53c2-4d9f-a60b-3d4eb4e4e1ef/window/current/size[39m
[35m[HTTP][39m [90m{}[39m
[35m[W3C][39m Driver proxy active, passing request on via HTTP proxy
[35m[JSONWP Proxy][39m Replacing sessionId f1290e25-9f40-4ed7-8207-ccd9936beebf with b2acbfdb-53c2-4d9f-a60b-3d4eb4e4e1ef
[35m[HTTP][39m [37m<-- GET /wd/hub/session/b2acbfdb-53c2-4d9f-a60b-3d4eb4e4e1ef/window/current/size [39m[32m200[39m [90m43 ms - 100[39m
[35m[HTTP][39m [90m[39m
[35m[HTTP][39m [37m-->[39m [37mPOST[39m [37m/wd/hub/session/b2acbfdb-53c2-4d9f-a60b-3d4eb4e4e1ef/elements[39m
[35m[HTTP][39m [90m{"using":"-android uiautomator","value":"new UiSelector().className(\"android.widget.Image\").text(\"AccMeTheme.creditsimulationsicon\")"}[39m
[35m[HTTP][39m [37m<-- POST /wd/hub/session/b2acbfdb-53c2-4d9f-a60b-3d4eb4e4e1ef/elements [39m[32m200[39m [90m193 ms - 124[39m
[35m[HTTP][39m [90m[39m
[35m[HTTP][39m [37m-->[39m [37mGET[39m [37m/wd/hub/session/b2acbfdb-53c2-4d9f-a60b-3d4eb4e4e1ef[39m
[35m[HTTP][39m [90m{}[39m
[35m[HTTP][39m [37m<-- GET /wd/hub/session/b2acbfdb-53c2-4d9f-a60b-3d4eb4e4e1ef [39m[32m200[39m [90m40 ms - 1260[39m
[35m[HTTP][39m [90m[39m
[35m[HTTP][39m [37m-->[39m [37mGET[39m [37m/wd/hub/session/b2acbfdb-53c2-4d9f-a60b-3d4eb4e4e1ef[39m
[35m[HTTP][39m [90m{}[39m
[35m[HTTP][39m [37m<-- GET /wd/hub/session/b2acbfdb-53c2-4d9f-a60b-3d4eb4e4e1ef [39m[32m200[39m [90m43 ms - 1260[39m
[35m[HTTP][39m [90m[39m
[35m[HTTP][39m [37m-->[39m [37mGET[39m [37m/wd/hub/session/b2acbfdb-53c2-4d9f-a60b-3d4eb4e4e1ef[39m
[35m[HTTP][39m [90m{}[39m
[35m[HTTP][39m [37m<-- GET /wd/hub/session/b2acbfdb-53c2-4d9f-a60b-3d4eb4e4e1ef [39m[32m200[39m [90m35 ms - 1260[39m
[35m[HTTP][39m [90m[39m
[35m[HTTP][39m [37m-->[39m [37mGET[39m [37m/wd/hub/session/b2acbfdb-53c2-4d9f-a60b-3d4eb4e4e1ef[39m
[35m[HTTP][39m [90m{}[39m
[35m[HTTP][39m [37m<-- GET /wd/hub/session/b2acbfdb-53c2-4d9f-a60b-3d4eb4e4e1ef [39m[32m200[39m [90m51 ms - 1260[39m
[35m[HTTP][39m [90m[39m
[35m[HTTP][39m [37m-->[39m [37mGET[39m [37m/wd/hub/session/b2acbfdb-53c2-4d9f-a60b-3d4eb4e4e1ef/element/9bb6501d-5b7a-45bc-9ba5-8778592ccc53/location[39m
[35m[HTTP][39m [90m{}[39m
[35m[W3C][39m Driver proxy active, passing request on via HTTP proxy
[35m[JSONWP Proxy][39m Replacing sessionId f1290e25-9f40-4ed7-8207-ccd9936beebf with b2acbfdb-53c2-4d9f-a60b-3d4eb4e4e1ef
[35m[HTTP][39m [37m<-- GET /wd/hub/session/b2acbfdb-53c2-4d9f-a60b-3d4eb4e4e1ef/element/9bb6501d-5b7a-45bc-9ba5-8778592ccc53/location [39m[32m200[39m [90m106 ms - 90[39m
[35m[HTTP][39m [90m[39m
[35m[HTTP][39m [37m-->[39m [37mPOST[39m [37m/wd/hub/session/b2acbfdb-53c2-4d9f-a60b-3d4eb4e4e1ef/touch/perform[39m
[35m[HTTP][39m [90m{"actions":[{"action":"tap","options":{"element":"9bb6501d-5b7a-45bc-9ba5-8778592ccc53","x":1,"y":1}}]}[39m
[35m[UiAutomator2][39m calling get location: 9bb6501d-5b7a-45bc-9ba5-8778592ccc53
[35m[HTTP][39m [37m<-- POST /wd/hub/session/b2acbfdb-53c2-4d9f-a60b-3d4eb4e4e1ef/touch/perform [39m[32m200[39m [90m1038 ms - 76[39m
[35m[HTTP][39m [90m[39m
[35m[HTTP][39m [37m-->[39m [37mGET[39m [37m/wd/hub/session/b2acbfdb-53c2-4d9f-a60b-3d4eb4e4e1ef/window/current/size[39m
[35m[HTTP][39m [90m{}[39m
[35m[W3C][39m Driver proxy active, passing request on via HTTP proxy
[35m[JSONWP Proxy][39m Replacing sessionId f1290e25-9f40-4ed7-8207-ccd9936beebf with b2acbfdb-53c2-4d9f-a60b-3d4eb4e4e1ef
[35m[HTTP][39m [37m<-- GET /wd/hub/session/b2acbfdb-53c2-4d9f-a60b-3d4eb4e4e1ef/window/current/size [39m[32m200[39m [90m53 ms - 100[39m
[35m[HTTP][39m [90m[39m
[35m[HTTP][39m [37m-->[39m [37mPOST[39m [37m/wd/hub/session/b2acbfdb-53c2-4d9f-a60b-3d4eb4e4e1ef/elements[39m
[35m[HTTP][39m [90m{"using":"-android uiautomator","value":"new UiSelector().className(\"android.widget.Button\").text(\"New Car\").resourceId(\"b7-ButtonGroupItem1\")"}[39m
[35m[HTTP][39m [37m<-- POST /wd/hub/session/b2acbfdb-53c2-4d9f-a60b-3d4eb4e4e1ef/elements [39m[32m200[39m [90m132 ms - 74[39m
[35m[HTTP][39m [90m[39m
[35m[HTTP][39m [37m-->[39m [37mPOST[39m [37m/wd/hub/session/b2acbfdb-53c2-4d9f-a60b-3d4eb4e4e1ef/elements[39m
[35m[HTTP][39m [90m{"using":"-android uiautomator","value":"new UiSelector().className(\"android.widget.Button\").text(\"New Car\").resourceId(\"b7-ButtonGroupItem1\")"}[39m
[35m[HTTP][39m [37m<-- POST /wd/hub/session/b2acbfdb-53c2-4d9f-a60b-3d4eb4e4e1ef/elements [39m[32m200[39m [90m153 ms - 74[39m
[35m[HTTP][39m [90m[39m
[35m[HTTP][39m [37m-->[39m [37mPOST[39m [37m/wd/hub/session/b2acbfdb-53c2-4d9f-a60b-3d4eb4e4e1ef/elements[39m
[35m[HTTP][39m [90m{"using":"-android uiautomator","value":"new UiSelector().className(\"android.widget.Button\").text(\"New Car\").resourceId(\"b7-ButtonGroupItem1\")"}[39m
[35m[HTTP][39m [37m<-- POST /wd/hub/session/b2acbfdb-53c2-4d9f-a60b-3d4eb4e4e1ef/elements [39m[32m200[39m [90m114 ms - 74[39m
[35m[HTTP][39m [90m[39m
[35m[HTTP][39m [37m-->[39m [37mPOST[39m [37m/wd/hub/session/b2acbfdb-53c2-4d9f-a60b-3d4eb4e4e1ef/elements[39m
[35m[HTTP][39m [90m{"using":"-android uiautomator","value":"new UiSelector().className(\"android.widget.Button\").text(\"New Car\").resourceId(\"b7-ButtonGroupItem1\")"}[39m
[35m[HTTP][39m [37m<-- POST /wd/hub/session/b2acbfdb-53c2-4d9f-a60b-3d4eb4e4e1ef/elements [39m[32m200[39m [90m494 ms - 74[39m
[35m[HTTP][39m [90m[39m
[35m[HTTP][39m [37m-->[39m [37mPOST[39m [37m/wd/hub/session/b2acbfdb-53c2-4d9f-a60b-3d4eb4e4e1ef/elements[39m
[35m[HTTP][39m [90m{"using":"-android uiautomator","value":"new UiSelector().className(\"android.widget.Button\").text(\"New Car\").resourceId(\"b7-ButtonGroupItem1\")"}[39m
[35m[HTTP][39m [37m<-- POST /wd/hub/session/b2acbfdb-53c2-4d9f-a60b-3d4eb4e4e1ef/elements [39m[32m200[39m [90m2355 ms - 124[39m
[35m[HTTP][39m [90m[39m
[35m[HTTP][39m [37m-->[39m [37mGET[39m [37m/wd/hub/session/b2acbfdb-53c2-4d9f-a60b-3d4eb4e4e1ef[39m
[35m[HTTP][39m [90m{}[39m
[35m[HTTP][39m [37m<-- GET /wd/hub/session/b2acbfdb-53c2-4d9f-a60b-3d4eb4e4e1ef [39m[32m200[39m [90m56 ms - 1260[39m
[35m[HTTP][39m [90m[39m
[35m[HTTP][39m [37m-->[39m [37mGET[39m [37m/wd/hub/session/b2acbfdb-53c2-4d9f-a60b-3d4eb4e4e1ef[39m
[35m[HTTP][39m [90m{}[39m
[35m[HTTP][39m [37m<-- GET /wd/hub/session/b2acbfdb-53c2-4d9f-a60b-3d4eb4e4e1ef [39m[32m200[39m [90m61 ms - 1260[39m
[35m[HTTP][39m [90m[39m
[35m[HTTP][39m [37m-->[39m [37mGET[39m [37m/wd/hub/session/b2acbfdb-53c2-4d9f-a60b-3d4eb4e4e1ef[39m
[35m[HTTP][39m [90m{}[39m
[35m[HTTP][39m [37m<-- GET /wd/hub/session/b2acbfdb-53c2-4d9f-a60b-3d4eb4e4e1ef [39m[32m200[39m [90m52 ms - 1260[39m
[35m[HTTP][39m [90m[39m
[35m[HTTP][39m [37m-->[39m [37mGET[39m [37m/wd/hub/session/b2acbfdb-53c2-4d9f-a60b-3d4eb4e4e1ef[39m
[35m[HTTP][39m [90m{}[39m
[35m[HTTP][39m [37m<-- GET /wd/hub/session/b2acbfdb-53c2-4d9f-a60b-3d4eb4e4e1ef [39m[32m200[39m [90m53 ms - 1260[39m
[35m[HTTP][39m [90m[39m
[35m[HTTP][39m [37m-->[39m [37mGET[39m [37m/wd/hub/session/b2acbfdb-53c2-4d9f-a60b-3d4eb4e4e1ef/element/bf4b9bee-7f54-4d08-87aa-ab39e5eef6a7/location[39m
[35m[HTTP][39m [90m{}[39m
[35m[W3C][39m Driver proxy active, passing request on via HTTP proxy
[35m[JSONWP Proxy][39m Replacing sessionId f1290e25-9f40-4ed7-8207-ccd9936beebf with b2acbfdb-53c2-4d9f-a60b-3d4eb4e4e1ef
[35m[HTTP][39m [37m<-- GET /wd/hub/session/b2acbfdb-53c2-4d9f-a60b-3d4eb4e4e1ef/element/bf4b9bee-7f54-4d08-87aa-ab39e5eef6a7/location [39m[32m200[39m [90m122 ms - 88[39m
[35m[HTTP][39m [90m[39m
[35m[HTTP][39m [37m-->[39m [37mPOST[39m [37m/wd/hub/session/b2acbfdb-53c2-4d9f-a60b-3d4eb4e4e1ef/touch/perform[39m
[35m[HTTP][39m [90m{"actions":[{"action":"tap","options":{"element":"bf4b9bee-7f54-4d08-87aa-ab39e5eef6a7","x":1,"y":1}}]}[39m
[35m[UiAutomator2][39m calling get location: bf4b9bee-7f54-4d08-87aa-ab39e5eef6a7
[35m[HTTP][39m [37m<-- POST /wd/hub/session/b2acbfdb-53c2-4d9f-a60b-3d4eb4e4e1ef/touch/perform [39m[32m200[39m [90m985 ms - 76[39m
[35m[HTTP][39m [90m[39m
[35m[HTTP][39m [37m-->[39m [37mGET[39m [37m/wd/hub/session/b2acbfdb-53c2-4d9f-a60b-3d4eb4e4e1ef/window/current/size[39m
[35m[HTTP][39m [90m{}[39m
[35m[W3C][39m Driver proxy active, passing request on via HTTP proxy
[35m[JSONWP Proxy][39m Replacing sessionId f1290e25-9f40-4ed7-8207-ccd9936beebf with b2acbfdb-53c2-4d9f-a60b-3d4eb4e4e1ef
[35m[HTTP][39m [37m<-- GET /wd/hub/session/b2acbfdb-53c2-4d9f-a60b-3d4eb4e4e1ef/window/current/size [39m[32m200[39m [90m80 ms - 100[39m
[35m[HTTP][39m [90m[39m
[35m[HTTP][39m [37m-->[39m [37mPOST[39m [37m/wd/hub/session/b2acbfdb-53c2-4d9f-a60b-3d4eb4e4e1ef/elements[39m
[35m[HTTP][39m [90m{"using":"-android uiautomator","value":"new UiSelector().className(\"android.widget.EditText\").resourceId(\"b7-Input_Brand\")"}[39m
[35m[HTTP][39m [37m<-- POST /wd/hub/session/b2acbfdb-53c2-4d9f-a60b-3d4eb4e4e1ef/elements [39m[32m200[39m [90m245 ms - 124[39m
[35m[HTTP][39m [90m[39m
[35m[HTTP][39m [37m-->[39m [37mGET[39m [37m/wd/hub/session/b2acbfdb-53c2-4d9f-a60b-3d4eb4e4e1ef[39m
[35m[HTTP][39m [90m{}[39m
[35m[HTTP][39m [37m<-- GET /wd/hub/session/b2acbfdb-53c2-4d9f-a60b-3d4eb4e4e1ef [39m[32m200[39m [90m63 ms - 1260[39m
[35m[HTTP][39m [90m[39m
[35m[HTTP][39m [37m-->[39m [37mGET[39m [37m/wd/hub/session/b2acbfdb-53c2-4d9f-a60b-3d4eb4e4e1ef[39m
[35m[HTTP][39m [90m{}[39m
[35m[HTTP][39m [37m<-- GET /wd/hub/session/b2acbfdb-53c2-4d9f-a60b-3d4eb4e4e1ef [39m[32m200[39m [90m66 ms - 1260[39m
[35m[HTTP][39m [90m[39m
[35m[HTTP][39m [37m-->[39m [37mGET[39m [37m/wd/hub/session/b2acbfdb-53c2-4d9f-a60b-3d4eb4e4e1ef[39m
[35m[HTTP][39m [90m{}[39m
[35m[HTTP][39m [37m<-- GET /wd/hub/session/b2acbfdb-53c2-4d9f-a60b-3d4eb4e4e1ef [39m[32m200[39m [90m60 ms - 1260[39m
[35m[HTTP][39m [90m[39m
[35m[HTTP][39m [37m-->[39m [37mGET[39m [37m/wd/hub/session/b2acbfdb-53c2-4d9f-a60b-3d4eb4e4e1ef[39m
[35m[HTTP][39m [90m{}[39m
[35m[HTTP][39m [37m<-- GET /wd/hub/session/b2acbfdb-53c2-4d9f-a60b-3d4eb4e4e1ef [39m[32m200[39m [90m59 ms - 1260[39m
[35m[HTTP][39m [90m[39m
[35m[HTTP][39m [37m-->[39m [37mGET[39m [37m/wd/hub/session/b2acbfdb-53c2-4d9f-a60b-3d4eb4e4e1ef/element/ba91c777-6cf5-4716-a22d-cc4e6359865f/location[39m
[35m[HTTP][39m [90m{}[39m
[35m[W3C][39m Driver proxy active, passing request on via HTTP proxy
[35m[JSONWP Proxy][39m Replacing sessionId f1290e25-9f40-4ed7-8207-ccd9936beebf with b2acbfdb-53c2-4d9f-a60b-3d4eb4e4e1ef
[35m[HTTP][39m [37m<-- GET /wd/hub/session/b2acbfdb-53c2-4d9f-a60b-3d4eb4e4e1ef/element/ba91c777-6cf5-4716-a22d-cc4e6359865f/location [39m[32m200[39m [90m147 ms - 89[39m
[35m[HTTP][39m [90m[39m
[35m[HTTP][39m [37m-->[39m [37mPOST[39m [37m/wd/hub/session/b2acbfdb-53c2-4d9f-a60b-3d4eb4e4e1ef/element/ba91c777-6cf5-4716-a22d-cc4e6359865f/clear[39m
[35m[HTTP][39m [90m{"id":"ba91c777-6cf5-4716-a22d-cc4e6359865f"}[39m
[35m[HTTP][39m [37m<-- POST /wd/hub/session/b2acbfdb-53c2-4d9f-a60b-3d4eb4e4e1ef/element/ba91c777-6cf5-4716-a22d-cc4e6359865f/clear [39m[32m200[39m [90m135 ms - 89[39m
[35m[HTTP][39m [90m[39m
[35m[HTTP][39m [37m-->[39m [37mPOST[39m [37m/wd/hub/session/b2acbfdb-53c2-4d9f-a60b-3d4eb4e4e1ef/element/ba91c777-6cf5-4716-a22d-cc4e6359865f/value[39m
[35m[HTTP][39m [90m{"id":"ba91c777-6cf5-4716-a22d-cc4e6359865f","value":["TOYOTA"]}[39m
[35m[HTTP][39m [37m<-- POST /wd/hub/session/b2acbfdb-53c2-4d9f-a60b-3d4eb4e4e1ef/element/ba91c777-6cf5-4716-a22d-cc4e6359865f/value [39m[32m200[39m [90m386 ms - 74[39m
[35m[HTTP][39m [90m[39m
[35m[HTTP][39m [37m-->[39m [37mGET[39m [37m/wd/hub/session/b2acbfdb-53c2-4d9f-a60b-3d4eb4e4e1ef/window/current/size[39m
[35m[HTTP][39m [90m{}[39m
[35m[W3C][39m Driver proxy active, passing request on via HTTP proxy
[35m[JSONWP Proxy][39m Replacing sessionId f1290e25-9f40-4ed7-8207-ccd9936beebf with b2acbfdb-53c2-4d9f-a60b-3d4eb4e4e1ef
[35m[HTTP][39m [37m<-- GET /wd/hub/session/b2acbfdb-53c2-4d9f-a60b-3d4eb4e4e1ef/window/current/size [39m[32m200[39m [90m48 ms - 100[39m
[35m[HTTP][39m [90m[39m
[35m[HTTP][39m [37m-->[39m [37mPOST[39m [37m/wd/hub/session/b2acbfdb-53c2-4d9f-a60b-3d4eb4e4e1ef/elements[39m
[35m[HTTP][39m [90m{"using":"-android uiautomator","value":"new UiSelector().className(\"android.widget.EditText\").resourceId(\"b7-Input_Brand\")"}[39m
[35m[HTTP][39m [37m<-- POST /wd/hub/session/b2acbfdb-53c2-4d9f-a60b-3d4eb4e4e1ef/elements [39m[32m200[39m [90m1191 ms - 124[39m
[35m[HTTP][39m [90m[39m
[35m[HTTP][39m [37m-->[39m [37mGET[39m [37m/wd/hub/session/b2acbfdb-53c2-4d9f-a60b-3d4eb4e4e1ef[39m
[35m[HTTP][39m [90m{}[39m
[35m[HTTP][39m [37m<-- GET /wd/hub/session/b2acbfdb-53c2-4d9f-a60b-3d4eb4e4e1ef [39m[32m200[39m [90m69 ms - 1260[39m
[35m[HTTP][39m [90m[39m
[35m[HTTP][39m [37m-->[39m [37mGET[39m [37m/wd/hub/session/b2acbfdb-53c2-4d9f-a60b-3d4eb4e4e1ef[39m
[35m[HTTP][39m [90m{}[39m
[35m[HTTP][39m [37m<-- GET /wd/hub/session/b2acbfdb-53c2-4d9f-a60b-3d4eb4e4e1ef [39m[32m200[39m [90m61 ms - 1260[39m
[35m[HTTP][39m [90m[39m
[35m[HTTP][39m [37m-->[39m [37mGET[39m [37m/wd/hub/session/b2acbfdb-53c2-4d9f-a60b-3d4eb4e4e1ef[39m
[35m[HTTP][39m [90m{}[39m
[35m[HTTP][39m [37m<-- GET /wd/hub/session/b2acbfdb-53c2-4d9f-a60b-3d4eb4e4e1ef [39m[32m200[39m [90m69 ms - 1260[39m
[35m[HTTP][39m [90m[39m
[35m[HTTP][39m [37m-->[39m [37mGET[39m [37m/wd/hub/session/b2acbfdb-53c2-4d9f-a60b-3d4eb4e4e1ef[39m
[35m[HTTP][39m [90m{}[39m
[35m[HTTP][39m [37m<-- GET /wd/hub/session/b2acbfdb-53c2-4d9f-a60b-3d4eb4e4e1ef [39m[32m200[39m [90m58 ms - 1260[39m
[35m[HTTP][39m [90m[39m
[35m[HTTP][39m [37m-->[39m [37mGET[39m [37m/wd/hub/session/b2acbfdb-53c2-4d9f-a60b-3d4eb4e4e1ef/element/114bdca5-03d2-48e3-8b3d-4a265006e58b/location[39m
[35m[HTTP][39m [90m{}[39m
[35m[W3C][39m Driver proxy active, passing request on via HTTP proxy
[35m[JSONWP Proxy][39m Replacing sessionId f1290e25-9f40-4ed7-8207-ccd9936beebf with b2acbfdb-53c2-4d9f-a60b-3d4eb4e4e1ef
[35m[HTTP][39m [37m<-- GET /wd/hub/session/b2acbfdb-53c2-4d9f-a60b-3d4eb4e4e1ef/element/114bdca5-03d2-48e3-8b3d-4a265006e58b/location [39m[32m200[39m [90m154 ms - 89[39m
[35m[HTTP][39m [90m[39m
[35m[HTTP][39m [37m-->[39m [37mPOST[39m [37m/wd/hub/session/b2acbfdb-53c2-4d9f-a60b-3d4eb4e4e1ef/touch/perform[39m
[35m[HTTP][39m [90m{"actions":[{"action":"tap","options":{"element":"114bdca5-03d2-48e3-8b3d-4a265006e58b","x":1,"y":1}}]}[39m
[35m[UiAutomator2][39m calling get location: 114bdca5-03d2-48e3-8b3d-4a265006e58b
[35m[HTTP][39m [37m<-- POST /wd/hub/session/b2acbfdb-53c2-4d9f-a60b-3d4eb4e4e1ef/touch/perform [39m[32m200[39m [90m1294 ms - 76[39m
[35m[HTTP][39m [90m[39m
[35m[HTTP][39m [37m-->[39m [37mGET[39m [37m/wd/hub/session/b2acbfdb-53c2-4d9f-a60b-3d4eb4e4e1ef/window/current/size[39m
[35m[HTTP][39m [90m{}[39m
[35m[W3C][39m Driver proxy active, passing request on via HTTP proxy
[35m[JSONWP Proxy][39m Replacing sessionId f1290e25-9f40-4ed7-8207-ccd9936beebf with b2acbfdb-53c2-4d9f-a60b-3d4eb4e4e1ef
[35m[HTTP][39m [37m<-- GET /wd/hub/session/b2acbfdb-53c2-4d9f-a60b-3d4eb4e4e1ef/window/current/size [39m[32m200[39m [90m84 ms - 100[39m
[35m[HTTP][39m [90m[39m
[35m[HTTP][39m [37m-->[39m [37mPOST[39m [37m/wd/hub/session/b2acbfdb-53c2-4d9f-a60b-3d4eb4e4e1ef/elements[39m
[35m[HTTP][39m [90m{"using":"-android uiautomator","value":"new UiSelector().className(\"android.view.View\").textContains(\"TOYOTA\").enabled(true)"}[39m
[35m[HTTP][39m [37m<-- POST /wd/hub/session/b2acbfdb-53c2-4d9f-a60b-3d4eb4e4e1ef/elements [39m[32m200[39m [90m606 ms - 124[39m
[35m[HTTP][39m [90m[39m
[35m[HTTP][39m [37m-->[39m [37mGET[39m [37m/wd/hub/session/b2acbfdb-53c2-4d9f-a60b-3d4eb4e4e1ef[39m
[35m[HTTP][39m [90m{}[39m
[35m[HTTP][39m [37m<-- GET /wd/hub/session/b2acbfdb-53c2-4d9f-a60b-3d4eb4e4e1ef [39m[32m200[39m [90m69 ms - 1260[39m
[35m[HTTP][39m [90m[39m
[35m[HTTP][39m [37m-->[39m [37mGET[39m [37m/wd/hub/session/b2acbfdb-53c2-4d9f-a60b-3d4eb4e4e1ef[39m
[35m[HTTP][39m [90m{}[39m
[35m[HTTP][39m [37m<-- GET /wd/hub/session/b2acbfdb-53c2-4d9f-a60b-3d4eb4e4e1ef [39m[32m200[39m [90m52 ms - 1260[39m
[35m[HTTP][39m [90m[39m
[35m[HTTP][39m [37m-->[39m [37mGET[39m [37m/wd/hub/session/b2acbfdb-53c2-4d9f-a60b-3d4eb4e4e1ef[39m
[35m[HTTP][39m [90m{}[39m
[35m[HTTP][39m [37m<-- GET /wd/hub/session/b2acbfdb-53c2-4d9f-a60b-3d4eb4e4e1ef [39m[32m200[39m [90m58 ms - 1260[39m
[35m[HTTP][39m [90m[39m
[35m[HTTP][39m [37m-->[39m [37mGET[39m [37m/wd/hub/session/b2acbfdb-53c2-4d9f-a60b-3d4eb4e4e1ef[39m
[35m[HTTP][39m [90m{}[39m
[35m[HTTP][39m [37m<-- GET /wd/hub/session/b2acbfdb-53c2-4d9f-a60b-3d4eb4e4e1ef [39m[32m200[39m [90m71 ms - 1260[39m
[35m[HTTP][39m [90m[39m
[35m[HTTP][39m [37m-->[39m [37mGET[39m [37m/wd/hub/session/b2acbfdb-53c2-4d9f-a60b-3d4eb4e4e1ef/element/314dcdd8-0631-44fa-b464-0183bc95cd97/location[39m
[35m[HTTP][39m [90m{}[39m
[35m[W3C][39m Driver proxy active, passing request on via HTTP proxy
[35m[JSONWP Proxy][39m Replacing sessionId f1290e25-9f40-4ed7-8207-ccd9936beebf with b2acbfdb-53c2-4d9f-a60b-3d4eb4e4e1ef
[35m[HTTP][39m [37m<-- GET /wd/hub/session/b2acbfdb-53c2-4d9f-a60b-3d4eb4e4e1ef/element/314dcdd8-0631-44fa-b464-0183bc95cd97/location [39m[32m200[39m [90m167 ms - 89[39m
[35m[HTTP][39m [90m[39m
[35m[HTTP][39m [37m-->[39m [37mPOST[39m [37m/wd/hub/session/b2acbfdb-53c2-4d9f-a60b-3d4eb4e4e1ef/touch/perform[39m
[35m[HTTP][39m [90m{"actions":[{"action":"tap","options":{"element":"314dcdd8-0631-44fa-b464-0183bc95cd97","x":1,"y":1}}]}[39m
[35m[UiAutomator2][39m calling get location: 314dcdd8-0631-44fa-b464-0183bc95cd97
[35m[HTTP][39m [37m<-- POST /wd/hub/session/b2acbfdb-53c2-4d9f-a60b-3d4eb4e4e1ef/touch/perform [39m[32m200[39m [90m1900 ms - 76[39m
[35m[HTTP][39m [90m[39m
[35m[HTTP][39m [37m-->[39m [37mGET[39m [37m/wd/hub/session/b2acbfdb-53c2-4d9f-a60b-3d4eb4e4e1ef/window/current/size[39m
[35m[HTTP][39m [90m{}[39m
[35m[W3C][39m Driver proxy active, passing request on via HTTP proxy
[35m[JSONWP Proxy][39m Replacing sessionId f1290e25-9f40-4ed7-8207-ccd9936beebf with b2acbfdb-53c2-4d9f-a60b-3d4eb4e4e1ef
[35m[HTTP][39m [37m<-- GET /wd/hub/session/b2acbfdb-53c2-4d9f-a60b-3d4eb4e4e1ef/window/current/size [39m[32m200[39m [90m77 ms - 100[39m
[35m[HTTP][39m [90m[39m
[35m[HTTP][39m [37m-->[39m [37mPOST[39m [37m/wd/hub/session/b2acbfdb-53c2-4d9f-a60b-3d4eb4e4e1ef/elements[39m
[35m[HTTP][39m [90m{"using":"-android uiautomator","value":"new UiSelector().className(\"android.widget.EditText\").resourceId(\"b7-Input_Type\")"}[39m
[35m[HTTP][39m [37m<-- POST /wd/hub/session/b2acbfdb-53c2-4d9f-a60b-3d4eb4e4e1ef/elements [39m[32m200[39m [90m616 ms - 124[39m
[35m[HTTP][39m [90m[39m
[35m[HTTP][39m [37m-->[39m [37mGET[39m [37m/wd/hub/session/b2acbfdb-53c2-4d9f-a60b-3d4eb4e4e1ef[39m
[35m[HTTP][39m [90m{}[39m
[35m[HTTP][39m [37m<-- GET /wd/hub/session/b2acbfdb-53c2-4d9f-a60b-3d4eb4e4e1ef [39m[32m200[39m [90m62 ms - 1260[39m
[35m[HTTP][39m [90m[39m
[35m[HTTP][39m [37m-->[39m [37mGET[39m [37m/wd/hub/session/b2acbfdb-53c2-4d9f-a60b-3d4eb4e4e1ef[39m
[35m[HTTP][39m [90m{}[39m
[35m[HTTP][39m [37m<-- GET /wd/hub/session/b2acbfdb-53c2-4d9f-a60b-3d4eb4e4e1ef [39m[32m200[39m [90m64 ms - 1260[39m
[35m[HTTP][39m [90m[39m
[35m[HTTP][39m [37m-->[39m [37mGET[39m [37m/wd/hub/session/b2acbfdb-53c2-4d9f-a60b-3d4eb4e4e1ef[39m
[35m[HTTP][39m [90m{}[39m
[35m[HTTP][39m [37m<-- GET /wd/hub/session/b2acbfdb-53c2-4d9f-a60b-3d4eb4e4e1ef [39m[32m200[39m [90m72 ms - 1260[39m
[35m[HTTP][39m [90m[39m
[35m[HTTP][39m [37m-->[39m [37mGET[39m [37m/wd/hub/session/b2acbfdb-53c2-4d9f-a60b-3d4eb4e4e1ef[39m
[35m[HTTP][39m [90m{}[39m
[35m[HTTP][39m [37m<-- GET /wd/hub/session/b2acbfdb-53c2-4d9f-a60b-3d4eb4e4e1ef [39m[32m200[39m [90m55 ms - 1260[39m
[35m[HTTP][39m [90m[39m
[35m[HTTP][39m [37m-->[39m [37mGET[39m [37m/wd/hub/session/b2acbfdb-53c2-4d9f-a60b-3d4eb4e4e1ef/element/e4403403-f435-4dae-9991-cfb9d96cf9b0/location[39m
[35m[HTTP][39m [90m{}[39m
[35m[W3C][39m Driver proxy active, passing request on via HTTP proxy
[35m[JSONWP Proxy][39m Replacing sessionId f1290e25-9f40-4ed7-8207-ccd9936beebf with b2acbfdb-53c2-4d9f-a60b-3d4eb4e4e1ef
[35m[HTTP][39m [37m<-- GET /wd/hub/session/b2acbfdb-53c2-4d9f-a60b-3d4eb4e4e1ef/element/e4403403-f435-4dae-9991-cfb9d96cf9b0/location [39m[32m200[39m [90m133 ms - 89[39m
[35m[HTTP][39m [90m[39m
[35m[HTTP][39m [37m-->[39m [37mPOST[39m [37m/wd/hub/session/b2acbfdb-53c2-4d9f-a60b-3d4eb4e4e1ef/touch/perform[39m
[35m[HTTP][39m [90m{"actions":[{"action":"tap","options":{"element":"e4403403-f435-4dae-9991-cfb9d96cf9b0","x":1,"y":1}}]}[39m
[35m[UiAutomator2][39m calling get location: e4403403-f435-4dae-9991-cfb9d96cf9b0
[35m[HTTP][39m [37m<-- POST /wd/hub/session/b2acbfdb-53c2-4d9f-a60b-3d4eb4e4e1ef/touch/perform [39m[32m200[39m [90m1974 ms - 76[39m
[35m[HTTP][39m [90m[39m
[35m[HTTP][39m [37m-->[39m [37mGET[39m [37m/wd/hub/session/b2acbfdb-53c2-4d9f-a60b-3d4eb4e4e1ef/window/current/size[39m
[35m[HTTP][39m [90m{}[39m
[35m[W3C][39m Driver proxy active, passing request on via HTTP proxy
[35m[JSONWP Proxy][39m Replacing sessionId f1290e25-9f40-4ed7-8207-ccd9936beebf with b2acbfdb-53c2-4d9f-a60b-3d4eb4e4e1ef
[35m[HTTP][39m [37m<-- GET /wd/hub/session/b2acbfdb-53c2-4d9f-a60b-3d4eb4e4e1ef/window/current/size [39m[32m200[39m [90m81 ms - 100[39m
[35m[HTTP][39m [90m[39m
[35m[HTTP][39m [37m-->[39m [37mPOST[39m [37m/wd/hub/session/b2acbfdb-53c2-4d9f-a60b-3d4eb4e4e1ef/elements[39m
[35m[HTTP][39m [90m{"using":"-android uiautomator","value":"new UiSelector().className(\"android.widget.EditText\").resourceId(\"b7-Input_Type\")"}[39m
[35m[HTTP][39m [37m<-- POST /wd/hub/session/b2acbfdb-53c2-4d9f-a60b-3d4eb4e4e1ef/elements [39m[32m200[39m [90m246 ms - 124[39m
[35m[HTTP][39m [90m[39m
[35m[HTTP][39m [37m-->[39m [37mGET[39m [37m/wd/hub/session/b2acbfdb-53c2-4d9f-a60b-3d4eb4e4e1ef[39m
[35m[HTTP][39m [90m{}[39m
[35m[HTTP][39m [37m<-- GET /wd/hub/session/b2acbfdb-53c2-4d9f-a60b-3d4eb4e4e1ef [39m[32m200[39m [90m75 ms - 1260[39m
[35m[HTTP][39m [90m[39m
[35m[HTTP][39m [37m-->[39m [37mGET[39m [37m/wd/hub/session/b2acbfdb-53c2-4d9f-a60b-3d4eb4e4e1ef[39m
[35m[HTTP][39m [90m{}[39m
[35m[HTTP][39m [37m<-- GET /wd/hub/session/b2acbfdb-53c2-4d9f-a60b-3d4eb4e4e1ef [39m[32m200[39m [90m78 ms - 1260[39m
[35m[HTTP][39m [90m[39m
[35m[HTTP][39m [37m-->[39m [37mGET[39m [37m/wd/hub/session/b2acbfdb-53c2-4d9f-a60b-3d4eb4e4e1ef[39m
[35m[HTTP][39m [90m{}[39m
[35m[HTTP][39m [37m<-- GET /wd/hub/session/b2acbfdb-53c2-4d9f-a60b-3d4eb4e4e1ef [39m[32m200[39m [90m62 ms - 1260[39m
[35m[HTTP][39m [90m[39m
[35m[HTTP][39m [37m-->[39m [37mGET[39m [37m/wd/hub/session/b2acbfdb-53c2-4d9f-a60b-3d4eb4e4e1ef[39m
[35m[HTTP][39m [90m{}[39m
[35m[HTTP][39m [37m<-- GET /wd/hub/session/b2acbfdb-53c2-4d9f-a60b-3d4eb4e4e1ef [39m[32m200[39m [90m40 ms - 1260[39m
[35m[HTTP][39m [90m[39m
[35m[HTTP][39m [37m-->[39m [37mGET[39m [37m/wd/hub/session/b2acbfdb-53c2-4d9f-a60b-3d4eb4e4e1ef/element/dd58d269-5b75-474d-a318-b4f043398363/location[39m
[35m[HTTP][39m [90m{}[39m
[35m[W3C][39m Driver proxy active, passing request on via HTTP proxy
[35m[JSONWP Proxy][39m Replacing sessionId f1290e25-9f40-4ed7-8207-ccd9936beebf with b2acbfdb-53c2-4d9f-a60b-3d4eb4e4e1ef
[35m[HTTP][39m [37m<-- GET /wd/hub/session/b2acbfdb-53c2-4d9f-a60b-3d4eb4e4e1ef/element/dd58d269-5b75-474d-a318-b4f043398363/location [39m[32m200[39m [90m163 ms - 89[39m
[35m[HTTP][39m [90m[39m
[35m[HTTP][39m [37m-->[39m [37mPOST[39m [37m/wd/hub/session/b2acbfdb-53c2-4d9f-a60b-3d4eb4e4e1ef/element/dd58d269-5b75-474d-a318-b4f043398363/clear[39m
[35m[HTTP][39m [90m{"id":"dd58d269-5b75-474d-a318-b4f043398363"}[39m
[35m[HTTP][39m [37m<-- POST /wd/hub/session/b2acbfdb-53c2-4d9f-a60b-3d4eb4e4e1ef/element/dd58d269-5b75-474d-a318-b4f043398363/clear [39m[32m200[39m [90m104 ms - 89[39m
[35m[HTTP][39m [90m[39m
[35m[HTTP][39m [37m-->[39m [37mPOST[39m [37m/wd/hub/session/b2acbfdb-53c2-4d9f-a60b-3d4eb4e4e1ef/element/dd58d269-5b75-474d-a318-b4f043398363/value[39m
[35m[HTTP][39m [90m{"id":"dd58d269-5b75-474d-a318-b4f043398363","value":["ALL NEW YARIS"]}[39m
[35m[HTTP][39m [37m<-- POST /wd/hub/session/b2acbfdb-53c2-4d9f-a60b-3d4eb4e4e1ef/element/dd58d269-5b75-474d-a318-b4f043398363/value [39m[32m200[39m [90m1331 ms - 74[39m
[35m[HTTP][39m [90m[39m
[35m[HTTP][39m [37m-->[39m [37mGET[39m [37m/wd/hub/session/b2acbfdb-53c2-4d9f-a60b-3d4eb4e4e1ef/window/current/size[39m
[35m[HTTP][39m [90m{}[39m
[35m[W3C][39m Driver proxy active, passing request on via HTTP proxy
[35m[JSONWP Proxy][39m Replacing sessionId f1290e25-9f40-4ed7-8207-ccd9936beebf with b2acbfdb-53c2-4d9f-a60b-3d4eb4e4e1ef
[35m[HTTP][39m [37m<-- GET /wd/hub/session/b2acbfdb-53c2-4d9f-a60b-3d4eb4e4e1ef/window/current/size [39m[32m200[39m [90m76 ms - 100[39m
[35m[HTTP][39m [90m[39m
[35m[HTTP][39m [37m-->[39m [37mPOST[39m [37m/wd/hub/session/b2acbfdb-53c2-4d9f-a60b-3d4eb4e4e1ef/elements[39m
[35m[HTTP][39m [90m{"using":"-android uiautomator","value":"new UiSelector().className(\"android.widget.EditText\").resourceId(\"b7-Input_Type\")"}[39m
[35m[HTTP][39m [37m<-- POST /wd/hub/session/b2acbfdb-53c2-4d9f-a60b-3d4eb4e4e1ef/elements [39m[32m200[39m [90m241 ms - 124[39m
[35m[HTTP][39m [90m[39m
[35m[HTTP][39m [37m-->[39m [37mGET[39m [37m/wd/hub/session/b2acbfdb-53c2-4d9f-a60b-3d4eb4e4e1ef[39m
[35m[HTTP][39m [90m{}[39m
[35m[HTTP][39m [37m<-- GET /wd/hub/session/b2acbfdb-53c2-4d9f-a60b-3d4eb4e4e1ef [39m[32m200[39m [90m51 ms - 1260[39m
[35m[HTTP][39m [90m[39m
[35m[HTTP][39m [37m-->[39m [37mGET[39m [37m/wd/hub/session/b2acbfdb-53c2-4d9f-a60b-3d4eb4e4e1ef[39m
[35m[HTTP][39m [90m{}[39m
[35m[HTTP][39m [37m<-- GET /wd/hub/session/b2acbfdb-53c2-4d9f-a60b-3d4eb4e4e1ef [39m[32m200[39m [90m48 ms - 1260[39m
[35m[HTTP][39m [90m[39m
[35m[HTTP][39m [37m-->[39m [37mGET[39m [37m/wd/hub/session/b2acbfdb-53c2-4d9f-a60b-3d4eb4e4e1ef[39m
[35m[HTTP][39m [90m{}[39m
[35m[HTTP][39m [37m<-- GET /wd/hub/session/b2acbfdb-53c2-4d9f-a60b-3d4eb4e4e1ef [39m[32m200[39m [90m35 ms - 1260[39m
[35m[HTTP][39m [90m[39m
[35m[HTTP][39m [37m-->[39m [37mGET[39m [37m/wd/hub/session/b2acbfdb-53c2-4d9f-a60b-3d4eb4e4e1ef[39m
[35m[HTTP][39m [90m{}[39m
[35m[HTTP][39m [37m<-- GET /wd/hub/session/b2acbfdb-53c2-4d9f-a60b-3d4eb4e4e1ef [39m[32m200[39m [90m43 ms - 1260[39m
[35m[HTTP][39m [90m[39m
[35m[HTTP][39m [37m-->[39m [37mGET[39m [37m/wd/hub/session/b2acbfdb-53c2-4d9f-a60b-3d4eb4e4e1ef/element/e728bdc8-d5c1-4ba0-9e89-82c42e97940d/location[39m
[35m[HTTP][39m [90m{}[39m
[35m[W3C][39m Driver proxy active, passing request on via HTTP proxy
[35m[JSONWP Proxy][39m Replacing sessionId f1290e25-9f40-4ed7-8207-ccd9936beebf with b2acbfdb-53c2-4d9f-a60b-3d4eb4e4e1ef
[35m[HTTP][39m [37m<-- GET /wd/hub/session/b2acbfdb-53c2-4d9f-a60b-3d4eb4e4e1ef/element/e728bdc8-d5c1-4ba0-9e89-82c42e97940d/location [39m[32m200[39m [90m424 ms - 89[39m
[35m[HTTP][39m [90m[39m
[35m[HTTP][39m [37m-->[39m [37mPOST[39m [37m/wd/hub/session/b2acbfdb-53c2-4d9f-a60b-3d4eb4e4e1ef/touch/perform[39m
[35m[HTTP][39m [90m{"actions":[{"action":"tap","options":{"element":"e728bdc8-d5c1-4ba0-9e89-82c42e97940d","x":1,"y":1}}]}[39m
[35m[UiAutomator2][39m calling get location: e728bdc8-d5c1-4ba0-9e89-82c42e97940d
[35m[HTTP][39m [37m<-- POST /wd/hub/session/b2acbfdb-53c2-4d9f-a60b-3d4eb4e4e1ef/touch/perform [39m[32m200[39m [90m1279 ms - 76[39m
[35m[HTTP][39m [90m[39m
[35m[HTTP][39m [37m-->[39m [37mGET[39m [37m/wd/hub/session/b2acbfdb-53c2-4d9f-a60b-3d4eb4e4e1ef/window/current/size[39m
[35m[HTTP][39m [90m{}[39m
[35m[W3C][39m Driver proxy active, passing request on via HTTP proxy
[35m[JSONWP Proxy][39m Replacing sessionId f1290e25-9f40-4ed7-8207-ccd9936beebf with b2acbfdb-53c2-4d9f-a60b-3d4eb4e4e1ef
[35m[HTTP][39m [37m<-- GET /wd/hub/session/b2acbfdb-53c2-4d9f-a60b-3d4eb4e4e1ef/window/current/size [39m[32m200[39m [90m60 ms - 100[39m
[35m[HTTP][39m [90m[39m
[35m[HTTP][39m [37m-->[39m [37mPOST[39m [37m/wd/hub/session/b2acbfdb-53c2-4d9f-a60b-3d4eb4e4e1ef/elements[39m
[35m[HTTP][39m [90m{"using":"-android uiautomator","value":"new UiSelector().className(\"android.view.View\").resourceId(\"b7-l8-0-ListItemType\").instance(70)"}[39m
[35m[HTTP][39m [37m<-- POST /wd/hub/session/b2acbfdb-53c2-4d9f-a60b-3d4eb4e4e1ef/elements [39m[32m200[39m [90m495 ms - 124[39m
[35m[HTTP][39m [90m[39m
[35m[HTTP][39m [37m-->[39m [37mGET[39m [37m/wd/hub/session/b2acbfdb-53c2-4d9f-a60b-3d4eb4e4e1ef[39m
[35m[HTTP][39m [90m{}[39m
[35m[HTTP][39m [37m<-- GET /wd/hub/session/b2acbfdb-53c2-4d9f-a60b-3d4eb4e4e1ef [39m[32m200[39m [90m68 ms - 1260[39m
[35m[HTTP][39m [90m[39m
[35m[HTTP][39m [37m-->[39m [37mGET[39m [37m/wd/hub/session/b2acbfdb-53c2-4d9f-a60b-3d4eb4e4e1ef[39m
[35m[HTTP][39m [90m{}[39m
[35m[HTTP][39m [37m<-- GET /wd/hub/session/b2acbfdb-53c2-4d9f-a60b-3d4eb4e4e1ef [39m[32m200[39m [90m44 ms - 1260[39m
[35m[HTTP][39m [90m[39m
[35m[HTTP][39m [37m-->[39m [37mGET[39m [37m/wd/hub/session/b2acbfdb-53c2-4d9f-a60b-3d4eb4e4e1ef[39m
[35m[HTTP][39m [90m{}[39m
[35m[HTTP][39m [37m<-- GET /wd/hub/session/b2acbfdb-53c2-4d9f-a60b-3d4eb4e4e1ef [39m[32m200[39m [90m55 ms - 1260[39m
[35m[HTTP][39m [90m[39m
[35m[HTTP][39m [37m-->[39m [37mGET[39m [37m/wd/hub/session/b2acbfdb-53c2-4d9f-a60b-3d4eb4e4e1ef[39m
[35m[HTTP][39m [90m{}[39m
[35m[HTTP][39m [37m<-- GET /wd/hub/session/b2acbfdb-53c2-4d9f-a60b-3d4eb4e4e1ef [39m[32m200[39m [90m68 ms - 1260[39m
[35m[HTTP][39m [90m[39m
[35m[HTTP][39m [37m-->[39m [37mGET[39m [37m/wd/hub/session/b2acbfdb-53c2-4d9f-a60b-3d4eb4e4e1ef/element/35041789-0e19-4596-9cdd-f2cd5f3120a7/location[39m
[35m[HTTP][39m [90m{}[39m
[35m[W3C][39m Driver proxy active, passing request on via HTTP proxy
[35m[JSONWP Proxy][39m Replacing sessionId f1290e25-9f40-4ed7-8207-ccd9936beebf with b2acbfdb-53c2-4d9f-a60b-3d4eb4e4e1ef
[35m[HTTP][39m [37m<-- GET /wd/hub/session/b2acbfdb-53c2-4d9f-a60b-3d4eb4e4e1ef/element/35041789-0e19-4596-9cdd-f2cd5f3120a7/location [39m[32m200[39m [90m142 ms - 89[39m
[35m[HTTP][39m [90m[39m
[35m[HTTP][39m [37m-->[39m [37mPOST[39m [37m/wd/hub/session/b2acbfdb-53c2-4d9f-a60b-3d4eb4e4e1ef/touch/perform[39m
[35m[HTTP][39m [90m{"actions":[{"action":"tap","options":{"element":"35041789-0e19-4596-9cdd-f2cd5f3120a7","x":1,"y":1}}]}[39m
[35m[UiAutomator2][39m calling get location: 35041789-0e19-4596-9cdd-f2cd5f3120a7
[35m[HTTP][39m [37m<-- POST /wd/hub/session/b2acbfdb-53c2-4d9f-a60b-3d4eb4e4e1ef/touch/perform [39m[32m200[39m [90m1775 ms - 76[39m
[35m[HTTP][39m [90m[39m
[35m[HTTP][39m [37m-->[39m [37mGET[39m [37m/wd/hub/session/b2acbfdb-53c2-4d9f-a60b-3d4eb4e4e1ef/context[39m
[35m[HTTP][39m [90m{}[39m
[35m[HTTP][39m [37m<-- GET /wd/hub/session/b2acbfdb-53c2-4d9f-a60b-3d4eb4e4e1ef/context [39m[32m200[39m [90m2 ms - 84[39m
[35m[HTTP][39m [90m[39m
[35m[HTTP][39m [37m-->[39m [37mGET[39m [37m/wd/hub/session/b2acbfdb-53c2-4d9f-a60b-3d4eb4e4e1ef/contexts[39m
[35m[HTTP][39m [90m{}[39m
[35m[HTTP][39m [37m<-- GET /wd/hub/session/b2acbfdb-53c2-4d9f-a60b-3d4eb4e4e1ef/contexts [39m[32m200[39m [90m536 ms - 142[39m
[35m[HTTP][39m [90m[39m
[35m[HTTP][39m [37m-->[39m [37mPOST[39m [37m/wd/hub/session/b2acbfdb-53c2-4d9f-a60b-3d4eb4e4e1ef/context[39m
[35m[HTTP][39m [90m{"name":"NATIVE_APP"}[39m
[35m[HTTP][39m [37m<-- POST /wd/hub/session/b2acbfdb-53c2-4d9f-a60b-3d4eb4e4e1ef/context [39m[32m200[39m [90m518 ms - 76[39m
[35m[HTTP][39m [90m[39m
[35m[HTTP][39m [37m-->[39m [37mGET[39m [37m/wd/hub/session/b2acbfdb-53c2-4d9f-a60b-3d4eb4e4e1ef/window/current/size[39m
[35m[HTTP][39m [90m{}[39m
[35m[W3C][39m Driver proxy active, passing request on via HTTP proxy
[35m[JSONWP Proxy][39m Replacing sessionId f1290e25-9f40-4ed7-8207-ccd9936beebf with b2acbfdb-53c2-4d9f-a60b-3d4eb4e4e1ef
[35m[HTTP][39m [37m<-- GET /wd/hub/session/b2acbfdb-53c2-4d9f-a60b-3d4eb4e4e1ef/window/current/size [39m[32m200[39m [90m52 ms - 100[39m
[35m[HTTP][39m [90m[39m
[35m[HTTP][39m [37m-->[39m [37mPOST[39m [37m/wd/hub/session/b2acbfdb-53c2-4d9f-a60b-3d4eb4e4e1ef/context[39m
[35m[HTTP][39m [90m{"name":"NATIVE_APP"}[39m
[35m[HTTP][39m [37m<-- POST /wd/hub/session/b2acbfdb-53c2-4d9f-a60b-3d4eb4e4e1ef/context [39m[32m200[39m [90m555 ms - 76[39m
[35m[HTTP][39m [90m[39m
[35m[HTTP][39m [37m-->[39m [37mGET[39m [37m/wd/hub/session/b2acbfdb-53c2-4d9f-a60b-3d4eb4e4e1ef/context[39m
[35m[HTTP][39m [90m{}[39m
[35m[HTTP][39m [37m<-- GET /wd/hub/session/b2acbfdb-53c2-4d9f-a60b-3d4eb4e4e1ef/context [39m[32m200[39m [90m4 ms - 84[39m
[35m[HTTP][39m [90m[39m
[35m[HTTP][39m [37m-->[39m [37mGET[39m [37m/wd/hub/session/b2acbfdb-53c2-4d9f-a60b-3d4eb4e4e1ef/contexts[39m
[35m[HTTP][39m [90m{}[39m
[35m[HTTP][39m [37m<-- GET /wd/hub/session/b2acbfdb-53c2-4d9f-a60b-3d4eb4e4e1ef/contexts [39m[32m200[39m [90m557 ms - 142[39m
[35m[HTTP][39m [90m[39m
[35m[HTTP][39m [37m-->[39m [37mPOST[39m [37m/wd/hub/session/b2acbfdb-53c2-4d9f-a60b-3d4eb4e4e1ef/context[39m
[35m[HTTP][39m [90m{"name":"NATIVE_APP"}[39m
[35m[HTTP][39m [37m<-- POST /wd/hub/session/b2acbfdb-53c2-4d9f-a60b-3d4eb4e4e1ef/context [39m[32m200[39m [90m623 ms - 76[39m
[35m[HTTP][39m [90m[39m
[35m[HTTP][39m [37m-->[39m [37mGET[39m [37m/wd/hub/session/b2acbfdb-53c2-4d9f-a60b-3d4eb4e4e1ef/window/current/size[39m
[35m[HTTP][39m [90m{}[39m
[35m[W3C][39m Driver proxy active, passing request on via HTTP proxy
[35m[JSONWP Proxy][39m Replacing sessionId f1290e25-9f40-4ed7-8207-ccd9936beebf with b2acbfdb-53c2-4d9f-a60b-3d4eb4e4e1ef
[35m[HTTP][39m [37m<-- GET /wd/hub/session/b2acbfdb-53c2-4d9f-a60b-3d4eb4e4e1ef/window/current/size [39m[32m200[39m [90m85 ms - 100[39m
[35m[HTTP][39m [90m[39m
[35m[HTTP][39m [37m-->[39m [37mPOST[39m [37m/wd/hub/session/b2acbfdb-53c2-4d9f-a60b-3d4eb4e4e1ef/context[39m
[35m[HTTP][39m [90m{"name":"NATIVE_APP"}[39m
[35m[HTTP][39m [37m<-- POST /wd/hub/session/b2acbfdb-53c2-4d9f-a60b-3d4eb4e4e1ef/context [39m[32m200[39m [90m536 ms - 76[39m
[35m[HTTP][39m [90m[39m
[35m[HTTP][39m [37m-->[39m [37mGET[39m [37m/wd/hub/session/b2acbfdb-53c2-4d9f-a60b-3d4eb4e4e1ef/context[39m
[35m[HTTP][39m [90m{}[39m
[35m[HTTP][39m [37m<-- GET /wd/hub/session/b2acbfdb-53c2-4d9f-a60b-3d4eb4e4e1ef/context [39m[32m200[39m [90m2 ms - 84[39m
[35m[HTTP][39m [90m[39m
[35m[HTTP][39m [37m-->[39m [37mGET[39m [37m/wd/hub/session/b2acbfdb-53c2-4d9f-a60b-3d4eb4e4e1ef/contexts[39m
[35m[HTTP][39m [90m{}[39m
[35m[HTTP][39m [37m<-- GET /wd/hub/session/b2acbfdb-53c2-4d9f-a60b-3d4eb4e4e1ef/contexts [39m[32m200[39m [90m524 ms - 142[39m
[35m[HTTP][39m [90m[39m
[35m[HTTP][39m [37m-->[39m [37mPOST[39m [37m/wd/hub/session/b2acbfdb-53c2-4d9f-a60b-3d4eb4e4e1ef/context[39m
[35m[HTTP][39m [90m{"name":"NATIVE_APP"}[39m
[35m[HTTP][39m [37m<-- POST /wd/hub/session/b2acbfdb-53c2-4d9f-a60b-3d4eb4e4e1ef/context [39m[32m200[39m [90m530 ms - 76[39m
[35m[HTTP][39m [90m[39m
[35m[HTTP][39m [37m-->[39m [37mPOST[39m [37m/wd/hub/session/b2acbfdb-53c2-4d9f-a60b-3d4eb4e4e1ef/touch/perform[39m
[35m[HTTP][39m [90m{"actions":[{"action":"press","options":{"x":1000,"y":1704}},{"action":"wait","options":{"ms":500}},{"action":"moveTo","options":{"x":1000,"y":1065}},{"action":"release","options":{}}]}[39m
[35m[HTTP][39m [37m<-- POST /wd/hub/session/b2acbfdb-53c2-4d9f-a60b-3d4eb4e4e1ef/touch/perform [39m[32m200[39m [90m1239 ms - 76[39m
[35m[HTTP][39m [90m[39m
[35m[HTTP][39m [37m-->[39m [37mPOST[39m [37m/wd/hub/session/b2acbfdb-53c2-4d9f-a60b-3d4eb4e4e1ef/context[39m
[35m[HTTP][39m [90m{"name":"NATIVE_APP"}[39m
[35m[HTTP][39m [37m<-- POST /wd/hub/session/b2acbfdb-53c2-4d9f-a60b-3d4eb4e4e1ef/context [39m[32m200[39m [90m537 ms - 76[39m
[35m[HTTP][39m [90m[39m
[35m[HTTP][39m [37m-->[39m [37mGET[39m [37m/wd/hub/session/b2acbfdb-53c2-4d9f-a60b-3d4eb4e4e1ef/window/current/size[39m
[35m[HTTP][39m [90m{}[39m
[35m[W3C][39m Driver proxy active, passing request on via HTTP proxy
[35m[JSONWP Proxy][39m Replacing sessionId f1290e25-9f40-4ed7-8207-ccd9936beebf with b2acbfdb-53c2-4d9f-a60b-3d4eb4e4e1ef
[35m[HTTP][39m [37m<-- GET /wd/hub/session/b2acbfdb-53c2-4d9f-a60b-3d4eb4e4e1ef/window/current/size [39m[32m200[39m [90m70 ms - 100[39m
[35m[HTTP][39m [90m[39m
[35m[HTTP][39m [37m-->[39m [37mPOST[39m [37m/wd/hub/session/b2acbfdb-53c2-4d9f-a60b-3d4eb4e4e1ef/elements[39m
[35m[HTTP][39m [90m{"using":"-android uiautomator","value":"new UiSelector().className(\"android.view.View\").resourceId(\"b7-Input_Model3\")"}[39m
[35m[HTTP][39m [37m<-- POST /wd/hub/session/b2acbfdb-53c2-4d9f-a60b-3d4eb4e4e1ef/elements [39m[32m200[39m [90m652 ms - 124[39m
[35m[HTTP][39m [90m[39m
[35m[HTTP][39m [37m-->[39m [37mGET[39m [37m/wd/hub/session/b2acbfdb-53c2-4d9f-a60b-3d4eb4e4e1ef[39m
[35m[HTTP][39m [90m{}[39m
[35m[HTTP][39m [37m<-- GET /wd/hub/session/b2acbfdb-53c2-4d9f-a60b-3d4eb4e4e1ef [39m[32m200[39m [90m94 ms - 1380[39m
[35m[HTTP][39m [90m[39m
[35m[HTTP][39m [37m-->[39m [37mGET[39m [37m/wd/hub/session/b2acbfdb-53c2-4d9f-a60b-3d4eb4e4e1ef[39m
[35m[HTTP][39m [90m{}[39m
[35m[HTTP][39m [37m<-- GET /wd/hub/session/b2acbfdb-53c2-4d9f-a60b-3d4eb4e4e1ef [39m[32m200[39m [90m67 ms - 1380[39m
[35m[HTTP][39m [90m[39m
[35m[HTTP][39m [37m-->[39m [37mGET[39m [37m/wd/hub/session/b2acbfdb-53c2-4d9f-a60b-3d4eb4e4e1ef[39m
[35m[HTTP][39m [90m{}[39m
[35m[HTTP][39m [37m<-- GET /wd/hub/session/b2acbfdb-53c2-4d9f-a60b-3d4eb4e4e1ef [39m[32m200[39m [90m67 ms - 1380[39m
[35m[HTTP][39m [90m[39m
[35m[HTTP][39m [37m-->[39m [37mGET[39m [37m/wd/hub/session/b2acbfdb-53c2-4d9f-a60b-3d4eb4e4e1ef[39m
[35m[HTTP][39m [90m{}[39m
[35m[HTTP][39m [37m<-- GET /wd/hub/session/b2acbfdb-53c2-4d9f-a60b-3d4eb4e4e1ef [39m[32m200[39m [90m88 ms - 1380[39m
[35m[HTTP][39m [90m[39m
[35m[HTTP][39m [37m-->[39m [37mGET[39m [37m/wd/hub/session/b2acbfdb-53c2-4d9f-a60b-3d4eb4e4e1ef/element/00f1c3cc-285f-4249-949d-b7d6624ddaf5/location[39m
[35m[HTTP][39m [90m{}[39m
[35m[W3C][39m Driver proxy active, passing request on via HTTP proxy
[35m[JSONWP Proxy][39m Replacing sessionId f1290e25-9f40-4ed7-8207-ccd9936beebf with b2acbfdb-53c2-4d9f-a60b-3d4eb4e4e1ef
[35m[HTTP][39m [37m<-- GET /wd/hub/session/b2acbfdb-53c2-4d9f-a60b-3d4eb4e4e1ef/element/00f1c3cc-285f-4249-949d-b7d6624ddaf5/location [39m[32m200[39m [90m154 ms - 88[39m
[35m[HTTP][39m [90m[39m
[35m[HTTP][39m [37m-->[39m [37mPOST[39m [37m/wd/hub/session/b2acbfdb-53c2-4d9f-a60b-3d4eb4e4e1ef/touch/perform[39m
[35m[HTTP][39m [90m{"actions":[{"action":"tap","options":{"element":"00f1c3cc-285f-4249-949d-b7d6624ddaf5","x":1,"y":1}}]}[39m
[35m[UiAutomator2][39m calling get location: 00f1c3cc-285f-4249-949d-b7d6624ddaf5
[35m[HTTP][39m [37m<-- POST /wd/hub/session/b2acbfdb-53c2-4d9f-a60b-3d4eb4e4e1ef/touch/perform [39m[32m200[39m [90m1779 ms - 76[39m
[35m[HTTP][39m [90m[39m
[35m[HTTP][39m [37m-->[39m [37mGET[39m [37m/wd/hub/session/b2acbfdb-53c2-4d9f-a60b-3d4eb4e4e1ef/context[39m
[35m[HTTP][39m [90m{}[39m
[35m[HTTP][39m [37m<-- GET /wd/hub/session/b2acbfdb-53c2-4d9f-a60b-3d4eb4e4e1ef/context [39m[32m200[39m [90m2 ms - 84[39m
[35m[HTTP][39m [90m[39m
[35m[HTTP][39m [37m-->[39m [37mGET[39m [37m/wd/hub/session/b2acbfdb-53c2-4d9f-a60b-3d4eb4e4e1ef/contexts[39m
[35m[HTTP][39m [90m{}[39m
[35m[HTTP][39m [37m<-- GET /wd/hub/session/b2acbfdb-53c2-4d9f-a60b-3d4eb4e4e1ef/contexts [39m[32m200[39m [90m599 ms - 142[39m
[35m[HTTP][39m [90m[39m
[35m[HTTP][39m [37m-->[39m [37mPOST[39m [37m/wd/hub/session/b2acbfdb-53c2-4d9f-a60b-3d4eb4e4e1ef/context[39m
[35m[HTTP][39m [90m{"name":"NATIVE_APP"}[39m
[35m[HTTP][39m [37m<-- POST /wd/hub/session/b2acbfdb-53c2-4d9f-a60b-3d4eb4e4e1ef/context [39m[32m200[39m [90m603 ms - 76[39m
[35m[HTTP][39m [90m[39m
[35m[HTTP][39m [37m-->[39m [37mPOST[39m [37m/wd/hub/session/b2acbfdb-53c2-4d9f-a60b-3d4eb4e4e1ef/element[39m
[35m[HTTP][39m [90m{"using":"-android uiautomator","value":"new UiScrollable(new UiSelector().scrollable(true).instance(0)).scrollIntoView(new UiSelector().textContains(\"1.5 S TRD M/T\"))"}[39m
[35m[HTTP][39m [37m<-- POST /wd/hub/session/b2acbfdb-53c2-4d9f-a60b-3d4eb4e4e1ef/element [39m[32m200[39m [90m207 ms - 122[39m
[35m[HTTP][39m [90m[39m
[35m[HTTP][39m [37m-->[39m [37mGET[39m [37m/wd/hub/session/b2acbfdb-53c2-4d9f-a60b-3d4eb4e4e1ef[39m
[35m[HTTP][39m [90m{}[39m
[35m[HTTP][39m [37m<-- GET /wd/hub/session/b2acbfdb-53c2-4d9f-a60b-3d4eb4e4e1ef [39m[32m200[39m [90m90 ms - 1380[39m
[35m[HTTP][39m [90m[39m
[35m[HTTP][39m [37m-->[39m [37mGET[39m [37m/wd/hub/session/b2acbfdb-53c2-4d9f-a60b-3d4eb4e4e1ef[39m
[35m[HTTP][39m [90m{}[39m
[35m[HTTP][39m [37m<-- GET /wd/hub/session/b2acbfdb-53c2-4d9f-a60b-3d4eb4e4e1ef [39m[32m200[39m [90m67 ms - 1380[39m
[35m[HTTP][39m [90m[39m
[35m[HTTP][39m [37m-->[39m [37mGET[39m [37m/wd/hub/session/b2acbfdb-53c2-4d9f-a60b-3d4eb4e4e1ef[39m
[35m[HTTP][39m [90m{}[39m
[35m[HTTP][39m [37m<-- GET /wd/hub/session/b2acbfdb-53c2-4d9f-a60b-3d4eb4e4e1ef [39m[32m200[39m [90m52 ms - 1380[39m
[35m[HTTP][39m [90m[39m
[35m[HTTP][39m [37m-->[39m [37mGET[39m [37m/wd/hub/session/b2acbfdb-53c2-4d9f-a60b-3d4eb4e4e1ef[39m
[35m[HTTP][39m [90m{}[39m
[35m[HTTP][39m [37m<-- GET /wd/hub/session/b2acbfdb-53c2-4d9f-a60b-3d4eb4e4e1ef [39m[32m200[39m [90m57 ms - 1380[39m
[35m[HTTP][39m [90m[39m
[35m[HTTP][39m [37m-->[39m [37mPOST[39m [37m/wd/hub/session/b2acbfdb-53c2-4d9f-a60b-3d4eb4e4e1ef/context[39m
[35m[HTTP][39m [90m{"name":"NATIVE_APP"}[39m
[35m[HTTP][39m [37m<-- POST /wd/hub/session/b2acbfdb-53c2-4d9f-a60b-3d4eb4e4e1ef/context [39m[32m200[39m [90m538 ms - 76[39m
[35m[HTTP][39m [90m[39m
[35m[HTTP][39m [37m-->[39m [37mGET[39m [37m/wd/hub/session/b2acbfdb-53c2-4d9f-a60b-3d4eb4e4e1ef/window/current/size[39m
[35m[HTTP][39m [90m{}[39m
[35m[W3C][39m Driver proxy active, passing request on via HTTP proxy
[35m[JSONWP Proxy][39m Replacing sessionId f1290e25-9f40-4ed7-8207-ccd9936beebf with b2acbfdb-53c2-4d9f-a60b-3d4eb4e4e1ef
[35m[HTTP][39m [37m<-- GET /wd/hub/session/b2acbfdb-53c2-4d9f-a60b-3d4eb4e4e1ef/window/current/size [39m[32m200[39m [90m81 ms - 100[39m
[35m[HTTP][39m [90m[39m
[35m[HTTP][39m [37m-->[39m [37mPOST[39m [37m/wd/hub/session/b2acbfdb-53c2-4d9f-a60b-3d4eb4e4e1ef/elements[39m
[35m[HTTP][39m [90m{"using":"-android uiautomator","value":"new UiSelector().className(\"android.widget.CheckedTextView\").textContains(\"1.5 S TRD M/T\")"}[39m
[35m[HTTP][39m [37m<-- POST /wd/hub/session/b2acbfdb-53c2-4d9f-a60b-3d4eb4e4e1ef/elements [39m[32m200[39m [90m242 ms - 175[39m
[35m[HTTP][39m [90m[39m
[35m[HTTP][39m [37m-->[39m [37mGET[39m [37m/wd/hub/session/b2acbfdb-53c2-4d9f-a60b-3d4eb4e4e1ef[39m
[35m[HTTP][39m [90m{}[39m
[35m[HTTP][39m [37m<-- GET /wd/hub/session/b2acbfdb-53c2-4d9f-a60b-3d4eb4e4e1ef [39m[32m200[39m [90m72 ms - 1380[39m
[35m[HTTP][39m [90m[39m
[35m[HTTP][39m [37m-->[39m [37mGET[39m [37m/wd/hub/session/b2acbfdb-53c2-4d9f-a60b-3d4eb4e4e1ef[39m
[35m[HTTP][39m [90m{}[39m
[35m[HTTP][39m [37m<-- GET /wd/hub/session/b2acbfdb-53c2-4d9f-a60b-3d4eb4e4e1ef [39m[32m200[39m [90m71 ms - 1380[39m
[35m[HTTP][39m [90m[39m
[35m[HTTP][39m [37m-->[39m [37mGET[39m [37m/wd/hub/session/b2acbfdb-53c2-4d9f-a60b-3d4eb4e4e1ef[39m
[35m[HTTP][39m [90m{}[39m
[35m[HTTP][39m [37m<-- GET /wd/hub/session/b2acbfdb-53c2-4d9f-a60b-3d4eb4e4e1ef [39m[32m200[39m [90m58 ms - 1380[39m
[35m[HTTP][39m [90m[39m
[35m[HTTP][39m [37m-->[39m [37mGET[39m [37m/wd/hub/session/b2acbfdb-53c2-4d9f-a60b-3d4eb4e4e1ef[39m
[35m[HTTP][39m [90m{}[39m
[35m[HTTP][39m [37m<-- GET /wd/hub/session/b2acbfdb-53c2-4d9f-a60b-3d4eb4e4e1ef [39m[32m200[39m [90m60 ms - 1380[39m
[35m[HTTP][39m [90m[39m
[35m[HTTP][39m [37m-->[39m [37mGET[39m [37m/wd/hub/session/b2acbfdb-53c2-4d9f-a60b-3d4eb4e4e1ef[39m
[35m[HTTP][39m [90m{}[39m
[35m[HTTP][39m [37m<-- GET /wd/hub/session/b2acbfdb-53c2-4d9f-a60b-3d4eb4e4e1ef [39m[32m200[39m [90m61 ms - 1380[39m
[35m[HTTP][39m [90m[39m
[35m[HTTP][39m [37m-->[39m [37mGET[39m [37m/wd/hub/session/b2acbfdb-53c2-4d9f-a60b-3d4eb4e4e1ef[39m
[35m[HTTP][39m [90m{}[39m
[35m[HTTP][39m [37m<-- GET /wd/hub/session/b2acbfdb-53c2-4d9f-a60b-3d4eb4e4e1ef [39m[32m200[39m [90m65 ms - 1380[39m
[35m[HTTP][39m [90m[39m
[35m[HTTP][39m [37m-->[39m [37mGET[39m [37m/wd/hub/session/b2acbfdb-53c2-4d9f-a60b-3d4eb4e4e1ef[39m
[35m[HTTP][39m [90m{}[39m
[35m[HTTP][39m [37m<-- GET /wd/hub/session/b2acbfdb-53c2-4d9f-a60b-3d4eb4e4e1ef [39m[32m200[39m [90m61 ms - 1380[39m
[35m[HTTP][39m [90m[39m
[35m[HTTP][39m [37m-->[39m [37mGET[39m [37m/wd/hub/session/b2acbfdb-53c2-4d9f-a60b-3d4eb4e4e1ef[39m
[35m[HTTP][39m [90m{}[39m
[35m[HTTP][39m [37m<-- GET /wd/hub/session/b2acbfdb-53c2-4d9f-a60b-3d4eb4e4e1ef [39m[32m200[39m [90m47 ms - 1380[39m
[35m[HTTP][39m [90m[39m
[35m[HTTP][39m [37m-->[39m [37mGET[39m [37m/wd/hub/session/b2acbfdb-53c2-4d9f-a60b-3d4eb4e4e1ef/element/bc77cd71-3efe-42a7-b938-fedfa1d70cf7/location[39m
[35m[HTTP][39m [90m{}[39m
[35m[W3C][39m Driver proxy active, passing request on via HTTP proxy
[35m[JSONWP Proxy][39m Replacing sessionId f1290e25-9f40-4ed7-8207-ccd9936beebf with b2acbfdb-53c2-4d9f-a60b-3d4eb4e4e1ef
[35m[HTTP][39m [37m<-- GET /wd/hub/session/b2acbfdb-53c2-4d9f-a60b-3d4eb4e4e1ef/element/bc77cd71-3efe-42a7-b938-fedfa1d70cf7/location [39m[32m200[39m [90m98 ms - 87[39m
[35m[HTTP][39m [90m[39m
[35m[HTTP][39m [37m-->[39m [37mPOST[39m [37m/wd/hub/session/b2acbfdb-53c2-4d9f-a60b-3d4eb4e4e1ef/touch/perform[39m
[35m[HTTP][39m [90m{"actions":[{"action":"tap","options":{"element":"bc77cd71-3efe-42a7-b938-fedfa1d70cf7","x":1,"y":1}}]}[39m
[35m[UiAutomator2][39m calling get location: bc77cd71-3efe-42a7-b938-fedfa1d70cf7
[35m[HTTP][39m [37m<-- POST /wd/hub/session/b2acbfdb-53c2-4d9f-a60b-3d4eb4e4e1ef/touch/perform [39m[32m200[39m [90m1070 ms - 76[39m
[35m[HTTP][39m [90m[39m
[35m[HTTP][39m [37m-->[39m [37mGET[39m [37m/wd/hub/session/b2acbfdb-53c2-4d9f-a60b-3d4eb4e4e1ef/window/current/size[39m
[35m[HTTP][39m [90m{}[39m
[35m[W3C][39m Driver proxy active, passing request on via HTTP proxy
[35m[JSONWP Proxy][39m Replacing sessionId f1290e25-9f40-4ed7-8207-ccd9936beebf with b2acbfdb-53c2-4d9f-a60b-3d4eb4e4e1ef
[35m[HTTP][39m [37m<-- GET /wd/hub/session/b2acbfdb-53c2-4d9f-a60b-3d4eb4e4e1ef/window/current/size [39m[32m200[39m [90m66 ms - 100[39m
[35m[HTTP][39m [90m[39m
[35m[HTTP][39m [37m-->[39m [37mPOST[39m [37m/wd/hub/session/b2acbfdb-53c2-4d9f-a60b-3d4eb4e4e1ef/elements[39m
[35m[HTTP][39m [90m{"using":"-android uiautomator","value":"new UiSelector().className(\"android.widget.Spinner\").resourceId(\"b7-b8-List\")"}[39m
[35m[HTTP][39m [37m<-- POST /wd/hub/session/b2acbfdb-53c2-4d9f-a60b-3d4eb4e4e1ef/elements [39m[32m200[39m [90m686 ms - 124[39m
[35m[HTTP][39m [90m[39m
[35m[HTTP][39m [37m-->[39m [37mGET[39m [37m/wd/hub/session/b2acbfdb-53c2-4d9f-a60b-3d4eb4e4e1ef[39m
[35m[HTTP][39m [90m{}[39m
[35m[HTTP][39m [37m<-- GET /wd/hub/session/b2acbfdb-53c2-4d9f-a60b-3d4eb4e4e1ef [39m[32m200[39m [90m61 ms - 1380[39m
[35m[HTTP][39m [90m[39m
[35m[HTTP][39m [37m-->[39m [37mGET[39m [37m/wd/hub/session/b2acbfdb-53c2-4d9f-a60b-3d4eb4e4e1ef[39m
[35m[HTTP][39m [90m{}[39m
[35m[HTTP][39m [37m<-- GET /wd/hub/session/b2acbfdb-53c2-4d9f-a60b-3d4eb4e4e1ef [39m[32m200[39m [90m58 ms - 1380[39m
[35m[HTTP][39m [90m[39m
[35m[HTTP][39m [37m-->[39m [37mGET[39m [37m/wd/hub/session/b2acbfdb-53c2-4d9f-a60b-3d4eb4e4e1ef[39m
[35m[HTTP][39m [90m{}[39m
[35m[HTTP][39m [37m<-- GET /wd/hub/session/b2acbfdb-53c2-4d9f-a60b-3d4eb4e4e1ef [39m[32m200[39m [90m58 ms - 1380[39m
[35m[HTTP][39m [90m[39m
[35m[HTTP][39m [37m-->[39m [37mGET[39m [37m/wd/hub/session/b2acbfdb-53c2-4d9f-a60b-3d4eb4e4e1ef[39m
[35m[HTTP][39m [90m{}[39m
[35m[HTTP][39m [37m<-- GET /wd/hub/session/b2acbfdb-53c2-4d9f-a60b-3d4eb4e4e1ef [39m[32m200[39m [90m77 ms - 1380[39m
[35m[HTTP][39m [90m[39m
[35m[HTTP][39m [37m-->[39m [37mGET[39m [37m/wd/hub/session/b2acbfdb-53c2-4d9f-a60b-3d4eb4e4e1ef/element/13a52cbe-3458-4c51-9b33-d9f81403cb20/location[39m
[35m[HTTP][39m [90m{}[39m
[35m[W3C][39m Driver proxy active, passing request on via HTTP proxy
[35m[JSONWP Proxy][39m Replacing sessionId f1290e25-9f40-4ed7-8207-ccd9936beebf with b2acbfdb-53c2-4d9f-a60b-3d4eb4e4e1ef
[35m[HTTP][39m [37m<-- GET /wd/hub/session/b2acbfdb-53c2-4d9f-a60b-3d4eb4e4e1ef/element/13a52cbe-3458-4c51-9b33-d9f81403cb20/location [39m[32m200[39m [90m129 ms - 88[39m
[35m[HTTP][39m [90m[39m
[35m[HTTP][39m [37m-->[39m [37mPOST[39m [37m/wd/hub/session/b2acbfdb-53c2-4d9f-a60b-3d4eb4e4e1ef/touch/perform[39m
[35m[HTTP][39m [90m{"actions":[{"action":"tap","options":{"element":"13a52cbe-3458-4c51-9b33-d9f81403cb20","x":1,"y":1}}]}[39m
[35m[UiAutomator2][39m calling get location: 13a52cbe-3458-4c51-9b33-d9f81403cb20
[35m[HTTP][39m [37m<-- POST /wd/hub/session/b2acbfdb-53c2-4d9f-a60b-3d4eb4e4e1ef/touch/perform [39m[32m200[39m [90m1343 ms - 76[39m
[35m[HTTP][39m [90m[39m
[35m[HTTP][39m [37m-->[39m [37mGET[39m [37m/wd/hub/session/b2acbfdb-53c2-4d9f-a60b-3d4eb4e4e1ef/context[39m
[35m[HTTP][39m [90m{}[39m
[35m[HTTP][39m [37m<-- GET /wd/hub/session/b2acbfdb-53c2-4d9f-a60b-3d4eb4e4e1ef/context [39m[32m200[39m [90m2 ms - 84[39m
[35m[HTTP][39m [90m[39m
[35m[HTTP][39m [37m-->[39m [37mGET[39m [37m/wd/hub/session/b2acbfdb-53c2-4d9f-a60b-3d4eb4e4e1ef/contexts[39m
[35m[HTTP][39m [90m{}[39m
[35m[HTTP][39m [37m<-- GET /wd/hub/session/b2acbfdb-53c2-4d9f-a60b-3d4eb4e4e1ef/contexts [39m[32m200[39m [90m519 ms - 142[39m
[35m[HTTP][39m [90m[39m
[35m[HTTP][39m [37m-->[39m [37mPOST[39m [37m/wd/hub/session/b2acbfdb-53c2-4d9f-a60b-3d4eb4e4e1ef/context[39m
[35m[HTTP][39m [90m{"name":"NATIVE_APP"}[39m
[35m[HTTP][39m [37m<-- POST /wd/hub/session/b2acbfdb-53c2-4d9f-a60b-3d4eb4e4e1ef/context [39m[32m200[39m [90m536 ms - 76[39m
[35m[HTTP][39m [90m[39m
[35m[HTTP][39m [37m-->[39m [37mPOST[39m [37m/wd/hub/session/b2acbfdb-53c2-4d9f-a60b-3d4eb4e4e1ef/element[39m
[35m[HTTP][39m [90m{"using":"-android uiautomator","value":"new UiScrollable(new UiSelector().scrollable(true).instance(0)).scrollIntoView(new UiSelector().textContains(\"2018\"))"}[39m
[35m[HTTP][39m [37m<-- POST /wd/hub/session/b2acbfdb-53c2-4d9f-a60b-3d4eb4e4e1ef/element [39m[32m200[39m [90m129 ms - 122[39m
[35m[HTTP][39m [90m[39m
[35m[HTTP][39m [37m-->[39m [37mGET[39m [37m/wd/hub/session/b2acbfdb-53c2-4d9f-a60b-3d4eb4e4e1ef[39m
[35m[HTTP][39m [90m{}[39m
[35m[HTTP][39m [37m<-- GET /wd/hub/session/b2acbfdb-53c2-4d9f-a60b-3d4eb4e4e1ef [39m[32m200[39m [90m45 ms - 1380[39m
[35m[HTTP][39m [90m[39m
[35m[HTTP][39m [37m-->[39m [37mGET[39m [37m/wd/hub/session/b2acbfdb-53c2-4d9f-a60b-3d4eb4e4e1ef[39m
[35m[HTTP][39m [90m{}[39m
[35m[HTTP][39m [37m<-- GET /wd/hub/session/b2acbfdb-53c2-4d9f-a60b-3d4eb4e4e1ef [39m[32m200[39m [90m60 ms - 1380[39m
[35m[HTTP][39m [90m[39m
[35m[HTTP][39m [37m-->[39m [37mGET[39m [37m/wd/hub/session/b2acbfdb-53c2-4d9f-a60b-3d4eb4e4e1ef[39m
[35m[HTTP][39m [90m{}[39m
[35m[HTTP][39m [37m<-- GET /wd/hub/session/b2acbfdb-53c2-4d9f-a60b-3d4eb4e4e1ef [39m[32m200[39m [90m67 ms - 1380[39m
[35m[HTTP][39m [90m[39m
[35m[HTTP][39m [37m-->[39m [37mGET[39m [37m/wd/hub/session/b2acbfdb-53c2-4d9f-a60b-3d4eb4e4e1ef[39m
[35m[HTTP][39m [90m{}[39m
[35m[HTTP][39m [37m<-- GET /wd/hub/session/b2acbfdb-53c2-4d9f-a60b-3d4eb4e4e1ef [39m[32m200[39m [90m59 ms - 1380[39m
[35m[HTTP][39m [90m[39m
[35m[HTTP][39m [37m-->[39m [37mPOST[39m [37m/wd/hub/session/b2acbfdb-53c2-4d9f-a60b-3d4eb4e4e1ef/context[39m
[35m[HTTP][39m [90m{"name":"NATIVE_APP"}[39m
[35m[HTTP][39m [37m<-- POST /wd/hub/session/b2acbfdb-53c2-4d9f-a60b-3d4eb4e4e1ef/context [39m[32m200[39m [90m547 ms - 76[39m
[35m[HTTP][39m [90m[39m
[35m[HTTP][39m [37m-->[39m [37mGET[39m [37m/wd/hub/session/b2acbfdb-53c2-4d9f-a60b-3d4eb4e4e1ef/window/current/size[39m
[35m[HTTP][39m [90m{}[39m
[35m[W3C][39m Driver proxy active, passing request on via HTTP proxy
[35m[JSONWP Proxy][39m Replacing sessionId f1290e25-9f40-4ed7-8207-ccd9936beebf with b2acbfdb-53c2-4d9f-a60b-3d4eb4e4e1ef
[35m[HTTP][39m [37m<-- GET /wd/hub/session/b2acbfdb-53c2-4d9f-a60b-3d4eb4e4e1ef/window/current/size [39m[32m200[39m [90m61 ms - 100[39m
[35m[HTTP][39m [90m[39m
[35m[HTTP][39m [37m-->[39m [37mPOST[39m [37m/wd/hub/session/b2acbfdb-53c2-4d9f-a60b-3d4eb4e4e1ef/elements[39m
[35m[HTTP][39m [90m{"using":"-android uiautomator","value":"new UiSelector().className(\"android.widget.CheckedTextView\").textContains(\"2018\")"}[39m
[35m[HTTP][39m [37m<-- POST /wd/hub/session/b2acbfdb-53c2-4d9f-a60b-3d4eb4e4e1ef/elements [39m[32m200[39m [90m127 ms - 124[39m
[35m[HTTP][39m [90m[39m
[35m[HTTP][39m [37m-->[39m [37mGET[39m [37m/wd/hub/session/b2acbfdb-53c2-4d9f-a60b-3d4eb4e4e1ef[39m
[35m[HTTP][39m [90m{}[39m
[35m[HTTP][39m [37m<-- GET /wd/hub/session/b2acbfdb-53c2-4d9f-a60b-3d4eb4e4e1ef [39m[32m200[39m [90m60 ms - 1380[39m
[35m[HTTP][39m [90m[39m
[35m[HTTP][39m [37m-->[39m [37mGET[39m [37m/wd/hub/session/b2acbfdb-53c2-4d9f-a60b-3d4eb4e4e1ef[39m
[35m[HTTP][39m [90m{}[39m
[35m[HTTP][39m [37m<-- GET /wd/hub/session/b2acbfdb-53c2-4d9f-a60b-3d4eb4e4e1ef [39m[32m200[39m [90m61 ms - 1380[39m
[35m[HTTP][39m [90m[39m
[35m[HTTP][39m [37m-->[39m [37mGET[39m [37m/wd/hub/session/b2acbfdb-53c2-4d9f-a60b-3d4eb4e4e1ef[39m
[35m[HTTP][39m [90m{}[39m
[35m[HTTP][39m [37m<-- GET /wd/hub/session/b2acbfdb-53c2-4d9f-a60b-3d4eb4e4e1ef [39m[32m200[39m [90m41 ms - 1380[39m
[35m[HTTP][39m [90m[39m
[35m[HTTP][39m [37m-->[39m [37mGET[39m [37m/wd/hub/session/b2acbfdb-53c2-4d9f-a60b-3d4eb4e4e1ef[39m
[35m[HTTP][39m [90m{}[39m
[35m[HTTP][39m [37m<-- GET /wd/hub/session/b2acbfdb-53c2-4d9f-a60b-3d4eb4e4e1ef [39m[32m200[39m [90m51 ms - 1380[39m
[35m[HTTP][39m [90m[39m
[35m[HTTP][39m [37m-->[39m [37mGET[39m [37m/wd/hub/session/b2acbfdb-53c2-4d9f-a60b-3d4eb4e4e1ef/element/f4f3de1b-1ab1-4c12-80d7-db4357df97da/location[39m
[35m[HTTP][39m [90m{}[39m
[35m[W3C][39m Driver proxy active, passing request on via HTTP proxy
[35m[JSONWP Proxy][39m Replacing sessionId f1290e25-9f40-4ed7-8207-ccd9936beebf with b2acbfdb-53c2-4d9f-a60b-3d4eb4e4e1ef
[35m[HTTP][39m [37m<-- GET /wd/hub/session/b2acbfdb-53c2-4d9f-a60b-3d4eb4e4e1ef/element/f4f3de1b-1ab1-4c12-80d7-db4357df97da/location [39m[32m200[39m [90m86 ms - 88[39m
[35m[HTTP][39m [90m[39m
[35m[HTTP][39m [37m-->[39m [37mPOST[39m [37m/wd/hub/session/b2acbfdb-53c2-4d9f-a60b-3d4eb4e4e1ef/touch/perform[39m
[35m[HTTP][39m [90m{"actions":[{"action":"tap","options":{"element":"f4f3de1b-1ab1-4c12-80d7-db4357df97da","x":1,"y":1}}]}[39m
[35m[UiAutomator2][39m calling get location: f4f3de1b-1ab1-4c12-80d7-db4357df97da
[35m[HTTP][39m [37m<-- POST /wd/hub/session/b2acbfdb-53c2-4d9f-a60b-3d4eb4e4e1ef/touch/perform [39m[32m200[39m [90m1018 ms - 76[39m
[35m[HTTP][39m [90m[39m
[35m[HTTP][39m [37m-->[39m [37mGET[39m [37m/wd/hub/session/b2acbfdb-53c2-4d9f-a60b-3d4eb4e4e1ef/window/current/size[39m
[35m[HTTP][39m [90m{}[39m
[35m[W3C][39m Driver proxy active, passing request on via HTTP proxy
[35m[JSONWP Proxy][39m Replacing sessionId f1290e25-9f40-4ed7-8207-ccd9936beebf with b2acbfdb-53c2-4d9f-a60b-3d4eb4e4e1ef
[35m[HTTP][39m [37m<-- GET /wd/hub/session/b2acbfdb-53c2-4d9f-a60b-3d4eb4e4e1ef/window/current/size [39m[32m200[39m [90m74 ms - 100[39m
[35m[HTTP][39m [90m[39m
[35m[HTTP][39m [37m-->[39m [37mPOST[39m [37m/wd/hub/session/b2acbfdb-53c2-4d9f-a60b-3d4eb4e4e1ef/elements[39m
[35m[HTTP][39m [90m{"using":"-android uiautomator","value":"new UiSelector().className(\"android.widget.Spinner\").resourceId(\"b7-b10-List\")"}[39m
[35m[HTTP][39m [37m<-- POST /wd/hub/session/b2acbfdb-53c2-4d9f-a60b-3d4eb4e4e1ef/elements [39m[32m200[39m [90m1169 ms - 124[39m
[35m[HTTP][39m [90m[39m
[35m[HTTP][39m [37m-->[39m [37mGET[39m [37m/wd/hub/session/b2acbfdb-53c2-4d9f-a60b-3d4eb4e4e1ef[39m
[35m[HTTP][39m [90m{}[39m
[35m[HTTP][39m [37m<-- GET /wd/hub/session/b2acbfdb-53c2-4d9f-a60b-3d4eb4e4e1ef [39m[32m200[39m [90m48 ms - 1380[39m
[35m[HTTP][39m [90m[39m
[35m[HTTP][39m [37m-->[39m [37mGET[39m [37m/wd/hub/session/b2acbfdb-53c2-4d9f-a60b-3d4eb4e4e1ef[39m
[35m[HTTP][39m [90m{}[39m
[35m[HTTP][39m [37m<-- GET /wd/hub/session/b2acbfdb-53c2-4d9f-a60b-3d4eb4e4e1ef [39m[32m200[39m [90m50 ms - 1380[39m
[35m[HTTP][39m [90m[39m
[35m[HTTP][39m [37m-->[39m [37mGET[39m [37m/wd/hub/session/b2acbfdb-53c2-4d9f-a60b-3d4eb4e4e1ef[39m
[35m[HTTP][39m [90m{}[39m
[35m[HTTP][39m [37m<-- GET /wd/hub/session/b2acbfdb-53c2-4d9f-a60b-3d4eb4e4e1ef [39m[32m200[39m [90m60 ms - 1380[39m
[35m[HTTP][39m [90m[39m
[35m[HTTP][39m [37m-->[39m [37mGET[39m [37m/wd/hub/session/b2acbfdb-53c2-4d9f-a60b-3d4eb4e4e1ef[39m
[35m[HTTP][39m [90m{}[39m
[35m[HTTP][39m [37m<-- GET /wd/hub/session/b2acbfdb-53c2-4d9f-a60b-3d4eb4e4e1ef [39m[32m200[39m [90m62 ms - 1380[39m
[35m[HTTP][39m [90m[39m
[35m[HTTP][39m [37m-->[39m [37mGET[39m [37m/wd/hub/session/b2acbfdb-53c2-4d9f-a60b-3d4eb4e4e1ef/element/6595cefd-f5a1-4212-a9e4-cc71030432f8/location[39m
[35m[HTTP][39m [90m{}[39m
[35m[W3C][39m Driver proxy active, passing request on via HTTP proxy
[35m[JSONWP Proxy][39m Replacing sessionId f1290e25-9f40-4ed7-8207-ccd9936beebf with b2acbfdb-53c2-4d9f-a60b-3d4eb4e4e1ef
[35m[HTTP][39m [37m<-- GET /wd/hub/session/b2acbfdb-53c2-4d9f-a60b-3d4eb4e4e1ef/element/6595cefd-f5a1-4212-a9e4-cc71030432f8/location [39m[32m200[39m [90m131 ms - 88[39m
[35m[HTTP][39m [90m[39m
[35m[HTTP][39m [37m-->[39m [37mPOST[39m [37m/wd/hub/session/b2acbfdb-53c2-4d9f-a60b-3d4eb4e4e1ef/touch/perform[39m
[35m[HTTP][39m [90m{"actions":[{"action":"tap","options":{"element":"6595cefd-f5a1-4212-a9e4-cc71030432f8","x":1,"y":1}}]}[39m
[35m[UiAutomator2][39m calling get location: 6595cefd-f5a1-4212-a9e4-cc71030432f8
[35m[HTTP][39m [37m<-- POST /wd/hub/session/b2acbfdb-53c2-4d9f-a60b-3d4eb4e4e1ef/touch/perform [39m[32m200[39m [90m1422 ms - 76[39m
[35m[HTTP][39m [90m[39m
[35m[HTTP][39m [37m-->[39m [37mGET[39m [37m/wd/hub/session/b2acbfdb-53c2-4d9f-a60b-3d4eb4e4e1ef/window/current/size[39m
[35m[HTTP][39m [90m{}[39m
[35m[W3C][39m Driver proxy active, passing request on via HTTP proxy
[35m[JSONWP Proxy][39m Replacing sessionId f1290e25-9f40-4ed7-8207-ccd9936beebf with b2acbfdb-53c2-4d9f-a60b-3d4eb4e4e1ef
[35m[HTTP][39m [37m<-- GET /wd/hub/session/b2acbfdb-53c2-4d9f-a60b-3d4eb4e4e1ef/window/current/size [39m[32m200[39m [90m49 ms - 100[39m
[35m[HTTP][39m [90m[39m
[35m[HTTP][39m [37m-->[39m [37mPOST[39m [37m/wd/hub/session/b2acbfdb-53c2-4d9f-a60b-3d4eb4e4e1ef/elements[39m
[35m[HTTP][39m [90m{"using":"-android uiautomator","value":"new UiSelector().className(\"android.widget.CheckedTextView\").textContains(\"48\")"}[39m
[35m[HTTP][39m [37m<-- POST /wd/hub/session/b2acbfdb-53c2-4d9f-a60b-3d4eb4e4e1ef/elements [39m[32m200[39m [90m97 ms - 124[39m
[35m[HTTP][39m [90m[39m
[35m[HTTP][39m [37m-->[39m [37mGET[39m [37m/wd/hub/session/b2acbfdb-53c2-4d9f-a60b-3d4eb4e4e1ef[39m
[35m[HTTP][39m [90m{}[39m
[35m[HTTP][39m [37m<-- GET /wd/hub/session/b2acbfdb-53c2-4d9f-a60b-3d4eb4e4e1ef [39m[32m200[39m [90m37 ms - 1380[39m
[35m[HTTP][39m [90m[39m
[35m[HTTP][39m [37m-->[39m [37mGET[39m [37m/wd/hub/session/b2acbfdb-53c2-4d9f-a60b-3d4eb4e4e1ef[39m
[35m[HTTP][39m [90m{}[39m
[35m[HTTP][39m [37m<-- GET /wd/hub/session/b2acbfdb-53c2-4d9f-a60b-3d4eb4e4e1ef [39m[32m200[39m [90m25 ms - 1380[39m
[35m[HTTP][39m [90m[39m
[35m[HTTP][39m [37m-->[39m [37mGET[39m [37m/wd/hub/session/b2acbfdb-53c2-4d9f-a60b-3d4eb4e4e1ef[39m
[35m[HTTP][39m [90m{}[39m
[35m[HTTP][39m [37m<-- GET /wd/hub/session/b2acbfdb-53c2-4d9f-a60b-3d4eb4e4e1ef [39m[32m200[39m [90m23 ms - 1380[39m
[35m[HTTP][39m [90m[39m
[35m[HTTP][39m [37m-->[39m [37mGET[39m [37m/wd/hub/session/b2acbfdb-53c2-4d9f-a60b-3d4eb4e4e1ef[39m
[35m[HTTP][39m [90m{}[39m
[35m[HTTP][39m [37m<-- GET /wd/hub/session/b2acbfdb-53c2-4d9f-a60b-3d4eb4e4e1ef [39m[32m200[39m [90m33 ms - 1380[39m
[35m[HTTP][39m [90m[39m
[35m[HTTP][39m [37m-->[39m [37mGET[39m [37m/wd/hub/session/b2acbfdb-53c2-4d9f-a60b-3d4eb4e4e1ef/element/60f76e7e-0ef5-4c29-a85f-377e2a06dc38/location[39m
[35m[HTTP][39m [90m{}[39m
[35m[W3C][39m Driver proxy active, passing request on via HTTP proxy
[35m[JSONWP Proxy][39m Replacing sessionId f1290e25-9f40-4ed7-8207-ccd9936beebf with b2acbfdb-53c2-4d9f-a60b-3d4eb4e4e1ef
[35m[HTTP][39m [37m<-- GET /wd/hub/session/b2acbfdb-53c2-4d9f-a60b-3d4eb4e4e1ef/element/60f76e7e-0ef5-4c29-a85f-377e2a06dc38/location [39m[32m200[39m [90m43 ms - 88[39m
[35m[HTTP][39m [90m[39m
[35m[HTTP][39m [37m-->[39m [37mPOST[39m [37m/wd/hub/session/b2acbfdb-53c2-4d9f-a60b-3d4eb4e4e1ef/touch/perform[39m
[35m[HTTP][39m [90m{"actions":[{"action":"tap","options":{"element":"60f76e7e-0ef5-4c29-a85f-377e2a06dc38","x":1,"y":1}}]}[39m
[35m[UiAutomator2][39m calling get location: 60f76e7e-0ef5-4c29-a85f-377e2a06dc38
[35m[HTTP][39m [37m<-- POST /wd/hub/session/b2acbfdb-53c2-4d9f-a60b-3d4eb4e4e1ef/touch/perform [39m[32m200[39m [90m839 ms - 76[39m
[35m[HTTP][39m [90m[39m
[35m[HTTP][39m [37m-->[39m [37mGET[39m [37m/wd/hub/session/b2acbfdb-53c2-4d9f-a60b-3d4eb4e4e1ef/window/current/size[39m
[35m[HTTP][39m [90m{}[39m
[35m[W3C][39m Driver proxy active, passing request on via HTTP proxy
[35m[JSONWP Proxy][39m Replacing sessionId f1290e25-9f40-4ed7-8207-ccd9936beebf with b2acbfdb-53c2-4d9f-a60b-3d4eb4e4e1ef
[35m[HTTP][39m [37m<-- GET /wd/hub/session/b2acbfdb-53c2-4d9f-a60b-3d4eb4e4e1ef/window/current/size [39m[32m200[39m [90m42 ms - 100[39m
[35m[HTTP][39m [90m[39m
[35m[HTTP][39m [37m-->[39m [37mPOST[39m [37m/wd/hub/session/b2acbfdb-53c2-4d9f-a60b-3d4eb4e4e1ef/elements[39m
[35m[HTTP][39m [90m{"using":"-android uiautomator","value":"new UiSelector().className(\"android.widget.EditText\").resourceId(\"b7-Input_OTR\")"}[39m
[35m[HTTP][39m [37m<-- POST /wd/hub/session/b2acbfdb-53c2-4d9f-a60b-3d4eb4e4e1ef/elements [39m[32m200[39m [90m539 ms - 124[39m
[35m[HTTP][39m [90m[39m
[35m[HTTP][39m [37m-->[39m [37mGET[39m [37m/wd/hub/session/b2acbfdb-53c2-4d9f-a60b-3d4eb4e4e1ef[39m
[35m[HTTP][39m [90m{}[39m
[35m[HTTP][39m [37m<-- GET /wd/hub/session/b2acbfdb-53c2-4d9f-a60b-3d4eb4e4e1ef [39m[32m200[39m [90m57 ms - 1380[39m
[35m[HTTP][39m [90m[39m
[35m[HTTP][39m [37m-->[39m [37mGET[39m [37m/wd/hub/session/b2acbfdb-53c2-4d9f-a60b-3d4eb4e4e1ef[39m
[35m[HTTP][39m [90m{}[39m
[35m[HTTP][39m [37m<-- GET /wd/hub/session/b2acbfdb-53c2-4d9f-a60b-3d4eb4e4e1ef [39m[32m200[39m [90m50 ms - 1380[39m
[35m[HTTP][39m [90m[39m
[35m[HTTP][39m [37m-->[39m [37mGET[39m [37m/wd/hub/session/b2acbfdb-53c2-4d9f-a60b-3d4eb4e4e1ef[39m
[35m[HTTP][39m [90m{}[39m
[35m[HTTP][39m [37m<-- GET /wd/hub/session/b2acbfdb-53c2-4d9f-a60b-3d4eb4e4e1ef [39m[32m200[39m [90m39 ms - 1380[39m
[35m[HTTP][39m [90m[39m
[35m[HTTP][39m [37m-->[39m [37mGET[39m [37m/wd/hub/session/b2acbfdb-53c2-4d9f-a60b-3d4eb4e4e1ef[39m
[35m[HTTP][39m [90m{}[39m
[35m[HTTP][39m [37m<-- GET /wd/hub/session/b2acbfdb-53c2-4d9f-a60b-3d4eb4e4e1ef [39m[32m200[39m [90m39 ms - 1380[39m
[35m[HTTP][39m [90m[39m
[35m[HTTP][39m [37m-->[39m [37mGET[39m [37m/wd/hub/session/b2acbfdb-53c2-4d9f-a60b-3d4eb4e4e1ef/element/0ec7c6b5-c808-429d-bcbf-1e040573b851/location[39m
[35m[HTTP][39m [90m{}[39m
[35m[W3C][39m Driver proxy active, passing request on via HTTP proxy
[35m[JSONWP Proxy][39m Replacing sessionId f1290e25-9f40-4ed7-8207-ccd9936beebf with b2acbfdb-53c2-4d9f-a60b-3d4eb4e4e1ef
[35m[HTTP][39m [37m<-- GET /wd/hub/session/b2acbfdb-53c2-4d9f-a60b-3d4eb4e4e1ef/element/0ec7c6b5-c808-429d-bcbf-1e040573b851/location [39m[32m200[39m [90m113 ms - 89[39m
[35m[HTTP][39m [90m[39m
[35m[HTTP][39m [37m-->[39m [37mPOST[39m [37m/wd/hub/session/b2acbfdb-53c2-4d9f-a60b-3d4eb4e4e1ef/element/0ec7c6b5-c808-429d-bcbf-1e040573b851/clear[39m
[35m[HTTP][39m [90m{"id":"0ec7c6b5-c808-429d-bcbf-1e040573b851"}[39m
[35m[HTTP][39m [37m<-- POST /wd/hub/session/b2acbfdb-53c2-4d9f-a60b-3d4eb4e4e1ef/element/0ec7c6b5-c808-429d-bcbf-1e040573b851/clear [39m[32m200[39m [90m115 ms - 89[39m
[35m[HTTP][39m [90m[39m
[35m[HTTP][39m [37m-->[39m [37mPOST[39m [37m/wd/hub/session/b2acbfdb-53c2-4d9f-a60b-3d4eb4e4e1ef/element/0ec7c6b5-c808-429d-bcbf-1e040573b851/value[39m
[35m[HTTP][39m [90m{"id":"0ec7c6b5-c808-429d-bcbf-1e040573b851","value":["245400000"]}[39m
[35m[HTTP][39m [37m<-- POST /wd/hub/session/b2acbfdb-53c2-4d9f-a60b-3d4eb4e4e1ef/element/0ec7c6b5-c808-429d-bcbf-1e040573b851/value [39m[31m500[39m [90m1662 ms - 250[39m
[35m[HTTP][39m [90m[39m
[35m[HTTP][39m [37m-->[39m [37mGET[39m [37m/wd/hub/session/b2acbfdb-53c2-4d9f-a60b-3d4eb4e4e1ef/context[39m
[35m[HTTP][39m [90m{}[39m
[35m[HTTP][39m [37m<-- GET /wd/hub/session/b2acbfdb-53c2-4d9f-a60b-3d4eb4e4e1ef/context [39m[32m200[39m [90m1 ms - 84[39m
[35m[HTTP][39m [90m[39m
[35m[HTTP][39m [37m-->[39m [37mGET[39m [37m/wd/hub/session/b2acbfdb-53c2-4d9f-a60b-3d4eb4e4e1ef/contexts[39m
[35m[HTTP][39m [90m{}[39m
[35m[HTTP][39m [37m<-- GET /wd/hub/session/b2acbfdb-53c2-4d9f-a60b-3d4eb4e4e1ef/contexts [39m[32m200[39m [90m252 ms - 86[39m
[35m[HTTP][39m [90m[39m
[35m[HTTP][39m [37m-->[39m [37mPOST[39m [37m/wd/hub/session/b2acbfdb-53c2-4d9f-a60b-3d4eb4e4e1ef/context[39m
[35m[HTTP][39m [90m{"name":"NATIVE_APP"}[39m
[35m[HTTP][39m [37m<-- POST /wd/hub/session/b2acbfdb-53c2-4d9f-a60b-3d4eb4e4e1ef/context [39m[32m200[39m [90m248 ms - 76[39m
[35m[HTTP][39m [90m[39m
[35m[HTTP][39m [37m-->[39m [37mGET[39m [37m/wd/hub/session/b2acbfdb-53c2-4d9f-a60b-3d4eb4e4e1ef/screenshot[39m
[35m[HTTP][39m [90m{}[39m
[35m[HTTP][39m [37m<-- GET /wd/hub/session/b2acbfdb-53c2-4d9f-a60b-3d4eb4e4e1ef/screenshot [39m[31m500[39m [90m17 ms - 251[39m
[35m[HTTP][39m [90m[39m
[35m[HTTP][39m [37m-->[39m [37mPOST[39m [37m/wd/hub/session/b2acbfdb-53c2-4d9f-a60b-3d4eb4e4e1ef/context[39m
[35m[HTTP][39m [90m{"name":"NATIVE_APP"}[39m
[35m[HTTP][39m [37m<-- POST /wd/hub/session/b2acbfdb-53c2-4d9f-a60b-3d4eb4e4e1ef/context [39m[32m200[39m [90m258 ms - 76[39m
[35m[HTTP][39m [90m[39m
[35m[HTTP][39m [37m-->[39m [37mGET[39m [37m/wd/hub/session/b2acbfdb-53c2-4d9f-a60b-3d4eb4e4e1ef/window/current/size[39m
[35m[HTTP][39m [90m{}[39m
[35m[W3C][39m Driver proxy active, passing request on via HTTP proxy
[35m[HTTP][39m [37m<-- GET /wd/hub/session/b2acbfdb-53c2-4d9f-a60b-3d4eb4e4e1ef/window/current/size [39m[31m500[39m [90m31 ms - 1509[39m
[35m[HTTP][39m [90m[39m
[35m[HTTP][39m [37m-->[39m [37mGET[39m [37m/wd/hub/session/b2acbfdb-53c2-4d9f-a60b-3d4eb4e4e1ef/context[39m
[35m[HTTP][39m [90m{}[39m
[35m[HTTP][39m [37m<-- GET /wd/hub/session/b2acbfdb-53c2-4d9f-a60b-3d4eb4e4e1ef/context [39m[32m200[39m [90m1 ms - 84[39m
[35m[HTTP][39m [90m[39m
[35m[HTTP][39m [37m-->[39m [37mGET[39m [37m/wd/hub/session/b2acbfdb-53c2-4d9f-a60b-3d4eb4e4e1ef/contexts[39m
[35m[HTTP][39m [90m{}[39m
[35m[HTTP][39m [37m<-- GET /wd/hub/session/b2acbfdb-53c2-4d9f-a60b-3d4eb4e4e1ef/contexts [39m[32m200[39m [90m218 ms - 86[39m
[35m[HTTP][39m [90m[39m
[35m[HTTP][39m [37m-->[39m [37mPOST[39m [37m/wd/hub/session/b2acbfdb-53c2-4d9f-a60b-3d4eb4e4e1ef/context[39m
[35m[HTTP][39m [90m{"name":"NATIVE_APP"}[39m
[35m[HTTP][39m [37m<-- POST /wd/hub/session/b2acbfdb-53c2-4d9f-a60b-3d4eb4e4e1ef/context [39m[32m200[39m [90m230 ms - 76[39m
[35m[HTTP][39m [90m[39m
[35m[HTTP][39m [37m-->[39m [37mGET[39m [37m/wd/hub/session/b2acbfdb-53c2-4d9f-a60b-3d4eb4e4e1ef/screenshot[39m
[35m[HTTP][39m [90m{}[39m
[35m[HTTP][39m [37m<-- GET /wd/hub/session/b2acbfdb-53c2-4d9f-a60b-3d4eb4e4e1ef/screenshot [39m[31m500[39m [90m29102 ms - 251[39m
[35m[HTTP][39m [90m[39m
