[35m[Appium][39m Welcome to Appium v1.12.1
[35m[Appium][39m Non-default server args:
[35m[Appium][39m   port: 50467
[35m[Appium][39m   loglevel: info
[35m[Appium][39m   chromeDriverPort: 50468
[35m[Appium][39m   tmpDir: C:\Users\15420\AppData\Local\Temp\\Katalon\Appium\Temp1574912564526
[35m[Appium][39m Appium REST http interface listener started on 0.0.0.0:50467
[35m[HTTP][39m [37m-->[39m [37mGET[39m [37m/wd/hub/status[39m
[35m[HTTP][39m [90m{}[39m
[35m[HTTP][39m [37m<-- GET /wd/hub/status [39m[32m200[39m [90m13 ms - 68[39m
[35m[HTTP][39m [90m[39m
[35m[HTTP][39m [37m-->[39m [37mPOST[39m [37m/wd/hub/session[39m
[35m[HTTP][39m [90m{"desiredCapabilities":{"app":"C:\\Users\\15420\\git\\ACCME-Dupcheck\\AccMe.apk","noReset":true,"deviceId":"","deviceName":"samsung SM-A505F (Android 9)","fullReset":false,"platform":"ANDROID","newCommandTimeout":1800,"platformVersion":"9","automationName":"uiautomator2","autoGrantPermissions":true,"unicodeKeyboard":true,"platformName":"Android","udid":"RR8M30NJT6T","resetKeyboard":true,"systemPort":50466},"capabilities":{"firstMatch":[{"appium:app":"C:\\Users\\15420\\git\\ACCME-Dupcheck\\AccMe.apk","appium:autoGrantPermissions":true,"appium:automationName":"uiautomator2","deviceId":"","appium:deviceName":"samsung SM-A505F (Android 9)","appium:fullReset":false,"appium:newCommandTimeout":1800,"appium:noReset":true,"platform":"ANDROID","platformName":"android","appium:platformVersion":"9","appium:resetKeyboard":true,"appium:systemPort":50466,"appium:udid":"RR8M30NJT6T","appium:unicodeKeyboard":true}]}}[39m
[35m[BaseDriver][39m The capabilities ["deviceId","platform"] are not standard capabilities and should have an extension prefix
[35m[Appium][39m Appium v1.12.1 creating new AndroidUiautomator2Driver (v1.33.0) session
[35m[Appium][39m Capabilities:
[35m[Appium][39m   deviceId: 
[35m[Appium][39m   platform: ANDROID
[35m[Appium][39m   platformName: android
[35m[Appium][39m   app: C:\Users\15420\git\ACCME-Dupcheck\AccMe.apk
[35m[Appium][39m   autoGrantPermissions: true
[35m[Appium][39m   automationName: uiautomator2
[35m[Appium][39m   deviceName: samsung SM-A505F (Android 9)
[35m[Appium][39m   fullReset: false
[35m[Appium][39m   newCommandTimeout: 1800
[35m[Appium][39m   noReset: true
[35m[Appium][39m   platformVersion: 9
[35m[Appium][39m   resetKeyboard: true
[35m[Appium][39m   systemPort: 50466
[35m[Appium][39m   udid: RR8M30NJT6T
[35m[Appium][39m   unicodeKeyboard: true
[35m[BaseDriver][39m The following capabilities were provided, but are not recognized by appium: deviceId, platform.
[35m[BaseDriver][39m Session created with session id: 92ab64ae-56d5-4742-a207-c385b5d613ad
[35m[BaseDriver][39m Using local app 'C:\Users\15420\git\ACCME-Dupcheck\AccMe.apk'
[35m[ADB][39m Checking whether adb is present
[35m[ADB][39m Found 1 'build-tools' folders under 'C:\Users\15420\.katalon\tools\android_sdk' (newest first):
[35m[ADB][39m     C:/Users/15420/.katalon/tools/android_sdk/build-tools/29.0.2
[35m[ADB][39m Using adb.exe from C:\Users\15420\.katalon\tools\android_sdk\platform-tools\adb.exe
[35m[AndroidDriver][39m Retrieving device list
[35m[AndroidDriver][39m Using device: RR8M30NJT6T
[35m[UiAutomator2][39m Relaxing hidden api policy
[35m[ADB][39m Using the alternative activity name detection method because of: Could not find apkanalyzer.bat in C:\Users\15420\.katalon\tools\android_sdk\platform-tools\apkanalyzer.bat,C:\Users\15420\.katalon\tools\android_sdk\emulator\apkanalyzer.bat,C:\Users\15420\.katalon\tools\android_sdk\tools\apkanalyzer.bat,C:\Users\15420\.katalon\tools\android_sdk\tools\bin\apkanalyzer.bat,C:\Users\15420\.katalon\tools\android_sdk\build-tools\29.0.2\apkanalyzer.bat. Do you have the Android SDK installed at 'C:\Users\15420\.katalon\tools\android_sdk'?
[35m[ADB][39m Checking whether aapt is present
[35m[ADB][39m Using aapt.exe from C:\Users\15420\.katalon\tools\android_sdk\build-tools\29.0.2\aapt.exe
[35m[ADB][39m Extracting package and launch activity from manifest
[35m[ADB][39m Package name: 'com.outsystemsenterprise.accdev1.AccMeMobile2'
[35m[ADB][39m Main activity name: 'com.outsystemsenterprise.accdev1.AccMeMobile2.MainActivity'
[35m[ADB][39m Using apksigner.bat from C:\Users\15420\.katalon\tools\android_sdk\build-tools\29.0.2\apksigner.bat
[35m[UiAutomator2][39m Server packages are not going to be (re)installed
[35m[UiAutomator2][39m Starting UIAutomator2 server 3.4.0
[35m[UiAutomator2][39m Using UIAutomator2 server from 'C:\Users\15420\AppData\Roaming\npm\node_modules\appium\node_modules\appium-uiautomator2-server\apks\appium-uiautomator2-server-v3.4.0.apk' and test from 'C:\Users\15420\AppData\Roaming\npm\node_modules\appium\node_modules\appium-uiautomator2-server\apks\appium-uiautomator2-server-debug-androidTest.apk'
[35m[UiAutomator2][39m Waiting up to 30000ms for UiAutomator2 to be online...
[35m[WD Proxy][39m Got an unexpected response: {"code":"ECONNRESET"}
[35m[WD Proxy][39m Got an unexpected response: {"code":"ECONNRESET"}
[35m[WD Proxy][39m Got an unexpected response: {"code":"ECONNRESET"}
[35m[AndroidDriver][39m Screen already unlocked, doing nothing
[35m[UiAutomator2][39m UiAutomator2 did not start the activity we were waiting for, 'com.outsystemsenterprise.accdev1.AccMeMobile2/com.outsystemsenterprise.accdev1.AccMeMobile2.MainActivity'. Starting it ourselves
[35m[Appium][39m New AndroidUiautomator2Driver session created successfully, session 92ab64ae-56d5-4742-a207-c385b5d613ad added to master session list
[35m[HTTP][39m [37m<-- POST /wd/hub/session [39m[32m200[39m [90m38050 ms - 1340[39m
[35m[HTTP][39m [90m[39m
[35m[HTTP][39m [37m-->[39m [37mGET[39m [37m/wd/hub/session/92ab64ae-56d5-4742-a207-c385b5d613ad[39m
[35m[HTTP][39m [90m{}[39m
[35m[HTTP][39m [37m<-- GET /wd/hub/session/92ab64ae-56d5-4742-a207-c385b5d613ad [39m[32m200[39m [90m88 ms - 1272[39m
[35m[HTTP][39m [90m[39m
[35m[HTTP][39m [37m-->[39m [37mGET[39m [37m/wd/hub/session/92ab64ae-56d5-4742-a207-c385b5d613ad[39m
[35m[HTTP][39m [90m{}[39m
[35m[HTTP][39m [37m<-- GET /wd/hub/session/92ab64ae-56d5-4742-a207-c385b5d613ad [39m[32m200[39m [90m50 ms - 1272[39m
[35m[HTTP][39m [90m[39m
[35m[HTTP][39m [37m-->[39m [37mGET[39m [37m/wd/hub/status[39m
[35m[HTTP][39m [90m{}[39m
[35m[HTTP][39m [37m<-- GET /wd/hub/status [39m[32m200[39m [90m2 ms - 68[39m
[35m[HTTP][39m [90m[39m
[35m[HTTP][39m [37m-->[39m [37mPOST[39m [37m/wd/hub/session/92ab64ae-56d5-4742-a207-c385b5d613ad/timeouts[39m
[35m[HTTP][39m [90m{"implicit":30000}[39m
[35m[HTTP][39m [37m<-- POST /wd/hub/session/92ab64ae-56d5-4742-a207-c385b5d613ad/timeouts [39m[32m200[39m [90m8 ms - 14[39m
[35m[HTTP][39m [90m[39m
[35m[HTTP][39m [37m-->[39m [37mPOST[39m [37m/wd/hub/session/92ab64ae-56d5-4742-a207-c385b5d613ad/timeouts[39m
[35m[HTTP][39m [90m{"implicit":50}[39m
[35m[HTTP][39m [37m<-- POST /wd/hub/session/92ab64ae-56d5-4742-a207-c385b5d613ad/timeouts [39m[32m200[39m [90m4 ms - 14[39m
[35m[HTTP][39m [90m[39m
[35m[HTTP][39m [37m-->[39m [37mGET[39m [37m/wd/hub/session/92ab64ae-56d5-4742-a207-c385b5d613ad/window/rect[39m
[35m[HTTP][39m [90m{}[39m
[35m[HTTP][39m [37m<-- GET /wd/hub/session/92ab64ae-56d5-4742-a207-c385b5d613ad/window/rect [39m[32m200[39m [90m68 ms - 50[39m
[35m[HTTP][39m [90m[39m
[35m[HTTP][39m [37m-->[39m [37mPOST[39m [37m/wd/hub/session/92ab64ae-56d5-4742-a207-c385b5d613ad/elements[39m
[35m[HTTP][39m [90m{"using":"-android uiautomator","value":"new UiSelector().className(\"android.widget.Image\").text(\"AccMeTheme.creditsimulationsicon\")"}[39m
[35m[HTTP][39m [37m<-- POST /wd/hub/session/92ab64ae-56d5-4742-a207-c385b5d613ad/elements [39m[32m200[39m [90m668 ms - 12[39m
[35m[HTTP][39m [90m[39m
[35m[HTTP][39m [37m-->[39m [37mPOST[39m [37m/wd/hub/session/92ab64ae-56d5-4742-a207-c385b5d613ad/elements[39m
[35m[HTTP][39m [90m{"using":"-android uiautomator","value":"new UiSelector().className(\"android.widget.Image\").text(\"AccMeTheme.creditsimulationsicon\")"}[39m
[35m[HTTP][39m [37m<-- POST /wd/hub/session/92ab64ae-56d5-4742-a207-c385b5d613ad/elements [39m[32m200[39m [90m137 ms - 12[39m
[35m[HTTP][39m [90m[39m
[35m[HTTP][39m [37m-->[39m [37mPOST[39m [37m/wd/hub/session/92ab64ae-56d5-4742-a207-c385b5d613ad/elements[39m
[35m[HTTP][39m [90m{"using":"-android uiautomator","value":"new UiSelector().className(\"android.widget.Image\").text(\"AccMeTheme.creditsimulationsicon\")"}[39m
[35m[HTTP][39m [37m<-- POST /wd/hub/session/92ab64ae-56d5-4742-a207-c385b5d613ad/elements [39m[32m200[39m [90m2443 ms - 12[39m
[35m[HTTP][39m [90m[39m
[35m[HTTP][39m [37m-->[39m [37mPOST[39m [37m/wd/hub/session/92ab64ae-56d5-4742-a207-c385b5d613ad/elements[39m
[35m[HTTP][39m [90m{"using":"-android uiautomator","value":"new UiSelector().className(\"android.widget.Image\").text(\"AccMeTheme.creditsimulationsicon\")"}[39m
[35m[HTTP][39m [37m<-- POST /wd/hub/session/92ab64ae-56d5-4742-a207-c385b5d613ad/elements [39m[32m200[39m [90m497 ms - 12[39m
[35m[HTTP][39m [90m[39m
[35m[HTTP][39m [37m-->[39m [37mPOST[39m [37m/wd/hub/session/92ab64ae-56d5-4742-a207-c385b5d613ad/elements[39m
[35m[HTTP][39m [90m{"using":"-android uiautomator","value":"new UiSelector().className(\"android.widget.Image\").text(\"AccMeTheme.creditsimulationsicon\")"}[39m
[35m[HTTP][39m [37m<-- POST /wd/hub/session/92ab64ae-56d5-4742-a207-c385b5d613ad/elements [39m[32m200[39m [90m424 ms - 12[39m
[35m[HTTP][39m [90m[39m
[35m[HTTP][39m [37m-->[39m [37mPOST[39m [37m/wd/hub/session/92ab64ae-56d5-4742-a207-c385b5d613ad/elements[39m
[35m[HTTP][39m [90m{"using":"-android uiautomator","value":"new UiSelector().className(\"android.widget.Image\").text(\"AccMeTheme.creditsimulationsicon\")"}[39m
[35m[HTTP][39m [37m<-- POST /wd/hub/session/92ab64ae-56d5-4742-a207-c385b5d613ad/elements [39m[32m200[39m [90m880 ms - 12[39m
[35m[HTTP][39m [90m[39m
[35m[HTTP][39m [37m-->[39m [37mPOST[39m [37m/wd/hub/session/92ab64ae-56d5-4742-a207-c385b5d613ad/elements[39m
[35m[HTTP][39m [90m{"using":"-android uiautomator","value":"new UiSelector().className(\"android.widget.Image\").text(\"AccMeTheme.creditsimulationsicon\")"}[39m
[35m[HTTP][39m [37m<-- POST /wd/hub/session/92ab64ae-56d5-4742-a207-c385b5d613ad/elements [39m[32m200[39m [90m275 ms - 12[39m
[35m[HTTP][39m [90m[39m
[35m[HTTP][39m [37m-->[39m [37mPOST[39m [37m/wd/hub/session/92ab64ae-56d5-4742-a207-c385b5d613ad/elements[39m
[35m[HTTP][39m [90m{"using":"-android uiautomator","value":"new UiSelector().className(\"android.widget.Image\").text(\"AccMeTheme.creditsimulationsicon\")"}[39m
[35m[HTTP][39m [37m<-- POST /wd/hub/session/92ab64ae-56d5-4742-a207-c385b5d613ad/elements [39m[32m200[39m [90m343 ms - 12[39m
[35m[HTTP][39m [90m[39m
[35m[HTTP][39m [37m-->[39m [37mPOST[39m [37m/wd/hub/session/92ab64ae-56d5-4742-a207-c385b5d613ad/elements[39m
[35m[HTTP][39m [90m{"using":"-android uiautomator","value":"new UiSelector().className(\"android.widget.Image\").text(\"AccMeTheme.creditsimulationsicon\")"}[39m
[35m[HTTP][39m [37m<-- POST /wd/hub/session/92ab64ae-56d5-4742-a207-c385b5d613ad/elements [39m[32m200[39m [90m340 ms - 12[39m
[35m[HTTP][39m [90m[39m
[35m[HTTP][39m [37m-->[39m [37mPOST[39m [37m/wd/hub/session/92ab64ae-56d5-4742-a207-c385b5d613ad/elements[39m
[35m[HTTP][39m [90m{"using":"-android uiautomator","value":"new UiSelector().className(\"android.widget.Image\").text(\"AccMeTheme.creditsimulationsicon\")"}[39m
[35m[HTTP][39m [37m<-- POST /wd/hub/session/92ab64ae-56d5-4742-a207-c385b5d613ad/elements [39m[32m200[39m [90m305 ms - 12[39m
[35m[HTTP][39m [90m[39m
[35m[HTTP][39m [37m-->[39m [37mPOST[39m [37m/wd/hub/session/92ab64ae-56d5-4742-a207-c385b5d613ad/elements[39m
[35m[HTTP][39m [90m{"using":"-android uiautomator","value":"new UiSelector().className(\"android.widget.Image\").text(\"AccMeTheme.creditsimulationsicon\")"}[39m
[35m[HTTP][39m [37m<-- POST /wd/hub/session/92ab64ae-56d5-4742-a207-c385b5d613ad/elements [39m[32m200[39m [90m301 ms - 12[39m
[35m[HTTP][39m [90m[39m
[35m[HTTP][39m [37m-->[39m [37mPOST[39m [37m/wd/hub/session/92ab64ae-56d5-4742-a207-c385b5d613ad/elements[39m
[35m[HTTP][39m [90m{"using":"-android uiautomator","value":"new UiSelector().className(\"android.widget.Image\").text(\"AccMeTheme.creditsimulationsicon\")"}[39m
[35m[HTTP][39m [37m<-- POST /wd/hub/session/92ab64ae-56d5-4742-a207-c385b5d613ad/elements [39m[32m200[39m [90m308 ms - 12[39m
[35m[HTTP][39m [90m[39m
[35m[HTTP][39m [37m-->[39m [37mPOST[39m [37m/wd/hub/session/92ab64ae-56d5-4742-a207-c385b5d613ad/elements[39m
[35m[HTTP][39m [90m{"using":"-android uiautomator","value":"new UiSelector().className(\"android.widget.Image\").text(\"AccMeTheme.creditsimulationsicon\")"}[39m
[35m[HTTP][39m [37m<-- POST /wd/hub/session/92ab64ae-56d5-4742-a207-c385b5d613ad/elements [39m[32m200[39m [90m1349 ms - 139[39m
[35m[HTTP][39m [90m[39m
[35m[HTTP][39m [37m-->[39m [37mGET[39m [37m/wd/hub/session/92ab64ae-56d5-4742-a207-c385b5d613ad/element/20266980-1769-4cc0-abfc-7a2b873f2029/location[39m
[35m[HTTP][39m [90m{}[39m
[35m[W3C (92ab64ae)][39m Driver proxy active, passing request on via HTTP proxy
[35m[WD Proxy][39m Replacing sessionId 1b6ea1a9-a269-4a90-9cd2-337711076e80 with 92ab64ae-56d5-4742-a207-c385b5d613ad
[35m[HTTP][39m [37m<-- GET /wd/hub/session/92ab64ae-56d5-4742-a207-c385b5d613ad/element/20266980-1769-4cc0-abfc-7a2b873f2029/location [39m[32m200[39m [90m145 ms - 89[39m
[35m[HTTP][39m [90m[39m
[35m[HTTP][39m [37m-->[39m [37mPOST[39m [37m/wd/hub/session/92ab64ae-56d5-4742-a207-c385b5d613ad/timeouts[39m
[35m[HTTP][39m [90m{"implicit":30000}[39m
[35m[HTTP][39m [37m<-- POST /wd/hub/session/92ab64ae-56d5-4742-a207-c385b5d613ad/timeouts [39m[32m200[39m [90m5 ms - 14[39m
[35m[HTTP][39m [90m[39m
[35m[HTTP][39m [37m-->[39m [37mPOST[39m [37m/wd/hub/session/92ab64ae-56d5-4742-a207-c385b5d613ad/timeouts[39m
[35m[HTTP][39m [90m{"implicit":50}[39m
[35m[HTTP][39m [37m<-- POST /wd/hub/session/92ab64ae-56d5-4742-a207-c385b5d613ad/timeouts [39m[32m200[39m [90m4 ms - 14[39m
[35m[HTTP][39m [90m[39m
[35m[HTTP][39m [37m-->[39m [37mGET[39m [37m/wd/hub/session/92ab64ae-56d5-4742-a207-c385b5d613ad/window/rect[39m
[35m[HTTP][39m [90m{}[39m
[35m[HTTP][39m [37m<-- GET /wd/hub/session/92ab64ae-56d5-4742-a207-c385b5d613ad/window/rect [39m[32m200[39m [90m47 ms - 50[39m
[35m[HTTP][39m [90m[39m
[35m[HTTP][39m [37m-->[39m [37mPOST[39m [37m/wd/hub/session/92ab64ae-56d5-4742-a207-c385b5d613ad/elements[39m
[35m[HTTP][39m [90m{"using":"-android uiautomator","value":"new UiSelector().className(\"android.widget.Image\").text(\"AccMeTheme.creditsimulationsicon\")"}[39m
[35m[HTTP][39m [37m<-- POST /wd/hub/session/92ab64ae-56d5-4742-a207-c385b5d613ad/elements [39m[32m200[39m [90m331 ms - 139[39m
[35m[HTTP][39m [90m[39m
[35m[HTTP][39m [37m-->[39m [37mGET[39m [37m/wd/hub/session/92ab64ae-56d5-4742-a207-c385b5d613ad/element/c11a3522-9b63-4d50-9692-2babd6dff7e7/location[39m
[35m[HTTP][39m [90m{}[39m
[35m[W3C (92ab64ae)][39m Driver proxy active, passing request on via HTTP proxy
[35m[WD Proxy][39m Replacing sessionId 1b6ea1a9-a269-4a90-9cd2-337711076e80 with 92ab64ae-56d5-4742-a207-c385b5d613ad
[35m[HTTP][39m [37m<-- GET /wd/hub/session/92ab64ae-56d5-4742-a207-c385b5d613ad/element/c11a3522-9b63-4d50-9692-2babd6dff7e7/location [39m[32m200[39m [90m143 ms - 89[39m
[35m[HTTP][39m [90m[39m
[35m[HTTP][39m [37m-->[39m [37mPOST[39m [37m/wd/hub/session/92ab64ae-56d5-4742-a207-c385b5d613ad/timeouts[39m
[35m[HTTP][39m [90m{"implicit":30000}[39m
[35m[HTTP][39m [37m<-- POST /wd/hub/session/92ab64ae-56d5-4742-a207-c385b5d613ad/timeouts [39m[32m200[39m [90m6 ms - 14[39m
[35m[HTTP][39m [90m[39m
[35m[HTTP][39m [37m-->[39m [37mPOST[39m [37m/wd/hub/session/92ab64ae-56d5-4742-a207-c385b5d613ad/touch/perform[39m
[35m[HTTP][39m [90m{"actions":[{"action":"tap","options":{"x":1,"y":1,"element":"c11a3522-9b63-4d50-9692-2babd6dff7e7"}},{"action":"release","options":{}}]}[39m
[35m[UiAutomator2][39m calling get location: c11a3522-9b63-4d50-9692-2babd6dff7e7
[35m[HTTP][39m [37m<-- POST /wd/hub/session/92ab64ae-56d5-4742-a207-c385b5d613ad/touch/perform [39m[32m200[39m [90m1226 ms - 14[39m
[35m[HTTP][39m [90m[39m
[35m[HTTP][39m [37m-->[39m [37mPOST[39m [37m/wd/hub/session/92ab64ae-56d5-4742-a207-c385b5d613ad/timeouts[39m
[35m[HTTP][39m [90m{"implicit":50}[39m
[35m[HTTP][39m [37m<-- POST /wd/hub/session/92ab64ae-56d5-4742-a207-c385b5d613ad/timeouts [39m[32m200[39m [90m4 ms - 14[39m
[35m[HTTP][39m [90m[39m
[35m[HTTP][39m [37m-->[39m [37mGET[39m [37m/wd/hub/session/92ab64ae-56d5-4742-a207-c385b5d613ad/window/rect[39m
[35m[HTTP][39m [90m{}[39m
[35m[HTTP][39m [37m<-- GET /wd/hub/session/92ab64ae-56d5-4742-a207-c385b5d613ad/window/rect [39m[32m200[39m [90m69 ms - 50[39m
[35m[HTTP][39m [90m[39m
[35m[HTTP][39m [37m-->[39m [37mPOST[39m [37m/wd/hub/session/92ab64ae-56d5-4742-a207-c385b5d613ad/elements[39m
[35m[HTTP][39m [90m{"using":"-android uiautomator","value":"new UiSelector().className(\"android.widget.Button\").text(\"New Car\").resourceId(\"b7-ButtonGroupItem1\")"}[39m
[35m[HTTP][39m [37m<-- POST /wd/hub/session/92ab64ae-56d5-4742-a207-c385b5d613ad/elements [39m[32m200[39m [90m711 ms - 12[39m
[35m[HTTP][39m [90m[39m
[35m[HTTP][39m [37m-->[39m [37mPOST[39m [37m/wd/hub/session/92ab64ae-56d5-4742-a207-c385b5d613ad/elements[39m
[35m[HTTP][39m [90m{"using":"-android uiautomator","value":"new UiSelector().className(\"android.widget.Button\").text(\"New Car\").resourceId(\"b7-ButtonGroupItem1\")"}[39m
[35m[HTTP][39m [37m<-- POST /wd/hub/session/92ab64ae-56d5-4742-a207-c385b5d613ad/elements [39m[32m200[39m [90m1607 ms - 139[39m
[35m[HTTP][39m [90m[39m
[35m[HTTP][39m [37m-->[39m [37mGET[39m [37m/wd/hub/session/92ab64ae-56d5-4742-a207-c385b5d613ad/element/dd75835f-8371-4b7f-a2c2-d4b94b9c5c1a/location[39m
[35m[HTTP][39m [90m{}[39m
[35m[W3C (92ab64ae)][39m Driver proxy active, passing request on via HTTP proxy
[35m[WD Proxy][39m Replacing sessionId 1b6ea1a9-a269-4a90-9cd2-337711076e80 with 92ab64ae-56d5-4742-a207-c385b5d613ad
[35m[HTTP][39m [37m<-- GET /wd/hub/session/92ab64ae-56d5-4742-a207-c385b5d613ad/element/dd75835f-8371-4b7f-a2c2-d4b94b9c5c1a/location [39m[32m200[39m [90m121 ms - 88[39m
[35m[HTTP][39m [90m[39m
[35m[HTTP][39m [37m-->[39m [37mPOST[39m [37m/wd/hub/session/92ab64ae-56d5-4742-a207-c385b5d613ad/timeouts[39m
[35m[HTTP][39m [90m{"implicit":30000}[39m
[35m[HTTP][39m [37m<-- POST /wd/hub/session/92ab64ae-56d5-4742-a207-c385b5d613ad/timeouts [39m[32m200[39m [90m4 ms - 14[39m
[35m[HTTP][39m [90m[39m
[35m[HTTP][39m [37m-->[39m [37mPOST[39m [37m/wd/hub/session/92ab64ae-56d5-4742-a207-c385b5d613ad/touch/perform[39m
[35m[HTTP][39m [90m{"actions":[{"action":"tap","options":{"x":1,"y":1,"element":"dd75835f-8371-4b7f-a2c2-d4b94b9c5c1a"}},{"action":"release","options":{}}]}[39m
[35m[UiAutomator2][39m calling get location: dd75835f-8371-4b7f-a2c2-d4b94b9c5c1a
[35m[HTTP][39m [37m<-- POST /wd/hub/session/92ab64ae-56d5-4742-a207-c385b5d613ad/touch/perform [39m[32m200[39m [90m898 ms - 14[39m
[35m[HTTP][39m [90m[39m
[35m[HTTP][39m [37m-->[39m [37mPOST[39m [37m/wd/hub/session/92ab64ae-56d5-4742-a207-c385b5d613ad/timeouts[39m
[35m[HTTP][39m [90m{"implicit":50}[39m
[35m[HTTP][39m [37m<-- POST /wd/hub/session/92ab64ae-56d5-4742-a207-c385b5d613ad/timeouts [39m[32m200[39m [90m3 ms - 14[39m
[35m[HTTP][39m [90m[39m
[35m[HTTP][39m [37m-->[39m [37mGET[39m [37m/wd/hub/session/92ab64ae-56d5-4742-a207-c385b5d613ad/window/rect[39m
[35m[HTTP][39m [90m{}[39m
[35m[HTTP][39m [37m<-- GET /wd/hub/session/92ab64ae-56d5-4742-a207-c385b5d613ad/window/rect [39m[32m200[39m [90m94 ms - 50[39m
[35m[HTTP][39m [90m[39m
[35m[HTTP][39m [37m-->[39m [37mPOST[39m [37m/wd/hub/session/92ab64ae-56d5-4742-a207-c385b5d613ad/elements[39m
[35m[HTTP][39m [90m{"using":"-android uiautomator","value":"new UiSelector().className(\"android.widget.EditText\").resourceId(\"b7-Input_Brand\")"}[39m
[35m[HTTP][39m [37m<-- POST /wd/hub/session/92ab64ae-56d5-4742-a207-c385b5d613ad/elements [39m[32m200[39m [90m767 ms - 139[39m
[35m[HTTP][39m [90m[39m
[35m[HTTP][39m [37m-->[39m [37mGET[39m [37m/wd/hub/session/92ab64ae-56d5-4742-a207-c385b5d613ad/element/683118a0-625c-47d7-82fd-e4db77a3ed65/location[39m
[35m[HTTP][39m [90m{}[39m
[35m[W3C (92ab64ae)][39m Driver proxy active, passing request on via HTTP proxy
[35m[WD Proxy][39m Replacing sessionId 1b6ea1a9-a269-4a90-9cd2-337711076e80 with 92ab64ae-56d5-4742-a207-c385b5d613ad
[35m[HTTP][39m [37m<-- GET /wd/hub/session/92ab64ae-56d5-4742-a207-c385b5d613ad/element/683118a0-625c-47d7-82fd-e4db77a3ed65/location [39m[32m200[39m [90m204 ms - 89[39m
[35m[HTTP][39m [90m[39m
[35m[HTTP][39m [37m-->[39m [37mPOST[39m [37m/wd/hub/session/92ab64ae-56d5-4742-a207-c385b5d613ad/timeouts[39m
[35m[HTTP][39m [90m{"implicit":30000}[39m
[35m[HTTP][39m [37m<-- POST /wd/hub/session/92ab64ae-56d5-4742-a207-c385b5d613ad/timeouts [39m[32m200[39m [90m6 ms - 14[39m
[35m[HTTP][39m [90m[39m
[35m[HTTP][39m [37m-->[39m [37mPOST[39m [37m/wd/hub/session/92ab64ae-56d5-4742-a207-c385b5d613ad/element/683118a0-625c-47d7-82fd-e4db77a3ed65/clear[39m
[35m[HTTP][39m [90m{"id":"683118a0-625c-47d7-82fd-e4db77a3ed65"}[39m
[35m[HTTP][39m [37m<-- POST /wd/hub/session/92ab64ae-56d5-4742-a207-c385b5d613ad/element/683118a0-625c-47d7-82fd-e4db77a3ed65/clear [39m[32m200[39m [90m182 ms - 27[39m
[35m[HTTP][39m [90m[39m
[35m[HTTP][39m [37m-->[39m [37mPOST[39m [37m/wd/hub/session/92ab64ae-56d5-4742-a207-c385b5d613ad/element/683118a0-625c-47d7-82fd-e4db77a3ed65/value[39m
[35m[HTTP][39m [90m{"id":"683118a0-625c-47d7-82fd-e4db77a3ed65","text":"MAZDA","value":["M","A","Z","D","A"]}[39m
[35m[HTTP][39m [37m<-- POST /wd/hub/session/92ab64ae-56d5-4742-a207-c385b5d613ad/element/683118a0-625c-47d7-82fd-e4db77a3ed65/value [39m[32m200[39m [90m285 ms - 12[39m
[35m[HTTP][39m [90m[39m
[35m[HTTP][39m [37m-->[39m [37mPOST[39m [37m/wd/hub/session/92ab64ae-56d5-4742-a207-c385b5d613ad/timeouts[39m
[35m[HTTP][39m [90m{"implicit":50}[39m
[35m[HTTP][39m [37m<-- POST /wd/hub/session/92ab64ae-56d5-4742-a207-c385b5d613ad/timeouts [39m[32m200[39m [90m4 ms - 14[39m
[35m[HTTP][39m [90m[39m
[35m[HTTP][39m [37m-->[39m [37mGET[39m [37m/wd/hub/session/92ab64ae-56d5-4742-a207-c385b5d613ad/window/rect[39m
[35m[HTTP][39m [90m{}[39m
[35m[HTTP][39m [37m<-- GET /wd/hub/session/92ab64ae-56d5-4742-a207-c385b5d613ad/window/rect [39m[32m200[39m [90m41 ms - 50[39m
[35m[HTTP][39m [90m[39m
[35m[HTTP][39m [37m-->[39m [37mPOST[39m [37m/wd/hub/session/92ab64ae-56d5-4742-a207-c385b5d613ad/elements[39m
[35m[HTTP][39m [90m{"using":"-android uiautomator","value":"new UiSelector().className(\"android.widget.EditText\").resourceId(\"b7-Input_Brand\")"}[39m
[35m[HTTP][39m [37m<-- POST /wd/hub/session/92ab64ae-56d5-4742-a207-c385b5d613ad/elements [39m[32m200[39m [90m2836 ms - 139[39m
[35m[HTTP][39m [90m[39m
[35m[HTTP][39m [37m-->[39m [37mGET[39m [37m/wd/hub/session/92ab64ae-56d5-4742-a207-c385b5d613ad/element/c6dbe935-a51f-42da-a178-3f96f00eba92/location[39m
[35m[HTTP][39m [90m{}[39m
[35m[W3C (92ab64ae)][39m Driver proxy active, passing request on via HTTP proxy
[35m[WD Proxy][39m Replacing sessionId 1b6ea1a9-a269-4a90-9cd2-337711076e80 with 92ab64ae-56d5-4742-a207-c385b5d613ad
[35m[HTTP][39m [37m<-- GET /wd/hub/session/92ab64ae-56d5-4742-a207-c385b5d613ad/element/c6dbe935-a51f-42da-a178-3f96f00eba92/location [39m[32m200[39m [90m105 ms - 89[39m
[35m[HTTP][39m [90m[39m
[35m[HTTP][39m [37m-->[39m [37mPOST[39m [37m/wd/hub/session/92ab64ae-56d5-4742-a207-c385b5d613ad/timeouts[39m
[35m[HTTP][39m [90m{"implicit":30000}[39m
[35m[HTTP][39m [37m<-- POST /wd/hub/session/92ab64ae-56d5-4742-a207-c385b5d613ad/timeouts [39m[32m200[39m [90m4 ms - 14[39m
[35m[HTTP][39m [90m[39m
[35m[HTTP][39m [37m-->[39m [37mPOST[39m [37m/wd/hub/session/92ab64ae-56d5-4742-a207-c385b5d613ad/touch/perform[39m
[35m[HTTP][39m [90m{"actions":[{"action":"tap","options":{"x":1,"y":1,"element":"c6dbe935-a51f-42da-a178-3f96f00eba92"}},{"action":"release","options":{}}]}[39m
[35m[UiAutomator2][39m calling get location: c6dbe935-a51f-42da-a178-3f96f00eba92
[35m[HTTP][39m [37m<-- POST /wd/hub/session/92ab64ae-56d5-4742-a207-c385b5d613ad/touch/perform [39m[32m200[39m [90m1147 ms - 14[39m
[35m[HTTP][39m [90m[39m
[35m[HTTP][39m [37m-->[39m [37mPOST[39m [37m/wd/hub/session/92ab64ae-56d5-4742-a207-c385b5d613ad/timeouts[39m
[35m[HTTP][39m [90m{"implicit":50}[39m
[35m[HTTP][39m [37m<-- POST /wd/hub/session/92ab64ae-56d5-4742-a207-c385b5d613ad/timeouts [39m[32m200[39m [90m5 ms - 14[39m
[35m[HTTP][39m [90m[39m
[35m[HTTP][39m [37m-->[39m [37mGET[39m [37m/wd/hub/session/92ab64ae-56d5-4742-a207-c385b5d613ad/window/rect[39m
[35m[HTTP][39m [90m{}[39m
[35m[HTTP][39m [37m<-- GET /wd/hub/session/92ab64ae-56d5-4742-a207-c385b5d613ad/window/rect [39m[32m200[39m [90m112 ms - 50[39m
[35m[HTTP][39m [90m[39m
[35m[HTTP][39m [37m-->[39m [37mPOST[39m [37m/wd/hub/session/92ab64ae-56d5-4742-a207-c385b5d613ad/elements[39m
[35m[HTTP][39m [90m{"using":"-android uiautomator","value":"new UiSelector().className(\"android.view.View\").textContains(\"MAZDA\").enabled(true)"}[39m
[35m[HTTP][39m [37m<-- POST /wd/hub/session/92ab64ae-56d5-4742-a207-c385b5d613ad/elements [39m[32m200[39m [90m2068 ms - 12[39m
[35m[HTTP][39m [90m[39m
[35m[HTTP][39m [37m-->[39m [37mPOST[39m [37m/wd/hub/session/92ab64ae-56d5-4742-a207-c385b5d613ad/elements[39m
[35m[HTTP][39m [90m{"using":"-android uiautomator","value":"new UiSelector().className(\"android.view.View\").textContains(\"MAZDA\").enabled(true)"}[39m
[35m[HTTP][39m [37m<-- POST /wd/hub/session/92ab64ae-56d5-4742-a207-c385b5d613ad/elements [39m[32m200[39m [90m1796 ms - 12[39m
[35m[HTTP][39m [90m[39m
[35m[HTTP][39m [37m-->[39m [37mPOST[39m [37m/wd/hub/session/92ab64ae-56d5-4742-a207-c385b5d613ad/elements[39m
[35m[HTTP][39m [90m{"using":"-android uiautomator","value":"new UiSelector().className(\"android.view.View\").textContains(\"MAZDA\").enabled(true)"}[39m
[35m[HTTP][39m [37m<-- POST /wd/hub/session/92ab64ae-56d5-4742-a207-c385b5d613ad/elements [39m[32m200[39m [90m1177 ms - 12[39m
[35m[HTTP][39m [90m[39m
[35m[HTTP][39m [37m-->[39m [37mPOST[39m [37m/wd/hub/session/92ab64ae-56d5-4742-a207-c385b5d613ad/elements[39m
[35m[HTTP][39m [90m{"using":"-android uiautomator","value":"new UiSelector().className(\"android.view.View\").textContains(\"MAZDA\").enabled(true)"}[39m
[35m[HTTP][39m [37m<-- POST /wd/hub/session/92ab64ae-56d5-4742-a207-c385b5d613ad/elements [39m[32m200[39m [90m1970 ms - 12[39m
[35m[HTTP][39m [90m[39m
[35m[HTTP][39m [37m-->[39m [37mPOST[39m [37m/wd/hub/session/92ab64ae-56d5-4742-a207-c385b5d613ad/elements[39m
[35m[HTTP][39m [90m{"using":"-android uiautomator","value":"new UiSelector().className(\"android.view.View\").textContains(\"MAZDA\").enabled(true)"}[39m
[35m[HTTP][39m [37m<-- POST /wd/hub/session/92ab64ae-56d5-4742-a207-c385b5d613ad/elements [39m[32m200[39m [90m1811 ms - 12[39m
[35m[HTTP][39m [90m[39m
[35m[HTTP][39m [37m-->[39m [37mPOST[39m [37m/wd/hub/session/92ab64ae-56d5-4742-a207-c385b5d613ad/elements[39m
[35m[HTTP][39m [90m{"using":"-android uiautomator","value":"new UiSelector().className(\"android.view.View\").textContains(\"MAZDA\").enabled(true)"}[39m
[35m[HTTP][39m [37m<-- POST /wd/hub/session/92ab64ae-56d5-4742-a207-c385b5d613ad/elements [39m[32m200[39m [90m1191 ms - 12[39m
[35m[HTTP][39m [90m[39m
[35m[HTTP][39m [37m-->[39m [37mPOST[39m [37m/wd/hub/session/92ab64ae-56d5-4742-a207-c385b5d613ad/elements[39m
[35m[HTTP][39m [90m{"using":"-android uiautomator","value":"new UiSelector().className(\"android.view.View\").textContains(\"MAZDA\").enabled(true)"}[39m
[35m[HTTP][39m [37m<-- POST /wd/hub/session/92ab64ae-56d5-4742-a207-c385b5d613ad/elements [39m[32m200[39m [90m1294 ms - 12[39m
[35m[HTTP][39m [90m[39m
[35m[HTTP][39m [37m-->[39m [37mPOST[39m [37m/wd/hub/session/92ab64ae-56d5-4742-a207-c385b5d613ad/elements[39m
[35m[HTTP][39m [90m{"using":"-android uiautomator","value":"new UiSelector().className(\"android.view.View\").textContains(\"MAZDA\").enabled(true)"}[39m
[35m[HTTP][39m [37m<-- POST /wd/hub/session/92ab64ae-56d5-4742-a207-c385b5d613ad/elements [39m[32m200[39m [90m1757 ms - 12[39m
[35m[HTTP][39m [90m[39m
[35m[HTTP][39m [37m-->[39m [37mPOST[39m [37m/wd/hub/session/92ab64ae-56d5-4742-a207-c385b5d613ad/elements[39m
[35m[HTTP][39m [90m{"using":"-android uiautomator","value":"new UiSelector().className(\"android.view.View\").textContains(\"MAZDA\").enabled(true)"}[39m
[35m[HTTP][39m [37m<-- POST /wd/hub/session/92ab64ae-56d5-4742-a207-c385b5d613ad/elements [39m[32m200[39m [90m1787 ms - 12[39m
[35m[HTTP][39m [90m[39m
[35m[HTTP][39m [37m-->[39m [37mPOST[39m [37m/wd/hub/session/92ab64ae-56d5-4742-a207-c385b5d613ad/elements[39m
[35m[HTTP][39m [90m{"using":"-android uiautomator","value":"new UiSelector().className(\"android.view.View\").textContains(\"MAZDA\").enabled(true)"}[39m
[35m[HTTP][39m [37m<-- POST /wd/hub/session/92ab64ae-56d5-4742-a207-c385b5d613ad/elements [39m[32m200[39m [90m1160 ms - 12[39m
[35m[HTTP][39m [90m[39m
[35m[HTTP][39m [37m-->[39m [37mPOST[39m [37m/wd/hub/session/92ab64ae-56d5-4742-a207-c385b5d613ad/elements[39m
[35m[HTTP][39m [90m{"using":"-android uiautomator","value":"new UiSelector().className(\"android.view.View\").textContains(\"MAZDA\").enabled(true)"}[39m
[35m[HTTP][39m [37m<-- POST /wd/hub/session/92ab64ae-56d5-4742-a207-c385b5d613ad/elements [39m[32m200[39m [90m1552 ms - 12[39m
[35m[HTTP][39m [90m[39m
[35m[HTTP][39m [37m-->[39m [37mPOST[39m [37m/wd/hub/session/92ab64ae-56d5-4742-a207-c385b5d613ad/elements[39m
[35m[HTTP][39m [90m{"using":"-android uiautomator","value":"new UiSelector().className(\"android.view.View\").textContains(\"MAZDA\").enabled(true)"}[39m
[35m[HTTP][39m [37m<-- POST /wd/hub/session/92ab64ae-56d5-4742-a207-c385b5d613ad/elements [39m[32m200[39m [90m1828 ms - 12[39m
[35m[HTTP][39m [90m[39m
[35m[HTTP][39m [37m-->[39m [37mPOST[39m [37m/wd/hub/session/92ab64ae-56d5-4742-a207-c385b5d613ad/elements[39m
[35m[HTTP][39m [90m{"using":"-android uiautomator","value":"new UiSelector().className(\"android.view.View\").textContains(\"MAZDA\").enabled(true)"}[39m
[35m[HTTP][39m [37m<-- POST /wd/hub/session/92ab64ae-56d5-4742-a207-c385b5d613ad/elements [39m[32m200[39m [90m1787 ms - 12[39m
[35m[HTTP][39m [90m[39m
[35m[HTTP][39m [37m-->[39m [37mPOST[39m [37m/wd/hub/session/92ab64ae-56d5-4742-a207-c385b5d613ad/elements[39m
[35m[HTTP][39m [90m{"using":"-android uiautomator","value":"new UiSelector().className(\"android.view.View\").textContains(\"MAZDA\").enabled(true)"}[39m
[35m[HTTP][39m [37m<-- POST /wd/hub/session/92ab64ae-56d5-4742-a207-c385b5d613ad/elements [39m[32m200[39m [90m842 ms - 12[39m
[35m[HTTP][39m [90m[39m
[35m[HTTP][39m [37m-->[39m [37mPOST[39m [37m/wd/hub/session/92ab64ae-56d5-4742-a207-c385b5d613ad/elements[39m
[35m[HTTP][39m [90m{"using":"-android uiautomator","value":"new UiSelector().className(\"android.view.View\").textContains(\"MAZDA\").enabled(true)"}[39m
[35m[HTTP][39m [37m<-- POST /wd/hub/session/92ab64ae-56d5-4742-a207-c385b5d613ad/elements [39m[32m200[39m [90m1493 ms - 12[39m
[35m[HTTP][39m [90m[39m
[35m[HTTP][39m [37m-->[39m [37mPOST[39m [37m/wd/hub/session/92ab64ae-56d5-4742-a207-c385b5d613ad/elements[39m
[35m[HTTP][39m [90m{"using":"-android uiautomator","value":"new UiSelector().className(\"android.view.View\").textContains(\"MAZDA\").enabled(true)"}[39m
[35m[HTTP][39m [37m<-- POST /wd/hub/session/92ab64ae-56d5-4742-a207-c385b5d613ad/elements [39m[32m200[39m [90m1706 ms - 12[39m
[35m[HTTP][39m [90m[39m
[35m[HTTP][39m [37m-->[39m [37mPOST[39m [37m/wd/hub/session/92ab64ae-56d5-4742-a207-c385b5d613ad/elements[39m
[35m[HTTP][39m [90m{"using":"-android uiautomator","value":"new UiSelector().className(\"android.view.View\").textContains(\"MAZDA\").enabled(true)"}[39m
[35m[HTTP][39m [37m<-- POST /wd/hub/session/92ab64ae-56d5-4742-a207-c385b5d613ad/elements [39m[32m200[39m [90m1788 ms - 12[39m
[35m[HTTP][39m [90m[39m
[35m[HTTP][39m [37m-->[39m [37mPOST[39m [37m/wd/hub/session/92ab64ae-56d5-4742-a207-c385b5d613ad/elements[39m
[35m[HTTP][39m [90m{"using":"-android uiautomator","value":"new UiSelector().className(\"android.view.View\").textContains(\"MAZDA\").enabled(true)"}[39m
[35m[HTTP][39m [37m<-- POST /wd/hub/session/92ab64ae-56d5-4742-a207-c385b5d613ad/elements [39m[32m200[39m [90m932 ms - 12[39m
[35m[HTTP][39m [90m[39m
[35m[HTTP][39m [37m-->[39m [37mPOST[39m [37m/wd/hub/session/92ab64ae-56d5-4742-a207-c385b5d613ad/elements[39m
[35m[HTTP][39m [90m{"using":"-android uiautomator","value":"new UiSelector().className(\"android.view.View\").textContains(\"MAZDA\").enabled(true)"}[39m
[35m[HTTP][39m [37m<-- POST /wd/hub/session/92ab64ae-56d5-4742-a207-c385b5d613ad/elements [39m[32m200[39m [90m1680 ms - 12[39m
[35m[HTTP][39m [90m[39m
[35m[HTTP][39m [37m-->[39m [37mPOST[39m [37m/wd/hub/session/92ab64ae-56d5-4742-a207-c385b5d613ad/elements[39m
[35m[HTTP][39m [90m{"using":"-android uiautomator","value":"new UiSelector().className(\"android.view.View\").textContains(\"MAZDA\").enabled(true)"}[39m
[35m[HTTP][39m [37m<-- POST /wd/hub/session/92ab64ae-56d5-4742-a207-c385b5d613ad/elements [39m[32m200[39m [90m1745 ms - 12[39m
[35m[HTTP][39m [90m[39m
[35m[HTTP][39m [37m-->[39m [37mPOST[39m [37m/wd/hub/session/92ab64ae-56d5-4742-a207-c385b5d613ad/timeouts[39m
[35m[HTTP][39m [90m{"implicit":30000}[39m
[35m[HTTP][39m [37m<-- POST /wd/hub/session/92ab64ae-56d5-4742-a207-c385b5d613ad/timeouts [39m[32m200[39m [90m7 ms - 14[39m
[35m[HTTP][39m [90m[39m
[35m[HTTP][39m [37m-->[39m [37mGET[39m [37m/wd/hub/session/92ab64ae-56d5-4742-a207-c385b5d613ad/context[39m
[35m[HTTP][39m [90m{}[39m
[35m[HTTP][39m [37m<-- GET /wd/hub/session/92ab64ae-56d5-4742-a207-c385b5d613ad/context [39m[32m200[39m [90m6 ms - 22[39m
[35m[HTTP][39m [90m[39m
[35m[HTTP][39m [37m-->[39m [37mGET[39m [37m/wd/hub/session/92ab64ae-56d5-4742-a207-c385b5d613ad/contexts[39m
[35m[HTTP][39m [90m{}[39m
[35m[HTTP][39m [37m<-- GET /wd/hub/session/92ab64ae-56d5-4742-a207-c385b5d613ad/contexts [39m[32m200[39m [90m834 ms - 80[39m
[35m[HTTP][39m [90m[39m
[35m[HTTP][39m [37m-->[39m [37mPOST[39m [37m/wd/hub/session/92ab64ae-56d5-4742-a207-c385b5d613ad/context[39m
[35m[HTTP][39m [90m{"name":"NATIVE_APP"}[39m
[35m[HTTP][39m [37m<-- POST /wd/hub/session/92ab64ae-56d5-4742-a207-c385b5d613ad/context [39m[32m200[39m [90m4 ms - 14[39m
[35m[HTTP][39m [90m[39m
[35m[HTTP][39m [37m-->[39m [37mGET[39m [37m/wd/hub/session/92ab64ae-56d5-4742-a207-c385b5d613ad/screenshot[39m
[35m[HTTP][39m [90m{}[39m
[35m[HTTP][39m [37m<-- GET /wd/hub/session/92ab64ae-56d5-4742-a207-c385b5d613ad/screenshot [39m[32m200[39m [90m564 ms - 190986[39m
[35m[HTTP][39m [90m[39m
[35m[HTTP][39m [37m-->[39m [37mPOST[39m [37m/wd/hub/session/92ab64ae-56d5-4742-a207-c385b5d613ad/context[39m
[35m[HTTP][39m [90m{"name":"NATIVE_APP"}[39m
[35m[HTTP][39m [37m<-- POST /wd/hub/session/92ab64ae-56d5-4742-a207-c385b5d613ad/context [39m[32m200[39m [90m3 ms - 14[39m
[35m[HTTP][39m [90m[39m
[35m[HTTP][39m [37m-->[39m [37mGET[39m [37m/wd/hub/session/92ab64ae-56d5-4742-a207-c385b5d613ad/context[39m
[35m[HTTP][39m [90m{}[39m
[35m[HTTP][39m [37m<-- GET /wd/hub/session/92ab64ae-56d5-4742-a207-c385b5d613ad/context [39m[32m200[39m [90m4 ms - 22[39m
[35m[HTTP][39m [90m[39m
[35m[HTTP][39m [37m-->[39m [37mGET[39m [37m/wd/hub/session/92ab64ae-56d5-4742-a207-c385b5d613ad/contexts[39m
[35m[HTTP][39m [90m{}[39m
[35m[HTTP][39m [37m<-- GET /wd/hub/session/92ab64ae-56d5-4742-a207-c385b5d613ad/contexts [39m[32m200[39m [90m805 ms - 80[39m
[35m[HTTP][39m [90m[39m
[35m[HTTP][39m [37m-->[39m [37mPOST[39m [37m/wd/hub/session/92ab64ae-56d5-4742-a207-c385b5d613ad/context[39m
[35m[HTTP][39m [90m{"name":"NATIVE_APP"}[39m
[35m[HTTP][39m [37m<-- POST /wd/hub/session/92ab64ae-56d5-4742-a207-c385b5d613ad/context [39m[32m200[39m [90m4 ms - 14[39m
[35m[HTTP][39m [90m[39m
[35m[HTTP][39m [37m-->[39m [37mGET[39m [37m/wd/hub/session/92ab64ae-56d5-4742-a207-c385b5d613ad/screenshot[39m
[35m[HTTP][39m [90m{}[39m
[35m[HTTP][39m [37m<-- GET /wd/hub/session/92ab64ae-56d5-4742-a207-c385b5d613ad/screenshot [39m[32m200[39m [90m563 ms - 190210[39m
[35m[HTTP][39m [90m[39m
[35m[HTTP][39m [37m-->[39m [37mPOST[39m [37m/wd/hub/session/92ab64ae-56d5-4742-a207-c385b5d613ad/context[39m
[35m[HTTP][39m [90m{"name":"NATIVE_APP"}[39m
[35m[HTTP][39m [37m<-- POST /wd/hub/session/92ab64ae-56d5-4742-a207-c385b5d613ad/context [39m[32m200[39m [90m4 ms - 14[39m
[35m[HTTP][39m [90m[39m
[35m[HTTP][39m [37m-->[39m [37mPOST[39m [37m/wd/hub/session/92ab64ae-56d5-4742-a207-c385b5d613ad/timeouts[39m
[35m[HTTP][39m [90m{"implicit":50}[39m
[35m[HTTP][39m [37m<-- POST /wd/hub/session/92ab64ae-56d5-4742-a207-c385b5d613ad/timeouts [39m[32m200[39m [90m4 ms - 14[39m
[35m[HTTP][39m [90m[39m
[35m[HTTP][39m [37m-->[39m [37mGET[39m [37m/wd/hub/session/92ab64ae-56d5-4742-a207-c385b5d613ad/window/rect[39m
[35m[HTTP][39m [90m{}[39m
[35m[HTTP][39m [37m<-- GET /wd/hub/session/92ab64ae-56d5-4742-a207-c385b5d613ad/window/rect [39m[32m200[39m [90m85 ms - 50[39m
[35m[HTTP][39m [90m[39m
[35m[HTTP][39m [37m-->[39m [37mPOST[39m [37m/wd/hub/session/92ab64ae-56d5-4742-a207-c385b5d613ad/elements[39m
[35m[HTTP][39m [90m{"using":"-android uiautomator","value":"new UiSelector().className(\"android.widget.EditText\").resourceId(\"b7-Input_NamaAsuransi\")"}[39m
[35m[HTTP][39m [37m<-- POST /wd/hub/session/92ab64ae-56d5-4742-a207-c385b5d613ad/elements [39m[32m-[39m [90m- ms - -[39m
[35m[HTTP][39m [90m[39m
[35m[BaseDriver][39m Shutting down because we waited 1800 seconds for a command
[35m[Appium][39m Closing session, cause was 'New Command Timeout of 1800 seconds expired. Try customizing the timeout using the 'newCommandTimeout' desired capability'
[35m[Appium][39m Removing session 92ab64ae-56d5-4742-a207-c385b5d613ad from our master session list
[35m[UiAutomator2][39m Restoring hidden api policy to the device default configuration
