[35m[Appium][39m Welcome to Appium v1.14.2
[35m[Appium][39m Non-default server args:
[35m[Appium][39m   port: 55498
[35m[Appium][39m   chromeDriverPort: 55500
[35m[Appium][39m   tmpDir: C:\Users\15420\AppData\Local\Temp\\Katalon\Appium\Temp1568360646649
[35m[Appium][39m Appium REST http interface listener started on 0.0.0.0:55498
[35m[HTTP][39m [37m-->[39m [37mGET[39m [37m/wd/hub/status[39m
[35m[HTTP][39m [90m{}[39m
[debug] [35m[GENERIC][39m Calling AppiumDriver.getStatus() with args: []
[debug] [35m[GENERIC][39m Responding to client with driver.getStatus() result: {"build":{"version":"1.14.2"}}
[35m[HTTP][39m [37m<-- GET /wd/hub/status [39m[32m200[39m [90m11 ms - 68[39m
[35m[HTTP][39m [90m[39m
[35m[HTTP][39m [37m-->[39m [37mPOST[39m [37m/wd/hub/session[39m
[35m[HTTP][39m [90m{"desiredCapabilities":{"app":"E:\\KERJA\\Automation Testing\\KATALON\\ACCME\\ACCMe-Mobile dupcheck\\AccMe.apk","noReset":true,"deviceId":"","deviceName":"samsung SM-A505F (Android 9)","fullReset":false,"platform":"ANDROID","newCommandTimeout":1800,"platformVersion":"9","automationName":"uiautomator2","autoGrantPermissions":true,"unicodeKeyboard":true,"platformName":"Android","udid":"RR8M30NJT6T","resetKeyboard":true,"systemPort":55497},"capabilities":{"firstMatch":[{"appium:app":"E:\\KERJA\\Automation Testing\\KATALON\\ACCME\\ACCMe-Mobile dupcheck\\AccMe.apk","appium:autoGrantPermissions":true,"appium:automationName":"uiautomator2","deviceId":"","appium:deviceName":"samsung SM-A505F (Android 9)","appium:fullReset":false,"appium:newCommandTimeout":1800,"appium:noReset":true,"platform":"ANDROID","platformName":"android","appium:platformVersion":"9","appium:resetKeyboard":true,"appium:systemPort":55497,"appium:udid":"RR8M30NJT6T","appium:unicodeKeyboard":true}]}}[39m
[debug] [35m[W3C][39m Calling AppiumDriver.createSession() with args: [{"app":"E:\\KERJA\\Automation Testing\\KATALON\\ACCME\\ACCMe-Mobile dupcheck\\AccMe.apk","noReset":true,"deviceId":"","deviceName":"samsung SM-A505F (Android 9)","fullReset":false,"platform":"ANDROID","newCommandTimeout":1800,"platformVersion":"9","automationName":"uiautomator2","autoGrantPermissions":true,"unicodeKeyboard":true,"platformName":"Android","udid":"RR8M30NJT6T","resetKeyboard":true,"systemPort":55497},null,{"firstMatch":[{"appium:app":"E:\\KERJA\\Automation Testing\\KATALON\\ACCME\\ACCMe-Mobile dupcheck\\AccMe.apk","appium:autoGrantPermissions":true,"appium:automationName":"uiautomator2","deviceId":"","appium:deviceName":"samsung SM-A505F (Android 9)","appium:fullReset":false,"appium:newCommandTimeout":1800,"appium:noReset":true,"platform":"ANDROID","platformName":"android","appium:platformVersion":"9","appium:resetKeyboard":true,"appium:systemPort":55497,"appium:udid":"RR8M30NJT6T","appium:unicodeKeyboard":true}]}]
[debug] [35m[BaseDriver][39m Event 'newSessionRequested' logged at 1568360657376 (14:44:17 GMT+0700 (GMT+07:00))
[35m[BaseDriver][39m The capabilities ["deviceId","platform"] are not standard capabilities and should have an extension prefix
[35m[Appium][39m Appium v1.14.2 creating new AndroidUiautomator2Driver (v1.33.1) session
[35m[Appium][39m Capabilities:
[35m[Appium][39m   deviceId: 
[35m[Appium][39m   platform: ANDROID
[35m[Appium][39m   platformName: android
[35m[Appium][39m   app: E:\KERJA\Automation Testing\KATALON\ACCME\ACCMe-Mobile dupcheck\AccMe.apk
[35m[Appium][39m   autoGrantPermissions: true
[35m[Appium][39m   automationName: uiautomator2
[35m[Appium][39m   deviceName: samsung SM-A505F (Android 9)
[35m[Appium][39m   fullReset: false
[35m[Appium][39m   newCommandTimeout: 1800
[35m[Appium][39m   noReset: true
[35m[Appium][39m   platformVersion: 9
[35m[Appium][39m   resetKeyboard: true
[35m[Appium][39m   systemPort: 55497
[35m[Appium][39m   udid: RR8M30NJT6T
[35m[Appium][39m   unicodeKeyboard: true
[debug] [35m[BaseDriver][39m W3C capabilities {"alwaysMatch":{"appium:dev... and MJSONWP desired capabilities {"app":"E:\\KERJA\\Automati... were provided
[debug] [35m[BaseDriver][39m Creating session with W3C capabilities: {"alwaysMatch":{"appium:dev...
[35m[BaseDriver][39m The following capabilities were provided, but are not recognized by Appium:
[35m[BaseDriver][39m   deviceId
[35m[BaseDriver][39m   platform
[35m[BaseDriver][39m Session created with session id: 5721ceed-031c-4833-870c-0ccc63e2a7cf
[35m[BaseDriver][39m Using local app 'E:\KERJA\Automation Testing\KATALON\ACCME\ACCMe-Mobile dupcheck\AccMe.apk'
[debug] [35m[UiAutomator2][39m Checking whether app is actually present
[35m[ADB][39m Found 1 'build-tools' folders under 'C:\Users\15420\.katalon\tools\android_sdk' (newest first):
[35m[ADB][39m     C:/Users/15420/.katalon/tools/android_sdk/build-tools/29.0.2
[35m[ADB][39m Using 'adb.exe' from 'C:\Users\15420\.katalon\tools\android_sdk\platform-tools\adb.exe'
[35m[AndroidDriver][39m Retrieving device list
[debug] [35m[ADB][39m Trying to find a connected android device
[debug] [35m[ADB][39m Getting connected devices...
[debug] [35m[ADB][39m 1 device(s) connected
[35m[AndroidDriver][39m Using device: RR8M30NJT6T
[35m[ADB][39m Using 'adb.exe' from 'C:\Users\15420\.katalon\tools\android_sdk\platform-tools\adb.exe'
[debug] [35m[ADB][39m Setting device id to RR8M30NJT6T
[debug] [35m[ADB][39m Running 'C:\Users\15420\.katalon\tools\android_sdk\platform-tools\adb.exe -P 5037 -s RR8M30NJT6T shell getprop ro.build.version.sdk'
[debug] [35m[ADB][39m Current device property 'ro.build.version.sdk': 28
[debug] [35m[ADB][39m Running 'C:\Users\15420\.katalon\tools\android_sdk\platform-tools\adb.exe -P 5037 -s RR8M30NJT6T shell getprop ro.build.version.release'
[debug] [35m[ADB][39m Current device property 'ro.build.version.release': 9
[debug] [35m[ADB][39m Device API level: 28
[35m[UiAutomator2][39m Relaxing hidden api policy
[debug] [35m[ADB][39m Running 'C:\Users\15420\.katalon\tools\android_sdk\platform-tools\adb.exe -P 5037 -s RR8M30NJT6T shell settings put global hidden_api_policy_pre_p_apps 1'
[debug] [35m[ADB][39m Running 'C:\Users\15420\.katalon\tools\android_sdk\platform-tools\adb.exe -P 5037 -s RR8M30NJT6T shell settings put global hidden_api_policy_p_apps 1'
[debug] [35m[ADB][39m Running 'C:\Users\15420\.katalon\tools\android_sdk\platform-tools\adb.exe -P 5037 -s RR8M30NJT6T shell settings put global hidden_api_policy 1'
[debug] [35m[AndroidDriver][39m Parsing package and activity from app manifest
[35m[ADB][39m Using the alternative activity name detection method because of: Could not find 'apkanalyzer.bat' in ["C:\\Users\\15420\\.katalon\\tools\\android_sdk\\platform-tools\\apkanalyzer.bat","C:\\Users\\15420\\.katalon\\tools\\android_sdk\\emulator\\apkanalyzer.bat","C:\\Users\\15420\\.katalon\\tools\\android_sdk\\tools\\apkanalyzer.bat","C:\\Users\\15420\\.katalon\\tools\\android_sdk\\tools\\bin\\apkanalyzer.bat","C:\\Users\\15420\\.katalon\\tools\\android_sdk\\build-tools\\29.0.2\\apkanalyzer.bat"]. Do you have Android Build Tools installed at 'C:\Users\15420\.katalon\tools\android_sdk'?
[35m[ADB][39m Using 'aapt.exe' from 'C:\Users\15420\.katalon\tools\android_sdk\build-tools\29.0.2\aapt.exe'
[35m[ADB][39m Extracting package and launch activity from manifest
[35m[ADB][39m Package name: 'com.outsystemsenterprise.accdev1.AccMeMobile2'
[35m[ADB][39m Main activity name: 'com.outsystemsenterprise.accdev1.AccMeMobile2.MainActivity'
[debug] [35m[AndroidDriver][39m Parsed package and activity are: com.outsystemsenterprise.accdev1.AccMeMobile2/com.outsystemsenterprise.accdev1.AccMeMobile2.MainActivity
[debug] [35m[ADB][39m Running 'C:\Users\15420\.katalon\tools\android_sdk\platform-tools\adb.exe -P 5037 -s RR8M30NJT6T wait-for-device'
[debug] [35m[ADB][39m Running 'C:\Users\15420\.katalon\tools\android_sdk\platform-tools\adb.exe -P 5037 -s RR8M30NJT6T shell echo ping'
[debug] [35m[AndroidDriver][39m Pushing settings apk to device...
[debug] [35m[ADB][39m Getting install status for io.appium.settings
[debug] [35m[ADB][39m Running 'C:\Users\15420\.katalon\tools\android_sdk\platform-tools\adb.exe -P 5037 -s RR8M30NJT6T shell dumpsys package io.appium.settings'
[debug] [35m[ADB][39m 'io.appium.settings' is installed
[debug] [35m[ADB][39m Getting package info for 'io.appium.settings'
[debug] [35m[ADB][39m Running 'C:\Users\15420\.katalon\tools\android_sdk\platform-tools\adb.exe -P 5037 -s RR8M30NJT6T shell dumpsys package io.appium.settings'
[debug] [35m[ADB][39m The version name of the installed 'io.appium.settings' is greater or equal to the application version name ('2.14.1' >= '2.14.1')
[debug] [35m[ADB][39m There is no need to install/upgrade 'C:\Users\15420\AppData\Roaming\npm\node_modules\appium\node_modules\io.appium.settings\apks\settings_apk-debug.apk'
[debug] [35m[ADB][39m Getting IDs of all 'io.appium.settings' processes
[debug] [35m[ADB][39m Running 'C:\Users\15420\.katalon\tools\android_sdk\platform-tools\adb.exe -P 5037 -s RR8M30NJT6T shell 'pgrep --help; echo $?''
[debug] [35m[ADB][39m Running 'C:\Users\15420\.katalon\tools\android_sdk\platform-tools\adb.exe -P 5037 -s RR8M30NJT6T shell pgrep -f io\\.appium\\.settings'
[debug] [35m[AndroidDriver][39m io.appium.settings is already running. There is no need to reset its permissions.
[debug] [35m[ADB][39m Running 'C:\Users\15420\.katalon\tools\android_sdk\platform-tools\adb.exe -P 5037 -s RR8M30NJT6T shell appops set io.appium.settings android\:mock_location allow'
[debug] [35m[Logcat][39m Starting logcat capture
[debug] [35m[AndroidDriver][39m Enabling Unicode keyboard support
[debug] [35m[ADB][39m Running 'C:\Users\15420\.katalon\tools\android_sdk\platform-tools\adb.exe -P 5037 -s RR8M30NJT6T shell settings get secure default_input_method'
[debug] [35m[AndroidDriver][39m Unsetting previous IME io.appium.settings/.UnicodeIME
[debug] [35m[AndroidDriver][39m Setting IME to 'io.appium.settings/.UnicodeIME'
[debug] [35m[ADB][39m Running 'C:\Users\15420\.katalon\tools\android_sdk\platform-tools\adb.exe -P 5037 -s RR8M30NJT6T shell ime enable io.appium.settings/.UnicodeIME'
[debug] [35m[ADB][39m Running 'C:\Users\15420\.katalon\tools\android_sdk\platform-tools\adb.exe -P 5037 -s RR8M30NJT6T shell ime set io.appium.settings/.UnicodeIME'
[debug] [35m[ADB][39m Getting install status for io.appium.uiautomator2.server
[debug] [35m[ADB][39m Running 'C:\Users\15420\.katalon\tools\android_sdk\platform-tools\adb.exe -P 5037 -s RR8M30NJT6T shell dumpsys package io.appium.uiautomator2.server'
[debug] [35m[ADB][39m 'io.appium.uiautomator2.server' is installed
[debug] [35m[ADB][39m Getting package info for 'io.appium.uiautomator2.server'
[debug] [35m[ADB][39m Running 'C:\Users\15420\.katalon\tools\android_sdk\platform-tools\adb.exe -P 5037 -s RR8M30NJT6T shell dumpsys package io.appium.uiautomator2.server'
[debug] [35m[ADB][39m The version name of the installed 'io.appium.uiautomator2.server' is greater or equal to the application version name ('3.7.0' >= '3.7.0')
[debug] [35m[UiAutomator2][39m io.appium.uiautomator2.server installation state: sameVersionInstalled
[debug] [35m[ADB][39m Checking app cert for C:\Users\15420\AppData\Roaming\npm\node_modules\appium\node_modules\appium-uiautomator2-server\apks\appium-uiautomator2-server-v3.7.0.apk
[35m[ADB][39m Using 'apksigner.bat' from 'C:\Users\15420\.katalon\tools\android_sdk\build-tools\29.0.2\apksigner.bat'
[debug] [35m[ADB][39m Starting 'C:\Users\15420\.katalon\tools\android_sdk\build-tools\29.0.2\apksigner.bat' with args '["verify","--print-certs","C:\\Users\\15420\\AppData\\Roaming\\npm\\node_modules\\appium\\node_modules\\appium-uiautomator2-server\\apks\\appium-uiautomator2-server-v3.7.0.apk"]'
[debug] [35m[ADB][39m apksigner stdout: Signer #1 certificate DN: EMAILADDRESS=android@android.com, CN=Android, OU=Android, O=Android, L=Mountain View, ST=California, C=US
[debug] [35m[ADB][39m Signer #1 certificate SHA-256 digest: a40da80a59d170caa950cf15c18c454d47a39b26989d8b640ecd745ba71bf5dc
[debug] [35m[ADB][39m Signer #1 certificate SHA-1 digest: 61ed377e85d386a8dfee6b864bd85b0bfaa5af81
[debug] [35m[ADB][39m Signer #1 certificate MD5 digest: e89b158e4bcf988ebd09eb83f5378e87
[debug] [35m[ADB][39m 
[debug] [35m[ADB][39m 'C:\Users\15420\AppData\Roaming\npm\node_modules\appium\node_modules\appium-uiautomator2-server\apks\appium-uiautomator2-server-v3.7.0.apk' is already signed.
[debug] [35m[ADB][39m Getting install status for io.appium.uiautomator2.server.test
[debug] [35m[ADB][39m Running 'C:\Users\15420\.katalon\tools\android_sdk\platform-tools\adb.exe -P 5037 -s RR8M30NJT6T shell dumpsys package io.appium.uiautomator2.server.test'
[debug] [35m[ADB][39m 'io.appium.uiautomator2.server.test' is installed
[debug] [35m[ADB][39m Checking app cert for C:\Users\15420\AppData\Roaming\npm\node_modules\appium\node_modules\appium-uiautomator2-server\apks\appium-uiautomator2-server-debug-androidTest.apk
[debug] [35m[ADB][39m Starting 'C:\Users\15420\.katalon\tools\android_sdk\build-tools\29.0.2\apksigner.bat' with args '["verify","--print-certs","C:\\Users\\15420\\AppData\\Roaming\\npm\\node_modules\\appium\\node_modules\\appium-uiautomator2-server\\apks\\appium-uiautomator2-server-debug-androidTest.apk"]'
[debug] [35m[ADB][39m apksigner stdout: Signer #1 certificate DN: EMAILADDRESS=android@android.com, CN=Android, OU=Android, O=Android, L=Mountain View, ST=California, C=US
[debug] [35m[ADB][39m Signer #1 certificate SHA-256 digest: a40da80a59d170caa950cf15c18c454d47a39b26989d8b640ecd745ba71bf5dc
[debug] [35m[ADB][39m Signer #1 certificate SHA-1 digest: 61ed377e85d386a8dfee6b864bd85b0bfaa5af81
[debug] [35m[ADB][39m Signer #1 certificate MD5 digest: e89b158e4bcf988ebd09eb83f5378e87
[debug] [35m[ADB][39m 
[debug] [35m[ADB][39m 'C:\Users\15420\AppData\Roaming\npm\node_modules\appium\node_modules\appium-uiautomator2-server\apks\appium-uiautomator2-server-debug-androidTest.apk' is already signed.
[35m[UiAutomator2][39m Server packages are not going to be (re)installed
[debug] [35m[UiAutomator2][39m Waiting up to 30000ms for services to be available
[debug] [35m[ADB][39m Running 'C:\Users\15420\.katalon\tools\android_sdk\platform-tools\adb.exe -P 5037 -s RR8M30NJT6T shell pm list instrumentation'
[debug] [35m[UiAutomator2][39m Instrumentation target 'io.appium.uiautomator2.server.test/androidx.test.runner.AndroidJUnitRunner' is available
[debug] [35m[UiAutomator2][39m Forwarding UiAutomator2 Server port 6790 to 55497
[debug] [35m[ADB][39m Forwarding system: 55497 to device: 6790
[debug] [35m[ADB][39m Running 'C:\Users\15420\.katalon\tools\android_sdk\platform-tools\adb.exe -P 5037 -s RR8M30NJT6T forward tcp\:55497 tcp\:6790'
[debug] [35m[ADB][39m Checking app cert for E:\KERJA\Automation Testing\KATALON\ACCME\ACCMe-Mobile dupcheck\AccMe.apk
[debug] [35m[ADB][39m Starting 'C:\Users\15420\.katalon\tools\android_sdk\build-tools\29.0.2\apksigner.bat' with args '["verify","--print-certs","E:\\KERJA\\Automation Testing\\KATALON\\ACCME\\ACCMe-Mobile dupcheck\\AccMe.apk"]'
[debug] [35m[ADB][39m apksigner stdout: Signer #1 certificate DN: EMAILADDRESS=android@android.com, CN=Android, OU=Android, O=Android, L=Mountain View, ST=California, C=US
[debug] [35m[ADB][39m Signer #1 certificate SHA-256 digest: a40da80a59d170caa950cf15c18c454d47a39b26989d8b640ecd745ba71bf5dc
[debug] [35m[ADB][39m Signer #1 certificate SHA-1 digest: 61ed377e85d386a8dfee6b864bd85b0bfaa5af81
[debug] [35m[ADB][39m Signer #1 certificate MD5 digest: e89b158e4bcf988ebd09eb83f5378e87
[debug] [35m[ADB][39m 
[debug] [35m[ADB][39m 'E:\KERJA\Automation Testing\KATALON\ACCME\ACCMe-Mobile dupcheck\AccMe.apk' is already signed.
[debug] [35m[ADB][39m Getting install status for com.outsystemsenterprise.accdev1.AccMeMobile2
[debug] [35m[ADB][39m Running 'C:\Users\15420\.katalon\tools\android_sdk\platform-tools\adb.exe -P 5037 -s RR8M30NJT6T shell dumpsys package com.outsystemsenterprise.accdev1.AccMeMobile2'
[debug] [35m[ADB][39m 'com.outsystemsenterprise.accdev1.AccMeMobile2' is installed
[debug] [35m[ADB][39m Getting package info for 'com.outsystemsenterprise.accdev1.AccMeMobile2'
[debug] [35m[ADB][39m Running 'C:\Users\15420\.katalon\tools\android_sdk\platform-tools\adb.exe -P 5037 -s RR8M30NJT6T shell dumpsys package com.outsystemsenterprise.accdev1.AccMeMobile2'
[debug] [35m[ADB][39m The version name of the installed 'com.outsystemsenterprise.accdev1.AccMeMobile2' is greater or equal to the application version name ('1.11.0' >= '1.11.0')
[debug] [35m[ADB][39m There is no need to install/upgrade 'E:\KERJA\Automation Testing\KATALON\ACCME\ACCMe-Mobile dupcheck\AccMe.apk'
[debug] [35m[UiAutomator2][39m Performing shallow cleanup of automation leftovers
[debug] [35m[UiAutomator2][39m The following obsolete sessions are still running: ["278ea768-1fe8-4a4c-b4a7-d2cef0ce36a2"]
[debug] [35m[UiAutomator2][39m Cleaning up the obsolete sessions
[debug] [35m[ADB][39m Running 'C:\Users\15420\.katalon\tools\android_sdk\platform-tools\adb.exe -P 5037 -s RR8M30NJT6T shell am force-stop io.appium.uiautomator2.server.test'
[35m[UiAutomator2][39m Starting UIAutomator2 server 3.7.0
[35m[UiAutomator2][39m Using UIAutomator2 server from 'C:\Users\15420\AppData\Roaming\npm\node_modules\appium\node_modules\appium-uiautomator2-server\apks\appium-uiautomator2-server-v3.7.0.apk' and test from 'C:\Users\15420\AppData\Roaming\npm\node_modules\appium\node_modules\appium-uiautomator2-server\apks\appium-uiautomator2-server-debug-androidTest.apk'
[35m[UiAutomator2][39m Waiting up to 30000ms for UiAutomator2 to be online...
[debug] [35m[ADB][39m Creating ADB subprocess with args: ["-P",5037,"-s","RR8M30NJT6T","shell","am","instrument","-w","io.appium.uiautomator2.server.test/androidx.test.runner.AndroidJUnitRunner"]
[debug] [35m[WD Proxy][39m Matched '/status' to command name 'getStatus'
[debug] [35m[WD Proxy][39m Proxying [GET /status] to [GET http://localhost:55497/wd/hub/status] with no body
[35m[WD Proxy][39m Got an unexpected response: {"code":"ECONNRESET"}
[debug] [35m[Instrumentation][39m io.appium.uiautomator2.server.test.AppiumUiAutomator2Server:
[debug] [35m[WD Proxy][39m Matched '/status' to command name 'getStatus'
[debug] [35m[WD Proxy][39m Proxying [GET /status] to [GET http://localhost:55497/wd/hub/status] with no body
[35m[WD Proxy][39m Got an unexpected response: {"code":"ECONNRESET"}
[debug] [35m[WD Proxy][39m Matched '/status' to command name 'getStatus'
[debug] [35m[WD Proxy][39m Proxying [GET /status] to [GET http://localhost:55497/wd/hub/status] with no body
[debug] [35m[WD Proxy][39m Got response with status 200: "{\"sessionId\":\"None\",\"status\":0,\"value\":\"Status Invoked\"}"
[debug] [35m[WD Proxy][39m Determined that the downstream protocol for proxy is MJSONWP
[debug] [35m[UiAutomator2][39m The initialization of the instrumentation process took 3178ms
[debug] [35m[WD Proxy][39m Matched '/session' to command name 'createSession'
[debug] [35m[WD Proxy][39m Proxying [POST /session] to [POST http://localhost:55497/wd/hub/session] with body: {"desiredCapabilities":{"platform":"ANDROID","webStorageEnabled":false,"takesScreenshot":true,"javascriptEnabled":true,"databaseEnabled":false,"networkConnectionEnabled":true,"locationContextEnabled":false,"warnings":{},"desired":{"platformName":"android","deviceId":"","platform":"ANDROID","app":"E:\\KERJA\\Automation Testing\\KATALON\\ACCME\\ACCMe-Mobile dupcheck\\AccMe.apk","autoGrantPermissions":true,"automationName":"uiautomator2","deviceName":"samsung SM-A505F (Android 9)","fullReset":false,"newCommandTimeout":1800,"noReset":true,"platformVersion":"9","resetKeyboard":true,"systemPort":55497,"udid":"RR8M30NJT6T","unicodeKeyboard":true},"platformName":"android","deviceId":"","app":"E:\\KERJA\\Automation Testing\\KATALON\\ACCME\\ACCMe-Mobile dupcheck\\AccMe.apk","autoGrantPermissions":true,"automationName":"uiautomator2","deviceName":"RR8M30NJT6T","fullReset":false,"newCommandTimeout":1800,"noReset":true,"platformVersion":"9","resetKeyboard":true,"systemPort":55497,"udid":"RR8M30NJT6T","unicodeKeyboard":...
[debug] [35m[WD Proxy][39m Got response with status 200: {"sessionId":"b9f5e0bb-23f3-4745-bcd4-030a824ca386","status":0,"value":"Created Session"}
[debug] [35m[WD Proxy][39m Proxying [GET /appium/device/info] to [GET http://localhost:55497/wd/hub/session/b9f5e0bb-23f3-4745-bcd4-030a824ca386/appium/device/info] with no body
[debug] [35m[WD Proxy][39m Got response with status 200: "{\"sessionId\":\"b9f5e0bb-23f3-4745-bcd4-030a824ca386\",\"status\":0,\"value\":{\"androidId\":\"97f682211c243235\",\"manufacturer\":\"samsung\",\"model\":\"SM-A505F\",\"brand\":\"samsung\",\"apiVersion\":\"28\",\"platformVersion\":\"9\",\"carrierName\":\"\",\"realDisplaySize\":\"1080x2340\",\"displayDensity\":420,\"networks\":[{\"type\":13,\"typeName\":\"WIFI_P2P\",\"subtype\":0,\"subtypeName\":\"\",\"isConnected\":false,\"detailedState\":\"DISCONNECTED\",\"state\":\"DISCONNECTED\",\"extraInfo\":null,\"isAvailable\":true,\"isFailover\":false,\"isRoaming\":false,\"capabilities\":{\"transportTypes\":\"NET_CAPABILITY_SUPL\",\"networkCapabilities\":\"\",\"linkUpstreamBandwidthKbps\":1048576,\"linkDownBandwidthKbps\":1048576,\"signalStrength\":-2147483648,\"networkSpecifier\":null,\"SSID\":null}},{\"type\":1,\"typeName\":\"WIFI\",\"subtype\":0,\"subtypeName\":\"\",\"isConnected\":true,\"detailedState\":\"CONNECTED\",\"state\":\"CONNECTED\",\"extraInfo\":null,\"isAvailable\":true,\"isFailover\":false,\"isRoamin...
[debug] [35m[ADB][39m Running 'C:\Users\15420\.katalon\tools\android_sdk\platform-tools\adb.exe -P 5037 -s RR8M30NJT6T shell dumpsys window'
[35m[AndroidDriver][39m Screen already unlocked, doing nothing
[35m[UiAutomator2][39m UiAutomator2 did not start the activity we were waiting for, 'com.outsystemsenterprise.accdev1.AccMeMobile2/com.outsystemsenterprise.accdev1.AccMeMobile2.MainActivity'. Starting it ourselves
[debug] [35m[ADB][39m Running 'C:\Users\15420\.katalon\tools\android_sdk\platform-tools\adb.exe -P 5037 -s RR8M30NJT6T shell am start -W -n com.outsystemsenterprise.accdev1.AccMeMobile2/com.outsystemsenterprise.accdev1.AccMeMobile2.MainActivity -S -a android.intent.action.MAIN -c android.intent.category.LAUNCHER -f 0x10200000'
[debug] [35m[ADB][39m Waiting up to 20000ms for activity matching pkg: 'com.outsystemsenterprise.accdev1.AccMeMobile2' and activity: 'com.outsystemsenterprise.accdev1.AccMeMobile2.MainActivity' to be focused
[debug] [35m[ADB][39m Possible activities, to be checked: 'com.outsystemsenterprise.accdev1.AccMeMobile2.MainActivity', 'com.outsystemsenterprise.accdev1.AccMeMobile2.com.outsystemsenterprise.accdev1.AccMeMobile2.MainActivity'
[debug] [35m[ADB][39m Getting focused package and activity
[debug] [35m[ADB][39m Running 'C:\Users\15420\.katalon\tools\android_sdk\platform-tools\adb.exe -P 5037 -s RR8M30NJT6T shell dumpsys window windows'
[debug] [35m[ADB][39m Found package: 'com.outsystemsenterprise.accdev1.AccMeMobile2' and fully qualified activity name : 'com.outsystemsenterprise.accdev1.AccMeMobile2.MainActivity'
[debug] [35m[WD Proxy][39m Proxying [GET /appium/device/pixel_ratio] to [GET http://localhost:55497/wd/hub/session/b9f5e0bb-23f3-4745-bcd4-030a824ca386/appium/device/pixel_ratio] with body: {}
[debug] [35m[WD Proxy][39m Got response with status 200: "{\"sessionId\":\"b9f5e0bb-23f3-4745-bcd4-030a824ca386\",\"status\":0,\"value\":2.625}"
[debug] [35m[WD Proxy][39m Matched '/appium/device/system_bars' to command name 'getSystemBars'
[debug] [35m[WD Proxy][39m Proxying [GET /appium/device/system_bars] to [GET http://localhost:55497/wd/hub/session/b9f5e0bb-23f3-4745-bcd4-030a824ca386/appium/device/system_bars] with body: {}
[debug] [35m[WD Proxy][39m Got response with status 200: "{\"sessionId\":\"b9f5e0bb-23f3-4745-bcd4-030a824ca386\",\"status\":0,\"value\":{\"statusBar\":83}}"
[debug] [35m[WD Proxy][39m Matched '/window/current/size' to command name 'getWindowSize'
[debug] [35m[WD Proxy][39m Proxying [GET /window/current/size] to [GET http://localhost:55497/wd/hub/session/b9f5e0bb-23f3-4745-bcd4-030a824ca386/window/current/size] with body: {}
[debug] [35m[WD Proxy][39m Got response with status 200: "{\"sessionId\":\"b9f5e0bb-23f3-4745-bcd4-030a824ca386\",\"status\":0,\"value\":{\"height\":2131,\"width\":1080}}"
[35m[Appium][39m New AndroidUiautomator2Driver session created successfully, session 5721ceed-031c-4833-870c-0ccc63e2a7cf added to master session list
[debug] [35m[BaseDriver][39m Event 'newSessionStarted' logged at 1568360685324 (14:44:45 GMT+0700 (GMT+07:00))
[debug] [35m[W3C (5721ceed)][39m Cached the protocol value 'W3C' for the new session 5721ceed-031c-4833-870c-0ccc63e2a7cf
[debug] [35m[W3C (5721ceed)][39m Responding to client with driver.createSession() result: {"capabilities":{"platform":"ANDROID","webStorageEnabled":false,"takesScreenshot":true,"javascriptEnabled":true,"databaseEnabled":false,"networkConnectionEnabled":true,"locationContextEnabled":false,"warnings":{},"desired":{"platformName":"android","deviceId":"","platform":"ANDROID","app":"E:\\KERJA\\Automation Testing\\KATALON\\ACCME\\ACCMe-Mobile dupcheck\\AccMe.apk","autoGrantPermissions":true,"automationName":"uiautomator2","deviceName":"samsung SM-A505F (Android 9)","fullReset":false,"newCommandTimeout":1800,"noReset":true,"platformVersion":"9","resetKeyboard":true,"systemPort":55497,"udid":"RR8M30NJT6T","unicodeKeyboard":true},"platformName":"android","deviceId":"","app":"E:\\KERJA\\Automation Testing\\KATALON\\ACCME\\ACCMe-Mobile dupcheck\\AccMe.apk","autoGrantPermissions":true,"automationName":"uiautomator2","deviceName":"RR8M30NJT6T","fullReset":false,"newCommandTimeout":1800,"noReset":true,"platformVersion":"9","resetKeyboard":true,"systemPort":55497,"udid":"RR8M30NJT6T","unicodeKeyboard":true,"d...
[35m[HTTP][39m [37m<-- POST /wd/hub/session [39m[32m200[39m [90m27955 ms - 1402[39m
[35m[HTTP][39m [90m[39m
[35m[HTTP][39m [37m-->[39m [37mGET[39m [37m/wd/hub/session/5721ceed-031c-4833-870c-0ccc63e2a7cf[39m
[35m[HTTP][39m [90m{}[39m
[debug] [35m[W3C (5721ceed)][39m Calling AppiumDriver.getSession() with args: ["5721ceed-031c-4833-870c-0ccc63e2a7cf"]
[debug] [35m[UiAutomator2][39m Getting session details from server to mix in
[debug] [35m[WD Proxy][39m Matched '/' to command name 'getSession'
[debug] [35m[WD Proxy][39m Proxying [GET /] to [GET http://localhost:55497/wd/hub/session/b9f5e0bb-23f3-4745-bcd4-030a824ca386] with body: {}
[debug] [35m[WD Proxy][39m Got response with status 200: "{\"sessionId\":\"b9f5e0bb-23f3-4745-bcd4-030a824ca386\",\"status\":0,\"value\":{}}"
[debug] [35m[W3C (5721ceed)][39m Responding to client with driver.getSession() result: {"platform":"ANDROID","webStorageEnabled":false,"takesScreenshot":true,"javascriptEnabled":true,"databaseEnabled":false,"networkConnectionEnabled":true,"locationContextEnabled":false,"warnings":{},"desired":{"platformName":"android","deviceId":"","platform":"ANDROID","app":"E:\\KERJA\\Automation Testing\\KATALON\\ACCME\\ACCMe-Mobile dupcheck\\AccMe.apk","autoGrantPermissions":true,"automationName":"uiautomator2","deviceName":"samsung SM-A505F (Android 9)","fullReset":false,"newCommandTimeout":1800,"noReset":true,"platformVersion":"9","resetKeyboard":true,"systemPort":55497,"udid":"RR8M30NJT6T","unicodeKeyboard":true},"platformName":"android","deviceId":"","app":"E:\\KERJA\\Automation Testing\\KATALON\\ACCME\\ACCMe-Mobile dupcheck\\AccMe.apk","autoGrantPermissions":true,"automationName":"uiautomator2","deviceName":"RR8M30NJT6T","fullReset":false,"newCommandTimeout":1800,"noReset":true,"platformVersion":"9","resetKeyboard":true,"systemPort":55497,"udid":"RR8M30NJT6T","unicodeKeyboard":true,"deviceUDID":"RR8M...
[35m[HTTP][39m [37m<-- GET /wd/hub/session/5721ceed-031c-4833-870c-0ccc63e2a7cf [39m[32m200[39m [90m116 ms - 1334[39m
[35m[HTTP][39m [90m[39m
[35m[HTTP][39m [37m-->[39m [37mGET[39m [37m/wd/hub/session/5721ceed-031c-4833-870c-0ccc63e2a7cf[39m
[35m[HTTP][39m [90m{}[39m
[debug] [35m[W3C (5721ceed)][39m Calling AppiumDriver.getSession() with args: ["5721ceed-031c-4833-870c-0ccc63e2a7cf"]
[debug] [35m[UiAutomator2][39m Getting session details from server to mix in
[debug] [35m[WD Proxy][39m Matched '/' to command name 'getSession'
[debug] [35m[WD Proxy][39m Proxying [GET /] to [GET http://localhost:55497/wd/hub/session/b9f5e0bb-23f3-4745-bcd4-030a824ca386] with body: {}
[debug] [35m[WD Proxy][39m Got response with status 200: "{\"sessionId\":\"b9f5e0bb-23f3-4745-bcd4-030a824ca386\",\"status\":0,\"value\":{}}"
[debug] [35m[W3C (5721ceed)][39m Responding to client with driver.getSession() result: {"platform":"ANDROID","webStorageEnabled":false,"takesScreenshot":true,"javascriptEnabled":true,"databaseEnabled":false,"networkConnectionEnabled":true,"locationContextEnabled":false,"warnings":{},"desired":{"platformName":"android","deviceId":"","platform":"ANDROID","app":"E:\\KERJA\\Automation Testing\\KATALON\\ACCME\\ACCMe-Mobile dupcheck\\AccMe.apk","autoGrantPermissions":true,"automationName":"uiautomator2","deviceName":"samsung SM-A505F (Android 9)","fullReset":false,"newCommandTimeout":1800,"noReset":true,"platformVersion":"9","resetKeyboard":true,"systemPort":55497,"udid":"RR8M30NJT6T","unicodeKeyboard":true},"platformName":"android","deviceId":"","app":"E:\\KERJA\\Automation Testing\\KATALON\\ACCME\\ACCMe-Mobile dupcheck\\AccMe.apk","autoGrantPermissions":true,"automationName":"uiautomator2","deviceName":"RR8M30NJT6T","fullReset":false,"newCommandTimeout":1800,"noReset":true,"platformVersion":"9","resetKeyboard":true,"systemPort":55497,"udid":"RR8M30NJT6T","unicodeKeyboard":true,"deviceUDID":"RR8M...
[35m[HTTP][39m [37m<-- GET /wd/hub/session/5721ceed-031c-4833-870c-0ccc63e2a7cf [39m[32m200[39m [90m43 ms - 1334[39m
[35m[HTTP][39m [90m[39m
[35m[HTTP][39m [37m-->[39m [37mGET[39m [37m/wd/hub/status[39m
[35m[HTTP][39m [90m{}[39m
[debug] [35m[GENERIC][39m Calling AppiumDriver.getStatus() with args: []
[debug] [35m[GENERIC][39m Responding to client with driver.getStatus() result: {"build":{"version":"1.14.2"}}
[35m[HTTP][39m [37m<-- GET /wd/hub/status [39m[32m200[39m [90m2 ms - 68[39m
[35m[HTTP][39m [90m[39m
[35m[HTTP][39m [37m-->[39m [37mPOST[39m [37m/wd/hub/session/5721ceed-031c-4833-870c-0ccc63e2a7cf/timeouts[39m
[35m[HTTP][39m [90m{"implicit":30000}[39m
[debug] [35m[W3C (5721ceed)][39m Calling AppiumDriver.timeouts() with args: [null,null,null,null,30000,"5721ceed-031c-4833-870c-0ccc63e2a7cf"]
[debug] [35m[BaseDriver][39m W3C timeout argument: {"implicit":30000}}
[debug] [35m[BaseDriver][39m Set implicit wait to 30000ms
[debug] [35m[W3C (5721ceed)][39m Responding to client with driver.timeouts() result: null
[35m[HTTP][39m [37m<-- POST /wd/hub/session/5721ceed-031c-4833-870c-0ccc63e2a7cf/timeouts [39m[32m200[39m [90m9 ms - 14[39m
[35m[HTTP][39m [90m[39m
[35m[HTTP][39m [37m-->[39m [37mPOST[39m [37m/wd/hub/session/5721ceed-031c-4833-870c-0ccc63e2a7cf/timeouts[39m
[35m[HTTP][39m [90m{"implicit":50}[39m
[debug] [35m[W3C (5721ceed)][39m Calling AppiumDriver.timeouts() with args: [null,null,null,null,50,"5721ceed-031c-4833-870c-0ccc63e2a7cf"]
[debug] [35m[BaseDriver][39m W3C timeout argument: {"implicit":50}}
[debug] [35m[BaseDriver][39m Set implicit wait to 50ms
[debug] [35m[W3C (5721ceed)][39m Responding to client with driver.timeouts() result: null
[35m[HTTP][39m [37m<-- POST /wd/hub/session/5721ceed-031c-4833-870c-0ccc63e2a7cf/timeouts [39m[32m200[39m [90m5 ms - 14[39m
[35m[HTTP][39m [90m[39m
[35m[HTTP][39m [37m-->[39m [37mGET[39m [37m/wd/hub/session/5721ceed-031c-4833-870c-0ccc63e2a7cf/window/rect[39m
[35m[HTTP][39m [90m{}[39m
[debug] [35m[W3C (5721ceed)][39m Calling AppiumDriver.getWindowRect() with args: ["5721ceed-031c-4833-870c-0ccc63e2a7cf"]
[debug] [35m[WD Proxy][39m Matched '/window/current/size' to command name 'getWindowSize'
[debug] [35m[WD Proxy][39m Proxying [GET /window/current/size] to [GET http://localhost:55497/wd/hub/session/b9f5e0bb-23f3-4745-bcd4-030a824ca386/window/current/size] with body: {}
[debug] [35m[WD Proxy][39m Got response with status 200: "{\"sessionId\":\"b9f5e0bb-23f3-4745-bcd4-030a824ca386\",\"status\":0,\"value\":{\"height\":2131,\"width\":1080}}"
[debug] [35m[W3C (5721ceed)][39m Responding to client with driver.getWindowRect() result: {"width":1080,"height":2131,"x":0,"y":0}
[35m[HTTP][39m [37m<-- GET /wd/hub/session/5721ceed-031c-4833-870c-0ccc63e2a7cf/window/rect [39m[32m200[39m [90m84 ms - 50[39m
[35m[HTTP][39m [90m[39m
[35m[HTTP][39m [37m-->[39m [37mPOST[39m [37m/wd/hub/session/5721ceed-031c-4833-870c-0ccc63e2a7cf/elements[39m
[35m[HTTP][39m [90m{"using":"-android uiautomator","value":"new UiSelector().className(\"android.widget.Image\").text(\"AccMeTheme.creditsimulationsicon\")"}[39m
[debug] [35m[W3C (5721ceed)][39m Calling AppiumDriver.findElements() with args: ["-android uiautomator","new UiSelector().className(\"android.widget.Image\").text(\"AccMeTheme.creditsimulationsicon\")","5721ceed-031c-4833-870c-0ccc63e2a7cf"]
[debug] [35m[BaseDriver][39m Valid locator strategies for this request: xpath, id, class name, accessibility id, -android uiautomator
[debug] [35m[BaseDriver][39m Waiting up to 50 ms for condition
[debug] [35m[WD Proxy][39m Matched '/elements' to command name 'findElements'
[debug] [35m[WD Proxy][39m Proxying [POST /elements] to [POST http://localhost:55497/wd/hub/session/b9f5e0bb-23f3-4745-bcd4-030a824ca386/elements] with body: {"strategy":"-android uiautomator","selector":"new UiSelector().className(\"android.widget.Image\").text(\"AccMeTheme.creditsimulationsicon\")","context":"","multiple":true}
[debug] [35m[WD Proxy][39m Got response with status 200: {"sessionId":"b9f5e0bb-23f3-4745-bcd4-030a824ca386","status":0,"value":[]}
[debug] [35m[W3C (5721ceed)][39m Responding to client with driver.findElements() result: []
[35m[HTTP][39m [37m<-- POST /wd/hub/session/5721ceed-031c-4833-870c-0ccc63e2a7cf/elements [39m[32m200[39m [90m681 ms - 12[39m
[35m[HTTP][39m [90m[39m
[35m[HTTP][39m [37m-->[39m [37mPOST[39m [37m/wd/hub/session/5721ceed-031c-4833-870c-0ccc63e2a7cf/elements[39m
[35m[HTTP][39m [90m{"using":"-android uiautomator","value":"new UiSelector().className(\"android.widget.Image\").text(\"AccMeTheme.creditsimulationsicon\")"}[39m
[debug] [35m[W3C (5721ceed)][39m Calling AppiumDriver.findElements() with args: ["-android uiautomator","new UiSelector().className(\"android.widget.Image\").text(\"AccMeTheme.creditsimulationsicon\")","5721ceed-031c-4833-870c-0ccc63e2a7cf"]
[debug] [35m[BaseDriver][39m Valid locator strategies for this request: xpath, id, class name, accessibility id, -android uiautomator
[debug] [35m[BaseDriver][39m Waiting up to 50 ms for condition
[debug] [35m[WD Proxy][39m Matched '/elements' to command name 'findElements'
[debug] [35m[WD Proxy][39m Proxying [POST /elements] to [POST http://localhost:55497/wd/hub/session/b9f5e0bb-23f3-4745-bcd4-030a824ca386/elements] with body: {"strategy":"-android uiautomator","selector":"new UiSelector().className(\"android.widget.Image\").text(\"AccMeTheme.creditsimulationsicon\")","context":"","multiple":true}
[debug] [35m[WD Proxy][39m Got response with status 200: {"sessionId":"b9f5e0bb-23f3-4745-bcd4-030a824ca386","status":0,"value":[]}
[debug] [35m[W3C (5721ceed)][39m Responding to client with driver.findElements() result: []
[35m[HTTP][39m [37m<-- POST /wd/hub/session/5721ceed-031c-4833-870c-0ccc63e2a7cf/elements [39m[32m200[39m [90m143 ms - 12[39m
[35m[HTTP][39m [90m[39m
[35m[HTTP][39m [37m-->[39m [37mPOST[39m [37m/wd/hub/session/5721ceed-031c-4833-870c-0ccc63e2a7cf/elements[39m
[35m[HTTP][39m [90m{"using":"-android uiautomator","value":"new UiSelector().className(\"android.widget.Image\").text(\"AccMeTheme.creditsimulationsicon\")"}[39m
[debug] [35m[W3C (5721ceed)][39m Calling AppiumDriver.findElements() with args: ["-android uiautomator","new UiSelector().className(\"android.widget.Image\").text(\"AccMeTheme.creditsimulationsicon\")","5721ceed-031c-4833-870c-0ccc63e2a7cf"]
[debug] [35m[BaseDriver][39m Valid locator strategies for this request: xpath, id, class name, accessibility id, -android uiautomator
[debug] [35m[BaseDriver][39m Waiting up to 50 ms for condition
[debug] [35m[WD Proxy][39m Matched '/elements' to command name 'findElements'
[debug] [35m[WD Proxy][39m Proxying [POST /elements] to [POST http://localhost:55497/wd/hub/session/b9f5e0bb-23f3-4745-bcd4-030a824ca386/elements] with body: {"strategy":"-android uiautomator","selector":"new UiSelector().className(\"android.widget.Image\").text(\"AccMeTheme.creditsimulationsicon\")","context":"","multiple":true}
[debug] [35m[WD Proxy][39m Got response with status 200: {"sessionId":"b9f5e0bb-23f3-4745-bcd4-030a824ca386","status":0,"value":[]}
[debug] [35m[W3C (5721ceed)][39m Responding to client with driver.findElements() result: []
[35m[HTTP][39m [37m<-- POST /wd/hub/session/5721ceed-031c-4833-870c-0ccc63e2a7cf/elements [39m[32m200[39m [90m113 ms - 12[39m
[35m[HTTP][39m [90m[39m
[35m[HTTP][39m [37m-->[39m [37mPOST[39m [37m/wd/hub/session/5721ceed-031c-4833-870c-0ccc63e2a7cf/elements[39m
[35m[HTTP][39m [90m{"using":"-android uiautomator","value":"new UiSelector().className(\"android.widget.Image\").text(\"AccMeTheme.creditsimulationsicon\")"}[39m
[debug] [35m[W3C (5721ceed)][39m Calling AppiumDriver.findElements() with args: ["-android uiautomator","new UiSelector().className(\"android.widget.Image\").text(\"AccMeTheme.creditsimulationsicon\")","5721ceed-031c-4833-870c-0ccc63e2a7cf"]
[debug] [35m[BaseDriver][39m Valid locator strategies for this request: xpath, id, class name, accessibility id, -android uiautomator
[debug] [35m[BaseDriver][39m Waiting up to 50 ms for condition
[debug] [35m[WD Proxy][39m Matched '/elements' to command name 'findElements'
[debug] [35m[WD Proxy][39m Proxying [POST /elements] to [POST http://localhost:55497/wd/hub/session/b9f5e0bb-23f3-4745-bcd4-030a824ca386/elements] with body: {"strategy":"-android uiautomator","selector":"new UiSelector().className(\"android.widget.Image\").text(\"AccMeTheme.creditsimulationsicon\")","context":"","multiple":true}
[debug] [35m[WD Proxy][39m Got response with status 200: {"sessionId":"b9f5e0bb-23f3-4745-bcd4-030a824ca386","status":0,"value":[]}
[debug] [35m[W3C (5721ceed)][39m Responding to client with driver.findElements() result: []
[35m[HTTP][39m [37m<-- POST /wd/hub/session/5721ceed-031c-4833-870c-0ccc63e2a7cf/elements [39m[32m200[39m [90m142 ms - 12[39m
[35m[HTTP][39m [90m[39m
[35m[HTTP][39m [37m-->[39m [37mPOST[39m [37m/wd/hub/session/5721ceed-031c-4833-870c-0ccc63e2a7cf/elements[39m
[35m[HTTP][39m [90m{"using":"-android uiautomator","value":"new UiSelector().className(\"android.widget.Image\").text(\"AccMeTheme.creditsimulationsicon\")"}[39m
[debug] [35m[W3C (5721ceed)][39m Calling AppiumDriver.findElements() with args: ["-android uiautomator","new UiSelector().className(\"android.widget.Image\").text(\"AccMeTheme.creditsimulationsicon\")","5721ceed-031c-4833-870c-0ccc63e2a7cf"]
[debug] [35m[BaseDriver][39m Valid locator strategies for this request: xpath, id, class name, accessibility id, -android uiautomator
[debug] [35m[BaseDriver][39m Waiting up to 50 ms for condition
[debug] [35m[WD Proxy][39m Matched '/elements' to command name 'findElements'
[debug] [35m[WD Proxy][39m Proxying [POST /elements] to [POST http://localhost:55497/wd/hub/session/b9f5e0bb-23f3-4745-bcd4-030a824ca386/elements] with body: {"strategy":"-android uiautomator","selector":"new UiSelector().className(\"android.widget.Image\").text(\"AccMeTheme.creditsimulationsicon\")","context":"","multiple":true}
[debug] [35m[WD Proxy][39m Got response with status 200: {"sessionId":"b9f5e0bb-23f3-4745-bcd4-030a824ca386","status":0,"value":[]}
[debug] [35m[W3C (5721ceed)][39m Responding to client with driver.findElements() result: []
[35m[HTTP][39m [37m<-- POST /wd/hub/session/5721ceed-031c-4833-870c-0ccc63e2a7cf/elements [39m[32m200[39m [90m128 ms - 12[39m
[35m[HTTP][39m [90m[39m
[35m[HTTP][39m [37m-->[39m [37mPOST[39m [37m/wd/hub/session/5721ceed-031c-4833-870c-0ccc63e2a7cf/elements[39m
[35m[HTTP][39m [90m{"using":"-android uiautomator","value":"new UiSelector().className(\"android.widget.Image\").text(\"AccMeTheme.creditsimulationsicon\")"}[39m
[debug] [35m[W3C (5721ceed)][39m Calling AppiumDriver.findElements() with args: ["-android uiautomator","new UiSelector().className(\"android.widget.Image\").text(\"AccMeTheme.creditsimulationsicon\")","5721ceed-031c-4833-870c-0ccc63e2a7cf"]
[debug] [35m[BaseDriver][39m Valid locator strategies for this request: xpath, id, class name, accessibility id, -android uiautomator
[debug] [35m[BaseDriver][39m Waiting up to 50 ms for condition
[debug] [35m[WD Proxy][39m Matched '/elements' to command name 'findElements'
[debug] [35m[WD Proxy][39m Proxying [POST /elements] to [POST http://localhost:55497/wd/hub/session/b9f5e0bb-23f3-4745-bcd4-030a824ca386/elements] with body: {"strategy":"-android uiautomator","selector":"new UiSelector().className(\"android.widget.Image\").text(\"AccMeTheme.creditsimulationsicon\")","context":"","multiple":true}
[debug] [35m[WD Proxy][39m Got response with status 200: {"sessionId":"b9f5e0bb-23f3-4745-bcd4-030a824ca386","status":0,"value":[]}
[debug] [35m[W3C (5721ceed)][39m Responding to client with driver.findElements() result: []
[35m[HTTP][39m [37m<-- POST /wd/hub/session/5721ceed-031c-4833-870c-0ccc63e2a7cf/elements [39m[32m200[39m [90m1635 ms - 12[39m
[35m[HTTP][39m [90m[39m
[35m[HTTP][39m [37m-->[39m [37mPOST[39m [37m/wd/hub/session/5721ceed-031c-4833-870c-0ccc63e2a7cf/elements[39m
[35m[HTTP][39m [90m{"using":"-android uiautomator","value":"new UiSelector().className(\"android.widget.Image\").text(\"AccMeTheme.creditsimulationsicon\")"}[39m
[debug] [35m[W3C (5721ceed)][39m Calling AppiumDriver.findElements() with args: ["-android uiautomator","new UiSelector().className(\"android.widget.Image\").text(\"AccMeTheme.creditsimulationsicon\")","5721ceed-031c-4833-870c-0ccc63e2a7cf"]
[debug] [35m[BaseDriver][39m Valid locator strategies for this request: xpath, id, class name, accessibility id, -android uiautomator
[debug] [35m[BaseDriver][39m Waiting up to 50 ms for condition
[debug] [35m[WD Proxy][39m Matched '/elements' to command name 'findElements'
[debug] [35m[WD Proxy][39m Proxying [POST /elements] to [POST http://localhost:55497/wd/hub/session/b9f5e0bb-23f3-4745-bcd4-030a824ca386/elements] with body: {"strategy":"-android uiautomator","selector":"new UiSelector().className(\"android.widget.Image\").text(\"AccMeTheme.creditsimulationsicon\")","context":"","multiple":true}
[debug] [35m[WD Proxy][39m Got response with status 200: {"sessionId":"b9f5e0bb-23f3-4745-bcd4-030a824ca386","status":0,"value":[{"ELEMENT":"1340bf79-7c01-41b0-9dfe-f7802c4d9d4e"}]}
[debug] [35m[W3C (5721ceed)][39m Responding to client with driver.findElements() result: [{"element-6066-11e4-a52e-4f735466cecf":"1340bf79-7c01-41b0-9dfe-f7802c4d9d4e","ELEMENT":"1340bf79-7c01-41b0-9dfe-f7802c4d9d4e"}]
[35m[HTTP][39m [37m<-- POST /wd/hub/session/5721ceed-031c-4833-870c-0ccc63e2a7cf/elements [39m[32m200[39m [90m1755 ms - 139[39m
[35m[HTTP][39m [90m[39m
[35m[HTTP][39m [37m-->[39m [37mGET[39m [37m/wd/hub/session/5721ceed-031c-4833-870c-0ccc63e2a7cf/element/1340bf79-7c01-41b0-9dfe-f7802c4d9d4e/location[39m
[35m[HTTP][39m [90m{}[39m
[35m[W3C (5721ceed)][39m Driver proxy active, passing request on via HTTP proxy
[debug] [35m[WD Proxy][39m Matched '/wd/hub/session/5721ceed-031c-4833-870c-0ccc63e2a7cf/element/1340bf79-7c01-41b0-9dfe-f7802c4d9d4e/location' to command name 'getLocation'
[debug] [35m[WD Proxy][39m Proxying [GET /wd/hub/session/5721ceed-031c-4833-870c-0ccc63e2a7cf/element/1340bf79-7c01-41b0-9dfe-f7802c4d9d4e/location] to [GET http://localhost:55497/wd/hub/session/b9f5e0bb-23f3-4745-bcd4-030a824ca386/element/1340bf79-7c01-41b0-9dfe-f7802c4d9d4e/location] with body: {}
[debug] [35m[WD Proxy][39m Got response with status 200: "{\"sessionId\":\"b9f5e0bb-23f3-4745-bcd4-030a824ca386\",\"status\":0,\"value\":{\"x\":126,\"y\":957}}"
[35m[WD Proxy][39m Replacing sessionId b9f5e0bb-23f3-4745-bcd4-030a824ca386 with 5721ceed-031c-4833-870c-0ccc63e2a7cf
[35m[HTTP][39m [37m<-- GET /wd/hub/session/5721ceed-031c-4833-870c-0ccc63e2a7cf/element/1340bf79-7c01-41b0-9dfe-f7802c4d9d4e/location [39m[32m200[39m [90m210 ms - 89[39m
[35m[HTTP][39m [90m[39m
[35m[HTTP][39m [37m-->[39m [37mPOST[39m [37m/wd/hub/session/5721ceed-031c-4833-870c-0ccc63e2a7cf/timeouts[39m
[35m[HTTP][39m [90m{"implicit":30000}[39m
[debug] [35m[W3C (5721ceed)][39m Calling AppiumDriver.timeouts() with args: [null,null,null,null,30000,"5721ceed-031c-4833-870c-0ccc63e2a7cf"]
[debug] [35m[BaseDriver][39m W3C timeout argument: {"implicit":30000}}
[debug] [35m[BaseDriver][39m Set implicit wait to 30000ms
[debug] [35m[W3C (5721ceed)][39m Responding to client with driver.timeouts() result: null
[35m[HTTP][39m [37m<-- POST /wd/hub/session/5721ceed-031c-4833-870c-0ccc63e2a7cf/timeouts [39m[32m200[39m [90m4 ms - 14[39m
[35m[HTTP][39m [90m[39m
[35m[HTTP][39m [37m-->[39m [37mPOST[39m [37m/wd/hub/session/5721ceed-031c-4833-870c-0ccc63e2a7cf/timeouts[39m
[35m[HTTP][39m [90m{"implicit":50}[39m
[debug] [35m[W3C (5721ceed)][39m Calling AppiumDriver.timeouts() with args: [null,null,null,null,50,"5721ceed-031c-4833-870c-0ccc63e2a7cf"]
[debug] [35m[BaseDriver][39m W3C timeout argument: {"implicit":50}}
[debug] [35m[BaseDriver][39m Set implicit wait to 50ms
[debug] [35m[W3C (5721ceed)][39m Responding to client with driver.timeouts() result: null
[35m[HTTP][39m [37m<-- POST /wd/hub/session/5721ceed-031c-4833-870c-0ccc63e2a7cf/timeouts [39m[32m200[39m [90m4 ms - 14[39m
[35m[HTTP][39m [90m[39m
[35m[HTTP][39m [37m-->[39m [37mGET[39m [37m/wd/hub/session/5721ceed-031c-4833-870c-0ccc63e2a7cf/window/rect[39m
[35m[HTTP][39m [90m{}[39m
[debug] [35m[W3C (5721ceed)][39m Calling AppiumDriver.getWindowRect() with args: ["5721ceed-031c-4833-870c-0ccc63e2a7cf"]
[debug] [35m[WD Proxy][39m Matched '/window/current/size' to command name 'getWindowSize'
[debug] [35m[WD Proxy][39m Proxying [GET /window/current/size] to [GET http://localhost:55497/wd/hub/session/b9f5e0bb-23f3-4745-bcd4-030a824ca386/window/current/size] with body: {}
[debug] [35m[WD Proxy][39m Got response with status 200: "{\"sessionId\":\"b9f5e0bb-23f3-4745-bcd4-030a824ca386\",\"status\":0,\"value\":{\"height\":2131,\"width\":1080}}"
[debug] [35m[W3C (5721ceed)][39m Responding to client with driver.getWindowRect() result: {"width":1080,"height":2131,"x":0,"y":0}
[35m[HTTP][39m [37m<-- GET /wd/hub/session/5721ceed-031c-4833-870c-0ccc63e2a7cf/window/rect [39m[32m200[39m [90m60 ms - 50[39m
[35m[HTTP][39m [90m[39m
[35m[HTTP][39m [37m-->[39m [37mPOST[39m [37m/wd/hub/session/5721ceed-031c-4833-870c-0ccc63e2a7cf/elements[39m
[35m[HTTP][39m [90m{"using":"-android uiautomator","value":"new UiSelector().className(\"android.widget.Image\").text(\"AccMeTheme.creditsimulationsicon\")"}[39m
[debug] [35m[W3C (5721ceed)][39m Calling AppiumDriver.findElements() with args: ["-android uiautomator","new UiSelector().className(\"android.widget.Image\").text(\"AccMeTheme.creditsimulationsicon\")","5721ceed-031c-4833-870c-0ccc63e2a7cf"]
[debug] [35m[BaseDriver][39m Valid locator strategies for this request: xpath, id, class name, accessibility id, -android uiautomator
[debug] [35m[BaseDriver][39m Waiting up to 50 ms for condition
[debug] [35m[WD Proxy][39m Matched '/elements' to command name 'findElements'
[debug] [35m[WD Proxy][39m Proxying [POST /elements] to [POST http://localhost:55497/wd/hub/session/b9f5e0bb-23f3-4745-bcd4-030a824ca386/elements] with body: {"strategy":"-android uiautomator","selector":"new UiSelector().className(\"android.widget.Image\").text(\"AccMeTheme.creditsimulationsicon\")","context":"","multiple":true}
[debug] [35m[WD Proxy][39m Got response with status 200: {"sessionId":"b9f5e0bb-23f3-4745-bcd4-030a824ca386","status":0,"value":[{"ELEMENT":"836933b8-c1fb-4f38-a65e-faeeca7af0b0"}]}
[debug] [35m[W3C (5721ceed)][39m Responding to client with driver.findElements() result: [{"element-6066-11e4-a52e-4f735466cecf":"836933b8-c1fb-4f38-a65e-faeeca7af0b0","ELEMENT":"836933b8-c1fb-4f38-a65e-faeeca7af0b0"}]
[35m[HTTP][39m [37m<-- POST /wd/hub/session/5721ceed-031c-4833-870c-0ccc63e2a7cf/elements [39m[32m200[39m [90m703 ms - 139[39m
[35m[HTTP][39m [90m[39m
[35m[HTTP][39m [37m-->[39m [37mGET[39m [37m/wd/hub/session/5721ceed-031c-4833-870c-0ccc63e2a7cf/element/836933b8-c1fb-4f38-a65e-faeeca7af0b0/location[39m
[35m[HTTP][39m [90m{}[39m
[35m[W3C (5721ceed)][39m Driver proxy active, passing request on via HTTP proxy
[debug] [35m[WD Proxy][39m Matched '/wd/hub/session/5721ceed-031c-4833-870c-0ccc63e2a7cf/element/836933b8-c1fb-4f38-a65e-faeeca7af0b0/location' to command name 'getLocation'
[debug] [35m[WD Proxy][39m Proxying [GET /wd/hub/session/5721ceed-031c-4833-870c-0ccc63e2a7cf/element/836933b8-c1fb-4f38-a65e-faeeca7af0b0/location] to [GET http://localhost:55497/wd/hub/session/b9f5e0bb-23f3-4745-bcd4-030a824ca386/element/836933b8-c1fb-4f38-a65e-faeeca7af0b0/location] with body: {}
[debug] [35m[WD Proxy][39m Got response with status 200: "{\"sessionId\":\"b9f5e0bb-23f3-4745-bcd4-030a824ca386\",\"status\":0,\"value\":{\"x\":126,\"y\":957}}"
[35m[WD Proxy][39m Replacing sessionId b9f5e0bb-23f3-4745-bcd4-030a824ca386 with 5721ceed-031c-4833-870c-0ccc63e2a7cf
[35m[HTTP][39m [37m<-- GET /wd/hub/session/5721ceed-031c-4833-870c-0ccc63e2a7cf/element/836933b8-c1fb-4f38-a65e-faeeca7af0b0/location [39m[32m200[39m [90m252 ms - 89[39m
[35m[HTTP][39m [90m[39m
[35m[HTTP][39m [37m-->[39m [37mPOST[39m [37m/wd/hub/session/5721ceed-031c-4833-870c-0ccc63e2a7cf/timeouts[39m
[35m[HTTP][39m [90m{"implicit":30000}[39m
[debug] [35m[W3C (5721ceed)][39m Calling AppiumDriver.timeouts() with args: [null,null,null,null,30000,"5721ceed-031c-4833-870c-0ccc63e2a7cf"]
[debug] [35m[BaseDriver][39m W3C timeout argument: {"implicit":30000}}
[debug] [35m[BaseDriver][39m Set implicit wait to 30000ms
[debug] [35m[W3C (5721ceed)][39m Responding to client with driver.timeouts() result: null
[35m[HTTP][39m [37m<-- POST /wd/hub/session/5721ceed-031c-4833-870c-0ccc63e2a7cf/timeouts [39m[32m200[39m [90m4 ms - 14[39m
[35m[HTTP][39m [90m[39m
[35m[HTTP][39m [37m-->[39m [37mPOST[39m [37m/wd/hub/session/5721ceed-031c-4833-870c-0ccc63e2a7cf/touch/perform[39m
[35m[HTTP][39m [90m{"actions":[{"action":"tap","options":{"x":1,"y":1,"element":"836933b8-c1fb-4f38-a65e-faeeca7af0b0"}},{"action":"release","options":{}}]}[39m
[debug] [35m[W3C (5721ceed)][39m Calling AppiumDriver.performTouch() with args: [[{"action":"tap","options":{"x":1,"y":1,"element":"836933b8-c1fb-4f38-a65e-faeeca7af0b0"}},{"action":"release","options":{}}],"5721ceed-031c-4833-870c-0ccc63e2a7cf"]
[35m[UiAutomator2][39m calling get location: 836933b8-c1fb-4f38-a65e-faeeca7af0b0
[debug] [35m[WD Proxy][39m Matched '/element/836933b8-c1fb-4f38-a65e-faeeca7af0b0/location' to command name 'getLocation'
[debug] [35m[WD Proxy][39m Proxying [GET /element/836933b8-c1fb-4f38-a65e-faeeca7af0b0/location] to [GET http://localhost:55497/wd/hub/session/b9f5e0bb-23f3-4745-bcd4-030a824ca386/element/836933b8-c1fb-4f38-a65e-faeeca7af0b0/location] with body: {}
[debug] [35m[WD Proxy][39m Got response with status 200: "{\"sessionId\":\"b9f5e0bb-23f3-4745-bcd4-030a824ca386\",\"status\":0,\"value\":{\"x\":126,\"y\":957}}"
[debug] [35m[WD Proxy][39m Matched '/element/836933b8-c1fb-4f38-a65e-faeeca7af0b0/click' to command name 'click'
[debug] [35m[WD Proxy][39m Proxying [POST /element/836933b8-c1fb-4f38-a65e-faeeca7af0b0/click] to [POST http://localhost:55497/wd/hub/session/b9f5e0bb-23f3-4745-bcd4-030a824ca386/element/836933b8-c1fb-4f38-a65e-faeeca7af0b0/click] with body: {"element":"836933b8-c1fb-4f38-a65e-faeeca7af0b0","x":127,"y":958}
[debug] [35m[WD Proxy][39m Got response with status 200: {"sessionId":"b9f5e0bb-23f3-4745-bcd4-030a824ca386","status":0,"value":true}
[debug] [35m[W3C (5721ceed)][39m Responding to client with driver.performTouch() result: null
[35m[HTTP][39m [37m<-- POST /wd/hub/session/5721ceed-031c-4833-870c-0ccc63e2a7cf/touch/perform [39m[32m200[39m [90m1221 ms - 14[39m
[35m[HTTP][39m [90m[39m
[35m[HTTP][39m [37m-->[39m [37mPOST[39m [37m/wd/hub/session/5721ceed-031c-4833-870c-0ccc63e2a7cf/timeouts[39m
[35m[HTTP][39m [90m{"implicit":50}[39m
[debug] [35m[W3C (5721ceed)][39m Calling AppiumDriver.timeouts() with args: [null,null,null,null,50,"5721ceed-031c-4833-870c-0ccc63e2a7cf"]
[debug] [35m[BaseDriver][39m W3C timeout argument: {"implicit":50}}
[debug] [35m[BaseDriver][39m Set implicit wait to 50ms
[debug] [35m[W3C (5721ceed)][39m Responding to client with driver.timeouts() result: null
[35m[HTTP][39m [37m<-- POST /wd/hub/session/5721ceed-031c-4833-870c-0ccc63e2a7cf/timeouts [39m[32m200[39m [90m5 ms - 14[39m
[35m[HTTP][39m [90m[39m
[35m[HTTP][39m [37m-->[39m [37mGET[39m [37m/wd/hub/session/5721ceed-031c-4833-870c-0ccc63e2a7cf/window/rect[39m
[35m[HTTP][39m [90m{}[39m
[debug] [35m[W3C (5721ceed)][39m Calling AppiumDriver.getWindowRect() with args: ["5721ceed-031c-4833-870c-0ccc63e2a7cf"]
[debug] [35m[WD Proxy][39m Matched '/window/current/size' to command name 'getWindowSize'
[debug] [35m[WD Proxy][39m Proxying [GET /window/current/size] to [GET http://localhost:55497/wd/hub/session/b9f5e0bb-23f3-4745-bcd4-030a824ca386/window/current/size] with body: {}
[debug] [35m[WD Proxy][39m Got response with status 200: "{\"sessionId\":\"b9f5e0bb-23f3-4745-bcd4-030a824ca386\",\"status\":0,\"value\":{\"height\":2131,\"width\":1080}}"
[debug] [35m[W3C (5721ceed)][39m Responding to client with driver.getWindowRect() result: {"width":1080,"height":2131,"x":0,"y":0}
[35m[HTTP][39m [37m<-- GET /wd/hub/session/5721ceed-031c-4833-870c-0ccc63e2a7cf/window/rect [39m[32m200[39m [90m59 ms - 50[39m
[35m[HTTP][39m [90m[39m
[35m[HTTP][39m [37m-->[39m [37mPOST[39m [37m/wd/hub/session/5721ceed-031c-4833-870c-0ccc63e2a7cf/elements[39m
[35m[HTTP][39m [90m{"using":"-android uiautomator","value":"new UiSelector().className(\"android.widget.EditText\").resourceId(\"b7-Input_Brand\")"}[39m
[debug] [35m[W3C (5721ceed)][39m Calling AppiumDriver.findElements() with args: ["-android uiautomator","new UiSelector().className(\"android.widget.EditText\").resourceId(\"b7-Input_Brand\")","5721ceed-031c-4833-870c-0ccc63e2a7cf"]
[debug] [35m[BaseDriver][39m Valid locator strategies for this request: xpath, id, class name, accessibility id, -android uiautomator
[debug] [35m[BaseDriver][39m Waiting up to 50 ms for condition
[debug] [35m[WD Proxy][39m Matched '/elements' to command name 'findElements'
[debug] [35m[WD Proxy][39m Proxying [POST /elements] to [POST http://localhost:55497/wd/hub/session/b9f5e0bb-23f3-4745-bcd4-030a824ca386/elements] with body: {"strategy":"-android uiautomator","selector":"new UiSelector().className(\"android.widget.EditText\").resourceId(\"b7-Input_Brand\")","context":"","multiple":true}
[debug] [35m[WD Proxy][39m Got response with status 200: {"sessionId":"b9f5e0bb-23f3-4745-bcd4-030a824ca386","status":0,"value":[]}
[debug] [35m[W3C (5721ceed)][39m Responding to client with driver.findElements() result: []
[35m[HTTP][39m [37m<-- POST /wd/hub/session/5721ceed-031c-4833-870c-0ccc63e2a7cf/elements [39m[32m200[39m [90m340 ms - 12[39m
[35m[HTTP][39m [90m[39m
[35m[HTTP][39m [37m-->[39m [37mPOST[39m [37m/wd/hub/session/5721ceed-031c-4833-870c-0ccc63e2a7cf/elements[39m
[35m[HTTP][39m [90m{"using":"-android uiautomator","value":"new UiSelector().className(\"android.widget.EditText\").resourceId(\"b7-Input_Brand\")"}[39m
[debug] [35m[W3C (5721ceed)][39m Calling AppiumDriver.findElements() with args: ["-android uiautomator","new UiSelector().className(\"android.widget.EditText\").resourceId(\"b7-Input_Brand\")","5721ceed-031c-4833-870c-0ccc63e2a7cf"]
[debug] [35m[BaseDriver][39m Valid locator strategies for this request: xpath, id, class name, accessibility id, -android uiautomator
[debug] [35m[BaseDriver][39m Waiting up to 50 ms for condition
[debug] [35m[WD Proxy][39m Matched '/elements' to command name 'findElements'
[debug] [35m[WD Proxy][39m Proxying [POST /elements] to [POST http://localhost:55497/wd/hub/session/b9f5e0bb-23f3-4745-bcd4-030a824ca386/elements] with body: {"strategy":"-android uiautomator","selector":"new UiSelector().className(\"android.widget.EditText\").resourceId(\"b7-Input_Brand\")","context":"","multiple":true}
[debug] [35m[WD Proxy][39m Got response with status 200: {"sessionId":"b9f5e0bb-23f3-4745-bcd4-030a824ca386","status":0,"value":[]}
[debug] [35m[W3C (5721ceed)][39m Responding to client with driver.findElements() result: []
[35m[HTTP][39m [37m<-- POST /wd/hub/session/5721ceed-031c-4833-870c-0ccc63e2a7cf/elements [39m[32m200[39m [90m422 ms - 12[39m
[35m[HTTP][39m [90m[39m
[35m[HTTP][39m [37m-->[39m [37mPOST[39m [37m/wd/hub/session/5721ceed-031c-4833-870c-0ccc63e2a7cf/elements[39m
[35m[HTTP][39m [90m{"using":"-android uiautomator","value":"new UiSelector().className(\"android.widget.EditText\").resourceId(\"b7-Input_Brand\")"}[39m
[debug] [35m[W3C (5721ceed)][39m Calling AppiumDriver.findElements() with args: ["-android uiautomator","new UiSelector().className(\"android.widget.EditText\").resourceId(\"b7-Input_Brand\")","5721ceed-031c-4833-870c-0ccc63e2a7cf"]
[debug] [35m[BaseDriver][39m Valid locator strategies for this request: xpath, id, class name, accessibility id, -android uiautomator
[debug] [35m[BaseDriver][39m Waiting up to 50 ms for condition
[debug] [35m[WD Proxy][39m Matched '/elements' to command name 'findElements'
[debug] [35m[WD Proxy][39m Proxying [POST /elements] to [POST http://localhost:55497/wd/hub/session/b9f5e0bb-23f3-4745-bcd4-030a824ca386/elements] with body: {"strategy":"-android uiautomator","selector":"new UiSelector().className(\"android.widget.EditText\").resourceId(\"b7-Input_Brand\")","context":"","multiple":true}
[debug] [35m[WD Proxy][39m Got response with status 200: {"sessionId":"b9f5e0bb-23f3-4745-bcd4-030a824ca386","status":0,"value":[]}
[debug] [35m[W3C (5721ceed)][39m Responding to client with driver.findElements() result: []
[35m[HTTP][39m [37m<-- POST /wd/hub/session/5721ceed-031c-4833-870c-0ccc63e2a7cf/elements [39m[32m200[39m [90m399 ms - 12[39m
[35m[HTTP][39m [90m[39m
[35m[HTTP][39m [37m-->[39m [37mPOST[39m [37m/wd/hub/session/5721ceed-031c-4833-870c-0ccc63e2a7cf/elements[39m
[35m[HTTP][39m [90m{"using":"-android uiautomator","value":"new UiSelector().className(\"android.widget.EditText\").resourceId(\"b7-Input_Brand\")"}[39m
[debug] [35m[W3C (5721ceed)][39m Calling AppiumDriver.findElements() with args: ["-android uiautomator","new UiSelector().className(\"android.widget.EditText\").resourceId(\"b7-Input_Brand\")","5721ceed-031c-4833-870c-0ccc63e2a7cf"]
[debug] [35m[BaseDriver][39m Valid locator strategies for this request: xpath, id, class name, accessibility id, -android uiautomator
[debug] [35m[BaseDriver][39m Waiting up to 50 ms for condition
[debug] [35m[WD Proxy][39m Matched '/elements' to command name 'findElements'
[debug] [35m[WD Proxy][39m Proxying [POST /elements] to [POST http://localhost:55497/wd/hub/session/b9f5e0bb-23f3-4745-bcd4-030a824ca386/elements] with body: {"strategy":"-android uiautomator","selector":"new UiSelector().className(\"android.widget.EditText\").resourceId(\"b7-Input_Brand\")","context":"","multiple":true}
[debug] [35m[WD Proxy][39m Got response with status 200: {"sessionId":"b9f5e0bb-23f3-4745-bcd4-030a824ca386","status":0,"value":[]}
[debug] [35m[W3C (5721ceed)][39m Responding to client with driver.findElements() result: []
[35m[HTTP][39m [37m<-- POST /wd/hub/session/5721ceed-031c-4833-870c-0ccc63e2a7cf/elements [39m[32m200[39m [90m345 ms - 12[39m
[35m[HTTP][39m [90m[39m
[35m[HTTP][39m [37m-->[39m [37mPOST[39m [37m/wd/hub/session/5721ceed-031c-4833-870c-0ccc63e2a7cf/elements[39m
[35m[HTTP][39m [90m{"using":"-android uiautomator","value":"new UiSelector().className(\"android.widget.EditText\").resourceId(\"b7-Input_Brand\")"}[39m
[debug] [35m[W3C (5721ceed)][39m Calling AppiumDriver.findElements() with args: ["-android uiautomator","new UiSelector().className(\"android.widget.EditText\").resourceId(\"b7-Input_Brand\")","5721ceed-031c-4833-870c-0ccc63e2a7cf"]
[debug] [35m[BaseDriver][39m Valid locator strategies for this request: xpath, id, class name, accessibility id, -android uiautomator
[debug] [35m[BaseDriver][39m Waiting up to 50 ms for condition
[debug] [35m[WD Proxy][39m Matched '/elements' to command name 'findElements'
[debug] [35m[WD Proxy][39m Proxying [POST /elements] to [POST http://localhost:55497/wd/hub/session/b9f5e0bb-23f3-4745-bcd4-030a824ca386/elements] with body: {"strategy":"-android uiautomator","selector":"new UiSelector().className(\"android.widget.EditText\").resourceId(\"b7-Input_Brand\")","context":"","multiple":true}
[debug] [35m[WD Proxy][39m Got response with status 200: {"sessionId":"b9f5e0bb-23f3-4745-bcd4-030a824ca386","status":0,"value":[]}
[debug] [35m[W3C (5721ceed)][39m Responding to client with driver.findElements() result: []
[35m[HTTP][39m [37m<-- POST /wd/hub/session/5721ceed-031c-4833-870c-0ccc63e2a7cf/elements [39m[32m200[39m [90m311 ms - 12[39m
[35m[HTTP][39m [90m[39m
[35m[HTTP][39m [37m-->[39m [37mPOST[39m [37m/wd/hub/session/5721ceed-031c-4833-870c-0ccc63e2a7cf/elements[39m
[35m[HTTP][39m [90m{"using":"-android uiautomator","value":"new UiSelector().className(\"android.widget.EditText\").resourceId(\"b7-Input_Brand\")"}[39m
[debug] [35m[W3C (5721ceed)][39m Calling AppiumDriver.findElements() with args: ["-android uiautomator","new UiSelector().className(\"android.widget.EditText\").resourceId(\"b7-Input_Brand\")","5721ceed-031c-4833-870c-0ccc63e2a7cf"]
[debug] [35m[BaseDriver][39m Valid locator strategies for this request: xpath, id, class name, accessibility id, -android uiautomator
[debug] [35m[BaseDriver][39m Waiting up to 50 ms for condition
[debug] [35m[WD Proxy][39m Matched '/elements' to command name 'findElements'
[debug] [35m[WD Proxy][39m Proxying [POST /elements] to [POST http://localhost:55497/wd/hub/session/b9f5e0bb-23f3-4745-bcd4-030a824ca386/elements] with body: {"strategy":"-android uiautomator","selector":"new UiSelector().className(\"android.widget.EditText\").resourceId(\"b7-Input_Brand\")","context":"","multiple":true}
[debug] [35m[WD Proxy][39m Got response with status 200: {"sessionId":"b9f5e0bb-23f3-4745-bcd4-030a824ca386","status":0,"value":[]}
[debug] [35m[W3C (5721ceed)][39m Responding to client with driver.findElements() result: []
[35m[HTTP][39m [37m<-- POST /wd/hub/session/5721ceed-031c-4833-870c-0ccc63e2a7cf/elements [39m[32m200[39m [90m261 ms - 12[39m
[35m[HTTP][39m [90m[39m
[35m[HTTP][39m [37m-->[39m [37mPOST[39m [37m/wd/hub/session/5721ceed-031c-4833-870c-0ccc63e2a7cf/elements[39m
[35m[HTTP][39m [90m{"using":"-android uiautomator","value":"new UiSelector().className(\"android.widget.EditText\").resourceId(\"b7-Input_Brand\")"}[39m
[debug] [35m[W3C (5721ceed)][39m Calling AppiumDriver.findElements() with args: ["-android uiautomator","new UiSelector().className(\"android.widget.EditText\").resourceId(\"b7-Input_Brand\")","5721ceed-031c-4833-870c-0ccc63e2a7cf"]
[debug] [35m[BaseDriver][39m Valid locator strategies for this request: xpath, id, class name, accessibility id, -android uiautomator
[debug] [35m[BaseDriver][39m Waiting up to 50 ms for condition
[debug] [35m[WD Proxy][39m Matched '/elements' to command name 'findElements'
[debug] [35m[WD Proxy][39m Proxying [POST /elements] to [POST http://localhost:55497/wd/hub/session/b9f5e0bb-23f3-4745-bcd4-030a824ca386/elements] with body: {"strategy":"-android uiautomator","selector":"new UiSelector().className(\"android.widget.EditText\").resourceId(\"b7-Input_Brand\")","context":"","multiple":true}
[debug] [35m[WD Proxy][39m Got response with status 200: {"sessionId":"b9f5e0bb-23f3-4745-bcd4-030a824ca386","status":0,"value":[]}
[debug] [35m[W3C (5721ceed)][39m Responding to client with driver.findElements() result: []
[35m[HTTP][39m [37m<-- POST /wd/hub/session/5721ceed-031c-4833-870c-0ccc63e2a7cf/elements [39m[32m200[39m [90m264 ms - 12[39m
[35m[HTTP][39m [90m[39m
[35m[HTTP][39m [37m-->[39m [37mPOST[39m [37m/wd/hub/session/5721ceed-031c-4833-870c-0ccc63e2a7cf/elements[39m
[35m[HTTP][39m [90m{"using":"-android uiautomator","value":"new UiSelector().className(\"android.widget.EditText\").resourceId(\"b7-Input_Brand\")"}[39m
[debug] [35m[W3C (5721ceed)][39m Calling AppiumDriver.findElements() with args: ["-android uiautomator","new UiSelector().className(\"android.widget.EditText\").resourceId(\"b7-Input_Brand\")","5721ceed-031c-4833-870c-0ccc63e2a7cf"]
[debug] [35m[BaseDriver][39m Valid locator strategies for this request: xpath, id, class name, accessibility id, -android uiautomator
[debug] [35m[BaseDriver][39m Waiting up to 50 ms for condition
[debug] [35m[WD Proxy][39m Matched '/elements' to command name 'findElements'
[debug] [35m[WD Proxy][39m Proxying [POST /elements] to [POST http://localhost:55497/wd/hub/session/b9f5e0bb-23f3-4745-bcd4-030a824ca386/elements] with body: {"strategy":"-android uiautomator","selector":"new UiSelector().className(\"android.widget.EditText\").resourceId(\"b7-Input_Brand\")","context":"","multiple":true}
[debug] [35m[WD Proxy][39m Got response with status 200: {"sessionId":"b9f5e0bb-23f3-4745-bcd4-030a824ca386","status":0,"value":[]}
[debug] [35m[W3C (5721ceed)][39m Responding to client with driver.findElements() result: []
[35m[HTTP][39m [37m<-- POST /wd/hub/session/5721ceed-031c-4833-870c-0ccc63e2a7cf/elements [39m[32m200[39m [90m329 ms - 12[39m
[35m[HTTP][39m [90m[39m
[35m[HTTP][39m [37m-->[39m [37mPOST[39m [37m/wd/hub/session/5721ceed-031c-4833-870c-0ccc63e2a7cf/elements[39m
[35m[HTTP][39m [90m{"using":"-android uiautomator","value":"new UiSelector().className(\"android.widget.EditText\").resourceId(\"b7-Input_Brand\")"}[39m
[debug] [35m[W3C (5721ceed)][39m Calling AppiumDriver.findElements() with args: ["-android uiautomator","new UiSelector().className(\"android.widget.EditText\").resourceId(\"b7-Input_Brand\")","5721ceed-031c-4833-870c-0ccc63e2a7cf"]
[debug] [35m[BaseDriver][39m Valid locator strategies for this request: xpath, id, class name, accessibility id, -android uiautomator
[debug] [35m[BaseDriver][39m Waiting up to 50 ms for condition
[debug] [35m[WD Proxy][39m Matched '/elements' to command name 'findElements'
[debug] [35m[WD Proxy][39m Proxying [POST /elements] to [POST http://localhost:55497/wd/hub/session/b9f5e0bb-23f3-4745-bcd4-030a824ca386/elements] with body: {"strategy":"-android uiautomator","selector":"new UiSelector().className(\"android.widget.EditText\").resourceId(\"b7-Input_Brand\")","context":"","multiple":true}
[debug] [35m[WD Proxy][39m Got response with status 200: {"sessionId":"b9f5e0bb-23f3-4745-bcd4-030a824ca386","status":0,"value":[]}
[debug] [35m[W3C (5721ceed)][39m Responding to client with driver.findElements() result: []
[35m[HTTP][39m [37m<-- POST /wd/hub/session/5721ceed-031c-4833-870c-0ccc63e2a7cf/elements [39m[32m200[39m [90m438 ms - 12[39m
[35m[HTTP][39m [90m[39m
[35m[HTTP][39m [37m-->[39m [37mPOST[39m [37m/wd/hub/session/5721ceed-031c-4833-870c-0ccc63e2a7cf/elements[39m
[35m[HTTP][39m [90m{"using":"-android uiautomator","value":"new UiSelector().className(\"android.widget.EditText\").resourceId(\"b7-Input_Brand\")"}[39m
[debug] [35m[W3C (5721ceed)][39m Calling AppiumDriver.findElements() with args: ["-android uiautomator","new UiSelector().className(\"android.widget.EditText\").resourceId(\"b7-Input_Brand\")","5721ceed-031c-4833-870c-0ccc63e2a7cf"]
[debug] [35m[BaseDriver][39m Valid locator strategies for this request: xpath, id, class name, accessibility id, -android uiautomator
[debug] [35m[BaseDriver][39m Waiting up to 50 ms for condition
[debug] [35m[WD Proxy][39m Matched '/elements' to command name 'findElements'
[debug] [35m[WD Proxy][39m Proxying [POST /elements] to [POST http://localhost:55497/wd/hub/session/b9f5e0bb-23f3-4745-bcd4-030a824ca386/elements] with body: {"strategy":"-android uiautomator","selector":"new UiSelector().className(\"android.widget.EditText\").resourceId(\"b7-Input_Brand\")","context":"","multiple":true}
[debug] [35m[WD Proxy][39m Got response with status 200: {"sessionId":"b9f5e0bb-23f3-4745-bcd4-030a824ca386","status":0,"value":[{"ELEMENT":"0a939d85-e1be-45c6-80b8-a02734f63cb7"}]}
[debug] [35m[W3C (5721ceed)][39m Responding to client with driver.findElements() result: [{"element-6066-11e4-a52e-4f735466cecf":"0a939d85-e1be-45c6-80b8-a02734f63cb7","ELEMENT":"0a939d85-e1be-45c6-80b8-a02734f63cb7"}]
[35m[HTTP][39m [37m<-- POST /wd/hub/session/5721ceed-031c-4833-870c-0ccc63e2a7cf/elements [39m[32m200[39m [90m1415 ms - 139[39m
[35m[HTTP][39m [90m[39m
[35m[HTTP][39m [37m-->[39m [37mGET[39m [37m/wd/hub/session/5721ceed-031c-4833-870c-0ccc63e2a7cf/element/0a939d85-e1be-45c6-80b8-a02734f63cb7/location[39m
[35m[HTTP][39m [90m{}[39m
[35m[W3C (5721ceed)][39m Driver proxy active, passing request on via HTTP proxy
[debug] [35m[WD Proxy][39m Matched '/wd/hub/session/5721ceed-031c-4833-870c-0ccc63e2a7cf/element/0a939d85-e1be-45c6-80b8-a02734f63cb7/location' to command name 'getLocation'
[debug] [35m[WD Proxy][39m Proxying [GET /wd/hub/session/5721ceed-031c-4833-870c-0ccc63e2a7cf/element/0a939d85-e1be-45c6-80b8-a02734f63cb7/location] to [GET http://localhost:55497/wd/hub/session/b9f5e0bb-23f3-4745-bcd4-030a824ca386/element/0a939d85-e1be-45c6-80b8-a02734f63cb7/location] with body: {}
[debug] [35m[WD Proxy][39m Got response with status 200: "{\"sessionId\":\"b9f5e0bb-23f3-4745-bcd4-030a824ca386\",\"status\":0,\"value\":{\"x\":49,\"y\":1196}}"
[35m[WD Proxy][39m Replacing sessionId b9f5e0bb-23f3-4745-bcd4-030a824ca386 with 5721ceed-031c-4833-870c-0ccc63e2a7cf
[35m[HTTP][39m [37m<-- GET /wd/hub/session/5721ceed-031c-4833-870c-0ccc63e2a7cf/element/0a939d85-e1be-45c6-80b8-a02734f63cb7/location [39m[32m200[39m [90m151 ms - 89[39m
[35m[HTTP][39m [90m[39m
[35m[HTTP][39m [37m-->[39m [37mPOST[39m [37m/wd/hub/session/5721ceed-031c-4833-870c-0ccc63e2a7cf/timeouts[39m
[35m[HTTP][39m [90m{"implicit":30000}[39m
[debug] [35m[W3C (5721ceed)][39m Calling AppiumDriver.timeouts() with args: [null,null,null,null,30000,"5721ceed-031c-4833-870c-0ccc63e2a7cf"]
[debug] [35m[BaseDriver][39m W3C timeout argument: {"implicit":30000}}
[debug] [35m[BaseDriver][39m Set implicit wait to 30000ms
[debug] [35m[W3C (5721ceed)][39m Responding to client with driver.timeouts() result: null
[35m[HTTP][39m [37m<-- POST /wd/hub/session/5721ceed-031c-4833-870c-0ccc63e2a7cf/timeouts [39m[32m200[39m [90m5 ms - 14[39m
[35m[HTTP][39m [90m[39m
[35m[HTTP][39m [37m-->[39m [37mPOST[39m [37m/wd/hub/session/5721ceed-031c-4833-870c-0ccc63e2a7cf/element/0a939d85-e1be-45c6-80b8-a02734f63cb7/clear[39m
[35m[HTTP][39m [90m{"id":"0a939d85-e1be-45c6-80b8-a02734f63cb7"}[39m
[debug] [35m[W3C (5721ceed)][39m Calling AppiumDriver.clear() with args: ["0a939d85-e1be-45c6-80b8-a02734f63cb7","5721ceed-031c-4833-870c-0ccc63e2a7cf"]
[debug] [35m[WD Proxy][39m Matched '/element/0a939d85-e1be-45c6-80b8-a02734f63cb7/clear' to command name 'clear'
[debug] [35m[WD Proxy][39m Proxying [POST /element/0a939d85-e1be-45c6-80b8-a02734f63cb7/clear] to [POST http://localhost:55497/wd/hub/session/b9f5e0bb-23f3-4745-bcd4-030a824ca386/element/0a939d85-e1be-45c6-80b8-a02734f63cb7/clear] with body: {"elementId":"0a939d85-e1be-45c6-80b8-a02734f63cb7"}
[debug] [35m[WD Proxy][39m Got response with status 200: {"sessionId":"b9f5e0bb-23f3-4745-bcd4-030a824ca386","status":0,"value":"Element Cleared"}
[debug] [35m[W3C (5721ceed)][39m Responding to client with driver.clear() result: "Element Cleared"
[35m[HTTP][39m [37m<-- POST /wd/hub/session/5721ceed-031c-4833-870c-0ccc63e2a7cf/element/0a939d85-e1be-45c6-80b8-a02734f63cb7/clear [39m[32m200[39m [90m121 ms - 27[39m
[35m[HTTP][39m [90m[39m
[35m[HTTP][39m [37m-->[39m [37mPOST[39m [37m/wd/hub/session/5721ceed-031c-4833-870c-0ccc63e2a7cf/element/0a939d85-e1be-45c6-80b8-a02734f63cb7/value[39m
[35m[HTTP][39m [90m{"id":"0a939d85-e1be-45c6-80b8-a02734f63cb7","text":"TOYOTA","value":["T","O","Y","O","T","A"]}[39m
[debug] [35m[W3C (5721ceed)][39m Calling AppiumDriver.setValue() with args: [["T","O","Y","O","T","A"],"0a939d85-e1be-45c6-80b8-a02734f63cb7","5721ceed-031c-4833-870c-0ccc63e2a7cf"]
[debug] [35m[WD Proxy][39m Matched '/element/0a939d85-e1be-45c6-80b8-a02734f63cb7/value' to command name 'setValue'
[debug] [35m[Protocol Converter][39m Added 'value' property ["T","O","Y","O","T","A"] to 'setValue' request body
[debug] [35m[WD Proxy][39m Proxying [POST /element/0a939d85-e1be-45c6-80b8-a02734f63cb7/value] to [POST http://localhost:55497/wd/hub/session/b9f5e0bb-23f3-4745-bcd4-030a824ca386/element/0a939d85-e1be-45c6-80b8-a02734f63cb7/value] with body: {"elementId":"0a939d85-e1be-45c6-80b8-a02734f63cb7","text":"TOYOTA","replace":false,"unicodeKeyboard":true,"value":["T","O","Y","O","T","A"]}
[debug] [35m[WD Proxy][39m Got response with status 200: {"sessionId":"b9f5e0bb-23f3-4745-bcd4-030a824ca386","status":0,"value":""}
[debug] [35m[W3C (5721ceed)][39m Responding to client with driver.setValue() result: ""
[35m[HTTP][39m [37m<-- POST /wd/hub/session/5721ceed-031c-4833-870c-0ccc63e2a7cf/element/0a939d85-e1be-45c6-80b8-a02734f63cb7/value [39m[32m200[39m [90m227 ms - 12[39m
[35m[HTTP][39m [90m[39m
[35m[HTTP][39m [37m-->[39m [37mPOST[39m [37m/wd/hub/session/5721ceed-031c-4833-870c-0ccc63e2a7cf/timeouts[39m
[35m[HTTP][39m [90m{"implicit":50}[39m
[debug] [35m[W3C (5721ceed)][39m Calling AppiumDriver.timeouts() with args: [null,null,null,null,50,"5721ceed-031c-4833-870c-0ccc63e2a7cf"]
[debug] [35m[BaseDriver][39m W3C timeout argument: {"implicit":50}}
[debug] [35m[BaseDriver][39m Set implicit wait to 50ms
[debug] [35m[W3C (5721ceed)][39m Responding to client with driver.timeouts() result: null
[35m[HTTP][39m [37m<-- POST /wd/hub/session/5721ceed-031c-4833-870c-0ccc63e2a7cf/timeouts [39m[32m200[39m [90m5 ms - 14[39m
[35m[HTTP][39m [90m[39m
[35m[HTTP][39m [37m-->[39m [37mGET[39m [37m/wd/hub/session/5721ceed-031c-4833-870c-0ccc63e2a7cf/window/rect[39m
[35m[HTTP][39m [90m{}[39m
[debug] [35m[W3C (5721ceed)][39m Calling AppiumDriver.getWindowRect() with args: ["5721ceed-031c-4833-870c-0ccc63e2a7cf"]
[debug] [35m[WD Proxy][39m Matched '/window/current/size' to command name 'getWindowSize'
[debug] [35m[WD Proxy][39m Proxying [GET /window/current/size] to [GET http://localhost:55497/wd/hub/session/b9f5e0bb-23f3-4745-bcd4-030a824ca386/window/current/size] with body: {}
[debug] [35m[WD Proxy][39m Got response with status 200: "{\"sessionId\":\"b9f5e0bb-23f3-4745-bcd4-030a824ca386\",\"status\":0,\"value\":{\"height\":2131,\"width\":1080}}"
[debug] [35m[W3C (5721ceed)][39m Responding to client with driver.getWindowRect() result: {"width":1080,"height":2131,"x":0,"y":0}
[35m[HTTP][39m [37m<-- GET /wd/hub/session/5721ceed-031c-4833-870c-0ccc63e2a7cf/window/rect [39m[32m200[39m [90m98 ms - 50[39m
[35m[HTTP][39m [90m[39m
[35m[HTTP][39m [37m-->[39m [37mPOST[39m [37m/wd/hub/session/5721ceed-031c-4833-870c-0ccc63e2a7cf/elements[39m
[35m[HTTP][39m [90m{"using":"-android uiautomator","value":"new UiSelector().className(\"android.widget.EditText\").resourceId(\"b7-Input_Brand\")"}[39m
[debug] [35m[W3C (5721ceed)][39m Calling AppiumDriver.findElements() with args: ["-android uiautomator","new UiSelector().className(\"android.widget.EditText\").resourceId(\"b7-Input_Brand\")","5721ceed-031c-4833-870c-0ccc63e2a7cf"]
[debug] [35m[BaseDriver][39m Valid locator strategies for this request: xpath, id, class name, accessibility id, -android uiautomator
[debug] [35m[BaseDriver][39m Waiting up to 50 ms for condition
[debug] [35m[WD Proxy][39m Matched '/elements' to command name 'findElements'
[debug] [35m[WD Proxy][39m Proxying [POST /elements] to [POST http://localhost:55497/wd/hub/session/b9f5e0bb-23f3-4745-bcd4-030a824ca386/elements] with body: {"strategy":"-android uiautomator","selector":"new UiSelector().className(\"android.widget.EditText\").resourceId(\"b7-Input_Brand\")","context":"","multiple":true}
[debug] [35m[WD Proxy][39m Got response with status 200: {"sessionId":"b9f5e0bb-23f3-4745-bcd4-030a824ca386","status":0,"value":[{"ELEMENT":"abb81553-c91e-4f65-b6db-631f4dc3ed05"}]}
[debug] [35m[W3C (5721ceed)][39m Responding to client with driver.findElements() result: [{"element-6066-11e4-a52e-4f735466cecf":"abb81553-c91e-4f65-b6db-631f4dc3ed05","ELEMENT":"abb81553-c91e-4f65-b6db-631f4dc3ed05"}]
[35m[HTTP][39m [37m<-- POST /wd/hub/session/5721ceed-031c-4833-870c-0ccc63e2a7cf/elements [39m[32m200[39m [90m1694 ms - 139[39m
[35m[HTTP][39m [90m[39m
[35m[HTTP][39m [37m-->[39m [37mGET[39m [37m/wd/hub/session/5721ceed-031c-4833-870c-0ccc63e2a7cf/element/abb81553-c91e-4f65-b6db-631f4dc3ed05/location[39m
[35m[HTTP][39m [90m{}[39m
[35m[W3C (5721ceed)][39m Driver proxy active, passing request on via HTTP proxy
[debug] [35m[WD Proxy][39m Matched '/wd/hub/session/5721ceed-031c-4833-870c-0ccc63e2a7cf/element/abb81553-c91e-4f65-b6db-631f4dc3ed05/location' to command name 'getLocation'
[debug] [35m[WD Proxy][39m Proxying [GET /wd/hub/session/5721ceed-031c-4833-870c-0ccc63e2a7cf/element/abb81553-c91e-4f65-b6db-631f4dc3ed05/location] to [GET http://localhost:55497/wd/hub/session/b9f5e0bb-23f3-4745-bcd4-030a824ca386/element/abb81553-c91e-4f65-b6db-631f4dc3ed05/location] with body: {}
[debug] [35m[WD Proxy][39m Got response with status 200: "{\"sessionId\":\"b9f5e0bb-23f3-4745-bcd4-030a824ca386\",\"status\":0,\"value\":{\"x\":49,\"y\":1196}}"
[35m[WD Proxy][39m Replacing sessionId b9f5e0bb-23f3-4745-bcd4-030a824ca386 with 5721ceed-031c-4833-870c-0ccc63e2a7cf
[35m[HTTP][39m [37m<-- GET /wd/hub/session/5721ceed-031c-4833-870c-0ccc63e2a7cf/element/abb81553-c91e-4f65-b6db-631f4dc3ed05/location [39m[32m200[39m [90m97 ms - 89[39m
[35m[HTTP][39m [90m[39m
[35m[HTTP][39m [37m-->[39m [37mPOST[39m [37m/wd/hub/session/5721ceed-031c-4833-870c-0ccc63e2a7cf/timeouts[39m
[35m[HTTP][39m [90m{"implicit":30000}[39m
[debug] [35m[W3C (5721ceed)][39m Calling AppiumDriver.timeouts() with args: [null,null,null,null,30000,"5721ceed-031c-4833-870c-0ccc63e2a7cf"]
[debug] [35m[BaseDriver][39m W3C timeout argument: {"implicit":30000}}
[debug] [35m[BaseDriver][39m Set implicit wait to 30000ms
[debug] [35m[W3C (5721ceed)][39m Responding to client with driver.timeouts() result: null
[35m[HTTP][39m [37m<-- POST /wd/hub/session/5721ceed-031c-4833-870c-0ccc63e2a7cf/timeouts [39m[32m200[39m [90m5 ms - 14[39m
[35m[HTTP][39m [90m[39m
[35m[HTTP][39m [37m-->[39m [37mPOST[39m [37m/wd/hub/session/5721ceed-031c-4833-870c-0ccc63e2a7cf/touch/perform[39m
[35m[HTTP][39m [90m{"actions":[{"action":"tap","options":{"x":1,"y":1,"element":"abb81553-c91e-4f65-b6db-631f4dc3ed05"}},{"action":"release","options":{}}]}[39m
[debug] [35m[W3C (5721ceed)][39m Calling AppiumDriver.performTouch() with args: [[{"action":"tap","options":{"x":1,"y":1,"element":"abb81553-c91e-4f65-b6db-631f4dc3ed05"}},{"action":"release","options":{}}],"5721ceed-031c-4833-870c-0ccc63e2a7cf"]
[35m[UiAutomator2][39m calling get location: abb81553-c91e-4f65-b6db-631f4dc3ed05
[debug] [35m[WD Proxy][39m Matched '/element/abb81553-c91e-4f65-b6db-631f4dc3ed05/location' to command name 'getLocation'
[debug] [35m[WD Proxy][39m Proxying [GET /element/abb81553-c91e-4f65-b6db-631f4dc3ed05/location] to [GET http://localhost:55497/wd/hub/session/b9f5e0bb-23f3-4745-bcd4-030a824ca386/element/abb81553-c91e-4f65-b6db-631f4dc3ed05/location] with body: {}
[debug] [35m[WD Proxy][39m Got response with status 200: "{\"sessionId\":\"b9f5e0bb-23f3-4745-bcd4-030a824ca386\",\"status\":0,\"value\":{\"x\":49,\"y\":1196}}"
[debug] [35m[WD Proxy][39m Matched '/element/abb81553-c91e-4f65-b6db-631f4dc3ed05/click' to command name 'click'
[debug] [35m[WD Proxy][39m Proxying [POST /element/abb81553-c91e-4f65-b6db-631f4dc3ed05/click] to [POST http://localhost:55497/wd/hub/session/b9f5e0bb-23f3-4745-bcd4-030a824ca386/element/abb81553-c91e-4f65-b6db-631f4dc3ed05/click] with body: {"element":"abb81553-c91e-4f65-b6db-631f4dc3ed05","x":50,"y":1197}
[debug] [35m[Instrumentation][39m .
[debug] [35m[Instrumentation][39m Time: 22,05
[debug] [35m[Instrumentation][39m 
[debug] [35m[Instrumentation][39m OK (1 test)
[35m[WD Proxy][39m Got an unexpected response: {"code":"ECONNRESET"}
[debug] [35m[W3C (5721ceed)][39m Encountered internal error running command: UnknownError: An unknown server-side error occurred while processing the command. Original error: Could not proxy command to remote server. Original error: Error: socket hang up
[debug] [35m[W3C (5721ceed)][39m     at JWProxy.command (C:\Users\15420\AppData\Roaming\npm\node_modules\appium\node_modules\appium-base-driver\lib\jsonwp-proxy\proxy.js:239:13)
[35m[HTTP][39m [37m<-- POST /wd/hub/session/5721ceed-031c-4833-870c-0ccc63e2a7cf/touch/perform [39m[31m500[39m [90m1291 ms - 562[39m
[35m[HTTP][39m [90m[39m
[35m[HTTP][39m [37m-->[39m [37mGET[39m [37m/wd/hub/session/5721ceed-031c-4833-870c-0ccc63e2a7cf/context[39m
[35m[HTTP][39m [90m{}[39m
[debug] [35m[W3C (5721ceed)][39m Calling AppiumDriver.getCurrentContext() with args: ["5721ceed-031c-4833-870c-0ccc63e2a7cf"]
[debug] [35m[W3C (5721ceed)][39m Responding to client with driver.getCurrentContext() result: "NATIVE_APP"
[35m[HTTP][39m [37m<-- GET /wd/hub/session/5721ceed-031c-4833-870c-0ccc63e2a7cf/context [39m[32m200[39m [90m3 ms - 22[39m
[35m[HTTP][39m [90m[39m
[35m[HTTP][39m [37m-->[39m [37mGET[39m [37m/wd/hub/session/5721ceed-031c-4833-870c-0ccc63e2a7cf/contexts[39m
[35m[HTTP][39m [90m{}[39m
[debug] [35m[W3C (5721ceed)][39m Calling AppiumDriver.getContexts() with args: ["5721ceed-031c-4833-870c-0ccc63e2a7cf"]
[debug] [35m[AndroidDriver][39m Getting a list of available webviews
[debug] [35m[ADB][39m Running 'C:\Users\15420\.katalon\tools\android_sdk\platform-tools\adb.exe -P 5037 -s RR8M30NJT6T shell cat /proc/net/unix'
[debug] [35m[Instrumentation][39m The process has exited with code 0
[debug] [35m[AndroidDriver][39m Found webviews: []
[debug] [35m[AndroidDriver][39m Available contexts: ["NATIVE_APP"]
[debug] [35m[W3C (5721ceed)][39m Responding to client with driver.getContexts() result: ["NATIVE_APP"]
[35m[HTTP][39m [37m<-- GET /wd/hub/session/5721ceed-031c-4833-870c-0ccc63e2a7cf/contexts [39m[32m200[39m [90m450 ms - 24[39m
[35m[HTTP][39m [90m[39m
[35m[HTTP][39m [37m-->[39m [37mPOST[39m [37m/wd/hub/session/5721ceed-031c-4833-870c-0ccc63e2a7cf/context[39m
[35m[HTTP][39m [90m{"name":"NATIVE_APP"}[39m
[debug] [35m[W3C (5721ceed)][39m Calling AppiumDriver.setContext() with args: ["NATIVE_APP","5721ceed-031c-4833-870c-0ccc63e2a7cf"]
[debug] [35m[W3C (5721ceed)][39m Responding to client with driver.setContext() result: null
[35m[HTTP][39m [37m<-- POST /wd/hub/session/5721ceed-031c-4833-870c-0ccc63e2a7cf/context [39m[32m200[39m [90m5 ms - 14[39m
[35m[HTTP][39m [90m[39m
[35m[HTTP][39m [37m-->[39m [37mGET[39m [37m/wd/hub/session/5721ceed-031c-4833-870c-0ccc63e2a7cf/screenshot[39m
[35m[HTTP][39m [90m{}[39m
[debug] [35m[W3C (5721ceed)][39m Calling AppiumDriver.getScreenshot() with args: ["5721ceed-031c-4833-870c-0ccc63e2a7cf"]
[debug] [35m[WD Proxy][39m Matched '/screenshot' to command name 'getScreenshot'
[debug] [35m[WD Proxy][39m Proxying [GET /screenshot] to [GET http://localhost:55497/wd/hub/session/b9f5e0bb-23f3-4745-bcd4-030a824ca386/screenshot] with no body
[35m[WD Proxy][39m Got an unexpected response: {"code":"ECONNRESET"}
[debug] [35m[W3C (5721ceed)][39m Encountered internal error running command: UnknownError: An unknown server-side error occurred while processing the command. Original error: Could not proxy command to remote server. Original error: Error: socket hang up
[debug] [35m[W3C (5721ceed)][39m     at JWProxy.command (C:\Users\15420\AppData\Roaming\npm\node_modules\appium\node_modules\appium-base-driver\lib\jsonwp-proxy\proxy.js:239:13)
[35m[HTTP][39m [37m<-- GET /wd/hub/session/5721ceed-031c-4833-870c-0ccc63e2a7cf/screenshot [39m[31m500[39m [90m32 ms - 562[39m
[35m[HTTP][39m [90m[39m
[35m[HTTP][39m [37m-->[39m [37mPOST[39m [37m/wd/hub/session/5721ceed-031c-4833-870c-0ccc63e2a7cf/context[39m
[35m[HTTP][39m [90m{"name":"NATIVE_APP"}[39m
[debug] [35m[W3C (5721ceed)][39m Calling AppiumDriver.setContext() with args: ["NATIVE_APP","5721ceed-031c-4833-870c-0ccc63e2a7cf"]
[debug] [35m[W3C (5721ceed)][39m Responding to client with driver.setContext() result: null
[35m[HTTP][39m [37m<-- POST /wd/hub/session/5721ceed-031c-4833-870c-0ccc63e2a7cf/context [39m[32m200[39m [90m3 ms - 14[39m
[35m[HTTP][39m [90m[39m
[35m[HTTP][39m [37m-->[39m [37mPOST[39m [37m/wd/hub/session/5721ceed-031c-4833-870c-0ccc63e2a7cf/timeouts[39m
[35m[HTTP][39m [90m{"implicit":50}[39m
[debug] [35m[W3C (5721ceed)][39m Calling AppiumDriver.timeouts() with args: [null,null,null,null,50,"5721ceed-031c-4833-870c-0ccc63e2a7cf"]
[debug] [35m[BaseDriver][39m W3C timeout argument: {"implicit":50}}
[debug] [35m[BaseDriver][39m Set implicit wait to 50ms
[debug] [35m[W3C (5721ceed)][39m Responding to client with driver.timeouts() result: null
[35m[HTTP][39m [37m<-- POST /wd/hub/session/5721ceed-031c-4833-870c-0ccc63e2a7cf/timeouts [39m[32m200[39m [90m5 ms - 14[39m
[35m[HTTP][39m [90m[39m
[35m[HTTP][39m [37m-->[39m [37mGET[39m [37m/wd/hub/session/5721ceed-031c-4833-870c-0ccc63e2a7cf/window/rect[39m
[35m[HTTP][39m [90m{}[39m
[debug] [35m[W3C (5721ceed)][39m Calling AppiumDriver.getWindowRect() with args: ["5721ceed-031c-4833-870c-0ccc63e2a7cf"]
[debug] [35m[WD Proxy][39m Matched '/window/current/size' to command name 'getWindowSize'
[debug] [35m[WD Proxy][39m Proxying [GET /window/current/size] to [GET http://localhost:55497/wd/hub/session/b9f5e0bb-23f3-4745-bcd4-030a824ca386/window/current/size] with body: {}
[35m[WD Proxy][39m Got an unexpected response: {"code":"ECONNRESET"}
[debug] [35m[W3C (5721ceed)][39m Encountered internal error running command: UnknownError: An unknown server-side error occurred while processing the command. Original error: Could not proxy command to remote server. Original error: Error: socket hang up
[debug] [35m[W3C (5721ceed)][39m     at JWProxy.command (C:\Users\15420\AppData\Roaming\npm\node_modules\appium\node_modules\appium-base-driver\lib\jsonwp-proxy\proxy.js:239:13)
[35m[HTTP][39m [37m<-- GET /wd/hub/session/5721ceed-031c-4833-870c-0ccc63e2a7cf/window/rect [39m[31m500[39m [90m18 ms - 562[39m
[35m[HTTP][39m [90m[39m
[35m[HTTP][39m [37m-->[39m [37mPOST[39m [37m/wd/hub/session/5721ceed-031c-4833-870c-0ccc63e2a7cf/timeouts[39m
[35m[HTTP][39m [90m{"implicit":30000}[39m
[debug] [35m[W3C (5721ceed)][39m Calling AppiumDriver.timeouts() with args: [null,null,null,null,30000,"5721ceed-031c-4833-870c-0ccc63e2a7cf"]
[debug] [35m[BaseDriver][39m W3C timeout argument: {"implicit":30000}}
[debug] [35m[BaseDriver][39m Set implicit wait to 30000ms
[debug] [35m[W3C (5721ceed)][39m Responding to client with driver.timeouts() result: null
[35m[HTTP][39m [37m<-- POST /wd/hub/session/5721ceed-031c-4833-870c-0ccc63e2a7cf/timeouts [39m[32m200[39m [90m4 ms - 14[39m
[35m[HTTP][39m [90m[39m
[35m[HTTP][39m [37m-->[39m [37mGET[39m [37m/wd/hub/session/5721ceed-031c-4833-870c-0ccc63e2a7cf/context[39m
[35m[HTTP][39m [90m{}[39m
[debug] [35m[W3C (5721ceed)][39m Calling AppiumDriver.getCurrentContext() with args: ["5721ceed-031c-4833-870c-0ccc63e2a7cf"]
[debug] [35m[W3C (5721ceed)][39m Responding to client with driver.getCurrentContext() result: "NATIVE_APP"
[35m[HTTP][39m [37m<-- GET /wd/hub/session/5721ceed-031c-4833-870c-0ccc63e2a7cf/context [39m[32m200[39m [90m4 ms - 22[39m
[35m[HTTP][39m [90m[39m
[35m[HTTP][39m [37m-->[39m [37mGET[39m [37m/wd/hub/session/5721ceed-031c-4833-870c-0ccc63e2a7cf/contexts[39m
[35m[HTTP][39m [90m{}[39m
[debug] [35m[W3C (5721ceed)][39m Calling AppiumDriver.getContexts() with args: ["5721ceed-031c-4833-870c-0ccc63e2a7cf"]
[debug] [35m[AndroidDriver][39m Getting a list of available webviews
[debug] [35m[ADB][39m Running 'C:\Users\15420\.katalon\tools\android_sdk\platform-tools\adb.exe -P 5037 -s RR8M30NJT6T shell cat /proc/net/unix'
[debug] [35m[AndroidDriver][39m Found webviews: []
[debug] [35m[AndroidDriver][39m Available contexts: ["NATIVE_APP"]
[debug] [35m[W3C (5721ceed)][39m Responding to client with driver.getContexts() result: ["NATIVE_APP"]
[35m[HTTP][39m [37m<-- GET /wd/hub/session/5721ceed-031c-4833-870c-0ccc63e2a7cf/contexts [39m[32m200[39m [90m307 ms - 24[39m
[35m[HTTP][39m [90m[39m
[35m[HTTP][39m [37m-->[39m [37mPOST[39m [37m/wd/hub/session/5721ceed-031c-4833-870c-0ccc63e2a7cf/context[39m
[35m[HTTP][39m [90m{"name":"NATIVE_APP"}[39m
[debug] [35m[W3C (5721ceed)][39m Calling AppiumDriver.setContext() with args: ["NATIVE_APP","5721ceed-031c-4833-870c-0ccc63e2a7cf"]
[debug] [35m[W3C (5721ceed)][39m Responding to client with driver.setContext() result: null
[35m[HTTP][39m [37m<-- POST /wd/hub/session/5721ceed-031c-4833-870c-0ccc63e2a7cf/context [39m[32m200[39m [90m3 ms - 14[39m
[35m[HTTP][39m [90m[39m
[35m[HTTP][39m [37m-->[39m [37mGET[39m [37m/wd/hub/session/5721ceed-031c-4833-870c-0ccc63e2a7cf/screenshot[39m
[35m[HTTP][39m [90m{}[39m
[debug] [35m[W3C (5721ceed)][39m Calling AppiumDriver.getScreenshot() with args: ["5721ceed-031c-4833-870c-0ccc63e2a7cf"]
[debug] [35m[WD Proxy][39m Matched '/screenshot' to command name 'getScreenshot'
[debug] [35m[WD Proxy][39m Proxying [GET /screenshot] to [GET http://localhost:55497/wd/hub/session/b9f5e0bb-23f3-4745-bcd4-030a824ca386/screenshot] with no body
[35m[WD Proxy][39m Got an unexpected response: {"code":"ECONNRESET"}
[debug] [35m[W3C (5721ceed)][39m Encountered internal error running command: UnknownError: An unknown server-side error occurred while processing the command. Original error: Could not proxy command to remote server. Original error: Error: socket hang up
[debug] [35m[W3C (5721ceed)][39m     at JWProxy.command (C:\Users\15420\AppData\Roaming\npm\node_modules\appium\node_modules\appium-base-driver\lib\jsonwp-proxy\proxy.js:239:13)
[35m[HTTP][39m [37m<-- GET /wd/hub/session/5721ceed-031c-4833-870c-0ccc63e2a7cf/screenshot [39m[31m500[39m [90m17 ms - 562[39m
[35m[HTTP][39m [90m[39m
[35m[HTTP][39m [37m-->[39m [37mPOST[39m [37m/wd/hub/session/5721ceed-031c-4833-870c-0ccc63e2a7cf/context[39m
[35m[HTTP][39m [90m{"name":"NATIVE_APP"}[39m
[debug] [35m[W3C (5721ceed)][39m Calling AppiumDriver.setContext() with args: ["NATIVE_APP","5721ceed-031c-4833-870c-0ccc63e2a7cf"]
[debug] [35m[W3C (5721ceed)][39m Responding to client with driver.setContext() result: null
[35m[HTTP][39m [37m<-- POST /wd/hub/session/5721ceed-031c-4833-870c-0ccc63e2a7cf/context [39m[32m200[39m [90m2 ms - 14[39m
[35m[HTTP][39m [90m[39m
[35m[HTTP][39m [37m-->[39m [37mDELETE[39m [37m/wd/hub/session/5721ceed-031c-4833-870c-0ccc63e2a7cf[39m
[35m[HTTP][39m [90m{}[39m
[debug] [35m[W3C (5721ceed)][39m Calling AppiumDriver.deleteSession() with args: ["5721ceed-031c-4833-870c-0ccc63e2a7cf"]
[debug] [35m[BaseDriver][39m Event 'quitSessionRequested' logged at 1568360706833 (14:45:06 GMT+0700 (GMT+07:00))
[35m[Appium][39m Removing session 5721ceed-031c-4833-870c-0ccc63e2a7cf from our master session list
[debug] [35m[UiAutomator2][39m Deleting UiAutomator2 session
[debug] [35m[UiAutomator2][39m Deleting UiAutomator2 server session
[debug] [35m[WD Proxy][39m Matched '/' to command name 'deleteSession'
[debug] [35m[WD Proxy][39m Proxying [DELETE /] to [DELETE http://localhost:55497/wd/hub/session/b9f5e0bb-23f3-4745-bcd4-030a824ca386] with no body
[35m[WD Proxy][39m Got an unexpected response: {"code":"ECONNRESET"}
[35m[UiAutomator2][39m Did not get confirmation UiAutomator2 deleteSession worked; Error was: UnknownError: An unknown server-side error occurred while processing the command. Original error: Could not proxy command to remote server. Original error: Error: socket hang up
[debug] [35m[UiAutomator2][39m Resetting IME to 'io.appium.settings/.UnicodeIME'
[debug] [35m[ADB][39m Running 'C:\Users\15420\.katalon\tools\android_sdk\platform-tools\adb.exe -P 5037 -s RR8M30NJT6T shell ime set io.appium.settings/.UnicodeIME'
[debug] [35m[ADB][39m Running 'C:\Users\15420\.katalon\tools\android_sdk\platform-tools\adb.exe -P 5037 -s RR8M30NJT6T shell am force-stop com.outsystemsenterprise.accdev1.AccMeMobile2'
[debug] [35m[Logcat][39m Stopping logcat capture
[debug] [35m[ADB][39m Removing forwarded port socket connection: 55497 
[debug] [35m[ADB][39m Running 'C:\Users\15420\.katalon\tools\android_sdk\platform-tools\adb.exe -P 5037 -s RR8M30NJT6T forward --remove tcp\:55497'
[35m[UiAutomator2][39m Restoring hidden api policy to the device default configuration
[debug] [35m[ADB][39m Running 'C:\Users\15420\.katalon\tools\android_sdk\platform-tools\adb.exe -P 5037 -s RR8M30NJT6T shell settings delete global hidden_api_policy_pre_p_apps'
[debug] [35m[ADB][39m Running 'C:\Users\15420\.katalon\tools\android_sdk\platform-tools\adb.exe -P 5037 -s RR8M30NJT6T shell settings delete global hidden_api_policy_p_apps'
[debug] [35m[ADB][39m Running 'C:\Users\15420\.katalon\tools\android_sdk\platform-tools\adb.exe -P 5037 -s RR8M30NJT6T shell settings delete global hidden_api_policy'
[debug] [35m[BaseDriver][39m Event 'quitSessionFinished' logged at 1568360708997 (14:45:08 GMT+0700 (GMT+07:00))
[debug] [35m[W3C (5721ceed)][39m Received response: null
[debug] [35m[W3C (5721ceed)][39m But deleting session, so not returning
[debug] [35m[W3C (5721ceed)][39m Responding to client with driver.deleteSession() result: null
[35m[HTTP][39m [37m<-- DELETE /wd/hub/session/5721ceed-031c-4833-870c-0ccc63e2a7cf [39m[32m200[39m [90m2167 ms - 14[39m
[35m[HTTP][39m [90m[39m
