[35m[Appium][39m Welcome to Appium v1.12.1
[35m[Appium][39m Non-default server args:
[35m[Appium][39m   port: 59698
[35m[Appium][39m   loglevel: info
[35m[Appium][39m   chromeDriverPort: 59702
[35m[Appium][39m   tmpDir: C:\Users\15420\AppData\Local\Temp\\Katalon\Appium\Temp1574400991880
[35m[Appium][39m Appium REST http interface listener started on 0.0.0.0:59698
[35m[HTTP][39m [37m-->[39m [37mGET[39m [37m/wd/hub/status[39m
[35m[HTTP][39m [90m{}[39m
[35m[HTTP][39m [37m<-- GET /wd/hub/status [39m[32m200[39m [90m9 ms - 68[39m
[35m[HTTP][39m [90m[39m
[35m[HTTP][39m [37m-->[39m [37mPOST[39m [37m/wd/hub/session[39m
[35m[HTTP][39m [90m{"desiredCapabilities":{"app":"C:\\Users\\15420\\git\\ACCME-Dupcheck\\AccMe.apk","noReset":true,"deviceId":"","deviceName":"samsung SM-A505F (Android 9)","fullReset":false,"platform":"ANDROID","newCommandTimeout":1800,"platformVersion":"9","automationName":"uiautomator2","autoGrantPermissions":true,"unicodeKeyboard":true,"platformName":"Android","udid":"RR8M30NJT6T","resetKeyboard":true,"systemPort":59697},"capabilities":{"firstMatch":[{"appium:app":"C:\\Users\\15420\\git\\ACCME-Dupcheck\\AccMe.apk","appium:autoGrantPermissions":true,"appium:automationName":"uiautomator2","deviceId":"","appium:deviceName":"samsung SM-A505F (Android 9)","appium:fullReset":false,"appium:newCommandTimeout":1800,"appium:noReset":true,"platform":"ANDROID","platformName":"android","appium:platformVersion":"9","appium:resetKeyboard":true,"appium:systemPort":59697,"appium:udid":"RR8M30NJT6T","appium:unicodeKeyboard":true}]}}[39m
[35m[BaseDriver][39m The capabilities ["deviceId","platform"] are not standard capabilities and should have an extension prefix
[35m[Appium][39m Appium v1.12.1 creating new AndroidUiautomator2Driver (v1.33.0) session
[35m[Appium][39m Capabilities:
[35m[Appium][39m   deviceId: 
[35m[Appium][39m   platform: ANDROID
[35m[Appium][39m   platformName: android
[35m[Appium][39m   app: C:\Users\15420\git\ACCME-Dupcheck\AccMe.apk
[35m[Appium][39m   autoGrantPermissions: true
[35m[Appium][39m   automationName: uiautomator2
[35m[Appium][39m   deviceName: samsung SM-A505F (Android 9)
[35m[Appium][39m   fullReset: false
[35m[Appium][39m   newCommandTimeout: 1800
[35m[Appium][39m   noReset: true
[35m[Appium][39m   platformVersion: 9
[35m[Appium][39m   resetKeyboard: true
[35m[Appium][39m   systemPort: 59697
[35m[Appium][39m   udid: RR8M30NJT6T
[35m[Appium][39m   unicodeKeyboard: true
[35m[BaseDriver][39m The following capabilities were provided, but are not recognized by appium: deviceId, platform.
[35m[BaseDriver][39m Session created with session id: 18dda476-a38b-4c53-aa84-b52df9498d64
[35m[BaseDriver][39m Using local app 'C:\Users\15420\git\ACCME-Dupcheck\AccMe.apk'
[35m[ADB][39m Checking whether adb is present
[35m[ADB][39m Found 1 'build-tools' folders under 'C:\Users\15420\.katalon\tools\android_sdk' (newest first):
[35m[ADB][39m     C:/Users/15420/.katalon/tools/android_sdk/build-tools/29.0.2
[35m[ADB][39m Using adb.exe from C:\Users\15420\.katalon\tools\android_sdk\platform-tools\adb.exe
[35m[AndroidDriver][39m Retrieving device list
[35m[AndroidDriver][39m Using device: RR8M30NJT6T
[35m[UiAutomator2][39m Relaxing hidden api policy
[35m[ADB][39m Using the alternative activity name detection method because of: Could not find apkanalyzer.bat in C:\Users\15420\.katalon\tools\android_sdk\platform-tools\apkanalyzer.bat,C:\Users\15420\.katalon\tools\android_sdk\emulator\apkanalyzer.bat,C:\Users\15420\.katalon\tools\android_sdk\tools\apkanalyzer.bat,C:\Users\15420\.katalon\tools\android_sdk\tools\bin\apkanalyzer.bat,C:\Users\15420\.katalon\tools\android_sdk\build-tools\29.0.2\apkanalyzer.bat. Do you have the Android SDK installed at 'C:\Users\15420\.katalon\tools\android_sdk'?
[35m[ADB][39m Checking whether aapt is present
[35m[ADB][39m Using aapt.exe from C:\Users\15420\.katalon\tools\android_sdk\build-tools\29.0.2\aapt.exe
[35m[ADB][39m Extracting package and launch activity from manifest
[35m[ADB][39m Package name: 'com.outsystemsenterprise.accdev1.AccMeMobile2'
[35m[ADB][39m Main activity name: 'com.outsystemsenterprise.accdev1.AccMeMobile2.MainActivity'
[35m[ADB][39m Using apksigner.bat from C:\Users\15420\.katalon\tools\android_sdk\build-tools\29.0.2\apksigner.bat
[35m[UiAutomator2][39m Server packages are not going to be (re)installed
[35m[UiAutomator2][39m Starting UIAutomator2 server 3.4.0
[35m[UiAutomator2][39m Using UIAutomator2 server from 'C:\Users\15420\AppData\Roaming\npm\node_modules\appium\node_modules\appium-uiautomator2-server\apks\appium-uiautomator2-server-v3.4.0.apk' and test from 'C:\Users\15420\AppData\Roaming\npm\node_modules\appium\node_modules\appium-uiautomator2-server\apks\appium-uiautomator2-server-debug-androidTest.apk'
[35m[UiAutomator2][39m Waiting up to 30000ms for UiAutomator2 to be online...
[35m[WD Proxy][39m Got an unexpected response: {"code":"ECONNRESET"}
[35m[WD Proxy][39m Got an unexpected response: {"code":"ECONNRESET"}
[35m[AndroidDriver][39m Screen already unlocked, doing nothing
[35m[UiAutomator2][39m UiAutomator2 did not start the activity we were waiting for, 'com.outsystemsenterprise.accdev1.AccMeMobile2/com.outsystemsenterprise.accdev1.AccMeMobile2.MainActivity'. Starting it ourselves
[35m[Appium][39m New AndroidUiautomator2Driver session created successfully, session 18dda476-a38b-4c53-aa84-b52df9498d64 added to master session list
[35m[HTTP][39m [37m<-- POST /wd/hub/session [39m[32m200[39m [90m32016 ms - 1340[39m
[35m[HTTP][39m [90m[39m
[35m[HTTP][39m [37m-->[39m [37mGET[39m [37m/wd/hub/session/18dda476-a38b-4c53-aa84-b52df9498d64[39m
[35m[HTTP][39m [90m{}[39m
[35m[HTTP][39m [37m<-- GET /wd/hub/session/18dda476-a38b-4c53-aa84-b52df9498d64 [39m[32m200[39m [90m72 ms - 1272[39m
[35m[HTTP][39m [90m[39m
[35m[HTTP][39m [37m-->[39m [37mGET[39m [37m/wd/hub/session/18dda476-a38b-4c53-aa84-b52df9498d64[39m
[35m[HTTP][39m [90m{}[39m
[35m[HTTP][39m [37m<-- GET /wd/hub/session/18dda476-a38b-4c53-aa84-b52df9498d64 [39m[32m200[39m [90m45 ms - 1272[39m
[35m[HTTP][39m [90m[39m
[35m[HTTP][39m [37m-->[39m [37mGET[39m [37m/wd/hub/status[39m
[35m[HTTP][39m [90m{}[39m
[35m[HTTP][39m [37m<-- GET /wd/hub/status [39m[32m200[39m [90m2 ms - 68[39m
[35m[HTTP][39m [90m[39m
[35m[HTTP][39m [37m-->[39m [37mPOST[39m [37m/wd/hub/session/18dda476-a38b-4c53-aa84-b52df9498d64/timeouts[39m
[35m[HTTP][39m [90m{"implicit":30000}[39m
[35m[HTTP][39m [37m<-- POST /wd/hub/session/18dda476-a38b-4c53-aa84-b52df9498d64/timeouts [39m[32m200[39m [90m9 ms - 14[39m
[35m[HTTP][39m [90m[39m
[35m[HTTP][39m [37m-->[39m [37mPOST[39m [37m/wd/hub/session/18dda476-a38b-4c53-aa84-b52df9498d64/timeouts[39m
[35m[HTTP][39m [90m{"implicit":50}[39m
[35m[HTTP][39m [37m<-- POST /wd/hub/session/18dda476-a38b-4c53-aa84-b52df9498d64/timeouts [39m[32m200[39m [90m4 ms - 14[39m
[35m[HTTP][39m [90m[39m
[35m[HTTP][39m [37m-->[39m [37mGET[39m [37m/wd/hub/session/18dda476-a38b-4c53-aa84-b52df9498d64/window/rect[39m
[35m[HTTP][39m [90m{}[39m
[35m[HTTP][39m [37m<-- GET /wd/hub/session/18dda476-a38b-4c53-aa84-b52df9498d64/window/rect [39m[32m200[39m [90m89 ms - 50[39m
[35m[HTTP][39m [90m[39m
[35m[HTTP][39m [37m-->[39m [37mPOST[39m [37m/wd/hub/session/18dda476-a38b-4c53-aa84-b52df9498d64/elements[39m
[35m[HTTP][39m [90m{"using":"-android uiautomator","value":"new UiSelector().className(\"android.widget.Image\").text(\"AccMeTheme.creditsimulationsicon\")"}[39m
[35m[HTTP][39m [37m<-- POST /wd/hub/session/18dda476-a38b-4c53-aa84-b52df9498d64/elements [39m[32m200[39m [90m2091 ms - 12[39m
[35m[HTTP][39m [90m[39m
[35m[HTTP][39m [37m-->[39m [37mPOST[39m [37m/wd/hub/session/18dda476-a38b-4c53-aa84-b52df9498d64/elements[39m
[35m[HTTP][39m [90m{"using":"-android uiautomator","value":"new UiSelector().className(\"android.widget.Image\").text(\"AccMeTheme.creditsimulationsicon\")"}[39m
[35m[HTTP][39m [37m<-- POST /wd/hub/session/18dda476-a38b-4c53-aa84-b52df9498d64/elements [39m[32m200[39m [90m963 ms - 12[39m
[35m[HTTP][39m [90m[39m
[35m[HTTP][39m [37m-->[39m [37mPOST[39m [37m/wd/hub/session/18dda476-a38b-4c53-aa84-b52df9498d64/elements[39m
[35m[HTTP][39m [90m{"using":"-android uiautomator","value":"new UiSelector().className(\"android.widget.Image\").text(\"AccMeTheme.creditsimulationsicon\")"}[39m
[35m[HTTP][39m [37m<-- POST /wd/hub/session/18dda476-a38b-4c53-aa84-b52df9498d64/elements [39m[32m200[39m [90m474 ms - 12[39m
[35m[HTTP][39m [90m[39m
[35m[HTTP][39m [37m-->[39m [37mPOST[39m [37m/wd/hub/session/18dda476-a38b-4c53-aa84-b52df9498d64/elements[39m
[35m[HTTP][39m [90m{"using":"-android uiautomator","value":"new UiSelector().className(\"android.widget.Image\").text(\"AccMeTheme.creditsimulationsicon\")"}[39m
[35m[HTTP][39m [37m<-- POST /wd/hub/session/18dda476-a38b-4c53-aa84-b52df9498d64/elements [39m[32m200[39m [90m444 ms - 12[39m
[35m[HTTP][39m [90m[39m
[35m[HTTP][39m [37m-->[39m [37mPOST[39m [37m/wd/hub/session/18dda476-a38b-4c53-aa84-b52df9498d64/elements[39m
[35m[HTTP][39m [90m{"using":"-android uiautomator","value":"new UiSelector().className(\"android.widget.Image\").text(\"AccMeTheme.creditsimulationsicon\")"}[39m
[35m[HTTP][39m [37m<-- POST /wd/hub/session/18dda476-a38b-4c53-aa84-b52df9498d64/elements [39m[32m200[39m [90m289 ms - 12[39m
[35m[HTTP][39m [90m[39m
[35m[HTTP][39m [37m-->[39m [37mPOST[39m [37m/wd/hub/session/18dda476-a38b-4c53-aa84-b52df9498d64/elements[39m
[35m[HTTP][39m [90m{"using":"-android uiautomator","value":"new UiSelector().className(\"android.widget.Image\").text(\"AccMeTheme.creditsimulationsicon\")"}[39m
[35m[HTTP][39m [37m<-- POST /wd/hub/session/18dda476-a38b-4c53-aa84-b52df9498d64/elements [39m[32m200[39m [90m2006 ms - 139[39m
[35m[HTTP][39m [90m[39m
[35m[HTTP][39m [37m-->[39m [37mGET[39m [37m/wd/hub/session/18dda476-a38b-4c53-aa84-b52df9498d64/element/eb84fc9b-45ce-4820-8c1d-f86fc229c2be/location[39m
[35m[HTTP][39m [90m{}[39m
[35m[W3C (18dda476)][39m Driver proxy active, passing request on via HTTP proxy
[35m[WD Proxy][39m Replacing sessionId 8d6774b1-4c3b-41e2-a6e4-269690c2069e with 18dda476-a38b-4c53-aa84-b52df9498d64
[35m[HTTP][39m [37m<-- GET /wd/hub/session/18dda476-a38b-4c53-aa84-b52df9498d64/element/eb84fc9b-45ce-4820-8c1d-f86fc229c2be/location [39m[32m200[39m [90m199 ms - 89[39m
[35m[HTTP][39m [90m[39m
[35m[HTTP][39m [37m-->[39m [37mPOST[39m [37m/wd/hub/session/18dda476-a38b-4c53-aa84-b52df9498d64/timeouts[39m
[35m[HTTP][39m [90m{"implicit":30000}[39m
[35m[HTTP][39m [37m<-- POST /wd/hub/session/18dda476-a38b-4c53-aa84-b52df9498d64/timeouts [39m[32m200[39m [90m4 ms - 14[39m
[35m[HTTP][39m [90m[39m
[35m[HTTP][39m [37m-->[39m [37mPOST[39m [37m/wd/hub/session/18dda476-a38b-4c53-aa84-b52df9498d64/timeouts[39m
[35m[HTTP][39m [90m{"implicit":50}[39m
[35m[HTTP][39m [37m<-- POST /wd/hub/session/18dda476-a38b-4c53-aa84-b52df9498d64/timeouts [39m[32m200[39m [90m3 ms - 14[39m
[35m[HTTP][39m [90m[39m
[35m[HTTP][39m [37m-->[39m [37mGET[39m [37m/wd/hub/session/18dda476-a38b-4c53-aa84-b52df9498d64/window/rect[39m
[35m[HTTP][39m [90m{}[39m
[35m[HTTP][39m [37m<-- GET /wd/hub/session/18dda476-a38b-4c53-aa84-b52df9498d64/window/rect [39m[32m200[39m [90m67 ms - 50[39m
[35m[HTTP][39m [90m[39m
[35m[HTTP][39m [37m-->[39m [37mPOST[39m [37m/wd/hub/session/18dda476-a38b-4c53-aa84-b52df9498d64/elements[39m
[35m[HTTP][39m [90m{"using":"-android uiautomator","value":"new UiSelector().className(\"android.widget.Image\").text(\"AccMeTheme.creditsimulationsicon\")"}[39m
[35m[HTTP][39m [37m<-- POST /wd/hub/session/18dda476-a38b-4c53-aa84-b52df9498d64/elements [39m[32m200[39m [90m467 ms - 139[39m
[35m[HTTP][39m [90m[39m
[35m[HTTP][39m [37m-->[39m [37mGET[39m [37m/wd/hub/session/18dda476-a38b-4c53-aa84-b52df9498d64/element/570127a3-bb41-4336-8648-0ea91b804e3b/location[39m
[35m[HTTP][39m [90m{}[39m
[35m[W3C (18dda476)][39m Driver proxy active, passing request on via HTTP proxy
[35m[WD Proxy][39m Replacing sessionId 8d6774b1-4c3b-41e2-a6e4-269690c2069e with 18dda476-a38b-4c53-aa84-b52df9498d64
[35m[HTTP][39m [37m<-- GET /wd/hub/session/18dda476-a38b-4c53-aa84-b52df9498d64/element/570127a3-bb41-4336-8648-0ea91b804e3b/location [39m[32m200[39m [90m227 ms - 89[39m
[35m[HTTP][39m [90m[39m
[35m[HTTP][39m [37m-->[39m [37mPOST[39m [37m/wd/hub/session/18dda476-a38b-4c53-aa84-b52df9498d64/timeouts[39m
[35m[HTTP][39m [90m{"implicit":30000}[39m
[35m[HTTP][39m [37m<-- POST /wd/hub/session/18dda476-a38b-4c53-aa84-b52df9498d64/timeouts [39m[32m200[39m [90m4 ms - 14[39m
[35m[HTTP][39m [90m[39m
[35m[HTTP][39m [37m-->[39m [37mPOST[39m [37m/wd/hub/session/18dda476-a38b-4c53-aa84-b52df9498d64/touch/perform[39m
[35m[HTTP][39m [90m{"actions":[{"action":"tap","options":{"x":1,"y":1,"element":"570127a3-bb41-4336-8648-0ea91b804e3b"}},{"action":"release","options":{}}]}[39m
[35m[UiAutomator2][39m calling get location: 570127a3-bb41-4336-8648-0ea91b804e3b
[35m[HTTP][39m [37m<-- POST /wd/hub/session/18dda476-a38b-4c53-aa84-b52df9498d64/touch/perform [39m[32m200[39m [90m1219 ms - 14[39m
[35m[HTTP][39m [90m[39m
[35m[HTTP][39m [37m-->[39m [37mPOST[39m [37m/wd/hub/session/18dda476-a38b-4c53-aa84-b52df9498d64/timeouts[39m
[35m[HTTP][39m [90m{"implicit":50}[39m
[35m[HTTP][39m [37m<-- POST /wd/hub/session/18dda476-a38b-4c53-aa84-b52df9498d64/timeouts [39m[32m200[39m [90m4 ms - 14[39m
[35m[HTTP][39m [90m[39m
[35m[HTTP][39m [37m-->[39m [37mGET[39m [37m/wd/hub/session/18dda476-a38b-4c53-aa84-b52df9498d64/window/rect[39m
[35m[HTTP][39m [90m{}[39m
[35m[HTTP][39m [37m<-- GET /wd/hub/session/18dda476-a38b-4c53-aa84-b52df9498d64/window/rect [39m[32m200[39m [90m66 ms - 50[39m
[35m[HTTP][39m [90m[39m
[35m[HTTP][39m [37m-->[39m [37mPOST[39m [37m/wd/hub/session/18dda476-a38b-4c53-aa84-b52df9498d64/elements[39m
[35m[HTTP][39m [90m{"using":"-android uiautomator","value":"new UiSelector().className(\"android.widget.Button\").text(\"New Car\").resourceId(\"b7-ButtonGroupItem1\")"}[39m
[35m[HTTP][39m [37m<-- POST /wd/hub/session/18dda476-a38b-4c53-aa84-b52df9498d64/elements [39m[32m200[39m [90m669 ms - 12[39m
[35m[HTTP][39m [90m[39m
[35m[HTTP][39m [37m-->[39m [37mPOST[39m [37m/wd/hub/session/18dda476-a38b-4c53-aa84-b52df9498d64/elements[39m
[35m[HTTP][39m [90m{"using":"-android uiautomator","value":"new UiSelector().className(\"android.widget.Button\").text(\"New Car\").resourceId(\"b7-ButtonGroupItem1\")"}[39m
[35m[HTTP][39m [37m<-- POST /wd/hub/session/18dda476-a38b-4c53-aa84-b52df9498d64/elements [39m[32m200[39m [90m951 ms - 139[39m
[35m[HTTP][39m [90m[39m
[35m[HTTP][39m [37m-->[39m [37mGET[39m [37m/wd/hub/session/18dda476-a38b-4c53-aa84-b52df9498d64/element/a01c7eee-a949-4b6b-b21d-66d389d86397/location[39m
[35m[HTTP][39m [90m{}[39m
[35m[W3C (18dda476)][39m Driver proxy active, passing request on via HTTP proxy
[35m[WD Proxy][39m Replacing sessionId 8d6774b1-4c3b-41e2-a6e4-269690c2069e with 18dda476-a38b-4c53-aa84-b52df9498d64
[35m[HTTP][39m [37m<-- GET /wd/hub/session/18dda476-a38b-4c53-aa84-b52df9498d64/element/a01c7eee-a949-4b6b-b21d-66d389d86397/location [39m[32m200[39m [90m156 ms - 88[39m
[35m[HTTP][39m [90m[39m
[35m[HTTP][39m [37m-->[39m [37mPOST[39m [37m/wd/hub/session/18dda476-a38b-4c53-aa84-b52df9498d64/timeouts[39m
[35m[HTTP][39m [90m{"implicit":30000}[39m
[35m[HTTP][39m [37m<-- POST /wd/hub/session/18dda476-a38b-4c53-aa84-b52df9498d64/timeouts [39m[32m200[39m [90m3 ms - 14[39m
[35m[HTTP][39m [90m[39m
[35m[HTTP][39m [37m-->[39m [37mPOST[39m [37m/wd/hub/session/18dda476-a38b-4c53-aa84-b52df9498d64/touch/perform[39m
[35m[HTTP][39m [90m{"actions":[{"action":"tap","options":{"x":1,"y":1,"element":"a01c7eee-a949-4b6b-b21d-66d389d86397"}},{"action":"release","options":{}}]}[39m
[35m[UiAutomator2][39m calling get location: a01c7eee-a949-4b6b-b21d-66d389d86397
[35m[HTTP][39m [37m<-- POST /wd/hub/session/18dda476-a38b-4c53-aa84-b52df9498d64/touch/perform [39m[32m200[39m [90m1347 ms - 14[39m
[35m[HTTP][39m [90m[39m
[35m[HTTP][39m [37m-->[39m [37mPOST[39m [37m/wd/hub/session/18dda476-a38b-4c53-aa84-b52df9498d64/timeouts[39m
[35m[HTTP][39m [90m{"implicit":50}[39m
[35m[HTTP][39m [37m<-- POST /wd/hub/session/18dda476-a38b-4c53-aa84-b52df9498d64/timeouts [39m[32m200[39m [90m4 ms - 14[39m
[35m[HTTP][39m [90m[39m
[35m[HTTP][39m [37m-->[39m [37mGET[39m [37m/wd/hub/session/18dda476-a38b-4c53-aa84-b52df9498d64/window/rect[39m
[35m[HTTP][39m [90m{}[39m
[35m[HTTP][39m [37m<-- GET /wd/hub/session/18dda476-a38b-4c53-aa84-b52df9498d64/window/rect [39m[32m200[39m [90m47 ms - 50[39m
[35m[HTTP][39m [90m[39m
[35m[HTTP][39m [37m-->[39m [37mPOST[39m [37m/wd/hub/session/18dda476-a38b-4c53-aa84-b52df9498d64/elements[39m
[35m[HTTP][39m [90m{"using":"-android uiautomator","value":"new UiSelector().className(\"android.widget.EditText\").resourceId(\"b7-Input_Brand\")"}[39m
[35m[HTTP][39m [37m<-- POST /wd/hub/session/18dda476-a38b-4c53-aa84-b52df9498d64/elements [39m[32m200[39m [90m811 ms - 139[39m
[35m[HTTP][39m [90m[39m
[35m[HTTP][39m [37m-->[39m [37mGET[39m [37m/wd/hub/session/18dda476-a38b-4c53-aa84-b52df9498d64/element/8b8e5484-c6fa-4cde-ae7b-618fac1a024b/location[39m
[35m[HTTP][39m [90m{}[39m
[35m[W3C (18dda476)][39m Driver proxy active, passing request on via HTTP proxy
[35m[WD Proxy][39m Replacing sessionId 8d6774b1-4c3b-41e2-a6e4-269690c2069e with 18dda476-a38b-4c53-aa84-b52df9498d64
[35m[HTTP][39m [37m<-- GET /wd/hub/session/18dda476-a38b-4c53-aa84-b52df9498d64/element/8b8e5484-c6fa-4cde-ae7b-618fac1a024b/location [39m[32m200[39m [90m104 ms - 89[39m
[35m[HTTP][39m [90m[39m
[35m[HTTP][39m [37m-->[39m [37mPOST[39m [37m/wd/hub/session/18dda476-a38b-4c53-aa84-b52df9498d64/timeouts[39m
[35m[HTTP][39m [90m{"implicit":30000}[39m
[35m[HTTP][39m [37m<-- POST /wd/hub/session/18dda476-a38b-4c53-aa84-b52df9498d64/timeouts [39m[32m200[39m [90m5 ms - 14[39m
[35m[HTTP][39m [90m[39m
[35m[HTTP][39m [37m-->[39m [37mPOST[39m [37m/wd/hub/session/18dda476-a38b-4c53-aa84-b52df9498d64/element/8b8e5484-c6fa-4cde-ae7b-618fac1a024b/clear[39m
[35m[HTTP][39m [90m{"id":"8b8e5484-c6fa-4cde-ae7b-618fac1a024b"}[39m
[35m[HTTP][39m [37m<-- POST /wd/hub/session/18dda476-a38b-4c53-aa84-b52df9498d64/element/8b8e5484-c6fa-4cde-ae7b-618fac1a024b/clear [39m[32m200[39m [90m144 ms - 27[39m
[35m[HTTP][39m [90m[39m
[35m[HTTP][39m [37m-->[39m [37mPOST[39m [37m/wd/hub/session/18dda476-a38b-4c53-aa84-b52df9498d64/element/8b8e5484-c6fa-4cde-ae7b-618fac1a024b/value[39m
[35m[HTTP][39m [90m{"id":"8b8e5484-c6fa-4cde-ae7b-618fac1a024b","text":"HONDA","value":["H","O","N","D","A"]}[39m
[35m[HTTP][39m [37m<-- POST /wd/hub/session/18dda476-a38b-4c53-aa84-b52df9498d64/element/8b8e5484-c6fa-4cde-ae7b-618fac1a024b/value [39m[32m200[39m [90m213 ms - 12[39m
[35m[HTTP][39m [90m[39m
[35m[HTTP][39m [37m-->[39m [37mPOST[39m [37m/wd/hub/session/18dda476-a38b-4c53-aa84-b52df9498d64/timeouts[39m
[35m[HTTP][39m [90m{"implicit":50}[39m
[35m[HTTP][39m [37m<-- POST /wd/hub/session/18dda476-a38b-4c53-aa84-b52df9498d64/timeouts [39m[32m200[39m [90m8 ms - 14[39m
[35m[HTTP][39m [90m[39m
[35m[HTTP][39m [37m-->[39m [37mGET[39m [37m/wd/hub/session/18dda476-a38b-4c53-aa84-b52df9498d64/window/rect[39m
[35m[HTTP][39m [90m{}[39m
[35m[HTTP][39m [37m<-- GET /wd/hub/session/18dda476-a38b-4c53-aa84-b52df9498d64/window/rect [39m[32m200[39m [90m85 ms - 50[39m
[35m[HTTP][39m [90m[39m
[35m[HTTP][39m [37m-->[39m [37mPOST[39m [37m/wd/hub/session/18dda476-a38b-4c53-aa84-b52df9498d64/elements[39m
[35m[HTTP][39m [90m{"using":"-android uiautomator","value":"new UiSelector().className(\"android.widget.EditText\").resourceId(\"b7-Input_Brand\")"}[39m
[35m[HTTP][39m [37m<-- POST /wd/hub/session/18dda476-a38b-4c53-aa84-b52df9498d64/elements [39m[32m200[39m [90m321 ms - 139[39m
[35m[HTTP][39m [90m[39m
[35m[HTTP][39m [37m-->[39m [37mGET[39m [37m/wd/hub/session/18dda476-a38b-4c53-aa84-b52df9498d64/element/846b9c14-a70c-4762-bd1a-89616b5d9d10/location[39m
[35m[HTTP][39m [90m{}[39m
[35m[W3C (18dda476)][39m Driver proxy active, passing request on via HTTP proxy
[35m[WD Proxy][39m Replacing sessionId 8d6774b1-4c3b-41e2-a6e4-269690c2069e with 18dda476-a38b-4c53-aa84-b52df9498d64
[35m[HTTP][39m [37m<-- GET /wd/hub/session/18dda476-a38b-4c53-aa84-b52df9498d64/element/846b9c14-a70c-4762-bd1a-89616b5d9d10/location [39m[32m200[39m [90m109 ms - 89[39m
[35m[HTTP][39m [90m[39m
[35m[HTTP][39m [37m-->[39m [37mPOST[39m [37m/wd/hub/session/18dda476-a38b-4c53-aa84-b52df9498d64/timeouts[39m
[35m[HTTP][39m [90m{"implicit":30000}[39m
[35m[HTTP][39m [37m<-- POST /wd/hub/session/18dda476-a38b-4c53-aa84-b52df9498d64/timeouts [39m[32m200[39m [90m3 ms - 14[39m
[35m[HTTP][39m [90m[39m
[35m[HTTP][39m [37m-->[39m [37mPOST[39m [37m/wd/hub/session/18dda476-a38b-4c53-aa84-b52df9498d64/touch/perform[39m
[35m[HTTP][39m [90m{"actions":[{"action":"tap","options":{"x":1,"y":1,"element":"846b9c14-a70c-4762-bd1a-89616b5d9d10"}},{"action":"release","options":{}}]}[39m
[35m[UiAutomator2][39m calling get location: 846b9c14-a70c-4762-bd1a-89616b5d9d10
[35m[HTTP][39m [37m<-- POST /wd/hub/session/18dda476-a38b-4c53-aa84-b52df9498d64/touch/perform [39m[32m200[39m [90m2561 ms - 14[39m
[35m[HTTP][39m [90m[39m
[35m[HTTP][39m [37m-->[39m [37mPOST[39m [37m/wd/hub/session/18dda476-a38b-4c53-aa84-b52df9498d64/timeouts[39m
[35m[HTTP][39m [90m{"implicit":50}[39m
[35m[HTTP][39m [37m<-- POST /wd/hub/session/18dda476-a38b-4c53-aa84-b52df9498d64/timeouts [39m[32m200[39m [90m4 ms - 14[39m
[35m[HTTP][39m [90m[39m
[35m[HTTP][39m [37m-->[39m [37mGET[39m [37m/wd/hub/session/18dda476-a38b-4c53-aa84-b52df9498d64/window/rect[39m
[35m[HTTP][39m [90m{}[39m
[35m[HTTP][39m [37m<-- GET /wd/hub/session/18dda476-a38b-4c53-aa84-b52df9498d64/window/rect [39m[32m200[39m [90m67 ms - 50[39m
[35m[HTTP][39m [90m[39m
[35m[HTTP][39m [37m-->[39m [37mPOST[39m [37m/wd/hub/session/18dda476-a38b-4c53-aa84-b52df9498d64/elements[39m
[35m[HTTP][39m [90m{"using":"-android uiautomator","value":"new UiSelector().className(\"android.view.View\").textContains(\"HONDA\").enabled(true)"}[39m
[35m[HTTP][39m [37m<-- POST /wd/hub/session/18dda476-a38b-4c53-aa84-b52df9498d64/elements [39m[32m200[39m [90m1234 ms - 267[39m
[35m[HTTP][39m [90m[39m
[35m[HTTP][39m [37m-->[39m [37mGET[39m [37m/wd/hub/session/18dda476-a38b-4c53-aa84-b52df9498d64/element/ff445e44-353a-4875-b8e9-bfee6ba43f1f/location[39m
[35m[HTTP][39m [90m{}[39m
[35m[W3C (18dda476)][39m Driver proxy active, passing request on via HTTP proxy
[35m[WD Proxy][39m Replacing sessionId 8d6774b1-4c3b-41e2-a6e4-269690c2069e with 18dda476-a38b-4c53-aa84-b52df9498d64
[35m[HTTP][39m [37m<-- GET /wd/hub/session/18dda476-a38b-4c53-aa84-b52df9498d64/element/ff445e44-353a-4875-b8e9-bfee6ba43f1f/location [39m[32m200[39m [90m198 ms - 89[39m
[35m[HTTP][39m [90m[39m
[35m[HTTP][39m [37m-->[39m [37mPOST[39m [37m/wd/hub/session/18dda476-a38b-4c53-aa84-b52df9498d64/timeouts[39m
[35m[HTTP][39m [90m{"implicit":30000}[39m
[35m[HTTP][39m [37m<-- POST /wd/hub/session/18dda476-a38b-4c53-aa84-b52df9498d64/timeouts [39m[32m200[39m [90m2 ms - 14[39m
[35m[HTTP][39m [90m[39m
[35m[HTTP][39m [37m-->[39m [37mPOST[39m [37m/wd/hub/session/18dda476-a38b-4c53-aa84-b52df9498d64/touch/perform[39m
[35m[HTTP][39m [90m{"actions":[{"action":"tap","options":{"x":1,"y":1,"element":"ff445e44-353a-4875-b8e9-bfee6ba43f1f"}},{"action":"release","options":{}}]}[39m
[35m[UiAutomator2][39m calling get location: ff445e44-353a-4875-b8e9-bfee6ba43f1f
[35m[HTTP][39m [37m<-- POST /wd/hub/session/18dda476-a38b-4c53-aa84-b52df9498d64/touch/perform [39m[32m200[39m [90m1908 ms - 14[39m
[35m[HTTP][39m [90m[39m
[35m[HTTP][39m [37m-->[39m [37mPOST[39m [37m/wd/hub/session/18dda476-a38b-4c53-aa84-b52df9498d64/timeouts[39m
[35m[HTTP][39m [90m{"implicit":50}[39m
[35m[HTTP][39m [37m<-- POST /wd/hub/session/18dda476-a38b-4c53-aa84-b52df9498d64/timeouts [39m[32m200[39m [90m3 ms - 14[39m
[35m[HTTP][39m [90m[39m
[35m[HTTP][39m [37m-->[39m [37mGET[39m [37m/wd/hub/session/18dda476-a38b-4c53-aa84-b52df9498d64/window/rect[39m
[35m[HTTP][39m [90m{}[39m
[35m[HTTP][39m [37m<-- GET /wd/hub/session/18dda476-a38b-4c53-aa84-b52df9498d64/window/rect [39m[32m200[39m [90m92 ms - 50[39m
[35m[HTTP][39m [90m[39m
[35m[HTTP][39m [37m-->[39m [37mPOST[39m [37m/wd/hub/session/18dda476-a38b-4c53-aa84-b52df9498d64/elements[39m
[35m[HTTP][39m [90m{"using":"-android uiautomator","value":"new UiSelector().className(\"android.widget.EditText\").resourceId(\"b7-Input_Type\")"}[39m
[35m[HTTP][39m [37m<-- POST /wd/hub/session/18dda476-a38b-4c53-aa84-b52df9498d64/elements [39m[32m200[39m [90m712 ms - 139[39m
[35m[HTTP][39m [90m[39m
[35m[HTTP][39m [37m-->[39m [37mGET[39m [37m/wd/hub/session/18dda476-a38b-4c53-aa84-b52df9498d64/element/5adf9000-6453-4f90-b30b-5b9c5fe2d8bc/location[39m
[35m[HTTP][39m [90m{}[39m
[35m[W3C (18dda476)][39m Driver proxy active, passing request on via HTTP proxy
[35m[WD Proxy][39m Replacing sessionId 8d6774b1-4c3b-41e2-a6e4-269690c2069e with 18dda476-a38b-4c53-aa84-b52df9498d64
[35m[HTTP][39m [37m<-- GET /wd/hub/session/18dda476-a38b-4c53-aa84-b52df9498d64/element/5adf9000-6453-4f90-b30b-5b9c5fe2d8bc/location [39m[32m200[39m [90m182 ms - 89[39m
[35m[HTTP][39m [90m[39m
[35m[HTTP][39m [37m-->[39m [37mPOST[39m [37m/wd/hub/session/18dda476-a38b-4c53-aa84-b52df9498d64/timeouts[39m
[35m[HTTP][39m [90m{"implicit":30000}[39m
[35m[HTTP][39m [37m<-- POST /wd/hub/session/18dda476-a38b-4c53-aa84-b52df9498d64/timeouts [39m[32m200[39m [90m3 ms - 14[39m
[35m[HTTP][39m [90m[39m
[35m[HTTP][39m [37m-->[39m [37mPOST[39m [37m/wd/hub/session/18dda476-a38b-4c53-aa84-b52df9498d64/touch/perform[39m
[35m[HTTP][39m [90m{"actions":[{"action":"tap","options":{"x":1,"y":1,"element":"5adf9000-6453-4f90-b30b-5b9c5fe2d8bc"}},{"action":"release","options":{}}]}[39m
[35m[UiAutomator2][39m calling get location: 5adf9000-6453-4f90-b30b-5b9c5fe2d8bc
[35m[HTTP][39m [37m<-- POST /wd/hub/session/18dda476-a38b-4c53-aa84-b52df9498d64/touch/perform [39m[32m200[39m [90m1916 ms - 14[39m
[35m[HTTP][39m [90m[39m
[35m[HTTP][39m [37m-->[39m [37mPOST[39m [37m/wd/hub/session/18dda476-a38b-4c53-aa84-b52df9498d64/timeouts[39m
[35m[HTTP][39m [90m{"implicit":50}[39m
[35m[HTTP][39m [37m<-- POST /wd/hub/session/18dda476-a38b-4c53-aa84-b52df9498d64/timeouts [39m[32m200[39m [90m7 ms - 14[39m
[35m[HTTP][39m [90m[39m
[35m[HTTP][39m [37m-->[39m [37mGET[39m [37m/wd/hub/session/18dda476-a38b-4c53-aa84-b52df9498d64/window/rect[39m
[35m[HTTP][39m [90m{}[39m
[35m[HTTP][39m [37m<-- GET /wd/hub/session/18dda476-a38b-4c53-aa84-b52df9498d64/window/rect [39m[32m200[39m [90m101 ms - 50[39m
[35m[HTTP][39m [90m[39m
[35m[HTTP][39m [37m-->[39m [37mPOST[39m [37m/wd/hub/session/18dda476-a38b-4c53-aa84-b52df9498d64/elements[39m
[35m[HTTP][39m [90m{"using":"-android uiautomator","value":"new UiSelector().className(\"android.widget.EditText\").resourceId(\"b7-Input_Type\")"}[39m
[35m[HTTP][39m [37m<-- POST /wd/hub/session/18dda476-a38b-4c53-aa84-b52df9498d64/elements [39m[32m200[39m [90m676 ms - 139[39m
[35m[HTTP][39m [90m[39m
[35m[HTTP][39m [37m-->[39m [37mGET[39m [37m/wd/hub/session/18dda476-a38b-4c53-aa84-b52df9498d64/element/84824ebc-fd28-4170-8500-c98e8818d159/location[39m
[35m[HTTP][39m [90m{}[39m
[35m[W3C (18dda476)][39m Driver proxy active, passing request on via HTTP proxy
[35m[WD Proxy][39m Replacing sessionId 8d6774b1-4c3b-41e2-a6e4-269690c2069e with 18dda476-a38b-4c53-aa84-b52df9498d64
[35m[HTTP][39m [37m<-- GET /wd/hub/session/18dda476-a38b-4c53-aa84-b52df9498d64/element/84824ebc-fd28-4170-8500-c98e8818d159/location [39m[32m200[39m [90m185 ms - 89[39m
[35m[HTTP][39m [90m[39m
[35m[HTTP][39m [37m-->[39m [37mPOST[39m [37m/wd/hub/session/18dda476-a38b-4c53-aa84-b52df9498d64/timeouts[39m
[35m[HTTP][39m [90m{"implicit":30000}[39m
[35m[HTTP][39m [37m<-- POST /wd/hub/session/18dda476-a38b-4c53-aa84-b52df9498d64/timeouts [39m[32m200[39m [90m3 ms - 14[39m
[35m[HTTP][39m [90m[39m
[35m[HTTP][39m [37m-->[39m [37mPOST[39m [37m/wd/hub/session/18dda476-a38b-4c53-aa84-b52df9498d64/element/84824ebc-fd28-4170-8500-c98e8818d159/clear[39m
[35m[HTTP][39m [90m{"id":"84824ebc-fd28-4170-8500-c98e8818d159"}[39m
[35m[HTTP][39m [37m<-- POST /wd/hub/session/18dda476-a38b-4c53-aa84-b52df9498d64/element/84824ebc-fd28-4170-8500-c98e8818d159/clear [39m[32m200[39m [90m190 ms - 27[39m
[35m[HTTP][39m [90m[39m
[35m[HTTP][39m [37m-->[39m [37mPOST[39m [37m/wd/hub/session/18dda476-a38b-4c53-aa84-b52df9498d64/element/84824ebc-fd28-4170-8500-c98e8818d159/value[39m
[35m[HTTP][39m [90m{"id":"84824ebc-fd28-4170-8500-c98e8818d159","text":"C02","value":["C","0","2"]}[39m
[35m[HTTP][39m [37m<-- POST /wd/hub/session/18dda476-a38b-4c53-aa84-b52df9498d64/element/84824ebc-fd28-4170-8500-c98e8818d159/value [39m[32m200[39m [90m1013 ms - 12[39m
[35m[HTTP][39m [90m[39m
[35m[HTTP][39m [37m-->[39m [37mPOST[39m [37m/wd/hub/session/18dda476-a38b-4c53-aa84-b52df9498d64/timeouts[39m
[35m[HTTP][39m [90m{"implicit":50}[39m
[35m[HTTP][39m [37m<-- POST /wd/hub/session/18dda476-a38b-4c53-aa84-b52df9498d64/timeouts [39m[32m200[39m [90m3 ms - 14[39m
[35m[HTTP][39m [90m[39m
[35m[HTTP][39m [37m-->[39m [37mGET[39m [37m/wd/hub/session/18dda476-a38b-4c53-aa84-b52df9498d64/window/rect[39m
[35m[HTTP][39m [90m{}[39m
[35m[HTTP][39m [37m<-- GET /wd/hub/session/18dda476-a38b-4c53-aa84-b52df9498d64/window/rect [39m[32m200[39m [90m58 ms - 50[39m
[35m[HTTP][39m [90m[39m
[35m[HTTP][39m [37m-->[39m [37mPOST[39m [37m/wd/hub/session/18dda476-a38b-4c53-aa84-b52df9498d64/elements[39m
[35m[HTTP][39m [90m{"using":"-android uiautomator","value":"new UiSelector().className(\"android.widget.EditText\").resourceId(\"b7-Input_Type\")"}[39m
[35m[HTTP][39m [37m<-- POST /wd/hub/session/18dda476-a38b-4c53-aa84-b52df9498d64/elements [39m[32m200[39m [90m492 ms - 139[39m
[35m[HTTP][39m [90m[39m
[35m[HTTP][39m [37m-->[39m [37mGET[39m [37m/wd/hub/session/18dda476-a38b-4c53-aa84-b52df9498d64/element/e50d523b-d890-4576-94cb-d332b065a7d3/location[39m
[35m[HTTP][39m [90m{}[39m
[35m[W3C (18dda476)][39m Driver proxy active, passing request on via HTTP proxy
[35m[WD Proxy][39m Replacing sessionId 8d6774b1-4c3b-41e2-a6e4-269690c2069e with 18dda476-a38b-4c53-aa84-b52df9498d64
[35m[HTTP][39m [37m<-- GET /wd/hub/session/18dda476-a38b-4c53-aa84-b52df9498d64/element/e50d523b-d890-4576-94cb-d332b065a7d3/location [39m[32m200[39m [90m194 ms - 89[39m
[35m[HTTP][39m [90m[39m
[35m[HTTP][39m [37m-->[39m [37mPOST[39m [37m/wd/hub/session/18dda476-a38b-4c53-aa84-b52df9498d64/timeouts[39m
[35m[HTTP][39m [90m{"implicit":30000}[39m
[35m[HTTP][39m [37m<-- POST /wd/hub/session/18dda476-a38b-4c53-aa84-b52df9498d64/timeouts [39m[32m200[39m [90m6 ms - 14[39m
[35m[HTTP][39m [90m[39m
[35m[HTTP][39m [37m-->[39m [37mPOST[39m [37m/wd/hub/session/18dda476-a38b-4c53-aa84-b52df9498d64/touch/perform[39m
[35m[HTTP][39m [90m{"actions":[{"action":"tap","options":{"x":1,"y":1,"element":"e50d523b-d890-4576-94cb-d332b065a7d3"}},{"action":"release","options":{}}]}[39m
[35m[UiAutomator2][39m calling get location: e50d523b-d890-4576-94cb-d332b065a7d3
[35m[HTTP][39m [37m<-- POST /wd/hub/session/18dda476-a38b-4c53-aa84-b52df9498d64/touch/perform [39m[32m200[39m [90m1279 ms - 14[39m
[35m[HTTP][39m [90m[39m
[35m[HTTP][39m [37m-->[39m [37mPOST[39m [37m/wd/hub/session/18dda476-a38b-4c53-aa84-b52df9498d64/timeouts[39m
[35m[HTTP][39m [90m{"implicit":50}[39m
[35m[HTTP][39m [37m<-- POST /wd/hub/session/18dda476-a38b-4c53-aa84-b52df9498d64/timeouts [39m[32m200[39m [90m5 ms - 14[39m
[35m[HTTP][39m [90m[39m
[35m[HTTP][39m [37m-->[39m [37mGET[39m [37m/wd/hub/session/18dda476-a38b-4c53-aa84-b52df9498d64/window/rect[39m
[35m[HTTP][39m [90m{}[39m
[35m[HTTP][39m [37m<-- GET /wd/hub/session/18dda476-a38b-4c53-aa84-b52df9498d64/window/rect [39m[32m200[39m [90m92 ms - 50[39m
[35m[HTTP][39m [90m[39m
[35m[HTTP][39m [37m-->[39m [37mPOST[39m [37m/wd/hub/session/18dda476-a38b-4c53-aa84-b52df9498d64/elements[39m
[35m[HTTP][39m [90m{"using":"-android uiautomator","value":"new UiSelector().className(\"android.view.View\").resourceId(\"b7-l8-0-ListItemType\").instance(70)"}[39m
[35m[HTTP][39m [37m<-- POST /wd/hub/session/18dda476-a38b-4c53-aa84-b52df9498d64/elements [39m[32m200[39m [90m667 ms - 139[39m
[35m[HTTP][39m [90m[39m
[35m[HTTP][39m [37m-->[39m [37mGET[39m [37m/wd/hub/session/18dda476-a38b-4c53-aa84-b52df9498d64/element/6818c196-253c-40c9-93bd-5c9ab5d5aab5/location[39m
[35m[HTTP][39m [90m{}[39m
[35m[W3C (18dda476)][39m Driver proxy active, passing request on via HTTP proxy
[35m[WD Proxy][39m Replacing sessionId 8d6774b1-4c3b-41e2-a6e4-269690c2069e with 18dda476-a38b-4c53-aa84-b52df9498d64
[35m[HTTP][39m [37m<-- GET /wd/hub/session/18dda476-a38b-4c53-aa84-b52df9498d64/element/6818c196-253c-40c9-93bd-5c9ab5d5aab5/location [39m[32m200[39m [90m185 ms - 89[39m
[35m[HTTP][39m [90m[39m
[35m[HTTP][39m [37m-->[39m [37mPOST[39m [37m/wd/hub/session/18dda476-a38b-4c53-aa84-b52df9498d64/timeouts[39m
[35m[HTTP][39m [90m{"implicit":30000}[39m
[35m[HTTP][39m [37m<-- POST /wd/hub/session/18dda476-a38b-4c53-aa84-b52df9498d64/timeouts [39m[32m200[39m [90m3 ms - 14[39m
[35m[HTTP][39m [90m[39m
[35m[HTTP][39m [37m-->[39m [37mPOST[39m [37m/wd/hub/session/18dda476-a38b-4c53-aa84-b52df9498d64/touch/perform[39m
[35m[HTTP][39m [90m{"actions":[{"action":"tap","options":{"x":1,"y":1,"element":"6818c196-253c-40c9-93bd-5c9ab5d5aab5"}},{"action":"release","options":{}}]}[39m
[35m[UiAutomator2][39m calling get location: 6818c196-253c-40c9-93bd-5c9ab5d5aab5
[35m[HTTP][39m [37m<-- POST /wd/hub/session/18dda476-a38b-4c53-aa84-b52df9498d64/touch/perform [39m[32m200[39m [90m1930 ms - 14[39m
[35m[HTTP][39m [90m[39m
[35m[HTTP][39m [37m-->[39m [37mGET[39m [37m/wd/hub/session/18dda476-a38b-4c53-aa84-b52df9498d64/context[39m
[35m[HTTP][39m [90m{}[39m
[35m[HTTP][39m [37m<-- GET /wd/hub/session/18dda476-a38b-4c53-aa84-b52df9498d64/context [39m[32m200[39m [90m4 ms - 22[39m
[35m[HTTP][39m [90m[39m
[35m[HTTP][39m [37m-->[39m [37mGET[39m [37m/wd/hub/session/18dda476-a38b-4c53-aa84-b52df9498d64/contexts[39m
[35m[HTTP][39m [90m{}[39m
[35m[HTTP][39m [37m<-- GET /wd/hub/session/18dda476-a38b-4c53-aa84-b52df9498d64/contexts [39m[32m200[39m [90m995 ms - 80[39m
[35m[HTTP][39m [90m[39m
[35m[HTTP][39m [37m-->[39m [37mPOST[39m [37m/wd/hub/session/18dda476-a38b-4c53-aa84-b52df9498d64/context[39m
[35m[HTTP][39m [90m{"name":"NATIVE_APP"}[39m
[35m[HTTP][39m [37m<-- POST /wd/hub/session/18dda476-a38b-4c53-aa84-b52df9498d64/context [39m[32m200[39m [90m4 ms - 14[39m
[35m[HTTP][39m [90m[39m
[35m[HTTP][39m [37m-->[39m [37mGET[39m [37m/wd/hub/session/18dda476-a38b-4c53-aa84-b52df9498d64/window/rect[39m
[35m[HTTP][39m [90m{}[39m
[35m[HTTP][39m [37m<-- GET /wd/hub/session/18dda476-a38b-4c53-aa84-b52df9498d64/window/rect [39m[32m200[39m [90m88 ms - 50[39m
[35m[HTTP][39m [90m[39m
[35m[HTTP][39m [37m-->[39m [37mPOST[39m [37m/wd/hub/session/18dda476-a38b-4c53-aa84-b52df9498d64/context[39m
[35m[HTTP][39m [90m{"name":"NATIVE_APP"}[39m
[35m[HTTP][39m [37m<-- POST /wd/hub/session/18dda476-a38b-4c53-aa84-b52df9498d64/context [39m[32m200[39m [90m4 ms - 14[39m
[35m[HTTP][39m [90m[39m
[35m[HTTP][39m [37m-->[39m [37mGET[39m [37m/wd/hub/session/18dda476-a38b-4c53-aa84-b52df9498d64/context[39m
[35m[HTTP][39m [90m{}[39m
[35m[HTTP][39m [37m<-- GET /wd/hub/session/18dda476-a38b-4c53-aa84-b52df9498d64/context [39m[32m200[39m [90m3 ms - 22[39m
[35m[HTTP][39m [90m[39m
[35m[HTTP][39m [37m-->[39m [37mGET[39m [37m/wd/hub/session/18dda476-a38b-4c53-aa84-b52df9498d64/contexts[39m
[35m[HTTP][39m [90m{}[39m
[35m[HTTP][39m [37m<-- GET /wd/hub/session/18dda476-a38b-4c53-aa84-b52df9498d64/contexts [39m[32m200[39m [90m786 ms - 80[39m
[35m[HTTP][39m [90m[39m
[35m[HTTP][39m [37m-->[39m [37mPOST[39m [37m/wd/hub/session/18dda476-a38b-4c53-aa84-b52df9498d64/context[39m
[35m[HTTP][39m [90m{"name":"NATIVE_APP"}[39m
[35m[HTTP][39m [37m<-- POST /wd/hub/session/18dda476-a38b-4c53-aa84-b52df9498d64/context [39m[32m200[39m [90m4 ms - 14[39m
[35m[HTTP][39m [90m[39m
[35m[HTTP][39m [37m-->[39m [37mGET[39m [37m/wd/hub/session/18dda476-a38b-4c53-aa84-b52df9498d64/window/rect[39m
[35m[HTTP][39m [90m{}[39m
[35m[HTTP][39m [37m<-- GET /wd/hub/session/18dda476-a38b-4c53-aa84-b52df9498d64/window/rect [39m[32m200[39m [90m108 ms - 50[39m
[35m[HTTP][39m [90m[39m
[35m[HTTP][39m [37m-->[39m [37mPOST[39m [37m/wd/hub/session/18dda476-a38b-4c53-aa84-b52df9498d64/context[39m
[35m[HTTP][39m [90m{"name":"NATIVE_APP"}[39m
[35m[HTTP][39m [37m<-- POST /wd/hub/session/18dda476-a38b-4c53-aa84-b52df9498d64/context [39m[32m200[39m [90m4 ms - 14[39m
[35m[HTTP][39m [90m[39m
[35m[HTTP][39m [37m-->[39m [37mGET[39m [37m/wd/hub/session/18dda476-a38b-4c53-aa84-b52df9498d64/context[39m
[35m[HTTP][39m [90m{}[39m
[35m[HTTP][39m [37m<-- GET /wd/hub/session/18dda476-a38b-4c53-aa84-b52df9498d64/context [39m[32m200[39m [90m4 ms - 22[39m
[35m[HTTP][39m [90m[39m
[35m[HTTP][39m [37m-->[39m [37mGET[39m [37m/wd/hub/session/18dda476-a38b-4c53-aa84-b52df9498d64/contexts[39m
[35m[HTTP][39m [90m{}[39m
[35m[HTTP][39m [37m<-- GET /wd/hub/session/18dda476-a38b-4c53-aa84-b52df9498d64/contexts [39m[32m200[39m [90m852 ms - 80[39m
[35m[HTTP][39m [90m[39m
[35m[HTTP][39m [37m-->[39m [37mPOST[39m [37m/wd/hub/session/18dda476-a38b-4c53-aa84-b52df9498d64/context[39m
[35m[HTTP][39m [90m{"name":"NATIVE_APP"}[39m
[35m[HTTP][39m [37m<-- POST /wd/hub/session/18dda476-a38b-4c53-aa84-b52df9498d64/context [39m[32m200[39m [90m3 ms - 14[39m
[35m[HTTP][39m [90m[39m
[35m[HTTP][39m [37m-->[39m [37mPOST[39m [37m/wd/hub/session/18dda476-a38b-4c53-aa84-b52df9498d64/touch/perform[39m
[35m[HTTP][39m [90m{"actions":[{"action":"press","options":{"x":1000,"y":1704}},{"action":"wait","options":{"ms":500}},{"action":"moveTo","options":{"x":1000,"y":1065}},{"action":"release","options":{}}]}[39m
[35m[HTTP][39m [37m<-- POST /wd/hub/session/18dda476-a38b-4c53-aa84-b52df9498d64/touch/perform [39m[32m200[39m [90m1286 ms - 14[39m
[35m[HTTP][39m [90m[39m
[35m[HTTP][39m [37m-->[39m [37mPOST[39m [37m/wd/hub/session/18dda476-a38b-4c53-aa84-b52df9498d64/context[39m
[35m[HTTP][39m [90m{"name":"NATIVE_APP"}[39m
[35m[HTTP][39m [37m<-- POST /wd/hub/session/18dda476-a38b-4c53-aa84-b52df9498d64/context [39m[32m200[39m [90m3 ms - 14[39m
[35m[HTTP][39m [90m[39m
[35m[HTTP][39m [37m-->[39m [37mPOST[39m [37m/wd/hub/session/18dda476-a38b-4c53-aa84-b52df9498d64/timeouts[39m
[35m[HTTP][39m [90m{"implicit":50}[39m
[35m[HTTP][39m [37m<-- POST /wd/hub/session/18dda476-a38b-4c53-aa84-b52df9498d64/timeouts [39m[32m200[39m [90m5 ms - 14[39m
[35m[HTTP][39m [90m[39m
[35m[HTTP][39m [37m-->[39m [37mGET[39m [37m/wd/hub/session/18dda476-a38b-4c53-aa84-b52df9498d64/window/rect[39m
[35m[HTTP][39m [90m{}[39m
[35m[HTTP][39m [37m<-- GET /wd/hub/session/18dda476-a38b-4c53-aa84-b52df9498d64/window/rect [39m[32m200[39m [90m86 ms - 50[39m
[35m[HTTP][39m [90m[39m
[35m[HTTP][39m [37m-->[39m [37mPOST[39m [37m/wd/hub/session/18dda476-a38b-4c53-aa84-b52df9498d64/elements[39m
[35m[HTTP][39m [90m{"using":"-android uiautomator","value":"new UiSelector().className(\"android.view.View\").resourceId(\"b7-Input_Model3\")"}[39m
[35m[HTTP][39m [37m<-- POST /wd/hub/session/18dda476-a38b-4c53-aa84-b52df9498d64/elements [39m[32m200[39m [90m673 ms - 139[39m
[35m[HTTP][39m [90m[39m
[35m[HTTP][39m [37m-->[39m [37mGET[39m [37m/wd/hub/session/18dda476-a38b-4c53-aa84-b52df9498d64/element/91c6f76b-8765-4c81-94b2-3c276eda820f/location[39m
[35m[HTTP][39m [90m{}[39m
[35m[W3C (18dda476)][39m Driver proxy active, passing request on via HTTP proxy
[35m[WD Proxy][39m Replacing sessionId 8d6774b1-4c3b-41e2-a6e4-269690c2069e with 18dda476-a38b-4c53-aa84-b52df9498d64
[35m[HTTP][39m [37m<-- GET /wd/hub/session/18dda476-a38b-4c53-aa84-b52df9498d64/element/91c6f76b-8765-4c81-94b2-3c276eda820f/location [39m[32m200[39m [90m174 ms - 88[39m
[35m[HTTP][39m [90m[39m
[35m[HTTP][39m [37m-->[39m [37mPOST[39m [37m/wd/hub/session/18dda476-a38b-4c53-aa84-b52df9498d64/timeouts[39m
[35m[HTTP][39m [90m{"implicit":30000}[39m
[35m[HTTP][39m [37m<-- POST /wd/hub/session/18dda476-a38b-4c53-aa84-b52df9498d64/timeouts [39m[32m200[39m [90m4 ms - 14[39m
[35m[HTTP][39m [90m[39m
[35m[HTTP][39m [37m-->[39m [37mPOST[39m [37m/wd/hub/session/18dda476-a38b-4c53-aa84-b52df9498d64/touch/perform[39m
[35m[HTTP][39m [90m{"actions":[{"action":"tap","options":{"x":1,"y":1,"element":"91c6f76b-8765-4c81-94b2-3c276eda820f"}},{"action":"release","options":{}}]}[39m
[35m[UiAutomator2][39m calling get location: 91c6f76b-8765-4c81-94b2-3c276eda820f
[35m[HTTP][39m [37m<-- POST /wd/hub/session/18dda476-a38b-4c53-aa84-b52df9498d64/touch/perform [39m[32m200[39m [90m1784 ms - 14[39m
[35m[HTTP][39m [90m[39m
[35m[HTTP][39m [37m-->[39m [37mGET[39m [37m/wd/hub/session/18dda476-a38b-4c53-aa84-b52df9498d64/context[39m
[35m[HTTP][39m [90m{}[39m
[35m[HTTP][39m [37m<-- GET /wd/hub/session/18dda476-a38b-4c53-aa84-b52df9498d64/context [39m[32m200[39m [90m4 ms - 22[39m
[35m[HTTP][39m [90m[39m
[35m[HTTP][39m [37m-->[39m [37mGET[39m [37m/wd/hub/session/18dda476-a38b-4c53-aa84-b52df9498d64/contexts[39m
[35m[HTTP][39m [90m{}[39m
[35m[HTTP][39m [37m<-- GET /wd/hub/session/18dda476-a38b-4c53-aa84-b52df9498d64/contexts [39m[32m200[39m [90m1054 ms - 80[39m
[35m[HTTP][39m [90m[39m
[35m[HTTP][39m [37m-->[39m [37mPOST[39m [37m/wd/hub/session/18dda476-a38b-4c53-aa84-b52df9498d64/context[39m
[35m[HTTP][39m [90m{"name":"NATIVE_APP"}[39m
[35m[HTTP][39m [37m<-- POST /wd/hub/session/18dda476-a38b-4c53-aa84-b52df9498d64/context [39m[32m200[39m [90m4 ms - 14[39m
[35m[HTTP][39m [90m[39m
[35m[HTTP][39m [37m-->[39m [37mPOST[39m [37m/wd/hub/session/18dda476-a38b-4c53-aa84-b52df9498d64/element[39m
[35m[HTTP][39m [90m{"using":"-android uiautomator","value":"new UiScrollable(new UiSelector().scrollable(true).instance(0)).scrollIntoView(new UiSelector().textContains(\"T:1.5IDSI A/T\"))"}[39m
[35m[HTTP][39m [37m<-- POST /wd/hub/session/18dda476-a38b-4c53-aa84-b52df9498d64/element [39m[32m200[39m [90m4018 ms - 137[39m
[35m[HTTP][39m [90m[39m
[35m[HTTP][39m [37m-->[39m [37mPOST[39m [37m/wd/hub/session/18dda476-a38b-4c53-aa84-b52df9498d64/context[39m
[35m[HTTP][39m [90m{"name":"NATIVE_APP"}[39m
[35m[HTTP][39m [37m<-- POST /wd/hub/session/18dda476-a38b-4c53-aa84-b52df9498d64/context [39m[32m200[39m [90m4 ms - 14[39m
[35m[HTTP][39m [90m[39m
[35m[HTTP][39m [37m-->[39m [37mPOST[39m [37m/wd/hub/session/18dda476-a38b-4c53-aa84-b52df9498d64/timeouts[39m
[35m[HTTP][39m [90m{"implicit":50}[39m
[35m[HTTP][39m [37m<-- POST /wd/hub/session/18dda476-a38b-4c53-aa84-b52df9498d64/timeouts [39m[32m200[39m [90m4 ms - 14[39m
[35m[HTTP][39m [90m[39m
[35m[HTTP][39m [37m-->[39m [37mGET[39m [37m/wd/hub/session/18dda476-a38b-4c53-aa84-b52df9498d64/window/rect[39m
[35m[HTTP][39m [90m{}[39m
[35m[HTTP][39m [37m<-- GET /wd/hub/session/18dda476-a38b-4c53-aa84-b52df9498d64/window/rect [39m[32m200[39m [90m98 ms - 50[39m
[35m[HTTP][39m [90m[39m
[35m[HTTP][39m [37m-->[39m [37mPOST[39m [37m/wd/hub/session/18dda476-a38b-4c53-aa84-b52df9498d64/elements[39m
[35m[HTTP][39m [90m{"using":"-android uiautomator","value":"new UiSelector().className(\"android.widget.CheckedTextView\").textContains(\"T:1.5IDSI A/T\")"}[39m
[35m[HTTP][39m [37m<-- POST /wd/hub/session/18dda476-a38b-4c53-aa84-b52df9498d64/elements [39m[32m200[39m [90m192 ms - 139[39m
[35m[HTTP][39m [90m[39m
[35m[HTTP][39m [37m-->[39m [37mGET[39m [37m/wd/hub/session/18dda476-a38b-4c53-aa84-b52df9498d64/element/18923245-b3fa-4de9-9ef1-63be6e6ab901/location[39m
[35m[HTTP][39m [90m{}[39m
[35m[W3C (18dda476)][39m Driver proxy active, passing request on via HTTP proxy
[35m[WD Proxy][39m Replacing sessionId 8d6774b1-4c3b-41e2-a6e4-269690c2069e with 18dda476-a38b-4c53-aa84-b52df9498d64
[35m[HTTP][39m [37m<-- GET /wd/hub/session/18dda476-a38b-4c53-aa84-b52df9498d64/element/18923245-b3fa-4de9-9ef1-63be6e6ab901/location [39m[32m200[39m [90m157 ms - 88[39m
[35m[HTTP][39m [90m[39m
[35m[HTTP][39m [37m-->[39m [37mPOST[39m [37m/wd/hub/session/18dda476-a38b-4c53-aa84-b52df9498d64/timeouts[39m
[35m[HTTP][39m [90m{"implicit":30000}[39m
[35m[HTTP][39m [37m<-- POST /wd/hub/session/18dda476-a38b-4c53-aa84-b52df9498d64/timeouts [39m[32m200[39m [90m4 ms - 14[39m
[35m[HTTP][39m [90m[39m
[35m[HTTP][39m [37m-->[39m [37mPOST[39m [37m/wd/hub/session/18dda476-a38b-4c53-aa84-b52df9498d64/touch/perform[39m
[35m[HTTP][39m [90m{"actions":[{"action":"tap","options":{"x":1,"y":1,"element":"18923245-b3fa-4de9-9ef1-63be6e6ab901"}},{"action":"release","options":{}}]}[39m
[35m[UiAutomator2][39m calling get location: 18923245-b3fa-4de9-9ef1-63be6e6ab901
[35m[HTTP][39m [37m<-- POST /wd/hub/session/18dda476-a38b-4c53-aa84-b52df9498d64/touch/perform [39m[32m200[39m [90m1114 ms - 14[39m
[35m[HTTP][39m [90m[39m
[35m[HTTP][39m [37m-->[39m [37mPOST[39m [37m/wd/hub/session/18dda476-a38b-4c53-aa84-b52df9498d64/timeouts[39m
[35m[HTTP][39m [90m{"implicit":50}[39m
[35m[HTTP][39m [37m<-- POST /wd/hub/session/18dda476-a38b-4c53-aa84-b52df9498d64/timeouts [39m[32m200[39m [90m4 ms - 14[39m
[35m[HTTP][39m [90m[39m
[35m[HTTP][39m [37m-->[39m [37mGET[39m [37m/wd/hub/session/18dda476-a38b-4c53-aa84-b52df9498d64/window/rect[39m
[35m[HTTP][39m [90m{}[39m
[35m[HTTP][39m [37m<-- GET /wd/hub/session/18dda476-a38b-4c53-aa84-b52df9498d64/window/rect [39m[32m200[39m [90m89 ms - 50[39m
[35m[HTTP][39m [90m[39m
[35m[HTTP][39m [37m-->[39m [37mPOST[39m [37m/wd/hub/session/18dda476-a38b-4c53-aa84-b52df9498d64/elements[39m
[35m[HTTP][39m [90m{"using":"-android uiautomator","value":"new UiSelector().className(\"android.widget.Spinner\").resourceId(\"b7-b8-List\")"}[39m
[35m[HTTP][39m [37m<-- POST /wd/hub/session/18dda476-a38b-4c53-aa84-b52df9498d64/elements [39m[32m200[39m [90m784 ms - 139[39m
[35m[HTTP][39m [90m[39m
[35m[HTTP][39m [37m-->[39m [37mGET[39m [37m/wd/hub/session/18dda476-a38b-4c53-aa84-b52df9498d64/element/5918a29f-cf38-4ce6-8be7-dcb927b2e154/location[39m
[35m[HTTP][39m [90m{}[39m
[35m[W3C (18dda476)][39m Driver proxy active, passing request on via HTTP proxy
[35m[WD Proxy][39m Replacing sessionId 8d6774b1-4c3b-41e2-a6e4-269690c2069e with 18dda476-a38b-4c53-aa84-b52df9498d64
[35m[HTTP][39m [37m<-- GET /wd/hub/session/18dda476-a38b-4c53-aa84-b52df9498d64/element/5918a29f-cf38-4ce6-8be7-dcb927b2e154/location [39m[32m200[39m [90m215 ms - 88[39m
[35m[HTTP][39m [90m[39m
[35m[HTTP][39m [37m-->[39m [37mPOST[39m [37m/wd/hub/session/18dda476-a38b-4c53-aa84-b52df9498d64/timeouts[39m
[35m[HTTP][39m [90m{"implicit":30000}[39m
[35m[HTTP][39m [37m<-- POST /wd/hub/session/18dda476-a38b-4c53-aa84-b52df9498d64/timeouts [39m[32m200[39m [90m3 ms - 14[39m
[35m[HTTP][39m [90m[39m
[35m[HTTP][39m [37m-->[39m [37mPOST[39m [37m/wd/hub/session/18dda476-a38b-4c53-aa84-b52df9498d64/touch/perform[39m
[35m[HTTP][39m [90m{"actions":[{"action":"tap","options":{"x":1,"y":1,"element":"5918a29f-cf38-4ce6-8be7-dcb927b2e154"}},{"action":"release","options":{}}]}[39m
[35m[UiAutomator2][39m calling get location: 5918a29f-cf38-4ce6-8be7-dcb927b2e154
[35m[HTTP][39m [37m<-- POST /wd/hub/session/18dda476-a38b-4c53-aa84-b52df9498d64/touch/perform [39m[32m200[39m [90m1456 ms - 14[39m
[35m[HTTP][39m [90m[39m
[35m[HTTP][39m [37m-->[39m [37mGET[39m [37m/wd/hub/session/18dda476-a38b-4c53-aa84-b52df9498d64/context[39m
[35m[HTTP][39m [90m{}[39m
[35m[HTTP][39m [37m<-- GET /wd/hub/session/18dda476-a38b-4c53-aa84-b52df9498d64/context [39m[32m200[39m [90m3 ms - 22[39m
[35m[HTTP][39m [90m[39m
[35m[HTTP][39m [37m-->[39m [37mGET[39m [37m/wd/hub/session/18dda476-a38b-4c53-aa84-b52df9498d64/contexts[39m
[35m[HTTP][39m [90m{}[39m
[35m[HTTP][39m [37m<-- GET /wd/hub/session/18dda476-a38b-4c53-aa84-b52df9498d64/contexts [39m[32m200[39m [90m881 ms - 80[39m
[35m[HTTP][39m [90m[39m
[35m[HTTP][39m [37m-->[39m [37mPOST[39m [37m/wd/hub/session/18dda476-a38b-4c53-aa84-b52df9498d64/context[39m
[35m[HTTP][39m [90m{"name":"NATIVE_APP"}[39m
[35m[HTTP][39m [37m<-- POST /wd/hub/session/18dda476-a38b-4c53-aa84-b52df9498d64/context [39m[32m200[39m [90m3 ms - 14[39m
[35m[HTTP][39m [90m[39m
[35m[HTTP][39m [37m-->[39m [37mPOST[39m [37m/wd/hub/session/18dda476-a38b-4c53-aa84-b52df9498d64/element[39m
[35m[HTTP][39m [90m{"using":"-android uiautomator","value":"new UiScrollable(new UiSelector().scrollable(true).instance(0)).scrollIntoView(new UiSelector().textContains(\"2004\"))"}[39m
[35m[HTTP][39m [37m<-- POST /wd/hub/session/18dda476-a38b-4c53-aa84-b52df9498d64/element [39m[32m-[39m [90m- ms - -[39m
[35m[HTTP][39m [90m[39m
[35m[WD Proxy][39m Got an unexpected response: {"sessionId":"8d6774b1-4c3b-41e2-a6e4-269690c2069e","status":7,"value":"An element could not be located on the page using the given search parameters."}
[35m[WD Proxy][39m Got an unexpected response: {"sessionId":"8d6774b1-4c3b-41e2-a6e4-269690c2069e","status":7,"value":"An element could not be located on the page using the given search parameters."}
[35m[WD Proxy][39m Got an unexpected response: {"sessionId":"8d6774b1-4c3b-41e2-a6e4-269690c2069e","status":7,"value":"An element could not be located on the page using the given search parameters."}
