[35m[Appium][39m Welcome to Appium v1.12.1
[35m[Appium][39m Non-default server args:
[35m[Appium][39m   port: 55212
[35m[Appium][39m   loglevel: info
[35m[Appium][39m   chromeDriverPort: 55216
[35m[Appium][39m   tmpDir: C:\Users\15420\AppData\Local\Temp\\Katalon\Appium\Temp1574844508786
[35m[Appium][39m Appium REST http interface listener started on 0.0.0.0:55212
[35m[HTTP][39m [37m-->[39m [37mGET[39m [37m/wd/hub/status[39m
[35m[HTTP][39m [90m{}[39m
[35m[HTTP][39m [37m<-- GET /wd/hub/status [39m[32m200[39m [90m13 ms - 68[39m
[35m[HTTP][39m [90m[39m
[35m[HTTP][39m [37m-->[39m [37mPOST[39m [37m/wd/hub/session[39m
[35m[HTTP][39m [90m{"desiredCapabilities":{"app":"C:\\Users\\15420\\git\\ACCME-Dupcheck\\AccMe.apk","noReset":true,"deviceId":"","deviceName":"samsung SM-A505F (Android 9)","fullReset":false,"platform":"ANDROID","newCommandTimeout":1800,"platformVersion":"9","automationName":"uiautomator2","autoGrantPermissions":true,"unicodeKeyboard":true,"platformName":"Android","udid":"RR8M30NJT6T","resetKeyboard":true,"systemPort":55211},"capabilities":{"firstMatch":[{"appium:app":"C:\\Users\\15420\\git\\ACCME-Dupcheck\\AccMe.apk","appium:autoGrantPermissions":true,"appium:automationName":"uiautomator2","deviceId":"","appium:deviceName":"samsung SM-A505F (Android 9)","appium:fullReset":false,"appium:newCommandTimeout":1800,"appium:noReset":true,"platform":"ANDROID","platformName":"android","appium:platformVersion":"9","appium:resetKeyboard":true,"appium:systemPort":55211,"appium:udid":"RR8M30NJT6T","appium:unicodeKeyboard":true}]}}[39m
[35m[BaseDriver][39m The capabilities ["deviceId","platform"] are not standard capabilities and should have an extension prefix
[35m[Appium][39m Appium v1.12.1 creating new AndroidUiautomator2Driver (v1.33.0) session
[35m[Appium][39m Capabilities:
[35m[Appium][39m   deviceId: 
[35m[Appium][39m   platform: ANDROID
[35m[Appium][39m   platformName: android
[35m[Appium][39m   app: C:\Users\15420\git\ACCME-Dupcheck\AccMe.apk
[35m[Appium][39m   autoGrantPermissions: true
[35m[Appium][39m   automationName: uiautomator2
[35m[Appium][39m   deviceName: samsung SM-A505F (Android 9)
[35m[Appium][39m   fullReset: false
[35m[Appium][39m   newCommandTimeout: 1800
[35m[Appium][39m   noReset: true
[35m[Appium][39m   platformVersion: 9
[35m[Appium][39m   resetKeyboard: true
[35m[Appium][39m   systemPort: 55211
[35m[Appium][39m   udid: RR8M30NJT6T
[35m[Appium][39m   unicodeKeyboard: true
[35m[BaseDriver][39m The following capabilities were provided, but are not recognized by appium: deviceId, platform.
[35m[BaseDriver][39m Session created with session id: 42801498-1c42-4de6-9fc6-649bf7e7b632
[35m[BaseDriver][39m Using local app 'C:\Users\15420\git\ACCME-Dupcheck\AccMe.apk'
[35m[ADB][39m Checking whether adb is present
[35m[ADB][39m Found 1 'build-tools' folders under 'C:\Users\15420\.katalon\tools\android_sdk' (newest first):
[35m[ADB][39m     C:/Users/15420/.katalon/tools/android_sdk/build-tools/29.0.2
[35m[ADB][39m Using adb.exe from C:\Users\15420\.katalon\tools\android_sdk\platform-tools\adb.exe
[35m[AndroidDriver][39m Retrieving device list
[35m[AndroidDriver][39m Using device: RR8M30NJT6T
[35m[UiAutomator2][39m Relaxing hidden api policy
[35m[ADB][39m Using the alternative activity name detection method because of: Could not find apkanalyzer.bat in C:\Users\15420\.katalon\tools\android_sdk\platform-tools\apkanalyzer.bat,C:\Users\15420\.katalon\tools\android_sdk\emulator\apkanalyzer.bat,C:\Users\15420\.katalon\tools\android_sdk\tools\apkanalyzer.bat,C:\Users\15420\.katalon\tools\android_sdk\tools\bin\apkanalyzer.bat,C:\Users\15420\.katalon\tools\android_sdk\build-tools\29.0.2\apkanalyzer.bat. Do you have the Android SDK installed at 'C:\Users\15420\.katalon\tools\android_sdk'?
[35m[ADB][39m Checking whether aapt is present
[35m[ADB][39m Using aapt.exe from C:\Users\15420\.katalon\tools\android_sdk\build-tools\29.0.2\aapt.exe
[35m[ADB][39m Extracting package and launch activity from manifest
[35m[ADB][39m Package name: 'com.outsystemsenterprise.accdev1.AccMeMobile2'
[35m[ADB][39m Main activity name: 'com.outsystemsenterprise.accdev1.AccMeMobile2.MainActivity'
[35m[ADB][39m Using apksigner.bat from C:\Users\15420\.katalon\tools\android_sdk\build-tools\29.0.2\apksigner.bat
[35m[UiAutomator2][39m Server packages are not going to be (re)installed
[35m[UiAutomator2][39m Starting UIAutomator2 server 3.4.0
[35m[UiAutomator2][39m Using UIAutomator2 server from 'C:\Users\15420\AppData\Roaming\npm\node_modules\appium\node_modules\appium-uiautomator2-server\apks\appium-uiautomator2-server-v3.4.0.apk' and test from 'C:\Users\15420\AppData\Roaming\npm\node_modules\appium\node_modules\appium-uiautomator2-server\apks\appium-uiautomator2-server-debug-androidTest.apk'
[35m[UiAutomator2][39m Waiting up to 30000ms for UiAutomator2 to be online...
[35m[WD Proxy][39m Got an unexpected response: {"code":"ECONNRESET"}
[35m[WD Proxy][39m Got an unexpected response: {"code":"ECONNRESET"}
[35m[AndroidDriver][39m Screen already unlocked, doing nothing
[35m[UiAutomator2][39m UiAutomator2 did not start the activity we were waiting for, 'com.outsystemsenterprise.accdev1.AccMeMobile2/com.outsystemsenterprise.accdev1.AccMeMobile2.MainActivity'. Starting it ourselves
[35m[Appium][39m New AndroidUiautomator2Driver session created successfully, session 42801498-1c42-4de6-9fc6-649bf7e7b632 added to master session list
[35m[HTTP][39m [37m<-- POST /wd/hub/session [39m[32m200[39m [90m37514 ms - 1340[39m
[35m[HTTP][39m [90m[39m
[35m[HTTP][39m [37m-->[39m [37mGET[39m [37m/wd/hub/session/42801498-1c42-4de6-9fc6-649bf7e7b632[39m
[35m[HTTP][39m [90m{}[39m
[35m[HTTP][39m [37m<-- GET /wd/hub/session/42801498-1c42-4de6-9fc6-649bf7e7b632 [39m[32m200[39m [90m70 ms - 1272[39m
[35m[HTTP][39m [90m[39m
[35m[HTTP][39m [37m-->[39m [37mGET[39m [37m/wd/hub/session/42801498-1c42-4de6-9fc6-649bf7e7b632[39m
[35m[HTTP][39m [90m{}[39m
[35m[HTTP][39m [37m<-- GET /wd/hub/session/42801498-1c42-4de6-9fc6-649bf7e7b632 [39m[32m200[39m [90m39 ms - 1272[39m
[35m[HTTP][39m [90m[39m
[35m[HTTP][39m [37m-->[39m [37mGET[39m [37m/wd/hub/status[39m
[35m[HTTP][39m [90m{}[39m
[35m[HTTP][39m [37m<-- GET /wd/hub/status [39m[32m200[39m [90m1 ms - 68[39m
[35m[HTTP][39m [90m[39m
[35m[HTTP][39m [37m-->[39m [37mPOST[39m [37m/wd/hub/session/42801498-1c42-4de6-9fc6-649bf7e7b632/timeouts[39m
[35m[HTTP][39m [90m{"implicit":30000}[39m
[35m[HTTP][39m [37m<-- POST /wd/hub/session/42801498-1c42-4de6-9fc6-649bf7e7b632/timeouts [39m[32m200[39m [90m8 ms - 14[39m
[35m[HTTP][39m [90m[39m
[35m[HTTP][39m [37m-->[39m [37mPOST[39m [37m/wd/hub/session/42801498-1c42-4de6-9fc6-649bf7e7b632/timeouts[39m
[35m[HTTP][39m [90m{"implicit":50}[39m
[35m[HTTP][39m [37m<-- POST /wd/hub/session/42801498-1c42-4de6-9fc6-649bf7e7b632/timeouts [39m[32m200[39m [90m4 ms - 14[39m
[35m[HTTP][39m [90m[39m
[35m[HTTP][39m [37m-->[39m [37mGET[39m [37m/wd/hub/session/42801498-1c42-4de6-9fc6-649bf7e7b632/window/rect[39m
[35m[HTTP][39m [90m{}[39m
[35m[HTTP][39m [37m<-- GET /wd/hub/session/42801498-1c42-4de6-9fc6-649bf7e7b632/window/rect [39m[32m200[39m [90m81 ms - 50[39m
[35m[HTTP][39m [90m[39m
[35m[HTTP][39m [37m-->[39m [37mPOST[39m [37m/wd/hub/session/42801498-1c42-4de6-9fc6-649bf7e7b632/elements[39m
[35m[HTTP][39m [90m{"using":"-android uiautomator","value":"new UiSelector().className(\"android.widget.Image\").text(\"AccMeTheme.creditsimulationsicon\")"}[39m
[35m[HTTP][39m [37m<-- POST /wd/hub/session/42801498-1c42-4de6-9fc6-649bf7e7b632/elements [39m[32m200[39m [90m1117 ms - 12[39m
[35m[HTTP][39m [90m[39m
[35m[HTTP][39m [37m-->[39m [37mPOST[39m [37m/wd/hub/session/42801498-1c42-4de6-9fc6-649bf7e7b632/elements[39m
[35m[HTTP][39m [90m{"using":"-android uiautomator","value":"new UiSelector().className(\"android.widget.Image\").text(\"AccMeTheme.creditsimulationsicon\")"}[39m
[35m[HTTP][39m [37m<-- POST /wd/hub/session/42801498-1c42-4de6-9fc6-649bf7e7b632/elements [39m[32m200[39m [90m1459 ms - 12[39m
[35m[HTTP][39m [90m[39m
[35m[HTTP][39m [37m-->[39m [37mPOST[39m [37m/wd/hub/session/42801498-1c42-4de6-9fc6-649bf7e7b632/elements[39m
[35m[HTTP][39m [90m{"using":"-android uiautomator","value":"new UiSelector().className(\"android.widget.Image\").text(\"AccMeTheme.creditsimulationsicon\")"}[39m
[35m[HTTP][39m [37m<-- POST /wd/hub/session/42801498-1c42-4de6-9fc6-649bf7e7b632/elements [39m[32m200[39m [90m902 ms - 12[39m
[35m[HTTP][39m [90m[39m
[35m[HTTP][39m [37m-->[39m [37mPOST[39m [37m/wd/hub/session/42801498-1c42-4de6-9fc6-649bf7e7b632/elements[39m
[35m[HTTP][39m [90m{"using":"-android uiautomator","value":"new UiSelector().className(\"android.widget.Image\").text(\"AccMeTheme.creditsimulationsicon\")"}[39m
[35m[HTTP][39m [37m<-- POST /wd/hub/session/42801498-1c42-4de6-9fc6-649bf7e7b632/elements [39m[32m200[39m [90m466 ms - 12[39m
[35m[HTTP][39m [90m[39m
[35m[HTTP][39m [37m-->[39m [37mPOST[39m [37m/wd/hub/session/42801498-1c42-4de6-9fc6-649bf7e7b632/elements[39m
[35m[HTTP][39m [90m{"using":"-android uiautomator","value":"new UiSelector().className(\"android.widget.Image\").text(\"AccMeTheme.creditsimulationsicon\")"}[39m
[35m[HTTP][39m [37m<-- POST /wd/hub/session/42801498-1c42-4de6-9fc6-649bf7e7b632/elements [39m[32m200[39m [90m247 ms - 12[39m
[35m[HTTP][39m [90m[39m
[35m[HTTP][39m [37m-->[39m [37mPOST[39m [37m/wd/hub/session/42801498-1c42-4de6-9fc6-649bf7e7b632/elements[39m
[35m[HTTP][39m [90m{"using":"-android uiautomator","value":"new UiSelector().className(\"android.widget.Image\").text(\"AccMeTheme.creditsimulationsicon\")"}[39m
[35m[HTTP][39m [37m<-- POST /wd/hub/session/42801498-1c42-4de6-9fc6-649bf7e7b632/elements [39m[32m200[39m [90m269 ms - 12[39m
[35m[HTTP][39m [90m[39m
[35m[HTTP][39m [37m-->[39m [37mPOST[39m [37m/wd/hub/session/42801498-1c42-4de6-9fc6-649bf7e7b632/elements[39m
[35m[HTTP][39m [90m{"using":"-android uiautomator","value":"new UiSelector().className(\"android.widget.Image\").text(\"AccMeTheme.creditsimulationsicon\")"}[39m
[35m[HTTP][39m [37m<-- POST /wd/hub/session/42801498-1c42-4de6-9fc6-649bf7e7b632/elements [39m[32m200[39m [90m238 ms - 12[39m
[35m[HTTP][39m [90m[39m
[35m[HTTP][39m [37m-->[39m [37mPOST[39m [37m/wd/hub/session/42801498-1c42-4de6-9fc6-649bf7e7b632/elements[39m
[35m[HTTP][39m [90m{"using":"-android uiautomator","value":"new UiSelector().className(\"android.widget.Image\").text(\"AccMeTheme.creditsimulationsicon\")"}[39m
[35m[HTTP][39m [37m<-- POST /wd/hub/session/42801498-1c42-4de6-9fc6-649bf7e7b632/elements [39m[32m200[39m [90m721 ms - 12[39m
[35m[HTTP][39m [90m[39m
[35m[HTTP][39m [37m-->[39m [37mPOST[39m [37m/wd/hub/session/42801498-1c42-4de6-9fc6-649bf7e7b632/elements[39m
[35m[HTTP][39m [90m{"using":"-android uiautomator","value":"new UiSelector().className(\"android.widget.Image\").text(\"AccMeTheme.creditsimulationsicon\")"}[39m
[35m[HTTP][39m [37m<-- POST /wd/hub/session/42801498-1c42-4de6-9fc6-649bf7e7b632/elements [39m[32m200[39m [90m269 ms - 12[39m
[35m[HTTP][39m [90m[39m
[35m[HTTP][39m [37m-->[39m [37mPOST[39m [37m/wd/hub/session/42801498-1c42-4de6-9fc6-649bf7e7b632/elements[39m
[35m[HTTP][39m [90m{"using":"-android uiautomator","value":"new UiSelector().className(\"android.widget.Image\").text(\"AccMeTheme.creditsimulationsicon\")"}[39m
[35m[HTTP][39m [37m<-- POST /wd/hub/session/42801498-1c42-4de6-9fc6-649bf7e7b632/elements [39m[32m200[39m [90m221 ms - 12[39m
[35m[HTTP][39m [90m[39m
[35m[HTTP][39m [37m-->[39m [37mPOST[39m [37m/wd/hub/session/42801498-1c42-4de6-9fc6-649bf7e7b632/elements[39m
[35m[HTTP][39m [90m{"using":"-android uiautomator","value":"new UiSelector().className(\"android.widget.Image\").text(\"AccMeTheme.creditsimulationsicon\")"}[39m
[35m[HTTP][39m [37m<-- POST /wd/hub/session/42801498-1c42-4de6-9fc6-649bf7e7b632/elements [39m[32m200[39m [90m379 ms - 12[39m
[35m[HTTP][39m [90m[39m
[35m[HTTP][39m [37m-->[39m [37mPOST[39m [37m/wd/hub/session/42801498-1c42-4de6-9fc6-649bf7e7b632/elements[39m
[35m[HTTP][39m [90m{"using":"-android uiautomator","value":"new UiSelector().className(\"android.widget.Image\").text(\"AccMeTheme.creditsimulationsicon\")"}[39m
[35m[HTTP][39m [37m<-- POST /wd/hub/session/42801498-1c42-4de6-9fc6-649bf7e7b632/elements [39m[32m200[39m [90m1165 ms - 139[39m
[35m[HTTP][39m [90m[39m
[35m[HTTP][39m [37m-->[39m [37mGET[39m [37m/wd/hub/session/42801498-1c42-4de6-9fc6-649bf7e7b632/element/060c554b-0ca7-453e-acf5-d78c3ab21fac/location[39m
[35m[HTTP][39m [90m{}[39m
[35m[W3C (42801498)][39m Driver proxy active, passing request on via HTTP proxy
[35m[WD Proxy][39m Replacing sessionId 951ea000-0f05-4a12-af1f-4b3661c30b7e with 42801498-1c42-4de6-9fc6-649bf7e7b632
[35m[HTTP][39m [37m<-- GET /wd/hub/session/42801498-1c42-4de6-9fc6-649bf7e7b632/element/060c554b-0ca7-453e-acf5-d78c3ab21fac/location [39m[32m200[39m [90m140 ms - 89[39m
[35m[HTTP][39m [90m[39m
[35m[HTTP][39m [37m-->[39m [37mPOST[39m [37m/wd/hub/session/42801498-1c42-4de6-9fc6-649bf7e7b632/timeouts[39m
[35m[HTTP][39m [90m{"implicit":30000}[39m
[35m[HTTP][39m [37m<-- POST /wd/hub/session/42801498-1c42-4de6-9fc6-649bf7e7b632/timeouts [39m[32m200[39m [90m4 ms - 14[39m
[35m[HTTP][39m [90m[39m
[35m[HTTP][39m [37m-->[39m [37mPOST[39m [37m/wd/hub/session/42801498-1c42-4de6-9fc6-649bf7e7b632/timeouts[39m
[35m[HTTP][39m [90m{"implicit":50}[39m
[35m[HTTP][39m [37m<-- POST /wd/hub/session/42801498-1c42-4de6-9fc6-649bf7e7b632/timeouts [39m[32m200[39m [90m4 ms - 14[39m
[35m[HTTP][39m [90m[39m
[35m[HTTP][39m [37m-->[39m [37mGET[39m [37m/wd/hub/session/42801498-1c42-4de6-9fc6-649bf7e7b632/window/rect[39m
[35m[HTTP][39m [90m{}[39m
[35m[HTTP][39m [37m<-- GET /wd/hub/session/42801498-1c42-4de6-9fc6-649bf7e7b632/window/rect [39m[32m200[39m [90m51 ms - 50[39m
[35m[HTTP][39m [90m[39m
[35m[HTTP][39m [37m-->[39m [37mPOST[39m [37m/wd/hub/session/42801498-1c42-4de6-9fc6-649bf7e7b632/elements[39m
[35m[HTTP][39m [90m{"using":"-android uiautomator","value":"new UiSelector().className(\"android.widget.Image\").text(\"AccMeTheme.creditsimulationsicon\")"}[39m
[35m[HTTP][39m [37m<-- POST /wd/hub/session/42801498-1c42-4de6-9fc6-649bf7e7b632/elements [39m[32m200[39m [90m271 ms - 139[39m
[35m[HTTP][39m [90m[39m
[35m[HTTP][39m [37m-->[39m [37mGET[39m [37m/wd/hub/session/42801498-1c42-4de6-9fc6-649bf7e7b632/element/a208507c-12d2-4ddc-a81b-c78a82cc79c3/location[39m
[35m[HTTP][39m [90m{}[39m
[35m[W3C (42801498)][39m Driver proxy active, passing request on via HTTP proxy
[35m[WD Proxy][39m Replacing sessionId 951ea000-0f05-4a12-af1f-4b3661c30b7e with 42801498-1c42-4de6-9fc6-649bf7e7b632
[35m[HTTP][39m [37m<-- GET /wd/hub/session/42801498-1c42-4de6-9fc6-649bf7e7b632/element/a208507c-12d2-4ddc-a81b-c78a82cc79c3/location [39m[32m200[39m [90m138 ms - 89[39m
[35m[HTTP][39m [90m[39m
[35m[HTTP][39m [37m-->[39m [37mPOST[39m [37m/wd/hub/session/42801498-1c42-4de6-9fc6-649bf7e7b632/timeouts[39m
[35m[HTTP][39m [90m{"implicit":30000}[39m
[35m[HTTP][39m [37m<-- POST /wd/hub/session/42801498-1c42-4de6-9fc6-649bf7e7b632/timeouts [39m[32m200[39m [90m6 ms - 14[39m
[35m[HTTP][39m [90m[39m
[35m[HTTP][39m [37m-->[39m [37mPOST[39m [37m/wd/hub/session/42801498-1c42-4de6-9fc6-649bf7e7b632/touch/perform[39m
[35m[HTTP][39m [90m{"actions":[{"action":"tap","options":{"x":1,"y":1,"element":"a208507c-12d2-4ddc-a81b-c78a82cc79c3"}},{"action":"release","options":{}}]}[39m
[35m[UiAutomator2][39m calling get location: a208507c-12d2-4ddc-a81b-c78a82cc79c3
[35m[HTTP][39m [37m<-- POST /wd/hub/session/42801498-1c42-4de6-9fc6-649bf7e7b632/touch/perform [39m[32m200[39m [90m1003 ms - 14[39m
[35m[HTTP][39m [90m[39m
[35m[HTTP][39m [37m-->[39m [37mPOST[39m [37m/wd/hub/session/42801498-1c42-4de6-9fc6-649bf7e7b632/timeouts[39m
[35m[HTTP][39m [90m{"implicit":50}[39m
[35m[HTTP][39m [37m<-- POST /wd/hub/session/42801498-1c42-4de6-9fc6-649bf7e7b632/timeouts [39m[32m200[39m [90m6 ms - 14[39m
[35m[HTTP][39m [90m[39m
[35m[HTTP][39m [37m-->[39m [37mGET[39m [37m/wd/hub/session/42801498-1c42-4de6-9fc6-649bf7e7b632/window/rect[39m
[35m[HTTP][39m [90m{}[39m
[35m[HTTP][39m [37m<-- GET /wd/hub/session/42801498-1c42-4de6-9fc6-649bf7e7b632/window/rect [39m[32m200[39m [90m49 ms - 50[39m
[35m[HTTP][39m [90m[39m
[35m[HTTP][39m [37m-->[39m [37mPOST[39m [37m/wd/hub/session/42801498-1c42-4de6-9fc6-649bf7e7b632/elements[39m
[35m[HTTP][39m [90m{"using":"-android uiautomator","value":"new UiSelector().className(\"android.widget.Button\").text(\"New Car\").resourceId(\"b7-ButtonGroupItem1\")"}[39m
[35m[HTTP][39m [37m<-- POST /wd/hub/session/42801498-1c42-4de6-9fc6-649bf7e7b632/elements [39m[32m200[39m [90m788 ms - 12[39m
[35m[HTTP][39m [90m[39m
[35m[HTTP][39m [37m-->[39m [37mPOST[39m [37m/wd/hub/session/42801498-1c42-4de6-9fc6-649bf7e7b632/elements[39m
[35m[HTTP][39m [90m{"using":"-android uiautomator","value":"new UiSelector().className(\"android.widget.Button\").text(\"New Car\").resourceId(\"b7-ButtonGroupItem1\")"}[39m
[35m[HTTP][39m [37m<-- POST /wd/hub/session/42801498-1c42-4de6-9fc6-649bf7e7b632/elements [39m[32m200[39m [90m1482 ms - 139[39m
[35m[HTTP][39m [90m[39m
[35m[HTTP][39m [37m-->[39m [37mGET[39m [37m/wd/hub/session/42801498-1c42-4de6-9fc6-649bf7e7b632/element/e6f67224-76c7-41e0-8672-3791060bb328/location[39m
[35m[HTTP][39m [90m{}[39m
[35m[W3C (42801498)][39m Driver proxy active, passing request on via HTTP proxy
[35m[WD Proxy][39m Replacing sessionId 951ea000-0f05-4a12-af1f-4b3661c30b7e with 42801498-1c42-4de6-9fc6-649bf7e7b632
[35m[HTTP][39m [37m<-- GET /wd/hub/session/42801498-1c42-4de6-9fc6-649bf7e7b632/element/e6f67224-76c7-41e0-8672-3791060bb328/location [39m[32m200[39m [90m221 ms - 88[39m
[35m[HTTP][39m [90m[39m
[35m[HTTP][39m [37m-->[39m [37mPOST[39m [37m/wd/hub/session/42801498-1c42-4de6-9fc6-649bf7e7b632/timeouts[39m
[35m[HTTP][39m [90m{"implicit":30000}[39m
[35m[HTTP][39m [37m<-- POST /wd/hub/session/42801498-1c42-4de6-9fc6-649bf7e7b632/timeouts [39m[32m200[39m [90m5 ms - 14[39m
[35m[HTTP][39m [90m[39m
[35m[HTTP][39m [37m-->[39m [37mPOST[39m [37m/wd/hub/session/42801498-1c42-4de6-9fc6-649bf7e7b632/touch/perform[39m
[35m[HTTP][39m [90m{"actions":[{"action":"tap","options":{"x":1,"y":1,"element":"e6f67224-76c7-41e0-8672-3791060bb328"}},{"action":"release","options":{}}]}[39m
[35m[UiAutomator2][39m calling get location: e6f67224-76c7-41e0-8672-3791060bb328
[35m[HTTP][39m [37m<-- POST /wd/hub/session/42801498-1c42-4de6-9fc6-649bf7e7b632/touch/perform [39m[32m200[39m [90m1070 ms - 14[39m
[35m[HTTP][39m [90m[39m
[35m[HTTP][39m [37m-->[39m [37mPOST[39m [37m/wd/hub/session/42801498-1c42-4de6-9fc6-649bf7e7b632/timeouts[39m
[35m[HTTP][39m [90m{"implicit":50}[39m
[35m[HTTP][39m [37m<-- POST /wd/hub/session/42801498-1c42-4de6-9fc6-649bf7e7b632/timeouts [39m[32m200[39m [90m4 ms - 14[39m
[35m[HTTP][39m [90m[39m
[35m[HTTP][39m [37m-->[39m [37mGET[39m [37m/wd/hub/session/42801498-1c42-4de6-9fc6-649bf7e7b632/window/rect[39m
[35m[HTTP][39m [90m{}[39m
[35m[HTTP][39m [37m<-- GET /wd/hub/session/42801498-1c42-4de6-9fc6-649bf7e7b632/window/rect [39m[32m200[39m [90m96 ms - 50[39m
[35m[HTTP][39m [90m[39m
[35m[HTTP][39m [37m-->[39m [37mPOST[39m [37m/wd/hub/session/42801498-1c42-4de6-9fc6-649bf7e7b632/elements[39m
[35m[HTTP][39m [90m{"using":"-android uiautomator","value":"new UiSelector().className(\"android.widget.EditText\").resourceId(\"b7-Input_Brand\")"}[39m
[35m[HTTP][39m [37m<-- POST /wd/hub/session/42801498-1c42-4de6-9fc6-649bf7e7b632/elements [39m[32m200[39m [90m721 ms - 139[39m
[35m[HTTP][39m [90m[39m
[35m[HTTP][39m [37m-->[39m [37mGET[39m [37m/wd/hub/session/42801498-1c42-4de6-9fc6-649bf7e7b632/element/e4f1ccbb-3c3a-4027-a08f-16a3adf6fb3b/location[39m
[35m[HTTP][39m [90m{}[39m
[35m[W3C (42801498)][39m Driver proxy active, passing request on via HTTP proxy
[35m[WD Proxy][39m Replacing sessionId 951ea000-0f05-4a12-af1f-4b3661c30b7e with 42801498-1c42-4de6-9fc6-649bf7e7b632
[35m[HTTP][39m [37m<-- GET /wd/hub/session/42801498-1c42-4de6-9fc6-649bf7e7b632/element/e4f1ccbb-3c3a-4027-a08f-16a3adf6fb3b/location [39m[32m200[39m [90m212 ms - 89[39m
[35m[HTTP][39m [90m[39m
[35m[HTTP][39m [37m-->[39m [37mPOST[39m [37m/wd/hub/session/42801498-1c42-4de6-9fc6-649bf7e7b632/timeouts[39m
[35m[HTTP][39m [90m{"implicit":30000}[39m
[35m[HTTP][39m [37m<-- POST /wd/hub/session/42801498-1c42-4de6-9fc6-649bf7e7b632/timeouts [39m[32m200[39m [90m4 ms - 14[39m
[35m[HTTP][39m [90m[39m
[35m[HTTP][39m [37m-->[39m [37mPOST[39m [37m/wd/hub/session/42801498-1c42-4de6-9fc6-649bf7e7b632/element/e4f1ccbb-3c3a-4027-a08f-16a3adf6fb3b/clear[39m
[35m[HTTP][39m [90m{"id":"e4f1ccbb-3c3a-4027-a08f-16a3adf6fb3b"}[39m
[35m[HTTP][39m [37m<-- POST /wd/hub/session/42801498-1c42-4de6-9fc6-649bf7e7b632/element/e4f1ccbb-3c3a-4027-a08f-16a3adf6fb3b/clear [39m[32m200[39m [90m201 ms - 27[39m
[35m[HTTP][39m [90m[39m
[35m[HTTP][39m [37m-->[39m [37mPOST[39m [37m/wd/hub/session/42801498-1c42-4de6-9fc6-649bf7e7b632/element/e4f1ccbb-3c3a-4027-a08f-16a3adf6fb3b/value[39m
[35m[HTTP][39m [90m{"id":"e4f1ccbb-3c3a-4027-a08f-16a3adf6fb3b","text":"DAIHATSU","value":["D","A","I","H","A","T","S","U"]}[39m
[35m[HTTP][39m [37m<-- POST /wd/hub/session/42801498-1c42-4de6-9fc6-649bf7e7b632/element/e4f1ccbb-3c3a-4027-a08f-16a3adf6fb3b/value [39m[32m200[39m [90m248 ms - 12[39m
[35m[HTTP][39m [90m[39m
[35m[HTTP][39m [37m-->[39m [37mPOST[39m [37m/wd/hub/session/42801498-1c42-4de6-9fc6-649bf7e7b632/timeouts[39m
[35m[HTTP][39m [90m{"implicit":50}[39m
[35m[HTTP][39m [37m<-- POST /wd/hub/session/42801498-1c42-4de6-9fc6-649bf7e7b632/timeouts [39m[32m200[39m [90m4 ms - 14[39m
[35m[HTTP][39m [90m[39m
[35m[HTTP][39m [37m-->[39m [37mGET[39m [37m/wd/hub/session/42801498-1c42-4de6-9fc6-649bf7e7b632/window/rect[39m
[35m[HTTP][39m [90m{}[39m
[35m[HTTP][39m [37m<-- GET /wd/hub/session/42801498-1c42-4de6-9fc6-649bf7e7b632/window/rect [39m[32m200[39m [90m39 ms - 50[39m
[35m[HTTP][39m [90m[39m
[35m[HTTP][39m [37m-->[39m [37mPOST[39m [37m/wd/hub/session/42801498-1c42-4de6-9fc6-649bf7e7b632/elements[39m
[35m[HTTP][39m [90m{"using":"-android uiautomator","value":"new UiSelector().className(\"android.widget.EditText\").resourceId(\"b7-Input_Brand\")"}[39m
[35m[HTTP][39m [37m<-- POST /wd/hub/session/42801498-1c42-4de6-9fc6-649bf7e7b632/elements [39m[32m200[39m [90m2906 ms - 139[39m
[35m[HTTP][39m [90m[39m
[35m[HTTP][39m [37m-->[39m [37mGET[39m [37m/wd/hub/session/42801498-1c42-4de6-9fc6-649bf7e7b632/element/b1247a09-d4ae-49b5-8a9d-7d8b1f53c526/location[39m
[35m[HTTP][39m [90m{}[39m
[35m[W3C (42801498)][39m Driver proxy active, passing request on via HTTP proxy
[35m[WD Proxy][39m Replacing sessionId 951ea000-0f05-4a12-af1f-4b3661c30b7e with 42801498-1c42-4de6-9fc6-649bf7e7b632
[35m[HTTP][39m [37m<-- GET /wd/hub/session/42801498-1c42-4de6-9fc6-649bf7e7b632/element/b1247a09-d4ae-49b5-8a9d-7d8b1f53c526/location [39m[32m200[39m [90m209 ms - 89[39m
[35m[HTTP][39m [90m[39m
[35m[HTTP][39m [37m-->[39m [37mPOST[39m [37m/wd/hub/session/42801498-1c42-4de6-9fc6-649bf7e7b632/timeouts[39m
[35m[HTTP][39m [90m{"implicit":30000}[39m
[35m[HTTP][39m [37m<-- POST /wd/hub/session/42801498-1c42-4de6-9fc6-649bf7e7b632/timeouts [39m[32m200[39m [90m3 ms - 14[39m
[35m[HTTP][39m [90m[39m
[35m[HTTP][39m [37m-->[39m [37mPOST[39m [37m/wd/hub/session/42801498-1c42-4de6-9fc6-649bf7e7b632/touch/perform[39m
[35m[HTTP][39m [90m{"actions":[{"action":"tap","options":{"x":1,"y":1,"element":"b1247a09-d4ae-49b5-8a9d-7d8b1f53c526"}},{"action":"release","options":{}}]}[39m
[35m[UiAutomator2][39m calling get location: b1247a09-d4ae-49b5-8a9d-7d8b1f53c526
[35m[HTTP][39m [37m<-- POST /wd/hub/session/42801498-1c42-4de6-9fc6-649bf7e7b632/touch/perform [39m[32m200[39m [90m1327 ms - 14[39m
[35m[HTTP][39m [90m[39m
[35m[HTTP][39m [37m-->[39m [37mPOST[39m [37m/wd/hub/session/42801498-1c42-4de6-9fc6-649bf7e7b632/timeouts[39m
[35m[HTTP][39m [90m{"implicit":50}[39m
[35m[HTTP][39m [37m<-- POST /wd/hub/session/42801498-1c42-4de6-9fc6-649bf7e7b632/timeouts [39m[32m200[39m [90m5 ms - 14[39m
[35m[HTTP][39m [90m[39m
[35m[HTTP][39m [37m-->[39m [37mGET[39m [37m/wd/hub/session/42801498-1c42-4de6-9fc6-649bf7e7b632/window/rect[39m
[35m[HTTP][39m [90m{}[39m
[35m[HTTP][39m [37m<-- GET /wd/hub/session/42801498-1c42-4de6-9fc6-649bf7e7b632/window/rect [39m[32m200[39m [90m47 ms - 50[39m
[35m[HTTP][39m [90m[39m
[35m[HTTP][39m [37m-->[39m [37mPOST[39m [37m/wd/hub/session/42801498-1c42-4de6-9fc6-649bf7e7b632/elements[39m
[35m[HTTP][39m [90m{"using":"-android uiautomator","value":"new UiSelector().className(\"android.view.View\").textContains(\"DAIHATSU\").enabled(true)"}[39m
[35m[HTTP][39m [37m<-- POST /wd/hub/session/42801498-1c42-4de6-9fc6-649bf7e7b632/elements [39m[32m200[39m [90m1664 ms - 139[39m
[35m[HTTP][39m [90m[39m
[35m[HTTP][39m [37m-->[39m [37mGET[39m [37m/wd/hub/session/42801498-1c42-4de6-9fc6-649bf7e7b632/element/a934ea6f-1f0a-4111-a0fb-3c4b5f4ce6db/location[39m
[35m[HTTP][39m [90m{}[39m
[35m[W3C (42801498)][39m Driver proxy active, passing request on via HTTP proxy
[35m[WD Proxy][39m Replacing sessionId 951ea000-0f05-4a12-af1f-4b3661c30b7e with 42801498-1c42-4de6-9fc6-649bf7e7b632
[35m[HTTP][39m [37m<-- GET /wd/hub/session/42801498-1c42-4de6-9fc6-649bf7e7b632/element/a934ea6f-1f0a-4111-a0fb-3c4b5f4ce6db/location [39m[32m200[39m [90m110 ms - 89[39m
[35m[HTTP][39m [90m[39m
[35m[HTTP][39m [37m-->[39m [37mPOST[39m [37m/wd/hub/session/42801498-1c42-4de6-9fc6-649bf7e7b632/timeouts[39m
[35m[HTTP][39m [90m{"implicit":30000}[39m
[35m[HTTP][39m [37m<-- POST /wd/hub/session/42801498-1c42-4de6-9fc6-649bf7e7b632/timeouts [39m[32m200[39m [90m3 ms - 14[39m
[35m[HTTP][39m [90m[39m
[35m[HTTP][39m [37m-->[39m [37mPOST[39m [37m/wd/hub/session/42801498-1c42-4de6-9fc6-649bf7e7b632/touch/perform[39m
[35m[HTTP][39m [90m{"actions":[{"action":"tap","options":{"x":1,"y":1,"element":"a934ea6f-1f0a-4111-a0fb-3c4b5f4ce6db"}},{"action":"release","options":{}}]}[39m
[35m[UiAutomator2][39m calling get location: a934ea6f-1f0a-4111-a0fb-3c4b5f4ce6db
[35m[HTTP][39m [37m<-- POST /wd/hub/session/42801498-1c42-4de6-9fc6-649bf7e7b632/touch/perform [39m[32m200[39m [90m1843 ms - 14[39m
[35m[HTTP][39m [90m[39m
[35m[HTTP][39m [37m-->[39m [37mPOST[39m [37m/wd/hub/session/42801498-1c42-4de6-9fc6-649bf7e7b632/timeouts[39m
[35m[HTTP][39m [90m{"implicit":50}[39m
[35m[HTTP][39m [37m<-- POST /wd/hub/session/42801498-1c42-4de6-9fc6-649bf7e7b632/timeouts [39m[32m200[39m [90m5 ms - 14[39m
[35m[HTTP][39m [90m[39m
[35m[HTTP][39m [37m-->[39m [37mGET[39m [37m/wd/hub/session/42801498-1c42-4de6-9fc6-649bf7e7b632/window/rect[39m
[35m[HTTP][39m [90m{}[39m
[35m[HTTP][39m [37m<-- GET /wd/hub/session/42801498-1c42-4de6-9fc6-649bf7e7b632/window/rect [39m[32m200[39m [90m89 ms - 50[39m
[35m[HTTP][39m [90m[39m
[35m[HTTP][39m [37m-->[39m [37mPOST[39m [37m/wd/hub/session/42801498-1c42-4de6-9fc6-649bf7e7b632/elements[39m
[35m[HTTP][39m [90m{"using":"-android uiautomator","value":"new UiSelector().className(\"android.widget.EditText\").resourceId(\"b7-Input_Type\")"}[39m
[35m[HTTP][39m [37m<-- POST /wd/hub/session/42801498-1c42-4de6-9fc6-649bf7e7b632/elements [39m[32m200[39m [90m727 ms - 139[39m
[35m[HTTP][39m [90m[39m
[35m[HTTP][39m [37m-->[39m [37mGET[39m [37m/wd/hub/session/42801498-1c42-4de6-9fc6-649bf7e7b632/element/1c80e9e6-2794-488d-be81-4939ea09092d/location[39m
[35m[HTTP][39m [90m{}[39m
[35m[W3C (42801498)][39m Driver proxy active, passing request on via HTTP proxy
[35m[WD Proxy][39m Replacing sessionId 951ea000-0f05-4a12-af1f-4b3661c30b7e with 42801498-1c42-4de6-9fc6-649bf7e7b632
[35m[HTTP][39m [37m<-- GET /wd/hub/session/42801498-1c42-4de6-9fc6-649bf7e7b632/element/1c80e9e6-2794-488d-be81-4939ea09092d/location [39m[32m200[39m [90m225 ms - 89[39m
[35m[HTTP][39m [90m[39m
[35m[HTTP][39m [37m-->[39m [37mPOST[39m [37m/wd/hub/session/42801498-1c42-4de6-9fc6-649bf7e7b632/timeouts[39m
[35m[HTTP][39m [90m{"implicit":30000}[39m
[35m[HTTP][39m [37m<-- POST /wd/hub/session/42801498-1c42-4de6-9fc6-649bf7e7b632/timeouts [39m[32m200[39m [90m3 ms - 14[39m
[35m[HTTP][39m [90m[39m
[35m[HTTP][39m [37m-->[39m [37mPOST[39m [37m/wd/hub/session/42801498-1c42-4de6-9fc6-649bf7e7b632/touch/perform[39m
[35m[HTTP][39m [90m{"actions":[{"action":"tap","options":{"x":1,"y":1,"element":"1c80e9e6-2794-488d-be81-4939ea09092d"}},{"action":"release","options":{}}]}[39m
[35m[UiAutomator2][39m calling get location: 1c80e9e6-2794-488d-be81-4939ea09092d
[35m[HTTP][39m [37m<-- POST /wd/hub/session/42801498-1c42-4de6-9fc6-649bf7e7b632/touch/perform [39m[32m200[39m [90m1872 ms - 14[39m
[35m[HTTP][39m [90m[39m
[35m[HTTP][39m [37m-->[39m [37mPOST[39m [37m/wd/hub/session/42801498-1c42-4de6-9fc6-649bf7e7b632/timeouts[39m
[35m[HTTP][39m [90m{"implicit":50}[39m
[35m[HTTP][39m [37m<-- POST /wd/hub/session/42801498-1c42-4de6-9fc6-649bf7e7b632/timeouts [39m[32m200[39m [90m3 ms - 14[39m
[35m[HTTP][39m [90m[39m
[35m[HTTP][39m [37m-->[39m [37mGET[39m [37m/wd/hub/session/42801498-1c42-4de6-9fc6-649bf7e7b632/window/rect[39m
[35m[HTTP][39m [90m{}[39m
[35m[HTTP][39m [37m<-- GET /wd/hub/session/42801498-1c42-4de6-9fc6-649bf7e7b632/window/rect [39m[32m200[39m [90m82 ms - 50[39m
[35m[HTTP][39m [90m[39m
[35m[HTTP][39m [37m-->[39m [37mPOST[39m [37m/wd/hub/session/42801498-1c42-4de6-9fc6-649bf7e7b632/elements[39m
[35m[HTTP][39m [90m{"using":"-android uiautomator","value":"new UiSelector().className(\"android.widget.EditText\").resourceId(\"b7-Input_Type\")"}[39m
[35m[HTTP][39m [37m<-- POST /wd/hub/session/42801498-1c42-4de6-9fc6-649bf7e7b632/elements [39m[32m200[39m [90m520 ms - 139[39m
[35m[HTTP][39m [90m[39m
[35m[HTTP][39m [37m-->[39m [37mGET[39m [37m/wd/hub/session/42801498-1c42-4de6-9fc6-649bf7e7b632/element/aa70788e-95d5-40ee-85c1-90fd603e02f2/location[39m
[35m[HTTP][39m [90m{}[39m
[35m[W3C (42801498)][39m Driver proxy active, passing request on via HTTP proxy
[35m[WD Proxy][39m Replacing sessionId 951ea000-0f05-4a12-af1f-4b3661c30b7e with 42801498-1c42-4de6-9fc6-649bf7e7b632
[35m[HTTP][39m [37m<-- GET /wd/hub/session/42801498-1c42-4de6-9fc6-649bf7e7b632/element/aa70788e-95d5-40ee-85c1-90fd603e02f2/location [39m[32m200[39m [90m107 ms - 89[39m
[35m[HTTP][39m [90m[39m
[35m[HTTP][39m [37m-->[39m [37mPOST[39m [37m/wd/hub/session/42801498-1c42-4de6-9fc6-649bf7e7b632/timeouts[39m
[35m[HTTP][39m [90m{"implicit":30000}[39m
[35m[HTTP][39m [37m<-- POST /wd/hub/session/42801498-1c42-4de6-9fc6-649bf7e7b632/timeouts [39m[32m200[39m [90m4 ms - 14[39m
[35m[HTTP][39m [90m[39m
[35m[HTTP][39m [37m-->[39m [37mPOST[39m [37m/wd/hub/session/42801498-1c42-4de6-9fc6-649bf7e7b632/element/aa70788e-95d5-40ee-85c1-90fd603e02f2/clear[39m
[35m[HTTP][39m [90m{"id":"aa70788e-95d5-40ee-85c1-90fd603e02f2"}[39m
[35m[HTTP][39m [37m<-- POST /wd/hub/session/42801498-1c42-4de6-9fc6-649bf7e7b632/element/aa70788e-95d5-40ee-85c1-90fd603e02f2/clear [39m[32m200[39m [90m121 ms - 27[39m
[35m[HTTP][39m [90m[39m
[35m[HTTP][39m [37m-->[39m [37mPOST[39m [37m/wd/hub/session/42801498-1c42-4de6-9fc6-649bf7e7b632/element/aa70788e-95d5-40ee-85c1-90fd603e02f2/value[39m
[35m[HTTP][39m [90m{"id":"aa70788e-95d5-40ee-85c1-90fd603e02f2","text":"XENIA","value":["X","E","N","I","A"]}[39m
[35m[HTTP][39m [37m<-- POST /wd/hub/session/42801498-1c42-4de6-9fc6-649bf7e7b632/element/aa70788e-95d5-40ee-85c1-90fd603e02f2/value [39m[32m200[39m [90m925 ms - 12[39m
[35m[HTTP][39m [90m[39m
[35m[HTTP][39m [37m-->[39m [37mPOST[39m [37m/wd/hub/session/42801498-1c42-4de6-9fc6-649bf7e7b632/timeouts[39m
[35m[HTTP][39m [90m{"implicit":50}[39m
[35m[HTTP][39m [37m<-- POST /wd/hub/session/42801498-1c42-4de6-9fc6-649bf7e7b632/timeouts [39m[32m200[39m [90m4 ms - 14[39m
[35m[HTTP][39m [90m[39m
[35m[HTTP][39m [37m-->[39m [37mGET[39m [37m/wd/hub/session/42801498-1c42-4de6-9fc6-649bf7e7b632/window/rect[39m
[35m[HTTP][39m [90m{}[39m
[35m[HTTP][39m [37m<-- GET /wd/hub/session/42801498-1c42-4de6-9fc6-649bf7e7b632/window/rect [39m[32m200[39m [90m103 ms - 50[39m
[35m[HTTP][39m [90m[39m
[35m[HTTP][39m [37m-->[39m [37mPOST[39m [37m/wd/hub/session/42801498-1c42-4de6-9fc6-649bf7e7b632/elements[39m
[35m[HTTP][39m [90m{"using":"-android uiautomator","value":"new UiSelector().className(\"android.widget.EditText\").resourceId(\"b7-Input_Type\")"}[39m
[35m[HTTP][39m [37m<-- POST /wd/hub/session/42801498-1c42-4de6-9fc6-649bf7e7b632/elements [39m[32m200[39m [90m589 ms - 139[39m
[35m[HTTP][39m [90m[39m
[35m[HTTP][39m [37m-->[39m [37mGET[39m [37m/wd/hub/session/42801498-1c42-4de6-9fc6-649bf7e7b632/element/03586f01-e69f-4d24-aa07-01823d938cc8/location[39m
[35m[HTTP][39m [90m{}[39m
[35m[W3C (42801498)][39m Driver proxy active, passing request on via HTTP proxy
[35m[WD Proxy][39m Replacing sessionId 951ea000-0f05-4a12-af1f-4b3661c30b7e with 42801498-1c42-4de6-9fc6-649bf7e7b632
[35m[HTTP][39m [37m<-- GET /wd/hub/session/42801498-1c42-4de6-9fc6-649bf7e7b632/element/03586f01-e69f-4d24-aa07-01823d938cc8/location [39m[32m200[39m [90m159 ms - 89[39m
[35m[HTTP][39m [90m[39m
[35m[HTTP][39m [37m-->[39m [37mPOST[39m [37m/wd/hub/session/42801498-1c42-4de6-9fc6-649bf7e7b632/timeouts[39m
[35m[HTTP][39m [90m{"implicit":30000}[39m
[35m[HTTP][39m [37m<-- POST /wd/hub/session/42801498-1c42-4de6-9fc6-649bf7e7b632/timeouts [39m[32m200[39m [90m5 ms - 14[39m
[35m[HTTP][39m [90m[39m
[35m[HTTP][39m [37m-->[39m [37mPOST[39m [37m/wd/hub/session/42801498-1c42-4de6-9fc6-649bf7e7b632/touch/perform[39m
[35m[HTTP][39m [90m{"actions":[{"action":"tap","options":{"x":1,"y":1,"element":"03586f01-e69f-4d24-aa07-01823d938cc8"}},{"action":"release","options":{}}]}[39m
[35m[UiAutomator2][39m calling get location: 03586f01-e69f-4d24-aa07-01823d938cc8
[35m[HTTP][39m [37m<-- POST /wd/hub/session/42801498-1c42-4de6-9fc6-649bf7e7b632/touch/perform [39m[32m200[39m [90m1213 ms - 14[39m
[35m[HTTP][39m [90m[39m
[35m[HTTP][39m [37m-->[39m [37mPOST[39m [37m/wd/hub/session/42801498-1c42-4de6-9fc6-649bf7e7b632/timeouts[39m
[35m[HTTP][39m [90m{"implicit":50}[39m
[35m[HTTP][39m [37m<-- POST /wd/hub/session/42801498-1c42-4de6-9fc6-649bf7e7b632/timeouts [39m[32m200[39m [90m4 ms - 14[39m
[35m[HTTP][39m [90m[39m
[35m[HTTP][39m [37m-->[39m [37mGET[39m [37m/wd/hub/session/42801498-1c42-4de6-9fc6-649bf7e7b632/window/rect[39m
[35m[HTTP][39m [90m{}[39m
[35m[HTTP][39m [37m<-- GET /wd/hub/session/42801498-1c42-4de6-9fc6-649bf7e7b632/window/rect [39m[32m200[39m [90m85 ms - 50[39m
[35m[HTTP][39m [90m[39m
[35m[HTTP][39m [37m-->[39m [37mPOST[39m [37m/wd/hub/session/42801498-1c42-4de6-9fc6-649bf7e7b632/elements[39m
[35m[HTTP][39m [90m{"using":"-android uiautomator","value":"new UiSelector().className(\"android.view.View\").resourceId(\"b7-l8-0-ListItemType\").instance(70)"}[39m
[35m[HTTP][39m [37m<-- POST /wd/hub/session/42801498-1c42-4de6-9fc6-649bf7e7b632/elements [39m[32m200[39m [90m603 ms - 139[39m
[35m[HTTP][39m [90m[39m
[35m[HTTP][39m [37m-->[39m [37mGET[39m [37m/wd/hub/session/42801498-1c42-4de6-9fc6-649bf7e7b632/element/271095f3-961f-48b5-b020-602818d4f674/location[39m
[35m[HTTP][39m [90m{}[39m
[35m[W3C (42801498)][39m Driver proxy active, passing request on via HTTP proxy
[35m[WD Proxy][39m Replacing sessionId 951ea000-0f05-4a12-af1f-4b3661c30b7e with 42801498-1c42-4de6-9fc6-649bf7e7b632
[35m[HTTP][39m [37m<-- GET /wd/hub/session/42801498-1c42-4de6-9fc6-649bf7e7b632/element/271095f3-961f-48b5-b020-602818d4f674/location [39m[32m200[39m [90m148 ms - 89[39m
[35m[HTTP][39m [90m[39m
[35m[HTTP][39m [37m-->[39m [37mPOST[39m [37m/wd/hub/session/42801498-1c42-4de6-9fc6-649bf7e7b632/timeouts[39m
[35m[HTTP][39m [90m{"implicit":30000}[39m
[35m[HTTP][39m [37m<-- POST /wd/hub/session/42801498-1c42-4de6-9fc6-649bf7e7b632/timeouts [39m[32m200[39m [90m5 ms - 14[39m
[35m[HTTP][39m [90m[39m
[35m[HTTP][39m [37m-->[39m [37mPOST[39m [37m/wd/hub/session/42801498-1c42-4de6-9fc6-649bf7e7b632/touch/perform[39m
[35m[HTTP][39m [90m{"actions":[{"action":"tap","options":{"x":1,"y":1,"element":"271095f3-961f-48b5-b020-602818d4f674"}},{"action":"release","options":{}}]}[39m
[35m[UiAutomator2][39m calling get location: 271095f3-961f-48b5-b020-602818d4f674
[35m[HTTP][39m [37m<-- POST /wd/hub/session/42801498-1c42-4de6-9fc6-649bf7e7b632/touch/perform [39m[32m200[39m [90m12258 ms - 14[39m
[35m[HTTP][39m [90m[39m
[35m[HTTP][39m [37m-->[39m [37mGET[39m [37m/wd/hub/session/42801498-1c42-4de6-9fc6-649bf7e7b632/context[39m
[35m[HTTP][39m [90m{}[39m
[35m[HTTP][39m [37m<-- GET /wd/hub/session/42801498-1c42-4de6-9fc6-649bf7e7b632/context [39m[32m200[39m [90m4 ms - 22[39m
[35m[HTTP][39m [90m[39m
[35m[HTTP][39m [37m-->[39m [37mGET[39m [37m/wd/hub/session/42801498-1c42-4de6-9fc6-649bf7e7b632/contexts[39m
[35m[HTTP][39m [90m{}[39m
[35m[HTTP][39m [37m<-- GET /wd/hub/session/42801498-1c42-4de6-9fc6-649bf7e7b632/contexts [39m[32m-[39m [90m- ms - -[39m
[35m[HTTP][39m [90m[39m
[35m[BaseDriver][39m Shutting down because we waited 1800 seconds for a command
[35m[Appium][39m Closing session, cause was 'New Command Timeout of 1800 seconds expired. Try customizing the timeout using the 'newCommandTimeout' desired capability'
[35m[Appium][39m Removing session 42801498-1c42-4de6-9fc6-649bf7e7b632 from our master session list
[35m[UiAutomator2][39m Restoring hidden api policy to the device default configuration
