[35m[Appium][39m Welcome to Appium v1.12.1
[35m[Appium][39m Non-default server args:
[35m[Appium][39m   port: 51067
[35m[Appium][39m   loglevel: info
[35m[Appium][39m   chromeDriverPort: 51068
[35m[Appium][39m   tmpDir: C:\Users\15420\AppData\Local\Temp\\Katalon\Appium\Temp1574906153549
[35m[Appium][39m Appium REST http interface listener started on 0.0.0.0:51067
[35m[HTTP][39m [37m-->[39m [37mGET[39m [37m/wd/hub/status[39m
[35m[HTTP][39m [90m{}[39m
[35m[HTTP][39m [37m<-- GET /wd/hub/status [39m[32m200[39m [90m10 ms - 68[39m
[35m[HTTP][39m [90m[39m
[35m[HTTP][39m [37m-->[39m [37mPOST[39m [37m/wd/hub/session[39m
[35m[HTTP][39m [90m{"desiredCapabilities":{"app":"C:\\Users\\15420\\git\\ACCME-Dupcheck\\AccMe.apk","noReset":true,"deviceId":"","deviceName":"samsung SM-A505F (Android 9)","fullReset":false,"platform":"ANDROID","newCommandTimeout":1800,"platformVersion":"9","automationName":"uiautomator2","autoGrantPermissions":true,"unicodeKeyboard":true,"platformName":"Android","udid":"RR8M30NJT6T","resetKeyboard":true,"systemPort":51066},"capabilities":{"firstMatch":[{"appium:app":"C:\\Users\\15420\\git\\ACCME-Dupcheck\\AccMe.apk","appium:autoGrantPermissions":true,"appium:automationName":"uiautomator2","deviceId":"","appium:deviceName":"samsung SM-A505F (Android 9)","appium:fullReset":false,"appium:newCommandTimeout":1800,"appium:noReset":true,"platform":"ANDROID","platformName":"android","appium:platformVersion":"9","appium:resetKeyboard":true,"appium:systemPort":51066,"appium:udid":"RR8M30NJT6T","appium:unicodeKeyboard":true}]}}[39m
[35m[BaseDriver][39m The capabilities ["deviceId","platform"] are not standard capabilities and should have an extension prefix
[35m[Appium][39m Appium v1.12.1 creating new AndroidUiautomator2Driver (v1.33.0) session
[35m[Appium][39m Capabilities:
[35m[Appium][39m   deviceId: 
[35m[Appium][39m   platform: ANDROID
[35m[Appium][39m   platformName: android
[35m[Appium][39m   app: C:\Users\15420\git\ACCME-Dupcheck\AccMe.apk
[35m[Appium][39m   autoGrantPermissions: true
[35m[Appium][39m   automationName: uiautomator2
[35m[Appium][39m   deviceName: samsung SM-A505F (Android 9)
[35m[Appium][39m   fullReset: false
[35m[Appium][39m   newCommandTimeout: 1800
[35m[Appium][39m   noReset: true
[35m[Appium][39m   platformVersion: 9
[35m[Appium][39m   resetKeyboard: true
[35m[Appium][39m   systemPort: 51066
[35m[Appium][39m   udid: RR8M30NJT6T
[35m[Appium][39m   unicodeKeyboard: true
[35m[BaseDriver][39m The following capabilities were provided, but are not recognized by appium: deviceId, platform.
[35m[BaseDriver][39m Session created with session id: 901465b6-f3bc-4359-bed7-467f01e0c495
[35m[BaseDriver][39m Using local app 'C:\Users\15420\git\ACCME-Dupcheck\AccMe.apk'
[35m[ADB][39m Checking whether adb is present
[35m[ADB][39m Found 1 'build-tools' folders under 'C:\Users\15420\.katalon\tools\android_sdk' (newest first):
[35m[ADB][39m     C:/Users/15420/.katalon/tools/android_sdk/build-tools/29.0.2
[35m[ADB][39m Using adb.exe from C:\Users\15420\.katalon\tools\android_sdk\platform-tools\adb.exe
[35m[AndroidDriver][39m Retrieving device list
[35m[AndroidDriver][39m Using device: RR8M30NJT6T
[35m[UiAutomator2][39m Relaxing hidden api policy
[35m[ADB][39m Using the alternative activity name detection method because of: Could not find apkanalyzer.bat in C:\Users\15420\.katalon\tools\android_sdk\platform-tools\apkanalyzer.bat,C:\Users\15420\.katalon\tools\android_sdk\emulator\apkanalyzer.bat,C:\Users\15420\.katalon\tools\android_sdk\tools\apkanalyzer.bat,C:\Users\15420\.katalon\tools\android_sdk\tools\bin\apkanalyzer.bat,C:\Users\15420\.katalon\tools\android_sdk\build-tools\29.0.2\apkanalyzer.bat. Do you have the Android SDK installed at 'C:\Users\15420\.katalon\tools\android_sdk'?
[35m[ADB][39m Checking whether aapt is present
[35m[ADB][39m Using aapt.exe from C:\Users\15420\.katalon\tools\android_sdk\build-tools\29.0.2\aapt.exe
[35m[ADB][39m Extracting package and launch activity from manifest
[35m[ADB][39m Package name: 'com.outsystemsenterprise.accdev1.AccMeMobile2'
[35m[ADB][39m Main activity name: 'com.outsystemsenterprise.accdev1.AccMeMobile2.MainActivity'
[35m[ADB][39m Using apksigner.bat from C:\Users\15420\.katalon\tools\android_sdk\build-tools\29.0.2\apksigner.bat
[35m[UiAutomator2][39m Server packages are not going to be (re)installed
[35m[UiAutomator2][39m Starting UIAutomator2 server 3.4.0
[35m[UiAutomator2][39m Using UIAutomator2 server from 'C:\Users\15420\AppData\Roaming\npm\node_modules\appium\node_modules\appium-uiautomator2-server\apks\appium-uiautomator2-server-v3.4.0.apk' and test from 'C:\Users\15420\AppData\Roaming\npm\node_modules\appium\node_modules\appium-uiautomator2-server\apks\appium-uiautomator2-server-debug-androidTest.apk'
[35m[UiAutomator2][39m Waiting up to 30000ms for UiAutomator2 to be online...
[35m[WD Proxy][39m Got an unexpected response: {"code":"ECONNRESET"}
[35m[WD Proxy][39m Got an unexpected response: {"code":"ECONNRESET"}
[35m[AndroidDriver][39m Screen already unlocked, doing nothing
[35m[UiAutomator2][39m UiAutomator2 did not start the activity we were waiting for, 'com.outsystemsenterprise.accdev1.AccMeMobile2/com.outsystemsenterprise.accdev1.AccMeMobile2.MainActivity'. Starting it ourselves
[35m[Appium][39m New AndroidUiautomator2Driver session created successfully, session 901465b6-f3bc-4359-bed7-467f01e0c495 added to master session list
[35m[HTTP][39m [37m<-- POST /wd/hub/session [39m[32m200[39m [90m55466 ms - 1340[39m
[35m[HTTP][39m [90m[39m
[35m[HTTP][39m [37m-->[39m [37mGET[39m [37m/wd/hub/session/901465b6-f3bc-4359-bed7-467f01e0c495[39m
[35m[HTTP][39m [90m{}[39m
[35m[HTTP][39m [37m<-- GET /wd/hub/session/901465b6-f3bc-4359-bed7-467f01e0c495 [39m[32m200[39m [90m83 ms - 1272[39m
[35m[HTTP][39m [90m[39m
[35m[HTTP][39m [37m-->[39m [37mGET[39m [37m/wd/hub/session/901465b6-f3bc-4359-bed7-467f01e0c495[39m
[35m[HTTP][39m [90m{}[39m
[35m[HTTP][39m [37m<-- GET /wd/hub/session/901465b6-f3bc-4359-bed7-467f01e0c495 [39m[32m200[39m [90m35 ms - 1272[39m
[35m[HTTP][39m [90m[39m
[35m[HTTP][39m [37m-->[39m [37mGET[39m [37m/wd/hub/status[39m
[35m[HTTP][39m [90m{}[39m
[35m[HTTP][39m [37m<-- GET /wd/hub/status [39m[32m200[39m [90m2 ms - 68[39m
[35m[HTTP][39m [90m[39m
[35m[HTTP][39m [37m-->[39m [37mPOST[39m [37m/wd/hub/session/901465b6-f3bc-4359-bed7-467f01e0c495/timeouts[39m
[35m[HTTP][39m [90m{"implicit":30000}[39m
[35m[HTTP][39m [37m<-- POST /wd/hub/session/901465b6-f3bc-4359-bed7-467f01e0c495/timeouts [39m[32m200[39m [90m10 ms - 14[39m
[35m[HTTP][39m [90m[39m
[35m[HTTP][39m [37m-->[39m [37mPOST[39m [37m/wd/hub/session/901465b6-f3bc-4359-bed7-467f01e0c495/timeouts[39m
[35m[HTTP][39m [90m{"implicit":50}[39m
[35m[HTTP][39m [37m<-- POST /wd/hub/session/901465b6-f3bc-4359-bed7-467f01e0c495/timeouts [39m[32m200[39m [90m4 ms - 14[39m
[35m[HTTP][39m [90m[39m
[35m[HTTP][39m [37m-->[39m [37mGET[39m [37m/wd/hub/session/901465b6-f3bc-4359-bed7-467f01e0c495/window/rect[39m
[35m[HTTP][39m [90m{}[39m
[35m[HTTP][39m [37m<-- GET /wd/hub/session/901465b6-f3bc-4359-bed7-467f01e0c495/window/rect [39m[32m200[39m [90m91 ms - 50[39m
[35m[HTTP][39m [90m[39m
[35m[HTTP][39m [37m-->[39m [37mPOST[39m [37m/wd/hub/session/901465b6-f3bc-4359-bed7-467f01e0c495/elements[39m
[35m[HTTP][39m [90m{"using":"-android uiautomator","value":"new UiSelector().className(\"android.widget.Image\").text(\"AccMeTheme.creditsimulationsicon\")"}[39m
[35m[HTTP][39m [37m<-- POST /wd/hub/session/901465b6-f3bc-4359-bed7-467f01e0c495/elements [39m[32m200[39m [90m1015 ms - 12[39m
[35m[HTTP][39m [90m[39m
[35m[HTTP][39m [37m-->[39m [37mPOST[39m [37m/wd/hub/session/901465b6-f3bc-4359-bed7-467f01e0c495/elements[39m
[35m[HTTP][39m [90m{"using":"-android uiautomator","value":"new UiSelector().className(\"android.widget.Image\").text(\"AccMeTheme.creditsimulationsicon\")"}[39m
[35m[HTTP][39m [37m<-- POST /wd/hub/session/901465b6-f3bc-4359-bed7-467f01e0c495/elements [39m[32m200[39m [90m1328 ms - 12[39m
[35m[HTTP][39m [90m[39m
[35m[HTTP][39m [37m-->[39m [37mPOST[39m [37m/wd/hub/session/901465b6-f3bc-4359-bed7-467f01e0c495/elements[39m
[35m[HTTP][39m [90m{"using":"-android uiautomator","value":"new UiSelector().className(\"android.widget.Image\").text(\"AccMeTheme.creditsimulationsicon\")"}[39m
[35m[HTTP][39m [37m<-- POST /wd/hub/session/901465b6-f3bc-4359-bed7-467f01e0c495/elements [39m[32m200[39m [90m523 ms - 12[39m
[35m[HTTP][39m [90m[39m
[35m[HTTP][39m [37m-->[39m [37mPOST[39m [37m/wd/hub/session/901465b6-f3bc-4359-bed7-467f01e0c495/elements[39m
[35m[HTTP][39m [90m{"using":"-android uiautomator","value":"new UiSelector().className(\"android.widget.Image\").text(\"AccMeTheme.creditsimulationsicon\")"}[39m
[35m[HTTP][39m [37m<-- POST /wd/hub/session/901465b6-f3bc-4359-bed7-467f01e0c495/elements [39m[32m200[39m [90m2024 ms - 139[39m
[35m[HTTP][39m [90m[39m
[35m[HTTP][39m [37m-->[39m [37mGET[39m [37m/wd/hub/session/901465b6-f3bc-4359-bed7-467f01e0c495/element/fa913e15-1d09-4f56-9d6f-688d397aad16/location[39m
[35m[HTTP][39m [90m{}[39m
[35m[W3C (901465b6)][39m Driver proxy active, passing request on via HTTP proxy
[35m[WD Proxy][39m Replacing sessionId 8c592a47-4b51-4ccc-b066-04c0429ac4f1 with 901465b6-f3bc-4359-bed7-467f01e0c495
[35m[HTTP][39m [37m<-- GET /wd/hub/session/901465b6-f3bc-4359-bed7-467f01e0c495/element/fa913e15-1d09-4f56-9d6f-688d397aad16/location [39m[32m200[39m [90m135 ms - 89[39m
[35m[HTTP][39m [90m[39m
[35m[HTTP][39m [37m-->[39m [37mPOST[39m [37m/wd/hub/session/901465b6-f3bc-4359-bed7-467f01e0c495/timeouts[39m
[35m[HTTP][39m [90m{"implicit":30000}[39m
[35m[HTTP][39m [37m<-- POST /wd/hub/session/901465b6-f3bc-4359-bed7-467f01e0c495/timeouts [39m[32m200[39m [90m5 ms - 14[39m
[35m[HTTP][39m [90m[39m
[35m[HTTP][39m [37m-->[39m [37mPOST[39m [37m/wd/hub/session/901465b6-f3bc-4359-bed7-467f01e0c495/timeouts[39m
[35m[HTTP][39m [90m{"implicit":50}[39m
[35m[HTTP][39m [37m<-- POST /wd/hub/session/901465b6-f3bc-4359-bed7-467f01e0c495/timeouts [39m[32m200[39m [90m6 ms - 14[39m
[35m[HTTP][39m [90m[39m
[35m[HTTP][39m [37m-->[39m [37mGET[39m [37m/wd/hub/session/901465b6-f3bc-4359-bed7-467f01e0c495/window/rect[39m
[35m[HTTP][39m [90m{}[39m
[35m[HTTP][39m [37m<-- GET /wd/hub/session/901465b6-f3bc-4359-bed7-467f01e0c495/window/rect [39m[32m200[39m [90m31 ms - 50[39m
[35m[HTTP][39m [90m[39m
[35m[HTTP][39m [37m-->[39m [37mPOST[39m [37m/wd/hub/session/901465b6-f3bc-4359-bed7-467f01e0c495/elements[39m
[35m[HTTP][39m [90m{"using":"-android uiautomator","value":"new UiSelector().className(\"android.widget.Image\").text(\"AccMeTheme.creditsimulationsicon\")"}[39m
[35m[HTTP][39m [37m<-- POST /wd/hub/session/901465b6-f3bc-4359-bed7-467f01e0c495/elements [39m[32m200[39m [90m352 ms - 139[39m
[35m[HTTP][39m [90m[39m
[35m[HTTP][39m [37m-->[39m [37mGET[39m [37m/wd/hub/session/901465b6-f3bc-4359-bed7-467f01e0c495/element/c0ff2b49-dc88-48c5-a710-256292b4f3e4/location[39m
[35m[HTTP][39m [90m{}[39m
[35m[W3C (901465b6)][39m Driver proxy active, passing request on via HTTP proxy
[35m[WD Proxy][39m Replacing sessionId 8c592a47-4b51-4ccc-b066-04c0429ac4f1 with 901465b6-f3bc-4359-bed7-467f01e0c495
[35m[HTTP][39m [37m<-- GET /wd/hub/session/901465b6-f3bc-4359-bed7-467f01e0c495/element/c0ff2b49-dc88-48c5-a710-256292b4f3e4/location [39m[32m200[39m [90m120 ms - 89[39m
[35m[HTTP][39m [90m[39m
[35m[HTTP][39m [37m-->[39m [37mPOST[39m [37m/wd/hub/session/901465b6-f3bc-4359-bed7-467f01e0c495/timeouts[39m
[35m[HTTP][39m [90m{"implicit":30000}[39m
[35m[HTTP][39m [37m<-- POST /wd/hub/session/901465b6-f3bc-4359-bed7-467f01e0c495/timeouts [39m[32m200[39m [90m6 ms - 14[39m
[35m[HTTP][39m [90m[39m
[35m[HTTP][39m [37m-->[39m [37mPOST[39m [37m/wd/hub/session/901465b6-f3bc-4359-bed7-467f01e0c495/touch/perform[39m
[35m[HTTP][39m [90m{"actions":[{"action":"tap","options":{"x":1,"y":1,"element":"c0ff2b49-dc88-48c5-a710-256292b4f3e4"}},{"action":"release","options":{}}]}[39m
[35m[UiAutomator2][39m calling get location: c0ff2b49-dc88-48c5-a710-256292b4f3e4
[35m[HTTP][39m [37m<-- POST /wd/hub/session/901465b6-f3bc-4359-bed7-467f01e0c495/touch/perform [39m[32m200[39m [90m1187 ms - 14[39m
[35m[HTTP][39m [90m[39m
[35m[HTTP][39m [37m-->[39m [37mPOST[39m [37m/wd/hub/session/901465b6-f3bc-4359-bed7-467f01e0c495/timeouts[39m
[35m[HTTP][39m [90m{"implicit":50}[39m
[35m[HTTP][39m [37m<-- POST /wd/hub/session/901465b6-f3bc-4359-bed7-467f01e0c495/timeouts [39m[32m200[39m [90m6 ms - 14[39m
[35m[HTTP][39m [90m[39m
[35m[HTTP][39m [37m-->[39m [37mGET[39m [37m/wd/hub/session/901465b6-f3bc-4359-bed7-467f01e0c495/window/rect[39m
[35m[HTTP][39m [90m{}[39m
[35m[HTTP][39m [37m<-- GET /wd/hub/session/901465b6-f3bc-4359-bed7-467f01e0c495/window/rect [39m[32m200[39m [90m68 ms - 50[39m
[35m[HTTP][39m [90m[39m
[35m[HTTP][39m [37m-->[39m [37mPOST[39m [37m/wd/hub/session/901465b6-f3bc-4359-bed7-467f01e0c495/elements[39m
[35m[HTTP][39m [90m{"using":"-android uiautomator","value":"new UiSelector().className(\"android.widget.Button\").text(\"New Car\").resourceId(\"b7-ButtonGroupItem1\")"}[39m
[35m[HTTP][39m [37m<-- POST /wd/hub/session/901465b6-f3bc-4359-bed7-467f01e0c495/elements [39m[32m200[39m [90m354 ms - 12[39m
[35m[HTTP][39m [90m[39m
[35m[HTTP][39m [37m-->[39m [37mPOST[39m [37m/wd/hub/session/901465b6-f3bc-4359-bed7-467f01e0c495/elements[39m
[35m[HTTP][39m [90m{"using":"-android uiautomator","value":"new UiSelector().className(\"android.widget.Button\").text(\"New Car\").resourceId(\"b7-ButtonGroupItem1\")"}[39m
[35m[HTTP][39m [37m<-- POST /wd/hub/session/901465b6-f3bc-4359-bed7-467f01e0c495/elements [39m[32m200[39m [90m2341 ms - 139[39m
[35m[HTTP][39m [90m[39m
[35m[HTTP][39m [37m-->[39m [37mGET[39m [37m/wd/hub/session/901465b6-f3bc-4359-bed7-467f01e0c495/element/f715122e-278f-4ec8-8814-6e8b9c6b2c83/location[39m
[35m[HTTP][39m [90m{}[39m
[35m[W3C (901465b6)][39m Driver proxy active, passing request on via HTTP proxy
[35m[WD Proxy][39m Replacing sessionId 8c592a47-4b51-4ccc-b066-04c0429ac4f1 with 901465b6-f3bc-4359-bed7-467f01e0c495
[35m[HTTP][39m [37m<-- GET /wd/hub/session/901465b6-f3bc-4359-bed7-467f01e0c495/element/f715122e-278f-4ec8-8814-6e8b9c6b2c83/location [39m[32m200[39m [90m278 ms - 88[39m
[35m[HTTP][39m [90m[39m
[35m[HTTP][39m [37m-->[39m [37mPOST[39m [37m/wd/hub/session/901465b6-f3bc-4359-bed7-467f01e0c495/timeouts[39m
[35m[HTTP][39m [90m{"implicit":30000}[39m
[35m[HTTP][39m [37m<-- POST /wd/hub/session/901465b6-f3bc-4359-bed7-467f01e0c495/timeouts [39m[32m200[39m [90m3 ms - 14[39m
[35m[HTTP][39m [90m[39m
[35m[HTTP][39m [37m-->[39m [37mPOST[39m [37m/wd/hub/session/901465b6-f3bc-4359-bed7-467f01e0c495/touch/perform[39m
[35m[HTTP][39m [90m{"actions":[{"action":"tap","options":{"x":1,"y":1,"element":"f715122e-278f-4ec8-8814-6e8b9c6b2c83"}},{"action":"release","options":{}}]}[39m
[35m[UiAutomator2][39m calling get location: f715122e-278f-4ec8-8814-6e8b9c6b2c83
[35m[HTTP][39m [37m<-- POST /wd/hub/session/901465b6-f3bc-4359-bed7-467f01e0c495/touch/perform [39m[32m200[39m [90m1089 ms - 14[39m
[35m[HTTP][39m [90m[39m
[35m[HTTP][39m [37m-->[39m [37mPOST[39m [37m/wd/hub/session/901465b6-f3bc-4359-bed7-467f01e0c495/timeouts[39m
[35m[HTTP][39m [90m{"implicit":50}[39m
[35m[HTTP][39m [37m<-- POST /wd/hub/session/901465b6-f3bc-4359-bed7-467f01e0c495/timeouts [39m[32m200[39m [90m4 ms - 14[39m
[35m[HTTP][39m [90m[39m
[35m[HTTP][39m [37m-->[39m [37mGET[39m [37m/wd/hub/session/901465b6-f3bc-4359-bed7-467f01e0c495/window/rect[39m
[35m[HTTP][39m [90m{}[39m
[35m[HTTP][39m [37m<-- GET /wd/hub/session/901465b6-f3bc-4359-bed7-467f01e0c495/window/rect [39m[32m200[39m [90m56 ms - 50[39m
[35m[HTTP][39m [90m[39m
[35m[HTTP][39m [37m-->[39m [37mPOST[39m [37m/wd/hub/session/901465b6-f3bc-4359-bed7-467f01e0c495/elements[39m
[35m[HTTP][39m [90m{"using":"-android uiautomator","value":"new UiSelector().className(\"android.widget.EditText\").resourceId(\"b7-Input_Brand\")"}[39m
[35m[HTTP][39m [37m<-- POST /wd/hub/session/901465b6-f3bc-4359-bed7-467f01e0c495/elements [39m[32m200[39m [90m468 ms - 139[39m
[35m[HTTP][39m [90m[39m
[35m[HTTP][39m [37m-->[39m [37mGET[39m [37m/wd/hub/session/901465b6-f3bc-4359-bed7-467f01e0c495/element/dacd3e99-5e2e-4369-b05b-260a921eff6a/location[39m
[35m[HTTP][39m [90m{}[39m
[35m[W3C (901465b6)][39m Driver proxy active, passing request on via HTTP proxy
[35m[WD Proxy][39m Replacing sessionId 8c592a47-4b51-4ccc-b066-04c0429ac4f1 with 901465b6-f3bc-4359-bed7-467f01e0c495
[35m[HTTP][39m [37m<-- GET /wd/hub/session/901465b6-f3bc-4359-bed7-467f01e0c495/element/dacd3e99-5e2e-4369-b05b-260a921eff6a/location [39m[32m200[39m [90m184 ms - 89[39m
[35m[HTTP][39m [90m[39m
[35m[HTTP][39m [37m-->[39m [37mPOST[39m [37m/wd/hub/session/901465b6-f3bc-4359-bed7-467f01e0c495/timeouts[39m
[35m[HTTP][39m [90m{"implicit":30000}[39m
[35m[HTTP][39m [37m<-- POST /wd/hub/session/901465b6-f3bc-4359-bed7-467f01e0c495/timeouts [39m[32m200[39m [90m5 ms - 14[39m
[35m[HTTP][39m [90m[39m
[35m[HTTP][39m [37m-->[39m [37mPOST[39m [37m/wd/hub/session/901465b6-f3bc-4359-bed7-467f01e0c495/element/dacd3e99-5e2e-4369-b05b-260a921eff6a/clear[39m
[35m[HTTP][39m [90m{"id":"dacd3e99-5e2e-4369-b05b-260a921eff6a"}[39m
[35m[HTTP][39m [37m<-- POST /wd/hub/session/901465b6-f3bc-4359-bed7-467f01e0c495/element/dacd3e99-5e2e-4369-b05b-260a921eff6a/clear [39m[32m200[39m [90m205 ms - 27[39m
[35m[HTTP][39m [90m[39m
[35m[HTTP][39m [37m-->[39m [37mPOST[39m [37m/wd/hub/session/901465b6-f3bc-4359-bed7-467f01e0c495/element/dacd3e99-5e2e-4369-b05b-260a921eff6a/value[39m
[35m[HTTP][39m [90m{"id":"dacd3e99-5e2e-4369-b05b-260a921eff6a","text":"TOYOTA","value":["T","O","Y","O","T","A"]}[39m
[35m[HTTP][39m [37m<-- POST /wd/hub/session/901465b6-f3bc-4359-bed7-467f01e0c495/element/dacd3e99-5e2e-4369-b05b-260a921eff6a/value [39m[32m200[39m [90m254 ms - 12[39m
[35m[HTTP][39m [90m[39m
[35m[HTTP][39m [37m-->[39m [37mPOST[39m [37m/wd/hub/session/901465b6-f3bc-4359-bed7-467f01e0c495/timeouts[39m
[35m[HTTP][39m [90m{"implicit":50}[39m
[35m[HTTP][39m [37m<-- POST /wd/hub/session/901465b6-f3bc-4359-bed7-467f01e0c495/timeouts [39m[32m200[39m [90m3 ms - 14[39m
[35m[HTTP][39m [90m[39m
[35m[HTTP][39m [37m-->[39m [37mGET[39m [37m/wd/hub/session/901465b6-f3bc-4359-bed7-467f01e0c495/window/rect[39m
[35m[HTTP][39m [90m{}[39m
[35m[HTTP][39m [37m<-- GET /wd/hub/session/901465b6-f3bc-4359-bed7-467f01e0c495/window/rect [39m[32m200[39m [90m62 ms - 50[39m
[35m[HTTP][39m [90m[39m
[35m[HTTP][39m [37m-->[39m [37mPOST[39m [37m/wd/hub/session/901465b6-f3bc-4359-bed7-467f01e0c495/elements[39m
[35m[HTTP][39m [90m{"using":"-android uiautomator","value":"new UiSelector().className(\"android.widget.EditText\").resourceId(\"b7-Input_Brand\")"}[39m
[35m[HTTP][39m [37m<-- POST /wd/hub/session/901465b6-f3bc-4359-bed7-467f01e0c495/elements [39m[32m200[39m [90m1647 ms - 139[39m
[35m[HTTP][39m [90m[39m
[35m[HTTP][39m [37m-->[39m [37mGET[39m [37m/wd/hub/session/901465b6-f3bc-4359-bed7-467f01e0c495/element/3d237f65-b162-4050-9755-a5a23433a7e1/location[39m
[35m[HTTP][39m [90m{}[39m
[35m[W3C (901465b6)][39m Driver proxy active, passing request on via HTTP proxy
[35m[WD Proxy][39m Replacing sessionId 8c592a47-4b51-4ccc-b066-04c0429ac4f1 with 901465b6-f3bc-4359-bed7-467f01e0c495
[35m[HTTP][39m [37m<-- GET /wd/hub/session/901465b6-f3bc-4359-bed7-467f01e0c495/element/3d237f65-b162-4050-9755-a5a23433a7e1/location [39m[32m200[39m [90m230 ms - 89[39m
[35m[HTTP][39m [90m[39m
[35m[HTTP][39m [37m-->[39m [37mPOST[39m [37m/wd/hub/session/901465b6-f3bc-4359-bed7-467f01e0c495/timeouts[39m
[35m[HTTP][39m [90m{"implicit":30000}[39m
[35m[HTTP][39m [37m<-- POST /wd/hub/session/901465b6-f3bc-4359-bed7-467f01e0c495/timeouts [39m[32m200[39m [90m4 ms - 14[39m
[35m[HTTP][39m [90m[39m
[35m[HTTP][39m [37m-->[39m [37mPOST[39m [37m/wd/hub/session/901465b6-f3bc-4359-bed7-467f01e0c495/touch/perform[39m
[35m[HTTP][39m [90m{"actions":[{"action":"tap","options":{"x":1,"y":1,"element":"3d237f65-b162-4050-9755-a5a23433a7e1"}},{"action":"release","options":{}}]}[39m
[35m[UiAutomator2][39m calling get location: 3d237f65-b162-4050-9755-a5a23433a7e1
[35m[HTTP][39m [37m<-- POST /wd/hub/session/901465b6-f3bc-4359-bed7-467f01e0c495/touch/perform [39m[32m200[39m [90m1339 ms - 14[39m
[35m[HTTP][39m [90m[39m
[35m[HTTP][39m [37m-->[39m [37mPOST[39m [37m/wd/hub/session/901465b6-f3bc-4359-bed7-467f01e0c495/timeouts[39m
[35m[HTTP][39m [90m{"implicit":50}[39m
[35m[HTTP][39m [37m<-- POST /wd/hub/session/901465b6-f3bc-4359-bed7-467f01e0c495/timeouts [39m[32m200[39m [90m5 ms - 14[39m
[35m[HTTP][39m [90m[39m
[35m[HTTP][39m [37m-->[39m [37mGET[39m [37m/wd/hub/session/901465b6-f3bc-4359-bed7-467f01e0c495/window/rect[39m
[35m[HTTP][39m [90m{}[39m
[35m[HTTP][39m [37m<-- GET /wd/hub/session/901465b6-f3bc-4359-bed7-467f01e0c495/window/rect [39m[32m200[39m [90m74 ms - 50[39m
[35m[HTTP][39m [90m[39m
[35m[HTTP][39m [37m-->[39m [37mPOST[39m [37m/wd/hub/session/901465b6-f3bc-4359-bed7-467f01e0c495/elements[39m
[35m[HTTP][39m [90m{"using":"-android uiautomator","value":"new UiSelector().className(\"android.view.View\").textContains(\"TOYOTA\").enabled(true)"}[39m
[35m[HTTP][39m [37m<-- POST /wd/hub/session/901465b6-f3bc-4359-bed7-467f01e0c495/elements [39m[32m200[39m [90m626 ms - 139[39m
[35m[HTTP][39m [90m[39m
[35m[HTTP][39m [37m-->[39m [37mGET[39m [37m/wd/hub/session/901465b6-f3bc-4359-bed7-467f01e0c495/element/ce674143-b010-4069-81d9-8813ed96df15/location[39m
[35m[HTTP][39m [90m{}[39m
[35m[W3C (901465b6)][39m Driver proxy active, passing request on via HTTP proxy
[35m[WD Proxy][39m Replacing sessionId 8c592a47-4b51-4ccc-b066-04c0429ac4f1 with 901465b6-f3bc-4359-bed7-467f01e0c495
[35m[HTTP][39m [37m<-- GET /wd/hub/session/901465b6-f3bc-4359-bed7-467f01e0c495/element/ce674143-b010-4069-81d9-8813ed96df15/location [39m[32m200[39m [90m117 ms - 89[39m
[35m[HTTP][39m [90m[39m
[35m[HTTP][39m [37m-->[39m [37mPOST[39m [37m/wd/hub/session/901465b6-f3bc-4359-bed7-467f01e0c495/timeouts[39m
[35m[HTTP][39m [90m{"implicit":30000}[39m
[35m[HTTP][39m [37m<-- POST /wd/hub/session/901465b6-f3bc-4359-bed7-467f01e0c495/timeouts [39m[32m200[39m [90m4 ms - 14[39m
[35m[HTTP][39m [90m[39m
[35m[HTTP][39m [37m-->[39m [37mPOST[39m [37m/wd/hub/session/901465b6-f3bc-4359-bed7-467f01e0c495/touch/perform[39m
[35m[HTTP][39m [90m{"actions":[{"action":"tap","options":{"x":1,"y":1,"element":"ce674143-b010-4069-81d9-8813ed96df15"}},{"action":"release","options":{}}]}[39m
[35m[UiAutomator2][39m calling get location: ce674143-b010-4069-81d9-8813ed96df15
[35m[HTTP][39m [37m<-- POST /wd/hub/session/901465b6-f3bc-4359-bed7-467f01e0c495/touch/perform [39m[32m200[39m [90m1705 ms - 14[39m
[35m[HTTP][39m [90m[39m
[35m[HTTP][39m [37m-->[39m [37mPOST[39m [37m/wd/hub/session/901465b6-f3bc-4359-bed7-467f01e0c495/timeouts[39m
[35m[HTTP][39m [90m{"implicit":50}[39m
[35m[HTTP][39m [37m<-- POST /wd/hub/session/901465b6-f3bc-4359-bed7-467f01e0c495/timeouts [39m[32m200[39m [90m3 ms - 14[39m
[35m[HTTP][39m [90m[39m
[35m[HTTP][39m [37m-->[39m [37mGET[39m [37m/wd/hub/session/901465b6-f3bc-4359-bed7-467f01e0c495/window/rect[39m
[35m[HTTP][39m [90m{}[39m
[35m[HTTP][39m [37m<-- GET /wd/hub/session/901465b6-f3bc-4359-bed7-467f01e0c495/window/rect [39m[32m200[39m [90m82 ms - 50[39m
[35m[HTTP][39m [90m[39m
[35m[HTTP][39m [37m-->[39m [37mPOST[39m [37m/wd/hub/session/901465b6-f3bc-4359-bed7-467f01e0c495/elements[39m
[35m[HTTP][39m [90m{"using":"-android uiautomator","value":"new UiSelector().className(\"android.widget.EditText\").resourceId(\"b7-Input_Type\")"}[39m
[35m[HTTP][39m [37m<-- POST /wd/hub/session/901465b6-f3bc-4359-bed7-467f01e0c495/elements [39m[32m200[39m [90m618 ms - 139[39m
[35m[HTTP][39m [90m[39m
[35m[HTTP][39m [37m-->[39m [37mGET[39m [37m/wd/hub/session/901465b6-f3bc-4359-bed7-467f01e0c495/element/396ef4ca-4f90-48c4-a7c3-37ff42a32b66/location[39m
[35m[HTTP][39m [90m{}[39m
[35m[W3C (901465b6)][39m Driver proxy active, passing request on via HTTP proxy
[35m[WD Proxy][39m Replacing sessionId 8c592a47-4b51-4ccc-b066-04c0429ac4f1 with 901465b6-f3bc-4359-bed7-467f01e0c495
[35m[HTTP][39m [37m<-- GET /wd/hub/session/901465b6-f3bc-4359-bed7-467f01e0c495/element/396ef4ca-4f90-48c4-a7c3-37ff42a32b66/location [39m[32m200[39m [90m203 ms - 89[39m
[35m[HTTP][39m [90m[39m
[35m[HTTP][39m [37m-->[39m [37mPOST[39m [37m/wd/hub/session/901465b6-f3bc-4359-bed7-467f01e0c495/timeouts[39m
[35m[HTTP][39m [90m{"implicit":30000}[39m
[35m[HTTP][39m [37m<-- POST /wd/hub/session/901465b6-f3bc-4359-bed7-467f01e0c495/timeouts [39m[32m200[39m [90m6 ms - 14[39m
[35m[HTTP][39m [90m[39m
[35m[HTTP][39m [37m-->[39m [37mPOST[39m [37m/wd/hub/session/901465b6-f3bc-4359-bed7-467f01e0c495/touch/perform[39m
[35m[HTTP][39m [90m{"actions":[{"action":"tap","options":{"x":1,"y":1,"element":"396ef4ca-4f90-48c4-a7c3-37ff42a32b66"}},{"action":"release","options":{}}]}[39m
[35m[UiAutomator2][39m calling get location: 396ef4ca-4f90-48c4-a7c3-37ff42a32b66
[35m[HTTP][39m [37m<-- POST /wd/hub/session/901465b6-f3bc-4359-bed7-467f01e0c495/touch/perform [39m[32m200[39m [90m1978 ms - 14[39m
[35m[HTTP][39m [90m[39m
[35m[HTTP][39m [37m-->[39m [37mPOST[39m [37m/wd/hub/session/901465b6-f3bc-4359-bed7-467f01e0c495/timeouts[39m
[35m[HTTP][39m [90m{"implicit":50}[39m
[35m[HTTP][39m [37m<-- POST /wd/hub/session/901465b6-f3bc-4359-bed7-467f01e0c495/timeouts [39m[32m200[39m [90m4 ms - 14[39m
[35m[HTTP][39m [90m[39m
[35m[HTTP][39m [37m-->[39m [37mGET[39m [37m/wd/hub/session/901465b6-f3bc-4359-bed7-467f01e0c495/window/rect[39m
[35m[HTTP][39m [90m{}[39m
[35m[HTTP][39m [37m<-- GET /wd/hub/session/901465b6-f3bc-4359-bed7-467f01e0c495/window/rect [39m[32m200[39m [90m86 ms - 50[39m
[35m[HTTP][39m [90m[39m
[35m[HTTP][39m [37m-->[39m [37mPOST[39m [37m/wd/hub/session/901465b6-f3bc-4359-bed7-467f01e0c495/elements[39m
[35m[HTTP][39m [90m{"using":"-android uiautomator","value":"new UiSelector().className(\"android.widget.EditText\").resourceId(\"b7-Input_Type\")"}[39m
[35m[HTTP][39m [37m<-- POST /wd/hub/session/901465b6-f3bc-4359-bed7-467f01e0c495/elements [39m[32m200[39m [90m1006 ms - 139[39m
[35m[HTTP][39m [90m[39m
[35m[HTTP][39m [37m-->[39m [37mGET[39m [37m/wd/hub/session/901465b6-f3bc-4359-bed7-467f01e0c495/element/a4786c2e-02d0-4114-a597-d94e337b92c1/location[39m
[35m[HTTP][39m [90m{}[39m
[35m[W3C (901465b6)][39m Driver proxy active, passing request on via HTTP proxy
[35m[WD Proxy][39m Replacing sessionId 8c592a47-4b51-4ccc-b066-04c0429ac4f1 with 901465b6-f3bc-4359-bed7-467f01e0c495
[35m[HTTP][39m [37m<-- GET /wd/hub/session/901465b6-f3bc-4359-bed7-467f01e0c495/element/a4786c2e-02d0-4114-a597-d94e337b92c1/location [39m[32m200[39m [90m138 ms - 89[39m
[35m[HTTP][39m [90m[39m
[35m[HTTP][39m [37m-->[39m [37mPOST[39m [37m/wd/hub/session/901465b6-f3bc-4359-bed7-467f01e0c495/timeouts[39m
[35m[HTTP][39m [90m{"implicit":30000}[39m
[35m[HTTP][39m [37m<-- POST /wd/hub/session/901465b6-f3bc-4359-bed7-467f01e0c495/timeouts [39m[32m200[39m [90m5 ms - 14[39m
[35m[HTTP][39m [90m[39m
[35m[HTTP][39m [37m-->[39m [37mPOST[39m [37m/wd/hub/session/901465b6-f3bc-4359-bed7-467f01e0c495/element/a4786c2e-02d0-4114-a597-d94e337b92c1/clear[39m
[35m[HTTP][39m [90m{"id":"a4786c2e-02d0-4114-a597-d94e337b92c1"}[39m
[35m[HTTP][39m [37m<-- POST /wd/hub/session/901465b6-f3bc-4359-bed7-467f01e0c495/element/a4786c2e-02d0-4114-a597-d94e337b92c1/clear [39m[32m200[39m [90m135 ms - 27[39m
[35m[HTTP][39m [90m[39m
[35m[HTTP][39m [37m-->[39m [37mPOST[39m [37m/wd/hub/session/901465b6-f3bc-4359-bed7-467f01e0c495/element/a4786c2e-02d0-4114-a597-d94e337b92c1/value[39m
[35m[HTTP][39m [90m{"id":"a4786c2e-02d0-4114-a597-d94e337b92c1","text":"NEW INNOVA","value":["N","E","W"," ","I","N","N","O","V","A"]}[39m
[35m[HTTP][39m [37m<-- POST /wd/hub/session/901465b6-f3bc-4359-bed7-467f01e0c495/element/a4786c2e-02d0-4114-a597-d94e337b92c1/value [39m[32m200[39m [90m997 ms - 12[39m
[35m[HTTP][39m [90m[39m
[35m[HTTP][39m [37m-->[39m [37mPOST[39m [37m/wd/hub/session/901465b6-f3bc-4359-bed7-467f01e0c495/timeouts[39m
[35m[HTTP][39m [90m{"implicit":50}[39m
[35m[HTTP][39m [37m<-- POST /wd/hub/session/901465b6-f3bc-4359-bed7-467f01e0c495/timeouts [39m[32m200[39m [90m5 ms - 14[39m
[35m[HTTP][39m [90m[39m
[35m[HTTP][39m [37m-->[39m [37mGET[39m [37m/wd/hub/session/901465b6-f3bc-4359-bed7-467f01e0c495/window/rect[39m
[35m[HTTP][39m [90m{}[39m
[35m[HTTP][39m [37m<-- GET /wd/hub/session/901465b6-f3bc-4359-bed7-467f01e0c495/window/rect [39m[32m200[39m [90m91 ms - 50[39m
[35m[HTTP][39m [90m[39m
[35m[HTTP][39m [37m-->[39m [37mPOST[39m [37m/wd/hub/session/901465b6-f3bc-4359-bed7-467f01e0c495/elements[39m
[35m[HTTP][39m [90m{"using":"-android uiautomator","value":"new UiSelector().className(\"android.widget.EditText\").resourceId(\"b7-Input_Type\")"}[39m
[35m[HTTP][39m [37m<-- POST /wd/hub/session/901465b6-f3bc-4359-bed7-467f01e0c495/elements [39m[32m200[39m [90m637 ms - 139[39m
[35m[HTTP][39m [90m[39m
[35m[HTTP][39m [37m-->[39m [37mGET[39m [37m/wd/hub/session/901465b6-f3bc-4359-bed7-467f01e0c495/element/eb98ecf1-7a94-449c-a882-71cfff57551b/location[39m
[35m[HTTP][39m [90m{}[39m
[35m[W3C (901465b6)][39m Driver proxy active, passing request on via HTTP proxy
[35m[WD Proxy][39m Replacing sessionId 8c592a47-4b51-4ccc-b066-04c0429ac4f1 with 901465b6-f3bc-4359-bed7-467f01e0c495
[35m[HTTP][39m [37m<-- GET /wd/hub/session/901465b6-f3bc-4359-bed7-467f01e0c495/element/eb98ecf1-7a94-449c-a882-71cfff57551b/location [39m[32m200[39m [90m154 ms - 89[39m
[35m[HTTP][39m [90m[39m
[35m[HTTP][39m [37m-->[39m [37mPOST[39m [37m/wd/hub/session/901465b6-f3bc-4359-bed7-467f01e0c495/timeouts[39m
[35m[HTTP][39m [90m{"implicit":30000}[39m
[35m[HTTP][39m [37m<-- POST /wd/hub/session/901465b6-f3bc-4359-bed7-467f01e0c495/timeouts [39m[32m200[39m [90m5 ms - 14[39m
[35m[HTTP][39m [90m[39m
[35m[HTTP][39m [37m-->[39m [37mPOST[39m [37m/wd/hub/session/901465b6-f3bc-4359-bed7-467f01e0c495/touch/perform[39m
[35m[HTTP][39m [90m{"actions":[{"action":"tap","options":{"x":1,"y":1,"element":"eb98ecf1-7a94-449c-a882-71cfff57551b"}},{"action":"release","options":{}}]}[39m
[35m[UiAutomator2][39m calling get location: eb98ecf1-7a94-449c-a882-71cfff57551b
[35m[HTTP][39m [37m<-- POST /wd/hub/session/901465b6-f3bc-4359-bed7-467f01e0c495/touch/perform [39m[32m200[39m [90m1125 ms - 14[39m
[35m[HTTP][39m [90m[39m
[35m[HTTP][39m [37m-->[39m [37mPOST[39m [37m/wd/hub/session/901465b6-f3bc-4359-bed7-467f01e0c495/timeouts[39m
[35m[HTTP][39m [90m{"implicit":50}[39m
[35m[HTTP][39m [37m<-- POST /wd/hub/session/901465b6-f3bc-4359-bed7-467f01e0c495/timeouts [39m[32m200[39m [90m4 ms - 14[39m
[35m[HTTP][39m [90m[39m
[35m[HTTP][39m [37m-->[39m [37mGET[39m [37m/wd/hub/session/901465b6-f3bc-4359-bed7-467f01e0c495/window/rect[39m
[35m[HTTP][39m [90m{}[39m
[35m[HTTP][39m [37m<-- GET /wd/hub/session/901465b6-f3bc-4359-bed7-467f01e0c495/window/rect [39m[32m200[39m [90m87 ms - 50[39m
[35m[HTTP][39m [90m[39m
[35m[HTTP][39m [37m-->[39m [37mPOST[39m [37m/wd/hub/session/901465b6-f3bc-4359-bed7-467f01e0c495/elements[39m
[35m[HTTP][39m [90m{"using":"-android uiautomator","value":"new UiSelector().className(\"android.view.View\").resourceId(\"b7-l8-0-ListItemType\").instance(70)"}[39m
[35m[HTTP][39m [37m<-- POST /wd/hub/session/901465b6-f3bc-4359-bed7-467f01e0c495/elements [39m[32m200[39m [90m570 ms - 139[39m
[35m[HTTP][39m [90m[39m
[35m[HTTP][39m [37m-->[39m [37mGET[39m [37m/wd/hub/session/901465b6-f3bc-4359-bed7-467f01e0c495/element/49e66d5b-b190-4385-b20e-b41de36077d1/location[39m
[35m[HTTP][39m [90m{}[39m
[35m[W3C (901465b6)][39m Driver proxy active, passing request on via HTTP proxy
[35m[WD Proxy][39m Replacing sessionId 8c592a47-4b51-4ccc-b066-04c0429ac4f1 with 901465b6-f3bc-4359-bed7-467f01e0c495
[35m[HTTP][39m [37m<-- GET /wd/hub/session/901465b6-f3bc-4359-bed7-467f01e0c495/element/49e66d5b-b190-4385-b20e-b41de36077d1/location [39m[32m200[39m [90m147 ms - 89[39m
[35m[HTTP][39m [90m[39m
[35m[HTTP][39m [37m-->[39m [37mPOST[39m [37m/wd/hub/session/901465b6-f3bc-4359-bed7-467f01e0c495/timeouts[39m
[35m[HTTP][39m [90m{"implicit":30000}[39m
[35m[HTTP][39m [37m<-- POST /wd/hub/session/901465b6-f3bc-4359-bed7-467f01e0c495/timeouts [39m[32m200[39m [90m3 ms - 14[39m
[35m[HTTP][39m [90m[39m
[35m[HTTP][39m [37m-->[39m [37mPOST[39m [37m/wd/hub/session/901465b6-f3bc-4359-bed7-467f01e0c495/touch/perform[39m
[35m[HTTP][39m [90m{"actions":[{"action":"tap","options":{"x":1,"y":1,"element":"49e66d5b-b190-4385-b20e-b41de36077d1"}},{"action":"release","options":{}}]}[39m
[35m[UiAutomator2][39m calling get location: 49e66d5b-b190-4385-b20e-b41de36077d1
[35m[HTTP][39m [37m<-- POST /wd/hub/session/901465b6-f3bc-4359-bed7-467f01e0c495/touch/perform [39m[32m200[39m [90m1924 ms - 14[39m
[35m[HTTP][39m [90m[39m
[35m[HTTP][39m [37m-->[39m [37mGET[39m [37m/wd/hub/session/901465b6-f3bc-4359-bed7-467f01e0c495/context[39m
[35m[HTTP][39m [90m{}[39m
[35m[HTTP][39m [37m<-- GET /wd/hub/session/901465b6-f3bc-4359-bed7-467f01e0c495/context [39m[32m200[39m [90m4 ms - 22[39m
[35m[HTTP][39m [90m[39m
[35m[HTTP][39m [37m-->[39m [37mGET[39m [37m/wd/hub/session/901465b6-f3bc-4359-bed7-467f01e0c495/contexts[39m
[35m[HTTP][39m [90m{}[39m
[35m[HTTP][39m [37m<-- GET /wd/hub/session/901465b6-f3bc-4359-bed7-467f01e0c495/contexts [39m[32m200[39m [90m925 ms - 80[39m
[35m[HTTP][39m [90m[39m
[35m[HTTP][39m [37m-->[39m [37mPOST[39m [37m/wd/hub/session/901465b6-f3bc-4359-bed7-467f01e0c495/context[39m
[35m[HTTP][39m [90m{"name":"NATIVE_APP"}[39m
[35m[HTTP][39m [37m<-- POST /wd/hub/session/901465b6-f3bc-4359-bed7-467f01e0c495/context [39m[32m200[39m [90m3 ms - 14[39m
[35m[HTTP][39m [90m[39m
[35m[HTTP][39m [37m-->[39m [37mGET[39m [37m/wd/hub/session/901465b6-f3bc-4359-bed7-467f01e0c495/window/rect[39m
[35m[HTTP][39m [90m{}[39m
[35m[HTTP][39m [37m<-- GET /wd/hub/session/901465b6-f3bc-4359-bed7-467f01e0c495/window/rect [39m[32m200[39m [90m96 ms - 50[39m
[35m[HTTP][39m [90m[39m
[35m[HTTP][39m [37m-->[39m [37mPOST[39m [37m/wd/hub/session/901465b6-f3bc-4359-bed7-467f01e0c495/context[39m
[35m[HTTP][39m [90m{"name":"NATIVE_APP"}[39m
[35m[HTTP][39m [37m<-- POST /wd/hub/session/901465b6-f3bc-4359-bed7-467f01e0c495/context [39m[32m200[39m [90m3 ms - 14[39m
[35m[HTTP][39m [90m[39m
[35m[HTTP][39m [37m-->[39m [37mGET[39m [37m/wd/hub/session/901465b6-f3bc-4359-bed7-467f01e0c495/context[39m
[35m[HTTP][39m [90m{}[39m
[35m[HTTP][39m [37m<-- GET /wd/hub/session/901465b6-f3bc-4359-bed7-467f01e0c495/context [39m[32m200[39m [90m5 ms - 22[39m
[35m[HTTP][39m [90m[39m
[35m[HTTP][39m [37m-->[39m [37mGET[39m [37m/wd/hub/session/901465b6-f3bc-4359-bed7-467f01e0c495/contexts[39m
[35m[HTTP][39m [90m{}[39m
[35m[HTTP][39m [37m<-- GET /wd/hub/session/901465b6-f3bc-4359-bed7-467f01e0c495/contexts [39m[32m200[39m [90m908 ms - 80[39m
[35m[HTTP][39m [90m[39m
[35m[HTTP][39m [37m-->[39m [37mPOST[39m [37m/wd/hub/session/901465b6-f3bc-4359-bed7-467f01e0c495/context[39m
[35m[HTTP][39m [90m{"name":"NATIVE_APP"}[39m
[35m[HTTP][39m [37m<-- POST /wd/hub/session/901465b6-f3bc-4359-bed7-467f01e0c495/context [39m[32m200[39m [90m5 ms - 14[39m
[35m[HTTP][39m [90m[39m
[35m[HTTP][39m [37m-->[39m [37mGET[39m [37m/wd/hub/session/901465b6-f3bc-4359-bed7-467f01e0c495/window/rect[39m
[35m[HTTP][39m [90m{}[39m
[35m[HTTP][39m [37m<-- GET /wd/hub/session/901465b6-f3bc-4359-bed7-467f01e0c495/window/rect [39m[32m200[39m [90m60 ms - 50[39m
[35m[HTTP][39m [90m[39m
[35m[HTTP][39m [37m-->[39m [37mPOST[39m [37m/wd/hub/session/901465b6-f3bc-4359-bed7-467f01e0c495/context[39m
[35m[HTTP][39m [90m{"name":"NATIVE_APP"}[39m
[35m[HTTP][39m [37m<-- POST /wd/hub/session/901465b6-f3bc-4359-bed7-467f01e0c495/context [39m[32m200[39m [90m4 ms - 14[39m
[35m[HTTP][39m [90m[39m
[35m[HTTP][39m [37m-->[39m [37mGET[39m [37m/wd/hub/session/901465b6-f3bc-4359-bed7-467f01e0c495/context[39m
[35m[HTTP][39m [90m{}[39m
[35m[HTTP][39m [37m<-- GET /wd/hub/session/901465b6-f3bc-4359-bed7-467f01e0c495/context [39m[32m200[39m [90m3 ms - 22[39m
[35m[HTTP][39m [90m[39m
[35m[HTTP][39m [37m-->[39m [37mGET[39m [37m/wd/hub/session/901465b6-f3bc-4359-bed7-467f01e0c495/contexts[39m
[35m[HTTP][39m [90m{}[39m
[35m[HTTP][39m [37m<-- GET /wd/hub/session/901465b6-f3bc-4359-bed7-467f01e0c495/contexts [39m[32m200[39m [90m1035 ms - 80[39m
[35m[HTTP][39m [90m[39m
[35m[HTTP][39m [37m-->[39m [37mPOST[39m [37m/wd/hub/session/901465b6-f3bc-4359-bed7-467f01e0c495/context[39m
[35m[HTTP][39m [90m{"name":"NATIVE_APP"}[39m
[35m[HTTP][39m [37m<-- POST /wd/hub/session/901465b6-f3bc-4359-bed7-467f01e0c495/context [39m[32m200[39m [90m4 ms - 14[39m
[35m[HTTP][39m [90m[39m
[35m[HTTP][39m [37m-->[39m [37mPOST[39m [37m/wd/hub/session/901465b6-f3bc-4359-bed7-467f01e0c495/touch/perform[39m
[35m[HTTP][39m [90m{"actions":[{"action":"press","options":{"x":1000,"y":1704}},{"action":"wait","options":{"ms":500}},{"action":"moveTo","options":{"x":1000,"y":1065}},{"action":"release","options":{}}]}[39m
[35m[HTTP][39m [37m<-- POST /wd/hub/session/901465b6-f3bc-4359-bed7-467f01e0c495/touch/perform [39m[32m200[39m [90m1287 ms - 14[39m
[35m[HTTP][39m [90m[39m
[35m[HTTP][39m [37m-->[39m [37mPOST[39m [37m/wd/hub/session/901465b6-f3bc-4359-bed7-467f01e0c495/context[39m
[35m[HTTP][39m [90m{"name":"NATIVE_APP"}[39m
[35m[HTTP][39m [37m<-- POST /wd/hub/session/901465b6-f3bc-4359-bed7-467f01e0c495/context [39m[32m200[39m [90m4 ms - 14[39m
[35m[HTTP][39m [90m[39m
[35m[HTTP][39m [37m-->[39m [37mPOST[39m [37m/wd/hub/session/901465b6-f3bc-4359-bed7-467f01e0c495/timeouts[39m
[35m[HTTP][39m [90m{"implicit":50}[39m
[35m[HTTP][39m [37m<-- POST /wd/hub/session/901465b6-f3bc-4359-bed7-467f01e0c495/timeouts [39m[32m200[39m [90m5 ms - 14[39m
[35m[HTTP][39m [90m[39m
[35m[HTTP][39m [37m-->[39m [37mGET[39m [37m/wd/hub/session/901465b6-f3bc-4359-bed7-467f01e0c495/window/rect[39m
[35m[HTTP][39m [90m{}[39m
[35m[HTTP][39m [37m<-- GET /wd/hub/session/901465b6-f3bc-4359-bed7-467f01e0c495/window/rect [39m[32m200[39m [90m97 ms - 50[39m
[35m[HTTP][39m [90m[39m
[35m[HTTP][39m [37m-->[39m [37mPOST[39m [37m/wd/hub/session/901465b6-f3bc-4359-bed7-467f01e0c495/elements[39m
[35m[HTTP][39m [90m{"using":"-android uiautomator","value":"new UiSelector().className(\"android.view.View\").resourceId(\"b7-Input_Model3\")"}[39m
[35m[HTTP][39m [37m<-- POST /wd/hub/session/901465b6-f3bc-4359-bed7-467f01e0c495/elements [39m[32m200[39m [90m690 ms - 139[39m
[35m[HTTP][39m [90m[39m
[35m[HTTP][39m [37m-->[39m [37mGET[39m [37m/wd/hub/session/901465b6-f3bc-4359-bed7-467f01e0c495/element/b29113d2-d49e-4630-b627-c8cc1678a7e8/location[39m
[35m[HTTP][39m [90m{}[39m
[35m[W3C (901465b6)][39m Driver proxy active, passing request on via HTTP proxy
[35m[WD Proxy][39m Replacing sessionId 8c592a47-4b51-4ccc-b066-04c0429ac4f1 with 901465b6-f3bc-4359-bed7-467f01e0c495
[35m[HTTP][39m [37m<-- GET /wd/hub/session/901465b6-f3bc-4359-bed7-467f01e0c495/element/b29113d2-d49e-4630-b627-c8cc1678a7e8/location [39m[32m200[39m [90m214 ms - 88[39m
[35m[HTTP][39m [90m[39m
[35m[HTTP][39m [37m-->[39m [37mPOST[39m [37m/wd/hub/session/901465b6-f3bc-4359-bed7-467f01e0c495/timeouts[39m
[35m[HTTP][39m [90m{"implicit":30000}[39m
[35m[HTTP][39m [37m<-- POST /wd/hub/session/901465b6-f3bc-4359-bed7-467f01e0c495/timeouts [39m[32m200[39m [90m4 ms - 14[39m
[35m[HTTP][39m [90m[39m
[35m[HTTP][39m [37m-->[39m [37mPOST[39m [37m/wd/hub/session/901465b6-f3bc-4359-bed7-467f01e0c495/touch/perform[39m
[35m[HTTP][39m [90m{"actions":[{"action":"tap","options":{"x":1,"y":1,"element":"b29113d2-d49e-4630-b627-c8cc1678a7e8"}},{"action":"release","options":{}}]}[39m
[35m[UiAutomator2][39m calling get location: b29113d2-d49e-4630-b627-c8cc1678a7e8
[35m[HTTP][39m [37m<-- POST /wd/hub/session/901465b6-f3bc-4359-bed7-467f01e0c495/touch/perform [39m[32m200[39m [90m1892 ms - 14[39m
[35m[HTTP][39m [90m[39m
[35m[HTTP][39m [37m-->[39m [37mGET[39m [37m/wd/hub/session/901465b6-f3bc-4359-bed7-467f01e0c495/context[39m
[35m[HTTP][39m [90m{}[39m
[35m[HTTP][39m [37m<-- GET /wd/hub/session/901465b6-f3bc-4359-bed7-467f01e0c495/context [39m[32m200[39m [90m5 ms - 22[39m
[35m[HTTP][39m [90m[39m
[35m[HTTP][39m [37m-->[39m [37mGET[39m [37m/wd/hub/session/901465b6-f3bc-4359-bed7-467f01e0c495/contexts[39m
[35m[HTTP][39m [90m{}[39m
[35m[HTTP][39m [37m<-- GET /wd/hub/session/901465b6-f3bc-4359-bed7-467f01e0c495/contexts [39m[32m200[39m [90m810 ms - 80[39m
[35m[HTTP][39m [90m[39m
[35m[HTTP][39m [37m-->[39m [37mPOST[39m [37m/wd/hub/session/901465b6-f3bc-4359-bed7-467f01e0c495/context[39m
[35m[HTTP][39m [90m{"name":"NATIVE_APP"}[39m
[35m[HTTP][39m [37m<-- POST /wd/hub/session/901465b6-f3bc-4359-bed7-467f01e0c495/context [39m[32m200[39m [90m3 ms - 14[39m
[35m[HTTP][39m [90m[39m
[35m[HTTP][39m [37m-->[39m [37mPOST[39m [37m/wd/hub/session/901465b6-f3bc-4359-bed7-467f01e0c495/element[39m
[35m[HTTP][39m [90m{"using":"-android uiautomator","value":"new UiScrollable(new UiSelector().scrollable(true).instance(0)).scrollIntoView(new UiSelector().textContains(\"V AT BENSIN\"))"}[39m
[35m[WD Proxy][39m Got an unexpected response: {"sessionId":"8c592a47-4b51-4ccc-b066-04c0429ac4f1","status":7,"value":"An element could not be located on the page using the given search parameters."}
[35m[WD Proxy][39m Got an unexpected response: {"sessionId":"8c592a47-4b51-4ccc-b066-04c0429ac4f1","status":7,"value":"An element could not be located on the page using the given search parameters."}
[35m[WD Proxy][39m Got an unexpected response: {"sessionId":"8c592a47-4b51-4ccc-b066-04c0429ac4f1","status":7,"value":"An element could not be located on the page using the given search parameters."}
[35m[WD Proxy][39m Got an unexpected response: {"sessionId":"8c592a47-4b51-4ccc-b066-04c0429ac4f1","status":7,"value":"An element could not be located on the page using the given search parameters."}
[35m[WD Proxy][39m Got an unexpected response: {"sessionId":"8c592a47-4b51-4ccc-b066-04c0429ac4f1","status":7,"value":"An element could not be located on the page using the given search parameters."}
[35m[HTTP][39m [37m<-- POST /wd/hub/session/901465b6-f3bc-4359-bed7-467f01e0c495/element [39m[33m404[39m [90m33625 ms - 427[39m
[35m[HTTP][39m [90m[39m
[35m[HTTP][39m [37m-->[39m [37mPOST[39m [37m/wd/hub/session/901465b6-f3bc-4359-bed7-467f01e0c495/context[39m
[35m[HTTP][39m [90m{"name":"NATIVE_APP"}[39m
[35m[HTTP][39m [37m<-- POST /wd/hub/session/901465b6-f3bc-4359-bed7-467f01e0c495/context [39m[32m200[39m [90m5 ms - 14[39m
[35m[HTTP][39m [90m[39m
[35m[HTTP][39m [37m-->[39m [37mGET[39m [37m/wd/hub/session/901465b6-f3bc-4359-bed7-467f01e0c495/context[39m
[35m[HTTP][39m [90m{}[39m
[35m[HTTP][39m [37m<-- GET /wd/hub/session/901465b6-f3bc-4359-bed7-467f01e0c495/context [39m[32m200[39m [90m4 ms - 22[39m
[35m[HTTP][39m [90m[39m
[35m[HTTP][39m [37m-->[39m [37mGET[39m [37m/wd/hub/session/901465b6-f3bc-4359-bed7-467f01e0c495/contexts[39m
[35m[HTTP][39m [90m{}[39m
[35m[HTTP][39m [37m<-- GET /wd/hub/session/901465b6-f3bc-4359-bed7-467f01e0c495/contexts [39m[32m200[39m [90m940 ms - 80[39m
[35m[HTTP][39m [90m[39m
[35m[HTTP][39m [37m-->[39m [37mPOST[39m [37m/wd/hub/session/901465b6-f3bc-4359-bed7-467f01e0c495/context[39m
[35m[HTTP][39m [90m{"name":"NATIVE_APP"}[39m
[35m[HTTP][39m [37m<-- POST /wd/hub/session/901465b6-f3bc-4359-bed7-467f01e0c495/context [39m[32m200[39m [90m3 ms - 14[39m
[35m[HTTP][39m [90m[39m
[35m[HTTP][39m [37m-->[39m [37mGET[39m [37m/wd/hub/session/901465b6-f3bc-4359-bed7-467f01e0c495/screenshot[39m
[35m[HTTP][39m [90m{}[39m
[35m[HTTP][39m [37m<-- GET /wd/hub/session/901465b6-f3bc-4359-bed7-467f01e0c495/screenshot [39m[32m200[39m [90m889 ms - 283946[39m
[35m[HTTP][39m [90m[39m
[35m[HTTP][39m [37m-->[39m [37mPOST[39m [37m/wd/hub/session/901465b6-f3bc-4359-bed7-467f01e0c495/context[39m
[35m[HTTP][39m [90m{"name":"NATIVE_APP"}[39m
[35m[HTTP][39m [37m<-- POST /wd/hub/session/901465b6-f3bc-4359-bed7-467f01e0c495/context [39m[32m200[39m [90m3 ms - 14[39m
[35m[HTTP][39m [90m[39m
[35m[HTTP][39m [37m-->[39m [37mPOST[39m [37m/wd/hub/session/901465b6-f3bc-4359-bed7-467f01e0c495/timeouts[39m
[35m[HTTP][39m [90m{"implicit":50}[39m
[35m[HTTP][39m [37m<-- POST /wd/hub/session/901465b6-f3bc-4359-bed7-467f01e0c495/timeouts [39m[32m200[39m [90m5 ms - 14[39m
[35m[HTTP][39m [90m[39m
[35m[HTTP][39m [37m-->[39m [37mGET[39m [37m/wd/hub/session/901465b6-f3bc-4359-bed7-467f01e0c495/window/rect[39m
[35m[HTTP][39m [90m{}[39m
[35m[HTTP][39m [37m<-- GET /wd/hub/session/901465b6-f3bc-4359-bed7-467f01e0c495/window/rect [39m[32m200[39m [90m80 ms - 50[39m
[35m[HTTP][39m [90m[39m
[35m[HTTP][39m [37m-->[39m [37mPOST[39m [37m/wd/hub/session/901465b6-f3bc-4359-bed7-467f01e0c495/elements[39m
[35m[HTTP][39m [90m{"using":"-android uiautomator","value":"new UiSelector().className(\"android.widget.EditText\").resourceId(\"b7-Input_NamaAsuransi\")"}[39m
[35m[HTTP][39m [37m<-- POST /wd/hub/session/901465b6-f3bc-4359-bed7-467f01e0c495/elements [39m[32m200[39m [90m83 ms - 12[39m
[35m[HTTP][39m [90m[39m
[35m[HTTP][39m [37m-->[39m [37mPOST[39m [37m/wd/hub/session/901465b6-f3bc-4359-bed7-467f01e0c495/elements[39m
[35m[HTTP][39m [90m{"using":"-android uiautomator","value":"new UiSelector().className(\"android.widget.EditText\").resourceId(\"b7-Input_NamaAsuransi\")"}[39m
[35m[HTTP][39m [37m<-- POST /wd/hub/session/901465b6-f3bc-4359-bed7-467f01e0c495/elements [39m[32m200[39m [90m659 ms - 12[39m
[35m[HTTP][39m [90m[39m
[35m[HTTP][39m [37m-->[39m [37mPOST[39m [37m/wd/hub/session/901465b6-f3bc-4359-bed7-467f01e0c495/elements[39m
[35m[HTTP][39m [90m{"using":"-android uiautomator","value":"new UiSelector().className(\"android.widget.EditText\").resourceId(\"b7-Input_NamaAsuransi\")"}[39m
[35m[HTTP][39m [37m<-- POST /wd/hub/session/901465b6-f3bc-4359-bed7-467f01e0c495/elements [39m[32m200[39m [90m68 ms - 12[39m
[35m[HTTP][39m [90m[39m
[35m[HTTP][39m [37m-->[39m [37mPOST[39m [37m/wd/hub/session/901465b6-f3bc-4359-bed7-467f01e0c495/elements[39m
[35m[HTTP][39m [90m{"using":"-android uiautomator","value":"new UiSelector().className(\"android.widget.EditText\").resourceId(\"b7-Input_NamaAsuransi\")"}[39m
[35m[HTTP][39m [37m<-- POST /wd/hub/session/901465b6-f3bc-4359-bed7-467f01e0c495/elements [39m[32m200[39m [90m131 ms - 12[39m
[35m[HTTP][39m [90m[39m
[35m[HTTP][39m [37m-->[39m [37mPOST[39m [37m/wd/hub/session/901465b6-f3bc-4359-bed7-467f01e0c495/elements[39m
[35m[HTTP][39m [90m{"using":"-android uiautomator","value":"new UiSelector().className(\"android.widget.EditText\").resourceId(\"b7-Input_NamaAsuransi\")"}[39m
[35m[HTTP][39m [37m<-- POST /wd/hub/session/901465b6-f3bc-4359-bed7-467f01e0c495/elements [39m[32m200[39m [90m143 ms - 12[39m
[35m[HTTP][39m [90m[39m
[35m[HTTP][39m [37m-->[39m [37mPOST[39m [37m/wd/hub/session/901465b6-f3bc-4359-bed7-467f01e0c495/elements[39m
[35m[HTTP][39m [90m{"using":"-android uiautomator","value":"new UiSelector().className(\"android.widget.EditText\").resourceId(\"b7-Input_NamaAsuransi\")"}[39m
[35m[HTTP][39m [37m<-- POST /wd/hub/session/901465b6-f3bc-4359-bed7-467f01e0c495/elements [39m[32m200[39m [90m92 ms - 12[39m
[35m[HTTP][39m [90m[39m
[35m[HTTP][39m [37m-->[39m [37mPOST[39m [37m/wd/hub/session/901465b6-f3bc-4359-bed7-467f01e0c495/elements[39m
[35m[HTTP][39m [90m{"using":"-android uiautomator","value":"new UiSelector().className(\"android.widget.EditText\").resourceId(\"b7-Input_NamaAsuransi\")"}[39m
[35m[HTTP][39m [37m<-- POST /wd/hub/session/901465b6-f3bc-4359-bed7-467f01e0c495/elements [39m[32m200[39m [90m90 ms - 12[39m
[35m[HTTP][39m [90m[39m
[35m[HTTP][39m [37m-->[39m [37mPOST[39m [37m/wd/hub/session/901465b6-f3bc-4359-bed7-467f01e0c495/elements[39m
[35m[HTTP][39m [90m{"using":"-android uiautomator","value":"new UiSelector().className(\"android.widget.EditText\").resourceId(\"b7-Input_NamaAsuransi\")"}[39m
[35m[HTTP][39m [37m<-- POST /wd/hub/session/901465b6-f3bc-4359-bed7-467f01e0c495/elements [39m[32m200[39m [90m109 ms - 12[39m
[35m[HTTP][39m [90m[39m
[35m[HTTP][39m [37m-->[39m [37mPOST[39m [37m/wd/hub/session/901465b6-f3bc-4359-bed7-467f01e0c495/elements[39m
[35m[HTTP][39m [90m{"using":"-android uiautomator","value":"new UiSelector().className(\"android.widget.EditText\").resourceId(\"b7-Input_NamaAsuransi\")"}[39m
[35m[HTTP][39m [37m<-- POST /wd/hub/session/901465b6-f3bc-4359-bed7-467f01e0c495/elements [39m[32m200[39m [90m104 ms - 12[39m
[35m[HTTP][39m [90m[39m
[35m[HTTP][39m [37m-->[39m [37mPOST[39m [37m/wd/hub/session/901465b6-f3bc-4359-bed7-467f01e0c495/elements[39m
[35m[HTTP][39m [90m{"using":"-android uiautomator","value":"new UiSelector().className(\"android.widget.EditText\").resourceId(\"b7-Input_NamaAsuransi\")"}[39m
[35m[HTTP][39m [37m<-- POST /wd/hub/session/901465b6-f3bc-4359-bed7-467f01e0c495/elements [39m[32m200[39m [90m118 ms - 12[39m
[35m[HTTP][39m [90m[39m
[35m[HTTP][39m [37m-->[39m [37mPOST[39m [37m/wd/hub/session/901465b6-f3bc-4359-bed7-467f01e0c495/elements[39m
[35m[HTTP][39m [90m{"using":"-android uiautomator","value":"new UiSelector().className(\"android.widget.EditText\").resourceId(\"b7-Input_NamaAsuransi\")"}[39m
[35m[HTTP][39m [37m<-- POST /wd/hub/session/901465b6-f3bc-4359-bed7-467f01e0c495/elements [39m[32m200[39m [90m120 ms - 12[39m
[35m[HTTP][39m [90m[39m
[35m[HTTP][39m [37m-->[39m [37mPOST[39m [37m/wd/hub/session/901465b6-f3bc-4359-bed7-467f01e0c495/elements[39m
[35m[HTTP][39m [90m{"using":"-android uiautomator","value":"new UiSelector().className(\"android.widget.EditText\").resourceId(\"b7-Input_NamaAsuransi\")"}[39m
[35m[HTTP][39m [37m<-- POST /wd/hub/session/901465b6-f3bc-4359-bed7-467f01e0c495/elements [39m[32m200[39m [90m116 ms - 12[39m
[35m[HTTP][39m [90m[39m
[35m[HTTP][39m [37m-->[39m [37mPOST[39m [37m/wd/hub/session/901465b6-f3bc-4359-bed7-467f01e0c495/elements[39m
[35m[HTTP][39m [90m{"using":"-android uiautomator","value":"new UiSelector().className(\"android.widget.EditText\").resourceId(\"b7-Input_NamaAsuransi\")"}[39m
[35m[HTTP][39m [37m<-- POST /wd/hub/session/901465b6-f3bc-4359-bed7-467f01e0c495/elements [39m[32m200[39m [90m124 ms - 12[39m
[35m[HTTP][39m [90m[39m
[35m[HTTP][39m [37m-->[39m [37mPOST[39m [37m/wd/hub/session/901465b6-f3bc-4359-bed7-467f01e0c495/elements[39m
[35m[HTTP][39m [90m{"using":"-android uiautomator","value":"new UiSelector().className(\"android.widget.EditText\").resourceId(\"b7-Input_NamaAsuransi\")"}[39m
[35m[HTTP][39m [37m<-- POST /wd/hub/session/901465b6-f3bc-4359-bed7-467f01e0c495/elements [39m[32m200[39m [90m114 ms - 12[39m
[35m[HTTP][39m [90m[39m
[35m[HTTP][39m [37m-->[39m [37mPOST[39m [37m/wd/hub/session/901465b6-f3bc-4359-bed7-467f01e0c495/elements[39m
[35m[HTTP][39m [90m{"using":"-android uiautomator","value":"new UiSelector().className(\"android.widget.EditText\").resourceId(\"b7-Input_NamaAsuransi\")"}[39m
[35m[HTTP][39m [37m<-- POST /wd/hub/session/901465b6-f3bc-4359-bed7-467f01e0c495/elements [39m[32m200[39m [90m134 ms - 12[39m
[35m[HTTP][39m [90m[39m
[35m[HTTP][39m [37m-->[39m [37mPOST[39m [37m/wd/hub/session/901465b6-f3bc-4359-bed7-467f01e0c495/elements[39m
[35m[HTTP][39m [90m{"using":"-android uiautomator","value":"new UiSelector().className(\"android.widget.EditText\").resourceId(\"b7-Input_NamaAsuransi\")"}[39m
[35m[HTTP][39m [37m<-- POST /wd/hub/session/901465b6-f3bc-4359-bed7-467f01e0c495/elements [39m[32m200[39m [90m113 ms - 12[39m
[35m[HTTP][39m [90m[39m
[35m[HTTP][39m [37m-->[39m [37mPOST[39m [37m/wd/hub/session/901465b6-f3bc-4359-bed7-467f01e0c495/elements[39m
[35m[HTTP][39m [90m{"using":"-android uiautomator","value":"new UiSelector().className(\"android.widget.EditText\").resourceId(\"b7-Input_NamaAsuransi\")"}[39m
[35m[HTTP][39m [37m<-- POST /wd/hub/session/901465b6-f3bc-4359-bed7-467f01e0c495/elements [39m[32m200[39m [90m113 ms - 12[39m
[35m[HTTP][39m [90m[39m
[35m[HTTP][39m [37m-->[39m [37mPOST[39m [37m/wd/hub/session/901465b6-f3bc-4359-bed7-467f01e0c495/elements[39m
[35m[HTTP][39m [90m{"using":"-android uiautomator","value":"new UiSelector().className(\"android.widget.EditText\").resourceId(\"b7-Input_NamaAsuransi\")"}[39m
[35m[HTTP][39m [37m<-- POST /wd/hub/session/901465b6-f3bc-4359-bed7-467f01e0c495/elements [39m[32m200[39m [90m134 ms - 12[39m
[35m[HTTP][39m [90m[39m
[35m[HTTP][39m [37m-->[39m [37mPOST[39m [37m/wd/hub/session/901465b6-f3bc-4359-bed7-467f01e0c495/elements[39m
[35m[HTTP][39m [90m{"using":"-android uiautomator","value":"new UiSelector().className(\"android.widget.EditText\").resourceId(\"b7-Input_NamaAsuransi\")"}[39m
[35m[HTTP][39m [37m<-- POST /wd/hub/session/901465b6-f3bc-4359-bed7-467f01e0c495/elements [39m[32m200[39m [90m132 ms - 12[39m
[35m[HTTP][39m [90m[39m
[35m[HTTP][39m [37m-->[39m [37mPOST[39m [37m/wd/hub/session/901465b6-f3bc-4359-bed7-467f01e0c495/elements[39m
[35m[HTTP][39m [90m{"using":"-android uiautomator","value":"new UiSelector().className(\"android.widget.EditText\").resourceId(\"b7-Input_NamaAsuransi\")"}[39m
[35m[HTTP][39m [37m<-- POST /wd/hub/session/901465b6-f3bc-4359-bed7-467f01e0c495/elements [39m[32m200[39m [90m149 ms - 12[39m
[35m[HTTP][39m [90m[39m
[35m[HTTP][39m [37m-->[39m [37mPOST[39m [37m/wd/hub/session/901465b6-f3bc-4359-bed7-467f01e0c495/elements[39m
[35m[HTTP][39m [90m{"using":"-android uiautomator","value":"new UiSelector().className(\"android.widget.EditText\").resourceId(\"b7-Input_NamaAsuransi\")"}[39m
[35m[HTTP][39m [37m<-- POST /wd/hub/session/901465b6-f3bc-4359-bed7-467f01e0c495/elements [39m[32m200[39m [90m127 ms - 12[39m
[35m[HTTP][39m [90m[39m
[35m[HTTP][39m [37m-->[39m [37mPOST[39m [37m/wd/hub/session/901465b6-f3bc-4359-bed7-467f01e0c495/elements[39m
[35m[HTTP][39m [90m{"using":"-android uiautomator","value":"new UiSelector().className(\"android.widget.EditText\").resourceId(\"b7-Input_NamaAsuransi\")"}[39m
[35m[HTTP][39m [37m<-- POST /wd/hub/session/901465b6-f3bc-4359-bed7-467f01e0c495/elements [39m[32m200[39m [90m144 ms - 12[39m
[35m[HTTP][39m [90m[39m
[35m[HTTP][39m [37m-->[39m [37mPOST[39m [37m/wd/hub/session/901465b6-f3bc-4359-bed7-467f01e0c495/elements[39m
[35m[HTTP][39m [90m{"using":"-android uiautomator","value":"new UiSelector().className(\"android.widget.EditText\").resourceId(\"b7-Input_NamaAsuransi\")"}[39m
[35m[HTTP][39m [37m<-- POST /wd/hub/session/901465b6-f3bc-4359-bed7-467f01e0c495/elements [39m[32m200[39m [90m77 ms - 12[39m
[35m[HTTP][39m [90m[39m
[35m[HTTP][39m [37m-->[39m [37mPOST[39m [37m/wd/hub/session/901465b6-f3bc-4359-bed7-467f01e0c495/elements[39m
[35m[HTTP][39m [90m{"using":"-android uiautomator","value":"new UiSelector().className(\"android.widget.EditText\").resourceId(\"b7-Input_NamaAsuransi\")"}[39m
[35m[HTTP][39m [37m<-- POST /wd/hub/session/901465b6-f3bc-4359-bed7-467f01e0c495/elements [39m[32m200[39m [90m124 ms - 12[39m
[35m[HTTP][39m [90m[39m
[35m[HTTP][39m [37m-->[39m [37mPOST[39m [37m/wd/hub/session/901465b6-f3bc-4359-bed7-467f01e0c495/elements[39m
[35m[HTTP][39m [90m{"using":"-android uiautomator","value":"new UiSelector().className(\"android.widget.EditText\").resourceId(\"b7-Input_NamaAsuransi\")"}[39m
[35m[HTTP][39m [37m<-- POST /wd/hub/session/901465b6-f3bc-4359-bed7-467f01e0c495/elements [39m[32m200[39m [90m130 ms - 12[39m
[35m[HTTP][39m [90m[39m
[35m[HTTP][39m [37m-->[39m [37mPOST[39m [37m/wd/hub/session/901465b6-f3bc-4359-bed7-467f01e0c495/elements[39m
[35m[HTTP][39m [90m{"using":"-android uiautomator","value":"new UiSelector().className(\"android.widget.EditText\").resourceId(\"b7-Input_NamaAsuransi\")"}[39m
[35m[HTTP][39m [37m<-- POST /wd/hub/session/901465b6-f3bc-4359-bed7-467f01e0c495/elements [39m[32m200[39m [90m124 ms - 12[39m
[35m[HTTP][39m [90m[39m
[35m[HTTP][39m [37m-->[39m [37mPOST[39m [37m/wd/hub/session/901465b6-f3bc-4359-bed7-467f01e0c495/elements[39m
[35m[HTTP][39m [90m{"using":"-android uiautomator","value":"new UiSelector().className(\"android.widget.EditText\").resourceId(\"b7-Input_NamaAsuransi\")"}[39m
[35m[HTTP][39m [37m<-- POST /wd/hub/session/901465b6-f3bc-4359-bed7-467f01e0c495/elements [39m[32m200[39m [90m122 ms - 12[39m
[35m[HTTP][39m [90m[39m
[35m[HTTP][39m [37m-->[39m [37mPOST[39m [37m/wd/hub/session/901465b6-f3bc-4359-bed7-467f01e0c495/elements[39m
[35m[HTTP][39m [90m{"using":"-android uiautomator","value":"new UiSelector().className(\"android.widget.EditText\").resourceId(\"b7-Input_NamaAsuransi\")"}[39m
[35m[HTTP][39m [37m<-- POST /wd/hub/session/901465b6-f3bc-4359-bed7-467f01e0c495/elements [39m[32m200[39m [90m126 ms - 12[39m
[35m[HTTP][39m [90m[39m
[35m[HTTP][39m [37m-->[39m [37mPOST[39m [37m/wd/hub/session/901465b6-f3bc-4359-bed7-467f01e0c495/elements[39m
[35m[HTTP][39m [90m{"using":"-android uiautomator","value":"new UiSelector().className(\"android.widget.EditText\").resourceId(\"b7-Input_NamaAsuransi\")"}[39m
[35m[HTTP][39m [37m<-- POST /wd/hub/session/901465b6-f3bc-4359-bed7-467f01e0c495/elements [39m[32m200[39m [90m107 ms - 12[39m
[35m[HTTP][39m [90m[39m
[35m[HTTP][39m [37m-->[39m [37mPOST[39m [37m/wd/hub/session/901465b6-f3bc-4359-bed7-467f01e0c495/elements[39m
[35m[HTTP][39m [90m{"using":"-android uiautomator","value":"new UiSelector().className(\"android.widget.EditText\").resourceId(\"b7-Input_NamaAsuransi\")"}[39m
[35m[HTTP][39m [37m<-- POST /wd/hub/session/901465b6-f3bc-4359-bed7-467f01e0c495/elements [39m[32m200[39m [90m58 ms - 12[39m
[35m[HTTP][39m [90m[39m
[35m[HTTP][39m [37m-->[39m [37mPOST[39m [37m/wd/hub/session/901465b6-f3bc-4359-bed7-467f01e0c495/elements[39m
[35m[HTTP][39m [90m{"using":"-android uiautomator","value":"new UiSelector().className(\"android.widget.EditText\").resourceId(\"b7-Input_NamaAsuransi\")"}[39m
[35m[HTTP][39m [37m<-- POST /wd/hub/session/901465b6-f3bc-4359-bed7-467f01e0c495/elements [39m[32m200[39m [90m80 ms - 12[39m
[35m[HTTP][39m [90m[39m
[35m[HTTP][39m [37m-->[39m [37mPOST[39m [37m/wd/hub/session/901465b6-f3bc-4359-bed7-467f01e0c495/elements[39m
[35m[HTTP][39m [90m{"using":"-android uiautomator","value":"new UiSelector().className(\"android.widget.EditText\").resourceId(\"b7-Input_NamaAsuransi\")"}[39m
[35m[HTTP][39m [37m<-- POST /wd/hub/session/901465b6-f3bc-4359-bed7-467f01e0c495/elements [39m[32m200[39m [90m76 ms - 12[39m
[35m[HTTP][39m [90m[39m
[35m[HTTP][39m [37m-->[39m [37mPOST[39m [37m/wd/hub/session/901465b6-f3bc-4359-bed7-467f01e0c495/elements[39m
[35m[HTTP][39m [90m{"using":"-android uiautomator","value":"new UiSelector().className(\"android.widget.EditText\").resourceId(\"b7-Input_NamaAsuransi\")"}[39m
[35m[HTTP][39m [37m<-- POST /wd/hub/session/901465b6-f3bc-4359-bed7-467f01e0c495/elements [39m[32m200[39m [90m63 ms - 12[39m
[35m[HTTP][39m [90m[39m
[35m[HTTP][39m [37m-->[39m [37mPOST[39m [37m/wd/hub/session/901465b6-f3bc-4359-bed7-467f01e0c495/elements[39m
[35m[HTTP][39m [90m{"using":"-android uiautomator","value":"new UiSelector().className(\"android.widget.EditText\").resourceId(\"b7-Input_NamaAsuransi\")"}[39m
[35m[HTTP][39m [37m<-- POST /wd/hub/session/901465b6-f3bc-4359-bed7-467f01e0c495/elements [39m[32m200[39m [90m58 ms - 12[39m
[35m[HTTP][39m [90m[39m
[35m[HTTP][39m [37m-->[39m [37mPOST[39m [37m/wd/hub/session/901465b6-f3bc-4359-bed7-467f01e0c495/elements[39m
[35m[HTTP][39m [90m{"using":"-android uiautomator","value":"new UiSelector().className(\"android.widget.EditText\").resourceId(\"b7-Input_NamaAsuransi\")"}[39m
[35m[HTTP][39m [37m<-- POST /wd/hub/session/901465b6-f3bc-4359-bed7-467f01e0c495/elements [39m[32m200[39m [90m67 ms - 12[39m
[35m[HTTP][39m [90m[39m
[35m[HTTP][39m [37m-->[39m [37mPOST[39m [37m/wd/hub/session/901465b6-f3bc-4359-bed7-467f01e0c495/elements[39m
[35m[HTTP][39m [90m{"using":"-android uiautomator","value":"new UiSelector().className(\"android.widget.EditText\").resourceId(\"b7-Input_NamaAsuransi\")"}[39m
[35m[HTTP][39m [37m<-- POST /wd/hub/session/901465b6-f3bc-4359-bed7-467f01e0c495/elements [39m[32m200[39m [90m61 ms - 12[39m
[35m[HTTP][39m [90m[39m
[35m[HTTP][39m [37m-->[39m [37mPOST[39m [37m/wd/hub/session/901465b6-f3bc-4359-bed7-467f01e0c495/elements[39m
[35m[HTTP][39m [90m{"using":"-android uiautomator","value":"new UiSelector().className(\"android.widget.EditText\").resourceId(\"b7-Input_NamaAsuransi\")"}[39m
[35m[HTTP][39m [37m<-- POST /wd/hub/session/901465b6-f3bc-4359-bed7-467f01e0c495/elements [39m[32m200[39m [90m904 ms - 12[39m
[35m[HTTP][39m [90m[39m
[35m[HTTP][39m [37m-->[39m [37mPOST[39m [37m/wd/hub/session/901465b6-f3bc-4359-bed7-467f01e0c495/elements[39m
[35m[HTTP][39m [90m{"using":"-android uiautomator","value":"new UiSelector().className(\"android.widget.EditText\").resourceId(\"b7-Input_NamaAsuransi\")"}[39m
[35m[HTTP][39m [37m<-- POST /wd/hub/session/901465b6-f3bc-4359-bed7-467f01e0c495/elements [39m[32m200[39m [90m82 ms - 12[39m
[35m[HTTP][39m [90m[39m
[35m[HTTP][39m [37m-->[39m [37mPOST[39m [37m/wd/hub/session/901465b6-f3bc-4359-bed7-467f01e0c495/elements[39m
[35m[HTTP][39m [90m{"using":"-android uiautomator","value":"new UiSelector().className(\"android.widget.EditText\").resourceId(\"b7-Input_NamaAsuransi\")"}[39m
[35m[HTTP][39m [37m<-- POST /wd/hub/session/901465b6-f3bc-4359-bed7-467f01e0c495/elements [39m[32m200[39m [90m920 ms - 12[39m
[35m[HTTP][39m [90m[39m
[35m[HTTP][39m [37m-->[39m [37mPOST[39m [37m/wd/hub/session/901465b6-f3bc-4359-bed7-467f01e0c495/elements[39m
[35m[HTTP][39m [90m{"using":"-android uiautomator","value":"new UiSelector().className(\"android.widget.EditText\").resourceId(\"b7-Input_NamaAsuransi\")"}[39m
[35m[HTTP][39m [37m<-- POST /wd/hub/session/901465b6-f3bc-4359-bed7-467f01e0c495/elements [39m[32m200[39m [90m1326 ms - 12[39m
[35m[HTTP][39m [90m[39m
[35m[HTTP][39m [37m-->[39m [37mPOST[39m [37m/wd/hub/session/901465b6-f3bc-4359-bed7-467f01e0c495/elements[39m
[35m[HTTP][39m [90m{"using":"-android uiautomator","value":"new UiSelector().className(\"android.widget.EditText\").resourceId(\"b7-Input_NamaAsuransi\")"}[39m
[35m[HTTP][39m [37m<-- POST /wd/hub/session/901465b6-f3bc-4359-bed7-467f01e0c495/elements [39m[32m200[39m [90m245 ms - 12[39m
[35m[HTTP][39m [90m[39m
[35m[HTTP][39m [37m-->[39m [37mPOST[39m [37m/wd/hub/session/901465b6-f3bc-4359-bed7-467f01e0c495/elements[39m
[35m[HTTP][39m [90m{"using":"-android uiautomator","value":"new UiSelector().className(\"android.widget.EditText\").resourceId(\"b7-Input_NamaAsuransi\")"}[39m
[35m[HTTP][39m [37m<-- POST /wd/hub/session/901465b6-f3bc-4359-bed7-467f01e0c495/elements [39m[32m200[39m [90m1513 ms - 12[39m
[35m[HTTP][39m [90m[39m
[35m[HTTP][39m [37m-->[39m [37mPOST[39m [37m/wd/hub/session/901465b6-f3bc-4359-bed7-467f01e0c495/elements[39m
[35m[HTTP][39m [90m{"using":"-android uiautomator","value":"new UiSelector().className(\"android.widget.EditText\").resourceId(\"b7-Input_NamaAsuransi\")"}[39m
[35m[HTTP][39m [37m<-- POST /wd/hub/session/901465b6-f3bc-4359-bed7-467f01e0c495/elements [39m[32m200[39m [90m470 ms - 12[39m
[35m[HTTP][39m [90m[39m
[35m[HTTP][39m [37m-->[39m [37mPOST[39m [37m/wd/hub/session/901465b6-f3bc-4359-bed7-467f01e0c495/elements[39m
[35m[HTTP][39m [90m{"using":"-android uiautomator","value":"new UiSelector().className(\"android.widget.EditText\").resourceId(\"b7-Input_NamaAsuransi\")"}[39m
[35m[HTTP][39m [37m<-- POST /wd/hub/session/901465b6-f3bc-4359-bed7-467f01e0c495/elements [39m[32m-[39m [90m- ms - -[39m
[35m[HTTP][39m [90m[39m
[35m[BaseDriver][39m Shutting down because we waited 1800 seconds for a command
[35m[Appium][39m Closing session, cause was 'New Command Timeout of 1800 seconds expired. Try customizing the timeout using the 'newCommandTimeout' desired capability'
[35m[Appium][39m Removing session 901465b6-f3bc-4359-bed7-467f01e0c495 from our master session list
[35m[WD Proxy][39m Got an unexpected response: {"code":"ECONNRESET"}
[35m[UiAutomator2][39m Did not get confirmation UiAutomator2 deleteSession worked; Error was: UnknownError: An unknown server-side error occurred while processing the command. Original error: Could not proxy command to remote server. Original error: Error: socket hang up
[35m[UiAutomator2][39m Restoring hidden api policy to the device default configuration
