<?xml version="1.0" encoding="UTF-8" standalone="no"?>
<!DOCTYPE log SYSTEM "logger.dtd">
<log>
<record>
  <date>2019-09-13T14:40:19</date>
  <millis>1568360419996</millis>
  <sequence>0</sequence>
  <level>START</level>
  <class>com.kms.katalon.core.logging.XmlKeywordLogger</class>
  <method>startSuite</method>
  <thread>1</thread>
  <message>Start Test Suite : Test Suites/data entry dupcek</message>
  <nestedLevel>0</nestedLevel>
  <property name="name">data entry dupcek</property>
  <property name="description"></property>
  <property name="id">Test Suites/data entry dupcek</property>
</record>
<record>
  <date>2019-09-13T14:40:20</date>
  <millis>1568360420027</millis>
  <sequence>1</sequence>
  <level>RUN_DATA</level>
  <class>com.kms.katalon.core.logging.XmlKeywordLogger</class>
  <method>logMessage</method>
  <thread>1</thread>
  <message>hostName = 15420 - FATITQC15420L</message>
  <nestedLevel>0</nestedLevel>
  <property name="hostName">15420 - FATITQC15420L</property>
</record>
<record>
  <date>2019-09-13T14:40:20</date>
  <millis>1568360420036</millis>
  <sequence>2</sequence>
  <level>RUN_DATA</level>
  <class>com.kms.katalon.core.logging.XmlKeywordLogger</class>
  <method>logMessage</method>
  <thread>1</thread>
  <message>os = Windows 10 64bit</message>
  <nestedLevel>0</nestedLevel>
  <property name="os">Windows 10 64bit</property>
</record>
<record>
  <date>2019-09-13T14:40:20</date>
  <millis>1568360420037</millis>
  <sequence>3</sequence>
  <level>RUN_DATA</level>
  <class>com.kms.katalon.core.logging.XmlKeywordLogger</class>
  <method>logMessage</method>
  <thread>1</thread>
  <message>hostAddress = 10.7.15.241</message>
  <nestedLevel>0</nestedLevel>
  <property name="hostAddress">10.7.15.241</property>
</record>
<record>
  <date>2019-09-13T14:40:20</date>
  <millis>1568360420041</millis>
  <sequence>4</sequence>
  <level>RUN_DATA</level>
  <class>com.kms.katalon.core.logging.XmlKeywordLogger</class>
  <method>logMessage</method>
  <thread>1</thread>
  <message>katalonVersion = 6.3.3.11</message>
  <nestedLevel>0</nestedLevel>
  <property name="katalonVersion">6.3.3.11</property>
</record>
<record>
  <date>2019-09-13T14:40:20</date>
  <millis>1568360420987</millis>
  <sequence>5</sequence>
  <level>START</level>
  <class>com.kms.katalon.core.logging.XmlKeywordLogger</class>
  <method>startTest</method>
  <thread>1</thread>
  <message>Start Test Case : Test Cases/Data Entry/TC_Data Entry</message>
  <nestedLevel>1</nestedLevel>
  <property name="name">Test Cases/Data Entry/TC_Data Entry</property>
  <property name="description">test case data entry dari awal simulasi kredit hingga submit</property>
  <property name="id">Test Cases/Data Entry/TC_Data Entry</property>
  <property name="source">E:\\KERJA\\Automation Testing\\KATALON\\ACCME\\ACCMe-Mobile dupcheck\\Test Cases\\Data Entry\\TC_Data Entry.tc</property>
  <property name="tag"></property>
  <property name="isOptional">false</property>
</record>
<record>
  <date>2019-09-13T14:40:21</date>
  <millis>1568360421101</millis>
  <sequence>7</sequence>
  <level>INFO</level>
  <class>com.kms.katalon.core.logging.XmlKeywordLogger</class>
  <method>logMessage</method>
  <thread>1</thread>
  <message>varBrand = TOYOTA</message>
  <nestedLevel>1</nestedLevel>
</record>
<record>
  <date>2019-09-13T14:40:21</date>
  <millis>1568360421102</millis>
  <sequence>8</sequence>
  <level>INFO</level>
  <class>com.kms.katalon.core.logging.XmlKeywordLogger</class>
  <method>logMessage</method>
  <thread>1</thread>
  <message>varType = CALYA</message>
  <nestedLevel>1</nestedLevel>
</record>
<record>
  <date>2019-09-13T14:40:21</date>
  <millis>1568360421104</millis>
  <sequence>9</sequence>
  <level>INFO</level>
  <class>com.kms.katalon.core.logging.XmlKeywordLogger</class>
  <method>logMessage</method>
  <thread>1</thread>
  <message>varModel = 1.2 G A/T</message>
  <nestedLevel>1</nestedLevel>
</record>
<record>
  <date>2019-09-13T14:40:21</date>
  <millis>1568360421105</millis>
  <sequence>10</sequence>
  <level>INFO</level>
  <class>com.kms.katalon.core.logging.XmlKeywordLogger</class>
  <method>logMessage</method>
  <thread>1</thread>
  <message>varTahun = 2019</message>
  <nestedLevel>1</nestedLevel>
</record>
<record>
  <date>2019-09-13T14:40:21</date>
  <millis>1568360421107</millis>
  <sequence>11</sequence>
  <level>INFO</level>
  <class>com.kms.katalon.core.logging.XmlKeywordLogger</class>
  <method>logMessage</method>
  <thread>1</thread>
  <message>varTenor = 48</message>
  <nestedLevel>1</nestedLevel>
</record>
<record>
  <date>2019-09-13T14:40:21</date>
  <millis>1568360421164</millis>
  <sequence>12</sequence>
  <level>INFO</level>
  <class>com.kms.katalon.core.logging.XmlKeywordLogger</class>
  <method>logMessage</method>
  <thread>1</thread>
  <message>varOTR = 156,400,000</message>
  <nestedLevel>1</nestedLevel>
</record>
<record>
  <date>2019-09-13T14:40:21</date>
  <millis>1568360421166</millis>
  <sequence>13</sequence>
  <level>INFO</level>
  <class>com.kms.katalon.core.logging.XmlKeywordLogger</class>
  <method>logMessage</method>
  <thread>1</thread>
  <message>varRP = 31,280,000</message>
  <nestedLevel>1</nestedLevel>
</record>
<record>
  <date>2019-09-13T14:40:21</date>
  <millis>1568360421167</millis>
  <sequence>14</sequence>
  <level>INFO</level>
  <class>com.kms.katalon.core.logging.XmlKeywordLogger</class>
  <method>logMessage</method>
  <thread>1</thread>
  <message>varDealer = ASTRIDO JAYA M-JKT BATUTULIS</message>
  <nestedLevel>1</nestedLevel>
</record>
<record>
  <date>2019-09-13T14:40:21</date>
  <millis>1568360421168</millis>
  <sequence>15</sequence>
  <level>INFO</level>
  <class>com.kms.katalon.core.logging.XmlKeywordLogger</class>
  <method>logMessage</method>
  <thread>1</thread>
  <message>varSales = MOH TAUFIK</message>
  <nestedLevel>1</nestedLevel>
</record>
<record>
  <date>2019-09-13T14:40:21</date>
  <millis>1568360421169</millis>
  <sequence>16</sequence>
  <level>INFO</level>
  <class>com.kms.katalon.core.logging.XmlKeywordLogger</class>
  <method>logMessage</method>
  <thread>1</thread>
  <message>varAsuransi = PT AAB REGULER OJK 2017(305001)</message>
  <nestedLevel>1</nestedLevel>
</record>
<record>
  <date>2019-09-13T14:40:21</date>
  <millis>1568360421172</millis>
  <sequence>17</sequence>
  <level>INFO</level>
  <class>com.kms.katalon.core.logging.XmlKeywordLogger</class>
  <method>logMessage</method>
  <thread>1</thread>
  <message>varKodeWilayah = BANTEN, DKI, JABAR</message>
  <nestedLevel>1</nestedLevel>
</record>
<record>
  <date>2019-09-13T14:40:21</date>
  <millis>1568360421174</millis>
  <sequence>18</sequence>
  <level>INFO</level>
  <class>com.kms.katalon.core.logging.XmlKeywordLogger</class>
  <method>logMessage</method>
  <thread>1</thread>
  <message>varOpsiNPWP = Approval</message>
  <nestedLevel>1</nestedLevel>
</record>
<record>
  <date>2019-09-13T14:40:21</date>
  <millis>1568360421176</millis>
  <sequence>19</sequence>
  <level>INFO</level>
  <class>com.kms.katalon.core.logging.XmlKeywordLogger</class>
  <method>logMessage</method>
  <thread>1</thread>
  <message>Borrower_varKTP = abc.jpg</message>
  <nestedLevel>1</nestedLevel>
</record>
<record>
  <date>2019-09-13T14:40:21</date>
  <millis>1568360421178</millis>
  <sequence>20</sequence>
  <level>INFO</level>
  <class>com.kms.katalon.core.logging.XmlKeywordLogger</class>
  <method>logMessage</method>
  <thread>1</thread>
  <message>BIvarNoKTP = 1306051210880001</message>
  <nestedLevel>1</nestedLevel>
</record>
<record>
  <date>2019-09-13T14:40:21</date>
  <millis>1568360421179</millis>
  <sequence>21</sequence>
  <level>INFO</level>
  <class>com.kms.katalon.core.logging.XmlKeywordLogger</class>
  <method>logMessage</method>
  <thread>1</thread>
  <message>BIvarAgama = ISLAM</message>
  <nestedLevel>1</nestedLevel>
</record>
<record>
  <date>2019-09-13T14:40:21</date>
  <millis>1568360421179</millis>
  <sequence>22</sequence>
  <level>INFO</level>
  <class>com.kms.katalon.core.logging.XmlKeywordLogger</class>
  <method>logMessage</method>
  <thread>1</thread>
  <message>BIvarStatusPerkawinan = UNMARRIED</message>
  <nestedLevel>1</nestedLevel>
</record>
<record>
  <date>2019-09-13T14:40:21</date>
  <millis>1568360421180</millis>
  <sequence>23</sequence>
  <level>INFO</level>
  <class>com.kms.katalon.core.logging.XmlKeywordLogger</class>
  <method>logMessage</method>
  <thread>1</thread>
  <message>BEvarRT = 458</message>
  <nestedLevel>1</nestedLevel>
</record>
<record>
  <date>2019-09-13T14:40:21</date>
  <millis>1568360421181</millis>
  <sequence>24</sequence>
  <level>INFO</level>
  <class>com.kms.katalon.core.logging.XmlKeywordLogger</class>
  <method>logMessage</method>
  <thread>1</thread>
  <message>BEvarRW = 223</message>
  <nestedLevel>1</nestedLevel>
</record>
<record>
  <date>2019-09-13T14:40:21</date>
  <millis>1568360421181</millis>
  <sequence>25</sequence>
  <level>INFO</level>
  <class>com.kms.katalon.core.logging.XmlKeywordLogger</class>
  <method>logMessage</method>
  <thread>1</thread>
  <message>BEvarKodePos = 10124</message>
  <nestedLevel>1</nestedLevel>
</record>
<record>
  <date>2019-09-13T14:40:22</date>
  <millis>1568360422369</millis>
  <sequence>26</sequence>
  <level>START</level>
  <class>com.kms.katalon.core.logging.XmlKeywordLogger</class>
  <method>startKeyword</method>
  <thread>1</thread>
  <message>Start action : callTestCase(findTestCase(\&amp;quot;dynamic test case/open application\&amp;quot;), [:], STOP_ON_FAILURE)</message>
  <nestedLevel>1</nestedLevel>
  <property name="startLine">17</property>
  <property name="stepIndex">1</property>
</record>
<record>
  <date>2019-09-13T14:40:22</date>
  <millis>1568360422617</millis>
  <sequence>29</sequence>
  <level>START</level>
  <class>com.kms.katalon.core.logging.XmlKeywordLogger</class>
  <method>startTest</method>
  <thread>1</thread>
  <message>Start Test Case : Test Cases/dynamic test case/open application</message>
  <nestedLevel>2</nestedLevel>
  <property name="name">Test Cases/dynamic test case/open application</property>
  <property name="description"></property>
  <property name="id">Test Cases/dynamic test case/open application</property>
  <property name="source">E:\\KERJA\\Automation Testing\\KATALON\\ACCME\\ACCMe-Mobile dupcheck\\Test Cases\\dynamic test case\\open application.tc</property>
  <property name="tag"></property>
  <property name="isOptional">false</property>
</record>
<record>
  <date>2019-09-13T14:40:22</date>
  <millis>1568360422789</millis>
  <sequence>31</sequence>
  <level>START</level>
  <class>com.kms.katalon.core.logging.XmlKeywordLogger</class>
  <method>startKeyword</method>
  <thread>1</thread>
  <message>Start action : appPath = relativeToAbsolutePath(apkname, getProjectDir())</message>
  <nestedLevel>1</nestedLevel>
  <property name="startLine">8</property>
  <property name="stepIndex">1</property>
  <property name="description">required for PathUtil to get the current app path</property>
</record>
<record>
  <date>2019-09-13T14:40:22</date>
  <millis>1568360422944</millis>
  <sequence>32</sequence>
  <level>END</level>
  <class>com.kms.katalon.core.logging.XmlKeywordLogger</class>
  <method>endKeyword</method>
  <thread>1</thread>
  <message>End action : appPath = relativeToAbsolutePath(apkname, getProjectDir())</message>
  <nestedLevel>1</nestedLevel>
</record>
<record>
  <date>2019-09-13T14:40:22</date>
  <millis>1568360422945</millis>
  <sequence>33</sequence>
  <level>START</level>
  <class>com.kms.katalon.core.logging.XmlKeywordLogger</class>
  <method>startKeyword</method>
  <thread>1</thread>
  <message>Start action : startApplication(appPath, false)</message>
  <nestedLevel>1</nestedLevel>
  <property name="startLine">10</property>
  <property name="stepIndex">2</property>
</record>
<record>
  <date>2019-09-13T14:40:23</date>
  <millis>1568360423377</millis>
  <sequence>35</sequence>
  <level>INFO</level>
  <class>com.kms.katalon.core.logging.XmlKeywordLogger</class>
  <method>logMessage</method>
  <thread>1</thread>
  <message>User set preference: [&amp;apos;unicodeKeyboard&amp;apos;, &amp;apos;true&amp;apos;]</message>
  <nestedLevel>2</nestedLevel>
</record>
<record>
  <date>2019-09-13T14:40:23</date>
  <millis>1568360423384</millis>
  <sequence>36</sequence>
  <level>INFO</level>
  <class>com.kms.katalon.core.logging.XmlKeywordLogger</class>
  <method>logMessage</method>
  <thread>1</thread>
  <message>User set preference: [&amp;apos;resetKeyboard&amp;apos;, &amp;apos;true&amp;apos;]</message>
  <nestedLevel>2</nestedLevel>
</record>
<record>
  <date>2019-09-13T14:40:23</date>
  <millis>1568360423387</millis>
  <sequence>37</sequence>
  <level>INFO</level>
  <class>com.kms.katalon.core.logging.XmlKeywordLogger</class>
  <method>logMessage</method>
  <thread>1</thread>
  <message>User set preference: [&amp;apos;deviceId&amp;apos;, &amp;apos;&amp;apos;]</message>
  <nestedLevel>2</nestedLevel>
</record>
<record>
  <date>2019-09-13T14:40:33</date>
  <millis>1568360433587</millis>
  <sequence>38</sequence>
  <level>INFO</level>
  <class>com.kms.katalon.core.logging.XmlKeywordLogger</class>
  <method>logMessage</method>
  <thread>1</thread>
  <message>Appium server started on port 54.713</message>
  <nestedLevel>2</nestedLevel>
</record>
<record>
  <date>2019-09-13T14:41:12</date>
  <millis>1568360472023</millis>
  <sequence>40</sequence>
  <level>RUN_DATA</level>
  <class>com.kms.katalon.core.logging.XmlKeywordLogger</class>
  <method>logMessage</method>
  <thread>1</thread>
  <message>appiumVersion = 1.14.2</message>
  <nestedLevel>2</nestedLevel>
  <property name="appiumVersion">1.14.2</property>
</record>
<record>
  <date>2019-09-13T14:41:12</date>
  <millis>1568360472024</millis>
  <sequence>41</sequence>
  <level>RUN_DATA</level>
  <class>com.kms.katalon.core.logging.XmlKeywordLogger</class>
  <method>logMessage</method>
  <thread>1</thread>
  <message>appiumServerStatus = {\&amp;quot;status\&amp;quot;:0,\&amp;quot;value\&amp;quot;:{\&amp;quot;build\&amp;quot;:{\&amp;quot;version\&amp;quot;:\&amp;quot;1.14.2\&amp;quot;}},\&amp;quot;sessionId\&amp;quot;:null}</message>
  <nestedLevel>2</nestedLevel>
  <property name="appiumServerStatus">{\&quot;status\&quot;:0,\&quot;value\&quot;:{\&quot;build\&quot;:{\&quot;version\&quot;:\&quot;1.14.2\&quot;}},\&quot;sessionId\&quot;:null}</property>
</record>
<record>
  <date>2019-09-13T14:41:12</date>
  <millis>1568360472052</millis>
  <sequence>42</sequence>
  <level>RUN_DATA</level>
  <class>com.kms.katalon.core.logging.XmlKeywordLogger</class>
  <method>logMessage</method>
  <thread>1</thread>
  <message>deviceId = RR8M30NJT6T</message>
  <nestedLevel>2</nestedLevel>
  <property name="deviceId">RR8M30NJT6T</property>
</record>
<record>
  <date>2019-09-13T14:41:12</date>
  <millis>1568360472052</millis>
  <sequence>43</sequence>
  <level>RUN_DATA</level>
  <class>com.kms.katalon.core.logging.XmlKeywordLogger</class>
  <method>logMessage</method>
  <thread>1</thread>
  <message>deviceName = samsung SM-A505F (Android 9)</message>
  <nestedLevel>2</nestedLevel>
  <property name="deviceName">samsung SM-A505F (Android 9)</property>
</record>
<record>
  <date>2019-09-13T14:41:12</date>
  <millis>1568360472053</millis>
  <sequence>44</sequence>
  <level>RUN_DATA</level>
  <class>com.kms.katalon.core.logging.XmlKeywordLogger</class>
  <method>logMessage</method>
  <thread>1</thread>
  <message>deviceModel = SM-A505F</message>
  <nestedLevel>2</nestedLevel>
  <property name="deviceModel">SM-A505F</property>
</record>
<record>
  <date>2019-09-13T14:41:12</date>
  <millis>1568360472054</millis>
  <sequence>45</sequence>
  <level>RUN_DATA</level>
  <class>com.kms.katalon.core.logging.XmlKeywordLogger</class>
  <method>logMessage</method>
  <thread>1</thread>
  <message>deviceManufacturer = samsung</message>
  <nestedLevel>2</nestedLevel>
  <property name="deviceManufacturer">samsung</property>
</record>
<record>
  <date>2019-09-13T14:41:12</date>
  <millis>1568360472055</millis>
  <sequence>46</sequence>
  <level>RUN_DATA</level>
  <class>com.kms.katalon.core.logging.XmlKeywordLogger</class>
  <method>logMessage</method>
  <thread>1</thread>
  <message>deviceOS = Android</message>
  <nestedLevel>2</nestedLevel>
  <property name="deviceOS">Android</property>
</record>
<record>
  <date>2019-09-13T14:41:12</date>
  <millis>1568360472056</millis>
  <sequence>47</sequence>
  <level>RUN_DATA</level>
  <class>com.kms.katalon.core.logging.XmlKeywordLogger</class>
  <method>logMessage</method>
  <thread>1</thread>
  <message>deviceOSVersion = 9</message>
  <nestedLevel>2</nestedLevel>
  <property name="deviceOSVersion">9</property>
</record>
<record>
  <date>2019-09-13T14:41:12</date>
  <millis>1568360472087</millis>
  <sequence>48</sequence>
  <level>PASSED</level>
  <class>com.kms.katalon.core.logging.XmlKeywordLogger</class>
  <method>logMessage</method>
  <thread>1</thread>
  <message>Started app at: &amp;apos;E:\\KERJA\\Automation Testing\\KATALON\\ACCME\\ACCMe-Mobile dupcheck\\AccMe.apk&amp;apos;</message>
  <nestedLevel>2</nestedLevel>
</record>
<record>
  <date>2019-09-13T14:41:12</date>
  <millis>1568360472087</millis>
  <sequence>49</sequence>
  <level>END</level>
  <class>com.kms.katalon.core.logging.XmlKeywordLogger</class>
  <method>endKeyword</method>
  <thread>1</thread>
  <message>End action : startApplication(appPath, false)</message>
  <nestedLevel>1</nestedLevel>
</record>
<record>
  <date>2019-09-13T14:41:12</date>
  <millis>1568360472088</millis>
  <sequence>50</sequence>
  <level>PASSED</level>
  <class>com.kms.katalon.core.logging.XmlKeywordLogger</class>
  <method>logMessage</method>
  <thread>1</thread>
  <message>Test Cases/dynamic test case/open application</message>
  <nestedLevel>2</nestedLevel>
</record>
<record>
  <date>2019-09-13T14:41:12</date>
  <millis>1568360472099</millis>
  <sequence>51</sequence>
  <level>END</level>
  <class>com.kms.katalon.core.logging.XmlKeywordLogger</class>
  <method>endTest</method>
  <thread>1</thread>
  <message>End Test Case : Test Cases/dynamic test case/open application</message>
  <nestedLevel>1</nestedLevel>
</record>
<record>
  <date>2019-09-13T14:41:12</date>
  <millis>1568360472115</millis>
  <sequence>52</sequence>
  <level>PASSED</level>
  <class>com.kms.katalon.core.logging.XmlKeywordLogger</class>
  <method>logMessage</method>
  <thread>1</thread>
  <message>Call Test Case &amp;apos;Test Cases/dynamic test case/open application&amp;apos; successfully</message>
  <nestedLevel>1</nestedLevel>
</record>
<record>
  <date>2019-09-13T14:41:12</date>
  <millis>1568360472117</millis>
  <sequence>53</sequence>
  <level>END</level>
  <class>com.kms.katalon.core.logging.XmlKeywordLogger</class>
  <method>endKeyword</method>
  <thread>1</thread>
  <message>End action : callTestCase(findTestCase(\&amp;quot;dynamic test case/open application\&amp;quot;), [:], STOP_ON_FAILURE)</message>
  <nestedLevel>1</nestedLevel>
</record>
<record>
  <date>2019-09-13T14:41:12</date>
  <millis>1568360472118</millis>
  <sequence>54</sequence>
  <level>START</level>
  <class>com.kms.katalon.core.logging.XmlKeywordLogger</class>
  <method>startKeyword</method>
  <thread>1</thread>
  <message>Start action : callTestCase(findTestCase(\&amp;quot;Data Entry/Simulasi Kredit/Simulasi Kredit/MASTER FLOW/TC_Simulasi Kredit - MASTER FLOW\&amp;quot;), [\&amp;quot;varBrand\&amp;quot;:varBrand, \&amp;quot;varType\&amp;quot;:varType, \&amp;quot;varModel\&amp;quot;:varModel, \&amp;quot;varTahun\&amp;quot;:varTahun, \&amp;quot;varTenor\&amp;quot;:varTenor, \&amp;quot;varOTR\&amp;quot;:varOTR, \&amp;quot;varRP\&amp;quot;:varRP, ... ], OPTIONAL)</message>
  <nestedLevel>1</nestedLevel>
  <property name="startLine">19</property>
  <property name="stepIndex">2</property>
</record>
<record>
  <date>2019-09-13T14:41:12</date>
  <millis>1568360472209</millis>
  <sequence>57</sequence>
  <level>START</level>
  <class>com.kms.katalon.core.logging.XmlKeywordLogger</class>
  <method>startTest</method>
  <thread>1</thread>
  <message>Start Test Case : Test Cases/Data Entry/Simulasi Kredit/Simulasi Kredit/MASTER FLOW/TC_Simulasi Kredit - MASTER FLOW</message>
  <nestedLevel>2</nestedLevel>
  <property name="name">Test Cases/Data Entry/Simulasi Kredit/Simulasi Kredit/MASTER FLOW/TC_Simulasi Kredit - MASTER FLOW</property>
  <property name="description"></property>
  <property name="id">Test Cases/Data Entry/Simulasi Kredit/Simulasi Kredit/MASTER FLOW/TC_Simulasi Kredit - MASTER FLOW</property>
  <property name="source">E:\\KERJA\\Automation Testing\\KATALON\\ACCME\\ACCMe-Mobile dupcheck\\Test Cases\\Data Entry\\Simulasi Kredit\\Simulasi Kredit\\MASTER FLOW\\TC_Simulasi Kredit - MASTER FLOW.tc</property>
  <property name="tag"></property>
  <property name="isOptional">true</property>
</record>
<record>
  <date>2019-09-13T14:41:12</date>
  <millis>1568360472254</millis>
  <sequence>59</sequence>
  <level>INFO</level>
  <class>com.kms.katalon.core.logging.XmlKeywordLogger</class>
  <method>logMessage</method>
  <thread>1</thread>
  <message>varBrand = TOYOTA</message>
  <nestedLevel>2</nestedLevel>
</record>
<record>
  <date>2019-09-13T14:41:12</date>
  <millis>1568360472254</millis>
  <sequence>60</sequence>
  <level>INFO</level>
  <class>com.kms.katalon.core.logging.XmlKeywordLogger</class>
  <method>logMessage</method>
  <thread>1</thread>
  <message>varType = CALYA</message>
  <nestedLevel>2</nestedLevel>
</record>
<record>
  <date>2019-09-13T14:41:12</date>
  <millis>1568360472255</millis>
  <sequence>61</sequence>
  <level>INFO</level>
  <class>com.kms.katalon.core.logging.XmlKeywordLogger</class>
  <method>logMessage</method>
  <thread>1</thread>
  <message>varModel = 1.2 G A/T</message>
  <nestedLevel>2</nestedLevel>
</record>
<record>
  <date>2019-09-13T14:41:12</date>
  <millis>1568360472257</millis>
  <sequence>62</sequence>
  <level>INFO</level>
  <class>com.kms.katalon.core.logging.XmlKeywordLogger</class>
  <method>logMessage</method>
  <thread>1</thread>
  <message>varTahun = 2019</message>
  <nestedLevel>2</nestedLevel>
</record>
<record>
  <date>2019-09-13T14:41:12</date>
  <millis>1568360472307</millis>
  <sequence>63</sequence>
  <level>INFO</level>
  <class>com.kms.katalon.core.logging.XmlKeywordLogger</class>
  <method>logMessage</method>
  <thread>1</thread>
  <message>varTenor = 48</message>
  <nestedLevel>2</nestedLevel>
</record>
<record>
  <date>2019-09-13T14:41:12</date>
  <millis>1568360472309</millis>
  <sequence>64</sequence>
  <level>INFO</level>
  <class>com.kms.katalon.core.logging.XmlKeywordLogger</class>
  <method>logMessage</method>
  <thread>1</thread>
  <message>varOTR = 156,400,000</message>
  <nestedLevel>2</nestedLevel>
</record>
<record>
  <date>2019-09-13T14:41:12</date>
  <millis>1568360472310</millis>
  <sequence>65</sequence>
  <level>INFO</level>
  <class>com.kms.katalon.core.logging.XmlKeywordLogger</class>
  <method>logMessage</method>
  <thread>1</thread>
  <message>varRP = 31,280,000</message>
  <nestedLevel>2</nestedLevel>
</record>
<record>
  <date>2019-09-13T14:41:12</date>
  <millis>1568360472313</millis>
  <sequence>66</sequence>
  <level>INFO</level>
  <class>com.kms.katalon.core.logging.XmlKeywordLogger</class>
  <method>logMessage</method>
  <thread>1</thread>
  <message>varDealer = ASTRIDO JAYA M-JKT BATUTULIS</message>
  <nestedLevel>2</nestedLevel>
</record>
<record>
  <date>2019-09-13T14:41:12</date>
  <millis>1568360472315</millis>
  <sequence>67</sequence>
  <level>INFO</level>
  <class>com.kms.katalon.core.logging.XmlKeywordLogger</class>
  <method>logMessage</method>
  <thread>1</thread>
  <message>varSales = MOH TAUFIK</message>
  <nestedLevel>2</nestedLevel>
</record>
<record>
  <date>2019-09-13T14:41:12</date>
  <millis>1568360472911</millis>
  <sequence>68</sequence>
  <level>START</level>
  <class>com.kms.katalon.core.logging.XmlKeywordLogger</class>
  <method>startKeyword</method>
  <thread>1</thread>
  <message>Start action : waitForElementPresent(findTestObject(\&amp;quot;Simulasi Kredit/Simulasi Kredit - Simulasi Kredit/SimulasiKredit_Btn Simulasi Kredit\&amp;quot;), 0)</message>
  <nestedLevel>1</nestedLevel>
  <property name="startLine">16</property>
  <property name="stepIndex">1</property>
</record>
<record>
  <date>2019-09-13T14:41:13</date>
  <millis>1568360473113</millis>
  <sequence>72</sequence>
  <level>WARNING</level>
  <class>com.kms.katalon.core.logging.XmlKeywordLogger</class>
  <method>logMessage</method>
  <thread>1</thread>
  <message>Timeout &amp;apos;0&amp;apos; is invalid. Using default page load timeout: &amp;apos;30&amp;apos;</message>
  <nestedLevel>2</nestedLevel>
</record>
<record>
  <date>2019-09-13T14:41:20</date>
  <millis>1568360480647</millis>
  <sequence>73</sequence>
  <level>PASSED</level>
  <class>com.kms.katalon.core.logging.XmlKeywordLogger</class>
  <method>logMessage</method>
  <thread>1</thread>
  <message>Element &amp;apos;Object Repository/Simulasi Kredit/Simulasi Kredit - Simulasi Kredit/SimulasiKredit_Btn Simulasi Kredit&amp;apos; is present</message>
  <nestedLevel>2</nestedLevel>
</record>
<record>
  <date>2019-09-13T14:41:20</date>
  <millis>1568360480648</millis>
  <sequence>74</sequence>
  <level>END</level>
  <class>com.kms.katalon.core.logging.XmlKeywordLogger</class>
  <method>endKeyword</method>
  <thread>1</thread>
  <message>End action : waitForElementPresent(findTestObject(\&amp;quot;Simulasi Kredit/Simulasi Kredit - Simulasi Kredit/SimulasiKredit_Btn Simulasi Kredit\&amp;quot;), 0)</message>
  <nestedLevel>1</nestedLevel>
</record>
<record>
  <date>2019-09-13T14:41:20</date>
  <millis>1568360480648</millis>
  <sequence>75</sequence>
  <level>START</level>
  <class>com.kms.katalon.core.logging.XmlKeywordLogger</class>
  <method>startKeyword</method>
  <thread>1</thread>
  <message>Start action : tap(findTestObject(\&amp;quot;Simulasi Kredit/Simulasi Kredit - Simulasi Kredit/SimulasiKredit_Btn Simulasi Kredit\&amp;quot;), 0)</message>
  <nestedLevel>1</nestedLevel>
  <property name="startLine">19</property>
  <property name="stepIndex">2</property>
</record>
<record>
  <date>2019-09-13T14:41:20</date>
  <millis>1568360480780</millis>
  <sequence>79</sequence>
  <level>WARNING</level>
  <class>com.kms.katalon.core.logging.XmlKeywordLogger</class>
  <method>logMessage</method>
  <thread>1</thread>
  <message>Timeout &amp;apos;0&amp;apos; is invalid. Using default page load timeout: &amp;apos;30&amp;apos;</message>
  <nestedLevel>2</nestedLevel>
</record>
<record>
  <date>2019-09-13T14:41:23</date>
  <millis>1568360483915</millis>
  <sequence>80</sequence>
  <level>PASSED</level>
  <class>com.kms.katalon.core.logging.XmlKeywordLogger</class>
  <method>logMessage</method>
  <thread>1</thread>
  <message>Tapped on element &amp;apos;Object Repository/Simulasi Kredit/Simulasi Kredit - Simulasi Kredit/SimulasiKredit_Btn Simulasi Kredit&amp;apos;</message>
  <nestedLevel>2</nestedLevel>
</record>
<record>
  <date>2019-09-13T14:41:23</date>
  <millis>1568360483916</millis>
  <sequence>81</sequence>
  <level>END</level>
  <class>com.kms.katalon.core.logging.XmlKeywordLogger</class>
  <method>endKeyword</method>
  <thread>1</thread>
  <message>End action : tap(findTestObject(\&amp;quot;Simulasi Kredit/Simulasi Kredit - Simulasi Kredit/SimulasiKredit_Btn Simulasi Kredit\&amp;quot;), 0)</message>
  <nestedLevel>1</nestedLevel>
</record>
<record>
  <date>2019-09-13T14:41:23</date>
  <millis>1568360483917</millis>
  <sequence>82</sequence>
  <level>START</level>
  <class>com.kms.katalon.core.logging.XmlKeywordLogger</class>
  <method>startKeyword</method>
  <thread>1</thread>
  <message>Start action : setText(findTestObject(\&amp;quot;Simulasi Kredit/Simulasi Kredit - Simulasi Kredit/SimulasiKredit_Inp Brand\&amp;quot;), varBrand, 0)</message>
  <nestedLevel>1</nestedLevel>
  <property name="startLine">21</property>
  <property name="stepIndex">3</property>
</record>
<record>
  <date>2019-09-13T14:41:24</date>
  <millis>1568360484020</millis>
  <sequence>86</sequence>
  <level>WARNING</level>
  <class>com.kms.katalon.core.logging.XmlKeywordLogger</class>
  <method>logMessage</method>
  <thread>1</thread>
  <message>Timeout &amp;apos;0&amp;apos; is invalid. Using default page load timeout: &amp;apos;30&amp;apos;</message>
  <nestedLevel>2</nestedLevel>
</record>
<record>
  <date>2019-09-13T14:41:29</date>
  <millis>1568360489030</millis>
  <sequence>87</sequence>
  <level>PASSED</level>
  <class>com.kms.katalon.core.logging.XmlKeywordLogger</class>
  <method>logMessage</method>
  <thread>1</thread>
  <message>Text &amp;apos;TOYOTA&amp;apos; has been set to element &amp;apos;Object Repository/Simulasi Kredit/Simulasi Kredit - Simulasi Kredit/SimulasiKredit_Inp Brand&amp;apos;</message>
  <nestedLevel>2</nestedLevel>
</record>
<record>
  <date>2019-09-13T14:41:29</date>
  <millis>1568360489030</millis>
  <sequence>88</sequence>
  <level>END</level>
  <class>com.kms.katalon.core.logging.XmlKeywordLogger</class>
  <method>endKeyword</method>
  <thread>1</thread>
  <message>End action : setText(findTestObject(\&amp;quot;Simulasi Kredit/Simulasi Kredit - Simulasi Kredit/SimulasiKredit_Inp Brand\&amp;quot;), varBrand, 0)</message>
  <nestedLevel>1</nestedLevel>
</record>
<record>
  <date>2019-09-13T14:41:29</date>
  <millis>1568360489031</millis>
  <sequence>89</sequence>
  <level>START</level>
  <class>com.kms.katalon.core.logging.XmlKeywordLogger</class>
  <method>startKeyword</method>
  <thread>1</thread>
  <message>Start action : tap(findTestObject(\&amp;quot;Simulasi Kredit/Simulasi Kredit - Simulasi Kredit/SimulasiKredit_Inp Brand\&amp;quot;), 0)</message>
  <nestedLevel>1</nestedLevel>
  <property name="startLine">23</property>
  <property name="stepIndex">4</property>
</record>
<record>
  <date>2019-09-13T14:41:29</date>
  <millis>1568360489146</millis>
  <sequence>93</sequence>
  <level>WARNING</level>
  <class>com.kms.katalon.core.logging.XmlKeywordLogger</class>
  <method>logMessage</method>
  <thread>1</thread>
  <message>Timeout &amp;apos;0&amp;apos; is invalid. Using default page load timeout: &amp;apos;30&amp;apos;</message>
  <nestedLevel>2</nestedLevel>
</record>
<record>
  <date>2019-09-13T14:41:32</date>
  <millis>1568360492008</millis>
  <sequence>94</sequence>
  <level>PASSED</level>
  <class>com.kms.katalon.core.logging.XmlKeywordLogger</class>
  <method>logMessage</method>
  <thread>1</thread>
  <message>Tapped on element &amp;apos;Object Repository/Simulasi Kredit/Simulasi Kredit - Simulasi Kredit/SimulasiKredit_Inp Brand&amp;apos;</message>
  <nestedLevel>2</nestedLevel>
</record>
<record>
  <date>2019-09-13T14:41:32</date>
  <millis>1568360492009</millis>
  <sequence>95</sequence>
  <level>END</level>
  <class>com.kms.katalon.core.logging.XmlKeywordLogger</class>
  <method>endKeyword</method>
  <thread>1</thread>
  <message>End action : tap(findTestObject(\&amp;quot;Simulasi Kredit/Simulasi Kredit - Simulasi Kredit/SimulasiKredit_Inp Brand\&amp;quot;), 0)</message>
  <nestedLevel>1</nestedLevel>
</record>
<record>
  <date>2019-09-13T14:41:32</date>
  <millis>1568360492009</millis>
  <sequence>96</sequence>
  <level>START</level>
  <class>com.kms.katalon.core.logging.XmlKeywordLogger</class>
  <method>startKeyword</method>
  <thread>1</thread>
  <message>Start action : tap(findTestObject(\&amp;quot;dynamic object/pickListItem_viewView\&amp;quot;, [\&amp;quot;text\&amp;quot;:varBrand]), 0)</message>
  <nestedLevel>1</nestedLevel>
  <property name="startLine">25</property>
  <property name="stepIndex">5</property>
</record>
<record>
  <date>2019-09-13T14:41:32</date>
  <millis>1568360492176</millis>
  <sequence>100</sequence>
  <level>WARNING</level>
  <class>com.kms.katalon.core.logging.XmlKeywordLogger</class>
  <method>logMessage</method>
  <thread>1</thread>
  <message>Timeout &amp;apos;0&amp;apos; is invalid. Using default page load timeout: &amp;apos;30&amp;apos;</message>
  <nestedLevel>2</nestedLevel>
</record>
<record>
  <date>2019-09-13T14:41:35</date>
  <millis>1568360495196</millis>
  <sequence>101</sequence>
  <level>PASSED</level>
  <class>com.kms.katalon.core.logging.XmlKeywordLogger</class>
  <method>logMessage</method>
  <thread>1</thread>
  <message>Tapped on element &amp;apos;Object Repository/dynamic object/pickListItem_viewView&amp;apos;</message>
  <nestedLevel>2</nestedLevel>
</record>
<record>
  <date>2019-09-13T14:41:35</date>
  <millis>1568360495197</millis>
  <sequence>102</sequence>
  <level>END</level>
  <class>com.kms.katalon.core.logging.XmlKeywordLogger</class>
  <method>endKeyword</method>
  <thread>1</thread>
  <message>End action : tap(findTestObject(\&amp;quot;dynamic object/pickListItem_viewView\&amp;quot;, [\&amp;quot;text\&amp;quot;:varBrand]), 0)</message>
  <nestedLevel>1</nestedLevel>
</record>
<record>
  <date>2019-09-13T14:41:35</date>
  <millis>1568360495198</millis>
  <sequence>103</sequence>
  <level>START</level>
  <class>com.kms.katalon.core.logging.XmlKeywordLogger</class>
  <method>startKeyword</method>
  <thread>1</thread>
  <message>Start action : tap(findTestObject(\&amp;quot;Simulasi Kredit/Simulasi Kredit - Simulasi Kredit/SimulasiKredit_Inp Type\&amp;quot;), 0)</message>
  <nestedLevel>1</nestedLevel>
  <property name="startLine">27</property>
  <property name="stepIndex">6</property>
</record>
<record>
  <date>2019-09-13T14:41:35</date>
  <millis>1568360495277</millis>
  <sequence>107</sequence>
  <level>WARNING</level>
  <class>com.kms.katalon.core.logging.XmlKeywordLogger</class>
  <method>logMessage</method>
  <thread>1</thread>
  <message>Timeout &amp;apos;0&amp;apos; is invalid. Using default page load timeout: &amp;apos;30&amp;apos;</message>
  <nestedLevel>2</nestedLevel>
</record>
<record>
  <date>2019-09-13T14:41:37</date>
  <millis>1568360497714</millis>
  <sequence>108</sequence>
  <level>PASSED</level>
  <class>com.kms.katalon.core.logging.XmlKeywordLogger</class>
  <method>logMessage</method>
  <thread>1</thread>
  <message>Tapped on element &amp;apos;Object Repository/Simulasi Kredit/Simulasi Kredit - Simulasi Kredit/SimulasiKredit_Inp Type&amp;apos;</message>
  <nestedLevel>2</nestedLevel>
</record>
<record>
  <date>2019-09-13T14:41:37</date>
  <millis>1568360497714</millis>
  <sequence>109</sequence>
  <level>END</level>
  <class>com.kms.katalon.core.logging.XmlKeywordLogger</class>
  <method>endKeyword</method>
  <thread>1</thread>
  <message>End action : tap(findTestObject(\&amp;quot;Simulasi Kredit/Simulasi Kredit - Simulasi Kredit/SimulasiKredit_Inp Type\&amp;quot;), 0)</message>
  <nestedLevel>1</nestedLevel>
</record>
<record>
  <date>2019-09-13T14:41:37</date>
  <millis>1568360497715</millis>
  <sequence>110</sequence>
  <level>START</level>
  <class>com.kms.katalon.core.logging.XmlKeywordLogger</class>
  <method>startKeyword</method>
  <thread>1</thread>
  <message>Start action : setText(findTestObject(\&amp;quot;Simulasi Kredit/Simulasi Kredit - Simulasi Kredit/SimulasiKredit_Inp Type\&amp;quot;), varType, 0)</message>
  <nestedLevel>1</nestedLevel>
  <property name="startLine">29</property>
  <property name="stepIndex">7</property>
</record>
<record>
  <date>2019-09-13T14:41:37</date>
  <millis>1568360497801</millis>
  <sequence>114</sequence>
  <level>WARNING</level>
  <class>com.kms.katalon.core.logging.XmlKeywordLogger</class>
  <method>logMessage</method>
  <thread>1</thread>
  <message>Timeout &amp;apos;0&amp;apos; is invalid. Using default page load timeout: &amp;apos;30&amp;apos;</message>
  <nestedLevel>2</nestedLevel>
</record>
<record>
  <date>2019-09-13T14:41:41</date>
  <millis>1568360501162</millis>
  <sequence>115</sequence>
  <level>PASSED</level>
  <class>com.kms.katalon.core.logging.XmlKeywordLogger</class>
  <method>logMessage</method>
  <thread>1</thread>
  <message>Text &amp;apos;CALYA&amp;apos; has been set to element &amp;apos;Object Repository/Simulasi Kredit/Simulasi Kredit - Simulasi Kredit/SimulasiKredit_Inp Type&amp;apos;</message>
  <nestedLevel>2</nestedLevel>
</record>
<record>
  <date>2019-09-13T14:41:41</date>
  <millis>1568360501163</millis>
  <sequence>116</sequence>
  <level>END</level>
  <class>com.kms.katalon.core.logging.XmlKeywordLogger</class>
  <method>endKeyword</method>
  <thread>1</thread>
  <message>End action : setText(findTestObject(\&amp;quot;Simulasi Kredit/Simulasi Kredit - Simulasi Kredit/SimulasiKredit_Inp Type\&amp;quot;), varType, 0)</message>
  <nestedLevel>1</nestedLevel>
</record>
<record>
  <date>2019-09-13T14:41:41</date>
  <millis>1568360501163</millis>
  <sequence>117</sequence>
  <level>START</level>
  <class>com.kms.katalon.core.logging.XmlKeywordLogger</class>
  <method>startKeyword</method>
  <thread>1</thread>
  <message>Start action : delay(3)</message>
  <nestedLevel>1</nestedLevel>
  <property name="startLine">31</property>
  <property name="stepIndex">8</property>
</record>
<record>
  <date>2019-09-13T14:41:44</date>
  <millis>1568360504174</millis>
  <sequence>119</sequence>
  <level>PASSED</level>
  <class>com.kms.katalon.core.logging.XmlKeywordLogger</class>
  <method>logMessage</method>
  <thread>1</thread>
  <message>Delayed 3 second(s)</message>
  <nestedLevel>2</nestedLevel>
</record>
<record>
  <date>2019-09-13T14:41:44</date>
  <millis>1568360504175</millis>
  <sequence>120</sequence>
  <level>END</level>
  <class>com.kms.katalon.core.logging.XmlKeywordLogger</class>
  <method>endKeyword</method>
  <thread>1</thread>
  <message>End action : delay(3)</message>
  <nestedLevel>1</nestedLevel>
</record>
<record>
  <date>2019-09-13T14:41:44</date>
  <millis>1568360504175</millis>
  <sequence>121</sequence>
  <level>START</level>
  <class>com.kms.katalon.core.logging.XmlKeywordLogger</class>
  <method>startKeyword</method>
  <thread>1</thread>
  <message>Start action : tap(findTestObject(\&amp;quot;Simulasi Kredit/Simulasi Kredit - Simulasi Kredit/SimulasiKredit_Inp Type\&amp;quot;), 0)</message>
  <nestedLevel>1</nestedLevel>
  <property name="startLine">33</property>
  <property name="stepIndex">9</property>
</record>
<record>
  <date>2019-09-13T14:41:44</date>
  <millis>1568360504273</millis>
  <sequence>125</sequence>
  <level>WARNING</level>
  <class>com.kms.katalon.core.logging.XmlKeywordLogger</class>
  <method>logMessage</method>
  <thread>1</thread>
  <message>Timeout &amp;apos;0&amp;apos; is invalid. Using default page load timeout: &amp;apos;30&amp;apos;</message>
  <nestedLevel>2</nestedLevel>
</record>
<record>
  <date>2019-09-13T14:41:46</date>
  <millis>1568360506705</millis>
  <sequence>126</sequence>
  <level>PASSED</level>
  <class>com.kms.katalon.core.logging.XmlKeywordLogger</class>
  <method>logMessage</method>
  <thread>1</thread>
  <message>Tapped on element &amp;apos;Object Repository/Simulasi Kredit/Simulasi Kredit - Simulasi Kredit/SimulasiKredit_Inp Type&amp;apos;</message>
  <nestedLevel>2</nestedLevel>
</record>
<record>
  <date>2019-09-13T14:41:46</date>
  <millis>1568360506705</millis>
  <sequence>127</sequence>
  <level>END</level>
  <class>com.kms.katalon.core.logging.XmlKeywordLogger</class>
  <method>endKeyword</method>
  <thread>1</thread>
  <message>End action : tap(findTestObject(\&amp;quot;Simulasi Kredit/Simulasi Kredit - Simulasi Kredit/SimulasiKredit_Inp Type\&amp;quot;), 0)</message>
  <nestedLevel>1</nestedLevel>
</record>
<record>
  <date>2019-09-13T14:41:46</date>
  <millis>1568360506706</millis>
  <sequence>128</sequence>
  <level>START</level>
  <class>com.kms.katalon.core.logging.XmlKeywordLogger</class>
  <method>startKeyword</method>
  <thread>1</thread>
  <message>Start action : tap(findTestObject(\&amp;quot;Simulasi Kredit/Simulasi Kredit - Simulasi Kredit/SimulasiKredit_Inp Type LOV\&amp;quot;), 0)</message>
  <nestedLevel>1</nestedLevel>
  <property name="startLine">35</property>
  <property name="stepIndex">10</property>
</record>
<record>
  <date>2019-09-13T14:41:46</date>
  <millis>1568360506765</millis>
  <sequence>132</sequence>
  <level>WARNING</level>
  <class>com.kms.katalon.core.logging.XmlKeywordLogger</class>
  <method>logMessage</method>
  <thread>1</thread>
  <message>Timeout &amp;apos;0&amp;apos; is invalid. Using default page load timeout: &amp;apos;30&amp;apos;</message>
  <nestedLevel>2</nestedLevel>
</record>
<record>
  <date>2019-09-13T14:41:49</date>
  <millis>1568360509346</millis>
  <sequence>133</sequence>
  <level>PASSED</level>
  <class>com.kms.katalon.core.logging.XmlKeywordLogger</class>
  <method>logMessage</method>
  <thread>1</thread>
  <message>Tapped on element &amp;apos;Object Repository/Simulasi Kredit/Simulasi Kredit - Simulasi Kredit/SimulasiKredit_Inp Type LOV&amp;apos;</message>
  <nestedLevel>2</nestedLevel>
</record>
<record>
  <date>2019-09-13T14:41:49</date>
  <millis>1568360509347</millis>
  <sequence>134</sequence>
  <level>END</level>
  <class>com.kms.katalon.core.logging.XmlKeywordLogger</class>
  <method>endKeyword</method>
  <thread>1</thread>
  <message>End action : tap(findTestObject(\&amp;quot;Simulasi Kredit/Simulasi Kredit - Simulasi Kredit/SimulasiKredit_Inp Type LOV\&amp;quot;), 0)</message>
  <nestedLevel>1</nestedLevel>
</record>
<record>
  <date>2019-09-13T14:41:49</date>
  <millis>1568360509347</millis>
  <sequence>135</sequence>
  <level>START</level>
  <class>com.kms.katalon.core.logging.XmlKeywordLogger</class>
  <method>startKeyword</method>
  <thread>1</thread>
  <message>Start action : mobile.mobileSwipe.UpDown(0.8, 0.5, 1000)</message>
  <nestedLevel>1</nestedLevel>
  <property name="startLine">37</property>
  <property name="stepIndex">11</property>
</record>
<record>
  <date>2019-09-13T14:41:50</date>
  <millis>1568360510397</millis>
  <sequence>136</sequence>
  <level>PASSED</level>
  <class>com.kms.katalon.core.logging.XmlKeywordLogger</class>
  <method>logMessage</method>
  <thread>1</thread>
  <message>Current device physical height is 2131</message>
  <nestedLevel>2</nestedLevel>
</record>
<record>
  <date>2019-09-13T14:41:50</date>
  <millis>1568360510411</millis>
  <sequence>137</sequence>
  <level>INFO</level>
  <class>com.kms.katalon.core.logging.XmlKeywordLogger</class>
  <method>logMessage</method>
  <thread>1</thread>
  <message>Device Height : 2131</message>
  <nestedLevel>2</nestedLevel>
</record>
<record>
  <date>2019-09-13T14:41:51</date>
  <millis>1568360511227</millis>
  <sequence>138</sequence>
  <level>PASSED</level>
  <class>com.kms.katalon.core.logging.XmlKeywordLogger</class>
  <method>logMessage</method>
  <thread>1</thread>
  <message>Current device physical width is 1080</message>
  <nestedLevel>2</nestedLevel>
</record>
<record>
  <date>2019-09-13T14:41:51</date>
  <millis>1568360511237</millis>
  <sequence>139</sequence>
  <level>INFO</level>
  <class>com.kms.katalon.core.logging.XmlKeywordLogger</class>
  <method>logMessage</method>
  <thread>1</thread>
  <message>Device Width : 1080</message>
  <nestedLevel>2</nestedLevel>
</record>
<record>
  <date>2019-09-13T14:41:51</date>
  <millis>1568360511240</millis>
  <sequence>140</sequence>
  <level>INFO</level>
  <class>com.kms.katalon.core.logging.XmlKeywordLogger</class>
  <method>logMessage</method>
  <thread>1</thread>
  <message>Swipe start at Height : 1704</message>
  <nestedLevel>2</nestedLevel>
</record>
<record>
  <date>2019-09-13T14:41:51</date>
  <millis>1568360511240</millis>
  <sequence>141</sequence>
  <level>INFO</level>
  <class>com.kms.katalon.core.logging.XmlKeywordLogger</class>
  <method>logMessage</method>
  <thread>1</thread>
  <message>Swipe end at Height : 1065</message>
  <nestedLevel>2</nestedLevel>
</record>
<record>
  <date>2019-09-13T14:41:51</date>
  <millis>1568360511241</millis>
  <sequence>142</sequence>
  <level>INFO</level>
  <class>com.kms.katalon.core.logging.XmlKeywordLogger</class>
  <method>logMessage</method>
  <thread>1</thread>
  <message>X Position : 1000</message>
  <nestedLevel>2</nestedLevel>
</record>
<record>
  <date>2019-09-13T14:41:53</date>
  <millis>1568360513362</millis>
  <sequence>143</sequence>
  <level>PASSED</level>
  <class>com.kms.katalon.core.logging.XmlKeywordLogger</class>
  <method>logMessage</method>
  <thread>1</thread>
  <message>Swiped from 1.000,1.704 to 1.000,1.065</message>
  <nestedLevel>2</nestedLevel>
</record>
<record>
  <date>2019-09-13T14:41:53</date>
  <millis>1568360513373</millis>
  <sequence>144</sequence>
  <level>PASSED</level>
  <class>com.kms.katalon.core.logging.XmlKeywordLogger</class>
  <method>logMessage</method>
  <thread>1</thread>
  <message>mobile.mobileSwipe.UpDown is PASSED</message>
  <nestedLevel>2</nestedLevel>
</record>
<record>
  <date>2019-09-13T14:41:53</date>
  <millis>1568360513375</millis>
  <sequence>145</sequence>
  <level>END</level>
  <class>com.kms.katalon.core.logging.XmlKeywordLogger</class>
  <method>endKeyword</method>
  <thread>1</thread>
  <message>End action : mobile.mobileSwipe.UpDown(0.8, 0.5, 1000)</message>
  <nestedLevel>1</nestedLevel>
</record>
<record>
  <date>2019-09-13T14:41:53</date>
  <millis>1568360513376</millis>
  <sequence>146</sequence>
  <level>START</level>
  <class>com.kms.katalon.core.logging.XmlKeywordLogger</class>
  <method>startKeyword</method>
  <thread>1</thread>
  <message>Start action : tap(findTestObject(\&amp;quot;Simulasi Kredit/Simulasi Kredit - Simulasi Kredit/SimulasiKredit_Inp Model\&amp;quot;), 0)</message>
  <nestedLevel>1</nestedLevel>
  <property name="startLine">39</property>
  <property name="stepIndex">12</property>
</record>
<record>
  <date>2019-09-13T14:41:53</date>
  <millis>1568360513458</millis>
  <sequence>150</sequence>
  <level>WARNING</level>
  <class>com.kms.katalon.core.logging.XmlKeywordLogger</class>
  <method>logMessage</method>
  <thread>1</thread>
  <message>Timeout &amp;apos;0&amp;apos; is invalid. Using default page load timeout: &amp;apos;30&amp;apos;</message>
  <nestedLevel>2</nestedLevel>
</record>
<record>
  <date>2019-09-13T14:41:55</date>
  <millis>1568360515563</millis>
  <sequence>151</sequence>
  <level>PASSED</level>
  <class>com.kms.katalon.core.logging.XmlKeywordLogger</class>
  <method>logMessage</method>
  <thread>1</thread>
  <message>Tapped on element &amp;apos;Object Repository/Simulasi Kredit/Simulasi Kredit - Simulasi Kredit/SimulasiKredit_Inp Model&amp;apos;</message>
  <nestedLevel>2</nestedLevel>
</record>
<record>
  <date>2019-09-13T14:41:55</date>
  <millis>1568360515564</millis>
  <sequence>152</sequence>
  <level>END</level>
  <class>com.kms.katalon.core.logging.XmlKeywordLogger</class>
  <method>endKeyword</method>
  <thread>1</thread>
  <message>End action : tap(findTestObject(\&amp;quot;Simulasi Kredit/Simulasi Kredit - Simulasi Kredit/SimulasiKredit_Inp Model\&amp;quot;), 0)</message>
  <nestedLevel>1</nestedLevel>
</record>
<record>
  <date>2019-09-13T14:41:55</date>
  <millis>1568360515564</millis>
  <sequence>153</sequence>
  <level>START</level>
  <class>com.kms.katalon.core.logging.XmlKeywordLogger</class>
  <method>startKeyword</method>
  <thread>1</thread>
  <message>Start action : scrollToText(varModel, STOP_ON_FAILURE)</message>
  <nestedLevel>1</nestedLevel>
  <property name="startLine">41</property>
  <property name="stepIndex">13</property>
</record>
<record>
  <date>2019-09-13T14:41:57</date>
  <millis>1568360517082</millis>
  <sequence>155</sequence>
  <level>PASSED</level>
  <class>com.kms.katalon.core.logging.XmlKeywordLogger</class>
  <method>logMessage</method>
  <thread>1</thread>
  <message>Scrolling to text &amp;apos;1.2 G A/T&amp;apos; successfully</message>
  <nestedLevel>2</nestedLevel>
</record>
<record>
  <date>2019-09-13T14:41:57</date>
  <millis>1568360517091</millis>
  <sequence>156</sequence>
  <level>END</level>
  <class>com.kms.katalon.core.logging.XmlKeywordLogger</class>
  <method>endKeyword</method>
  <thread>1</thread>
  <message>End action : scrollToText(varModel, STOP_ON_FAILURE)</message>
  <nestedLevel>1</nestedLevel>
</record>
<record>
  <date>2019-09-13T14:41:57</date>
  <millis>1568360517091</millis>
  <sequence>157</sequence>
  <level>START</level>
  <class>com.kms.katalon.core.logging.XmlKeywordLogger</class>
  <method>startKeyword</method>
  <thread>1</thread>
  <message>Start action : tap(findTestObject(\&amp;quot;dynamic object/pickListItem_checkedTextView\&amp;quot;, [\&amp;quot;text\&amp;quot;:varModel]), 0)</message>
  <nestedLevel>1</nestedLevel>
  <property name="startLine">43</property>
  <property name="stepIndex">14</property>
</record>
<record>
  <date>2019-09-13T14:41:57</date>
  <millis>1568360517205</millis>
  <sequence>161</sequence>
  <level>WARNING</level>
  <class>com.kms.katalon.core.logging.XmlKeywordLogger</class>
  <method>logMessage</method>
  <thread>1</thread>
  <message>Timeout &amp;apos;0&amp;apos; is invalid. Using default page load timeout: &amp;apos;30&amp;apos;</message>
  <nestedLevel>2</nestedLevel>
</record>
<record>
  <date>2019-09-13T14:41:58</date>
  <millis>1568360518771</millis>
  <sequence>162</sequence>
  <level>PASSED</level>
  <class>com.kms.katalon.core.logging.XmlKeywordLogger</class>
  <method>logMessage</method>
  <thread>1</thread>
  <message>Tapped on element &amp;apos;Object Repository/dynamic object/pickListItem_checkedTextView&amp;apos;</message>
  <nestedLevel>2</nestedLevel>
</record>
<record>
  <date>2019-09-13T14:41:58</date>
  <millis>1568360518772</millis>
  <sequence>163</sequence>
  <level>END</level>
  <class>com.kms.katalon.core.logging.XmlKeywordLogger</class>
  <method>endKeyword</method>
  <thread>1</thread>
  <message>End action : tap(findTestObject(\&amp;quot;dynamic object/pickListItem_checkedTextView\&amp;quot;, [\&amp;quot;text\&amp;quot;:varModel]), 0)</message>
  <nestedLevel>1</nestedLevel>
</record>
<record>
  <date>2019-09-13T14:41:58</date>
  <millis>1568360518772</millis>
  <sequence>164</sequence>
  <level>START</level>
  <class>com.kms.katalon.core.logging.XmlKeywordLogger</class>
  <method>startKeyword</method>
  <thread>1</thread>
  <message>Start action : tap(findTestObject(\&amp;quot;Simulasi Kredit/Simulasi Kredit - Simulasi Kredit/SimulasiKredit_Tahun\&amp;quot;), 0)</message>
  <nestedLevel>1</nestedLevel>
  <property name="startLine">45</property>
  <property name="stepIndex">15</property>
</record>
<record>
  <date>2019-09-13T14:41:58</date>
  <millis>1568360518868</millis>
  <sequence>168</sequence>
  <level>WARNING</level>
  <class>com.kms.katalon.core.logging.XmlKeywordLogger</class>
  <method>logMessage</method>
  <thread>1</thread>
  <message>Timeout &amp;apos;0&amp;apos; is invalid. Using default page load timeout: &amp;apos;30&amp;apos;</message>
  <nestedLevel>2</nestedLevel>
</record>
<record>
  <date>2019-09-13T14:42:00</date>
  <millis>1568360520929</millis>
  <sequence>169</sequence>
  <level>PASSED</level>
  <class>com.kms.katalon.core.logging.XmlKeywordLogger</class>
  <method>logMessage</method>
  <thread>1</thread>
  <message>Tapped on element &amp;apos;Object Repository/Simulasi Kredit/Simulasi Kredit - Simulasi Kredit/SimulasiKredit_Tahun&amp;apos;</message>
  <nestedLevel>2</nestedLevel>
</record>
<record>
  <date>2019-09-13T14:42:00</date>
  <millis>1568360520930</millis>
  <sequence>170</sequence>
  <level>END</level>
  <class>com.kms.katalon.core.logging.XmlKeywordLogger</class>
  <method>endKeyword</method>
  <thread>1</thread>
  <message>End action : tap(findTestObject(\&amp;quot;Simulasi Kredit/Simulasi Kredit - Simulasi Kredit/SimulasiKredit_Tahun\&amp;quot;), 0)</message>
  <nestedLevel>1</nestedLevel>
</record>
<record>
  <date>2019-09-13T14:42:00</date>
  <millis>1568360520930</millis>
  <sequence>171</sequence>
  <level>START</level>
  <class>com.kms.katalon.core.logging.XmlKeywordLogger</class>
  <method>startKeyword</method>
  <thread>1</thread>
  <message>Start action : tap(findTestObject(\&amp;quot;dynamic object/pickListItem_checkedTextView\&amp;quot;, [\&amp;quot;text\&amp;quot;:varTahun]), 0)</message>
  <nestedLevel>1</nestedLevel>
  <property name="startLine">47</property>
  <property name="stepIndex">16</property>
</record>
<record>
  <date>2019-09-13T14:42:01</date>
  <millis>1568360521037</millis>
  <sequence>175</sequence>
  <level>WARNING</level>
  <class>com.kms.katalon.core.logging.XmlKeywordLogger</class>
  <method>logMessage</method>
  <thread>1</thread>
  <message>Timeout &amp;apos;0&amp;apos; is invalid. Using default page load timeout: &amp;apos;30&amp;apos;</message>
  <nestedLevel>2</nestedLevel>
</record>
<record>
  <date>2019-09-13T14:42:02</date>
  <millis>1568360522442</millis>
  <sequence>176</sequence>
  <level>PASSED</level>
  <class>com.kms.katalon.core.logging.XmlKeywordLogger</class>
  <method>logMessage</method>
  <thread>1</thread>
  <message>Tapped on element &amp;apos;Object Repository/dynamic object/pickListItem_checkedTextView&amp;apos;</message>
  <nestedLevel>2</nestedLevel>
</record>
<record>
  <date>2019-09-13T14:42:02</date>
  <millis>1568360522443</millis>
  <sequence>177</sequence>
  <level>END</level>
  <class>com.kms.katalon.core.logging.XmlKeywordLogger</class>
  <method>endKeyword</method>
  <thread>1</thread>
  <message>End action : tap(findTestObject(\&amp;quot;dynamic object/pickListItem_checkedTextView\&amp;quot;, [\&amp;quot;text\&amp;quot;:varTahun]), 0)</message>
  <nestedLevel>1</nestedLevel>
</record>
<record>
  <date>2019-09-13T14:42:02</date>
  <millis>1568360522444</millis>
  <sequence>178</sequence>
  <level>START</level>
  <class>com.kms.katalon.core.logging.XmlKeywordLogger</class>
  <method>startKeyword</method>
  <thread>1</thread>
  <message>Start action : tap(findTestObject(\&amp;quot;Simulasi Kredit/Simulasi Kredit - Simulasi Kredit/SimulasiKredit_Tenor\&amp;quot;), 0)</message>
  <nestedLevel>1</nestedLevel>
  <property name="startLine">49</property>
  <property name="stepIndex">17</property>
</record>
<record>
  <date>2019-09-13T14:42:02</date>
  <millis>1568360522518</millis>
  <sequence>182</sequence>
  <level>WARNING</level>
  <class>com.kms.katalon.core.logging.XmlKeywordLogger</class>
  <method>logMessage</method>
  <thread>1</thread>
  <message>Timeout &amp;apos;0&amp;apos; is invalid. Using default page load timeout: &amp;apos;30&amp;apos;</message>
  <nestedLevel>2</nestedLevel>
</record>
<record>
  <date>2019-09-13T14:42:05</date>
  <millis>1568360525200</millis>
  <sequence>183</sequence>
  <level>PASSED</level>
  <class>com.kms.katalon.core.logging.XmlKeywordLogger</class>
  <method>logMessage</method>
  <thread>1</thread>
  <message>Tapped on element &amp;apos;Object Repository/Simulasi Kredit/Simulasi Kredit - Simulasi Kredit/SimulasiKredit_Tenor&amp;apos;</message>
  <nestedLevel>2</nestedLevel>
</record>
<record>
  <date>2019-09-13T14:42:05</date>
  <millis>1568360525201</millis>
  <sequence>184</sequence>
  <level>END</level>
  <class>com.kms.katalon.core.logging.XmlKeywordLogger</class>
  <method>endKeyword</method>
  <thread>1</thread>
  <message>End action : tap(findTestObject(\&amp;quot;Simulasi Kredit/Simulasi Kredit - Simulasi Kredit/SimulasiKredit_Tenor\&amp;quot;), 0)</message>
  <nestedLevel>1</nestedLevel>
</record>
<record>
  <date>2019-09-13T14:42:05</date>
  <millis>1568360525201</millis>
  <sequence>185</sequence>
  <level>START</level>
  <class>com.kms.katalon.core.logging.XmlKeywordLogger</class>
  <method>startKeyword</method>
  <thread>1</thread>
  <message>Start action : tap(findTestObject(\&amp;quot;dynamic object/pickListItem_checkedTextView\&amp;quot;, [\&amp;quot;text\&amp;quot;:varTenor]), 0)</message>
  <nestedLevel>1</nestedLevel>
  <property name="startLine">51</property>
  <property name="stepIndex">18</property>
</record>
<record>
  <date>2019-09-13T14:42:05</date>
  <millis>1568360525291</millis>
  <sequence>189</sequence>
  <level>WARNING</level>
  <class>com.kms.katalon.core.logging.XmlKeywordLogger</class>
  <method>logMessage</method>
  <thread>1</thread>
  <message>Timeout &amp;apos;0&amp;apos; is invalid. Using default page load timeout: &amp;apos;30&amp;apos;</message>
  <nestedLevel>2</nestedLevel>
</record>
<record>
  <date>2019-09-13T14:42:06</date>
  <millis>1568360526441</millis>
  <sequence>190</sequence>
  <level>PASSED</level>
  <class>com.kms.katalon.core.logging.XmlKeywordLogger</class>
  <method>logMessage</method>
  <thread>1</thread>
  <message>Tapped on element &amp;apos;Object Repository/dynamic object/pickListItem_checkedTextView&amp;apos;</message>
  <nestedLevel>2</nestedLevel>
</record>
<record>
  <date>2019-09-13T14:42:06</date>
  <millis>1568360526442</millis>
  <sequence>191</sequence>
  <level>END</level>
  <class>com.kms.katalon.core.logging.XmlKeywordLogger</class>
  <method>endKeyword</method>
  <thread>1</thread>
  <message>End action : tap(findTestObject(\&amp;quot;dynamic object/pickListItem_checkedTextView\&amp;quot;, [\&amp;quot;text\&amp;quot;:varTenor]), 0)</message>
  <nestedLevel>1</nestedLevel>
</record>
<record>
  <date>2019-09-13T14:42:06</date>
  <millis>1568360526442</millis>
  <sequence>192</sequence>
  <level>START</level>
  <class>com.kms.katalon.core.logging.XmlKeywordLogger</class>
  <method>startKeyword</method>
  <thread>1</thread>
  <message>Start action : setText(findTestObject(\&amp;quot;Simulasi Kredit/Simulasi Kredit - Simulasi Kredit/SimulasiKredit_Inp OTR\&amp;quot;), varOTR, 0)</message>
  <nestedLevel>1</nestedLevel>
  <property name="startLine">53</property>
  <property name="stepIndex">19</property>
</record>
<record>
  <date>2019-09-13T14:42:06</date>
  <millis>1568360526524</millis>
  <sequence>196</sequence>
  <level>WARNING</level>
  <class>com.kms.katalon.core.logging.XmlKeywordLogger</class>
  <method>logMessage</method>
  <thread>1</thread>
  <message>Timeout &amp;apos;0&amp;apos; is invalid. Using default page load timeout: &amp;apos;30&amp;apos;</message>
  <nestedLevel>2</nestedLevel>
</record>
<record>
  <date>2019-09-13T14:42:09</date>
  <millis>1568360529017</millis>
  <sequence>197</sequence>
  <level>PASSED</level>
  <class>com.kms.katalon.core.logging.XmlKeywordLogger</class>
  <method>logMessage</method>
  <thread>1</thread>
  <message>Text &amp;apos;156,400,000&amp;apos; has been set to element &amp;apos;Object Repository/Simulasi Kredit/Simulasi Kredit - Simulasi Kredit/SimulasiKredit_Inp OTR&amp;apos;</message>
  <nestedLevel>2</nestedLevel>
</record>
<record>
  <date>2019-09-13T14:42:09</date>
  <millis>1568360529018</millis>
  <sequence>198</sequence>
  <level>END</level>
  <class>com.kms.katalon.core.logging.XmlKeywordLogger</class>
  <method>endKeyword</method>
  <thread>1</thread>
  <message>End action : setText(findTestObject(\&amp;quot;Simulasi Kredit/Simulasi Kredit - Simulasi Kredit/SimulasiKredit_Inp OTR\&amp;quot;), varOTR, 0)</message>
  <nestedLevel>1</nestedLevel>
</record>
<record>
  <date>2019-09-13T14:42:09</date>
  <millis>1568360529018</millis>
  <sequence>199</sequence>
  <level>START</level>
  <class>com.kms.katalon.core.logging.XmlKeywordLogger</class>
  <method>startKeyword</method>
  <thread>1</thread>
  <message>Start action : setText(findTestObject(\&amp;quot;Simulasi Kredit/Simulasi Kredit - Simulasi Kredit/SimulasiKredit_Inp RP\&amp;quot;), varRP, 0)</message>
  <nestedLevel>1</nestedLevel>
  <property name="startLine">55</property>
  <property name="stepIndex">20</property>
</record>
<record>
  <date>2019-09-13T14:42:09</date>
  <millis>1568360529158</millis>
  <sequence>203</sequence>
  <level>WARNING</level>
  <class>com.kms.katalon.core.logging.XmlKeywordLogger</class>
  <method>logMessage</method>
  <thread>1</thread>
  <message>Timeout &amp;apos;0&amp;apos; is invalid. Using default page load timeout: &amp;apos;30&amp;apos;</message>
  <nestedLevel>2</nestedLevel>
</record>
<record>
  <date>2019-09-13T14:42:12</date>
  <millis>1568360532001</millis>
  <sequence>204</sequence>
  <level>PASSED</level>
  <class>com.kms.katalon.core.logging.XmlKeywordLogger</class>
  <method>logMessage</method>
  <thread>1</thread>
  <message>Text &amp;apos;31,280,000&amp;apos; has been set to element &amp;apos;Object Repository/Simulasi Kredit/Simulasi Kredit - Simulasi Kredit/SimulasiKredit_Inp RP&amp;apos;</message>
  <nestedLevel>2</nestedLevel>
</record>
<record>
  <date>2019-09-13T14:42:12</date>
  <millis>1568360532002</millis>
  <sequence>205</sequence>
  <level>END</level>
  <class>com.kms.katalon.core.logging.XmlKeywordLogger</class>
  <method>endKeyword</method>
  <thread>1</thread>
  <message>End action : setText(findTestObject(\&amp;quot;Simulasi Kredit/Simulasi Kredit - Simulasi Kredit/SimulasiKredit_Inp RP\&amp;quot;), varRP, 0)</message>
  <nestedLevel>1</nestedLevel>
</record>
<record>
  <date>2019-09-13T14:42:12</date>
  <millis>1568360532002</millis>
  <sequence>206</sequence>
  <level>START</level>
  <class>com.kms.katalon.core.logging.XmlKeywordLogger</class>
  <method>startKeyword</method>
  <thread>1</thread>
  <message>Start action : mobile.mobileSwipe.UpDown(0.5, 0.2, 1000)</message>
  <nestedLevel>1</nestedLevel>
  <property name="startLine">57</property>
  <property name="stepIndex">21</property>
</record>
<record>
  <date>2019-09-13T14:42:12</date>
  <millis>1568360532857</millis>
  <sequence>207</sequence>
  <level>PASSED</level>
  <class>com.kms.katalon.core.logging.XmlKeywordLogger</class>
  <method>logMessage</method>
  <thread>1</thread>
  <message>Current device physical height is 2131</message>
  <nestedLevel>2</nestedLevel>
</record>
<record>
  <date>2019-09-13T14:42:12</date>
  <millis>1568360532866</millis>
  <sequence>208</sequence>
  <level>INFO</level>
  <class>com.kms.katalon.core.logging.XmlKeywordLogger</class>
  <method>logMessage</method>
  <thread>1</thread>
  <message>Device Height : 2131</message>
  <nestedLevel>2</nestedLevel>
</record>
<record>
  <date>2019-09-13T14:42:13</date>
  <millis>1568360533695</millis>
  <sequence>209</sequence>
  <level>PASSED</level>
  <class>com.kms.katalon.core.logging.XmlKeywordLogger</class>
  <method>logMessage</method>
  <thread>1</thread>
  <message>Current device physical width is 1080</message>
  <nestedLevel>2</nestedLevel>
</record>
<record>
  <date>2019-09-13T14:42:13</date>
  <millis>1568360533705</millis>
  <sequence>210</sequence>
  <level>INFO</level>
  <class>com.kms.katalon.core.logging.XmlKeywordLogger</class>
  <method>logMessage</method>
  <thread>1</thread>
  <message>Device Width : 1080</message>
  <nestedLevel>2</nestedLevel>
</record>
<record>
  <date>2019-09-13T14:42:13</date>
  <millis>1568360533706</millis>
  <sequence>211</sequence>
  <level>INFO</level>
  <class>com.kms.katalon.core.logging.XmlKeywordLogger</class>
  <method>logMessage</method>
  <thread>1</thread>
  <message>Swipe start at Height : 1065</message>
  <nestedLevel>2</nestedLevel>
</record>
<record>
  <date>2019-09-13T14:42:13</date>
  <millis>1568360533706</millis>
  <sequence>212</sequence>
  <level>INFO</level>
  <class>com.kms.katalon.core.logging.XmlKeywordLogger</class>
  <method>logMessage</method>
  <thread>1</thread>
  <message>Swipe end at Height : 426</message>
  <nestedLevel>2</nestedLevel>
</record>
<record>
  <date>2019-09-13T14:42:13</date>
  <millis>1568360533707</millis>
  <sequence>213</sequence>
  <level>INFO</level>
  <class>com.kms.katalon.core.logging.XmlKeywordLogger</class>
  <method>logMessage</method>
  <thread>1</thread>
  <message>X Position : 1000</message>
  <nestedLevel>2</nestedLevel>
</record>
<record>
  <date>2019-09-13T14:42:15</date>
  <millis>1568360535759</millis>
  <sequence>214</sequence>
  <level>PASSED</level>
  <class>com.kms.katalon.core.logging.XmlKeywordLogger</class>
  <method>logMessage</method>
  <thread>1</thread>
  <message>Swiped from 1.000,1.065 to 1.000,426</message>
  <nestedLevel>2</nestedLevel>
</record>
<record>
  <date>2019-09-13T14:42:15</date>
  <millis>1568360535768</millis>
  <sequence>215</sequence>
  <level>PASSED</level>
  <class>com.kms.katalon.core.logging.XmlKeywordLogger</class>
  <method>logMessage</method>
  <thread>1</thread>
  <message>mobile.mobileSwipe.UpDown is PASSED</message>
  <nestedLevel>2</nestedLevel>
</record>
<record>
  <date>2019-09-13T14:42:15</date>
  <millis>1568360535768</millis>
  <sequence>216</sequence>
  <level>END</level>
  <class>com.kms.katalon.core.logging.XmlKeywordLogger</class>
  <method>endKeyword</method>
  <thread>1</thread>
  <message>End action : mobile.mobileSwipe.UpDown(0.5, 0.2, 1000)</message>
  <nestedLevel>1</nestedLevel>
</record>
<record>
  <date>2019-09-13T14:42:15</date>
  <millis>1568360535769</millis>
  <sequence>217</sequence>
  <level>START</level>
  <class>com.kms.katalon.core.logging.XmlKeywordLogger</class>
  <method>startKeyword</method>
  <thread>1</thread>
  <message>Start action : setText(findTestObject(\&amp;quot;Simulasi Kredit/Simulasi Kredit - Simulasi Kredit/SimulasiKredit_Inp Dealer\&amp;quot;), varDealer, 0)</message>
  <nestedLevel>1</nestedLevel>
  <property name="startLine">59</property>
  <property name="stepIndex">22</property>
</record>
<record>
  <date>2019-09-13T14:42:15</date>
  <millis>1568360535843</millis>
  <sequence>221</sequence>
  <level>WARNING</level>
  <class>com.kms.katalon.core.logging.XmlKeywordLogger</class>
  <method>logMessage</method>
  <thread>1</thread>
  <message>Timeout &amp;apos;0&amp;apos; is invalid. Using default page load timeout: &amp;apos;30&amp;apos;</message>
  <nestedLevel>2</nestedLevel>
</record>
<record>
  <date>2019-09-13T14:42:17</date>
  <millis>1568360537287</millis>
  <sequence>222</sequence>
  <level>PASSED</level>
  <class>com.kms.katalon.core.logging.XmlKeywordLogger</class>
  <method>logMessage</method>
  <thread>1</thread>
  <message>Text &amp;apos;ASTRIDO JAYA M-JKT BATUTULIS&amp;apos; has been set to element &amp;apos;Object Repository/Simulasi Kredit/Simulasi Kredit - Simulasi Kredit/SimulasiKredit_Inp Dealer&amp;apos;</message>
  <nestedLevel>2</nestedLevel>
</record>
<record>
  <date>2019-09-13T14:42:17</date>
  <millis>1568360537288</millis>
  <sequence>223</sequence>
  <level>END</level>
  <class>com.kms.katalon.core.logging.XmlKeywordLogger</class>
  <method>endKeyword</method>
  <thread>1</thread>
  <message>End action : setText(findTestObject(\&amp;quot;Simulasi Kredit/Simulasi Kredit - Simulasi Kredit/SimulasiKredit_Inp Dealer\&amp;quot;), varDealer, 0)</message>
  <nestedLevel>1</nestedLevel>
</record>
<record>
  <date>2019-09-13T14:42:17</date>
  <millis>1568360537288</millis>
  <sequence>224</sequence>
  <level>START</level>
  <class>com.kms.katalon.core.logging.XmlKeywordLogger</class>
  <method>startKeyword</method>
  <thread>1</thread>
  <message>Start action : tap(findTestObject(\&amp;quot;Simulasi Kredit/Simulasi Kredit - Simulasi Kredit/SimulasiKredit_Inp Dealer\&amp;quot;), 0)</message>
  <nestedLevel>1</nestedLevel>
  <property name="startLine">62</property>
  <property name="stepIndex">23</property>
</record>
<record>
  <date>2019-09-13T14:42:17</date>
  <millis>1568360537346</millis>
  <sequence>228</sequence>
  <level>WARNING</level>
  <class>com.kms.katalon.core.logging.XmlKeywordLogger</class>
  <method>logMessage</method>
  <thread>1</thread>
  <message>Timeout &amp;apos;0&amp;apos; is invalid. Using default page load timeout: &amp;apos;30&amp;apos;</message>
  <nestedLevel>2</nestedLevel>
</record>
<record>
  <date>2019-09-13T14:42:20</date>
  <millis>1568360540633</millis>
  <sequence>229</sequence>
  <level>PASSED</level>
  <class>com.kms.katalon.core.logging.XmlKeywordLogger</class>
  <method>logMessage</method>
  <thread>1</thread>
  <message>Tapped on element &amp;apos;Object Repository/Simulasi Kredit/Simulasi Kredit - Simulasi Kredit/SimulasiKredit_Inp Dealer&amp;apos;</message>
  <nestedLevel>2</nestedLevel>
</record>
<record>
  <date>2019-09-13T14:42:20</date>
  <millis>1568360540635</millis>
  <sequence>230</sequence>
  <level>END</level>
  <class>com.kms.katalon.core.logging.XmlKeywordLogger</class>
  <method>endKeyword</method>
  <thread>1</thread>
  <message>End action : tap(findTestObject(\&amp;quot;Simulasi Kredit/Simulasi Kredit - Simulasi Kredit/SimulasiKredit_Inp Dealer\&amp;quot;), 0)</message>
  <nestedLevel>1</nestedLevel>
</record>
<record>
  <date>2019-09-13T14:42:20</date>
  <millis>1568360540635</millis>
  <sequence>231</sequence>
  <level>START</level>
  <class>com.kms.katalon.core.logging.XmlKeywordLogger</class>
  <method>startKeyword</method>
  <thread>1</thread>
  <message>Start action : clearText(findTestObject(\&amp;quot;Simulasi Kredit/Simulasi Kredit - Simulasi Kredit/SimulasiKredit_Inp Dealer\&amp;quot;), 0)</message>
  <nestedLevel>1</nestedLevel>
  <property name="startLine">64</property>
  <property name="stepIndex">24</property>
</record>
<record>
  <date>2019-09-13T14:42:20</date>
  <millis>1568360540708</millis>
  <sequence>235</sequence>
  <level>WARNING</level>
  <class>com.kms.katalon.core.logging.XmlKeywordLogger</class>
  <method>logMessage</method>
  <thread>1</thread>
  <message>Timeout &amp;apos;0&amp;apos; is invalid. Using default page load timeout: &amp;apos;30&amp;apos;</message>
  <nestedLevel>2</nestedLevel>
</record>
<record>
  <date>2019-09-13T14:42:23</date>
  <millis>1568360543559</millis>
  <sequence>236</sequence>
  <level>PASSED</level>
  <class>com.kms.katalon.core.logging.XmlKeywordLogger</class>
  <method>logMessage</method>
  <thread>1</thread>
  <message>Element &amp;apos;Object Repository/Simulasi Kredit/Simulasi Kredit - Simulasi Kredit/SimulasiKredit_Inp Dealer&amp;apos; text is cleared</message>
  <nestedLevel>2</nestedLevel>
</record>
<record>
  <date>2019-09-13T14:42:23</date>
  <millis>1568360543559</millis>
  <sequence>237</sequence>
  <level>END</level>
  <class>com.kms.katalon.core.logging.XmlKeywordLogger</class>
  <method>endKeyword</method>
  <thread>1</thread>
  <message>End action : clearText(findTestObject(\&amp;quot;Simulasi Kredit/Simulasi Kredit - Simulasi Kredit/SimulasiKredit_Inp Dealer\&amp;quot;), 0)</message>
  <nestedLevel>1</nestedLevel>
</record>
<record>
  <date>2019-09-13T14:42:23</date>
  <millis>1568360543560</millis>
  <sequence>238</sequence>
  <level>START</level>
  <class>com.kms.katalon.core.logging.XmlKeywordLogger</class>
  <method>startKeyword</method>
  <thread>1</thread>
  <message>Start action : setText(findTestObject(\&amp;quot;Simulasi Kredit/Simulasi Kredit - Simulasi Kredit/SimulasiKredit_Inp Dealer\&amp;quot;), varDealer, 0)</message>
  <nestedLevel>1</nestedLevel>
  <property name="startLine">66</property>
  <property name="stepIndex">25</property>
</record>
<record>
  <date>2019-09-13T14:42:23</date>
  <millis>1568360543619</millis>
  <sequence>242</sequence>
  <level>WARNING</level>
  <class>com.kms.katalon.core.logging.XmlKeywordLogger</class>
  <method>logMessage</method>
  <thread>1</thread>
  <message>Timeout &amp;apos;0&amp;apos; is invalid. Using default page load timeout: &amp;apos;30&amp;apos;</message>
  <nestedLevel>2</nestedLevel>
</record>
<record>
  <date>2019-09-13T14:42:26</date>
  <millis>1568360546133</millis>
  <sequence>243</sequence>
  <level>PASSED</level>
  <class>com.kms.katalon.core.logging.XmlKeywordLogger</class>
  <method>logMessage</method>
  <thread>1</thread>
  <message>Text &amp;apos;ASTRIDO JAYA M-JKT BATUTULIS&amp;apos; has been set to element &amp;apos;Object Repository/Simulasi Kredit/Simulasi Kredit - Simulasi Kredit/SimulasiKredit_Inp Dealer&amp;apos;</message>
  <nestedLevel>2</nestedLevel>
</record>
<record>
  <date>2019-09-13T14:42:26</date>
  <millis>1568360546134</millis>
  <sequence>244</sequence>
  <level>END</level>
  <class>com.kms.katalon.core.logging.XmlKeywordLogger</class>
  <method>endKeyword</method>
  <thread>1</thread>
  <message>End action : setText(findTestObject(\&amp;quot;Simulasi Kredit/Simulasi Kredit - Simulasi Kredit/SimulasiKredit_Inp Dealer\&amp;quot;), varDealer, 0)</message>
  <nestedLevel>1</nestedLevel>
</record>
<record>
  <date>2019-09-13T14:42:26</date>
  <millis>1568360546134</millis>
  <sequence>245</sequence>
  <level>START</level>
  <class>com.kms.katalon.core.logging.XmlKeywordLogger</class>
  <method>startKeyword</method>
  <thread>1</thread>
  <message>Start action : delay(4, STOP_ON_FAILURE)</message>
  <nestedLevel>1</nestedLevel>
  <property name="startLine">69</property>
  <property name="stepIndex">26</property>
</record>
<record>
  <date>2019-09-13T14:42:30</date>
  <millis>1568360550138</millis>
  <sequence>247</sequence>
  <level>PASSED</level>
  <class>com.kms.katalon.core.logging.XmlKeywordLogger</class>
  <method>logMessage</method>
  <thread>1</thread>
  <message>Delayed 4 second(s)</message>
  <nestedLevel>2</nestedLevel>
</record>
<record>
  <date>2019-09-13T14:42:30</date>
  <millis>1568360550138</millis>
  <sequence>248</sequence>
  <level>END</level>
  <class>com.kms.katalon.core.logging.XmlKeywordLogger</class>
  <method>endKeyword</method>
  <thread>1</thread>
  <message>End action : delay(4, STOP_ON_FAILURE)</message>
  <nestedLevel>1</nestedLevel>
</record>
<record>
  <date>2019-09-13T14:42:30</date>
  <millis>1568360550139</millis>
  <sequence>249</sequence>
  <level>START</level>
  <class>com.kms.katalon.core.logging.XmlKeywordLogger</class>
  <method>startKeyword</method>
  <thread>1</thread>
  <message>Start action : tap(findTestObject(\&amp;quot;Simulasi Kredit/Simulasi Kredit - Simulasi Kredit/SimulasiKredit_LOV Dealer\&amp;quot;), 0)</message>
  <nestedLevel>1</nestedLevel>
  <property name="startLine">71</property>
  <property name="stepIndex">27</property>
</record>
<record>
  <date>2019-09-13T14:42:30</date>
  <millis>1568360550220</millis>
  <sequence>253</sequence>
  <level>WARNING</level>
  <class>com.kms.katalon.core.logging.XmlKeywordLogger</class>
  <method>logMessage</method>
  <thread>1</thread>
  <message>Timeout &amp;apos;0&amp;apos; is invalid. Using default page load timeout: &amp;apos;30&amp;apos;</message>
  <nestedLevel>2</nestedLevel>
</record>
<record>
  <date>2019-09-13T14:42:32</date>
  <millis>1568360552611</millis>
  <sequence>254</sequence>
  <level>PASSED</level>
  <class>com.kms.katalon.core.logging.XmlKeywordLogger</class>
  <method>logMessage</method>
  <thread>1</thread>
  <message>Tapped on element &amp;apos;Object Repository/Simulasi Kredit/Simulasi Kredit - Simulasi Kredit/SimulasiKredit_LOV Dealer&amp;apos;</message>
  <nestedLevel>2</nestedLevel>
</record>
<record>
  <date>2019-09-13T14:42:32</date>
  <millis>1568360552611</millis>
  <sequence>255</sequence>
  <level>END</level>
  <class>com.kms.katalon.core.logging.XmlKeywordLogger</class>
  <method>endKeyword</method>
  <thread>1</thread>
  <message>End action : tap(findTestObject(\&amp;quot;Simulasi Kredit/Simulasi Kredit - Simulasi Kredit/SimulasiKredit_LOV Dealer\&amp;quot;), 0)</message>
  <nestedLevel>1</nestedLevel>
</record>
<record>
  <date>2019-09-13T14:42:32</date>
  <millis>1568360552611</millis>
  <sequence>256</sequence>
  <level>START</level>
  <class>com.kms.katalon.core.logging.XmlKeywordLogger</class>
  <method>startKeyword</method>
  <thread>1</thread>
  <message>Start action : setText(findTestObject(\&amp;quot;Simulasi Kredit/Simulasi Kredit - Simulasi Kredit/SimulasiKredit_Inp Sales Dealer\&amp;quot;), varSales, 0)</message>
  <nestedLevel>1</nestedLevel>
  <property name="startLine">73</property>
  <property name="stepIndex">28</property>
</record>
<record>
  <date>2019-09-13T14:42:32</date>
  <millis>1568360552612</millis>
  <sequence>257</sequence>
  <level>NOT_RUN</level>
  <class>com.kms.katalon.core.logging.XmlKeywordLogger</class>
  <method>logMessage</method>
  <thread>1</thread>
  <message>NOT_RUN: setText(findTestObject(\&amp;quot;Simulasi Kredit/Simulasi Kredit - Simulasi Kredit/SimulasiKredit_Inp Sales Dealer\&amp;quot;), varSales, 0)</message>
  <nestedLevel>2</nestedLevel>
</record>
<record>
  <date>2019-09-13T14:42:32</date>
  <millis>1568360552613</millis>
  <sequence>258</sequence>
  <level>END</level>
  <class>com.kms.katalon.core.logging.XmlKeywordLogger</class>
  <method>endKeyword</method>
  <thread>1</thread>
  <message>End action : setText(findTestObject(\&amp;quot;Simulasi Kredit/Simulasi Kredit - Simulasi Kredit/SimulasiKredit_Inp Sales Dealer\&amp;quot;), varSales, 0)</message>
  <nestedLevel>1</nestedLevel>
</record>
<record>
  <date>2019-09-13T14:42:32</date>
  <millis>1568360552613</millis>
  <sequence>259</sequence>
  <level>START</level>
  <class>com.kms.katalon.core.logging.XmlKeywordLogger</class>
  <method>startKeyword</method>
  <thread>1</thread>
  <message>Start action : tap(findTestObject(\&amp;quot;Simulasi Kredit/Simulasi Kredit - Simulasi Kredit/SimulasiKredit_Inp Sales Dealer\&amp;quot;), 0)</message>
  <nestedLevel>1</nestedLevel>
  <property name="startLine">76</property>
  <property name="stepIndex">29</property>
</record>
<record>
  <date>2019-09-13T14:42:32</date>
  <millis>1568360552682</millis>
  <sequence>263</sequence>
  <level>WARNING</level>
  <class>com.kms.katalon.core.logging.XmlKeywordLogger</class>
  <method>logMessage</method>
  <thread>1</thread>
  <message>Timeout &amp;apos;0&amp;apos; is invalid. Using default page load timeout: &amp;apos;30&amp;apos;</message>
  <nestedLevel>2</nestedLevel>
</record>
<record>
  <date>2019-09-13T14:42:35</date>
  <millis>1568360555123</millis>
  <sequence>264</sequence>
  <level>PASSED</level>
  <class>com.kms.katalon.core.logging.XmlKeywordLogger</class>
  <method>logMessage</method>
  <thread>1</thread>
  <message>Tapped on element &amp;apos;Object Repository/Simulasi Kredit/Simulasi Kredit - Simulasi Kredit/SimulasiKredit_Inp Sales Dealer&amp;apos;</message>
  <nestedLevel>2</nestedLevel>
</record>
<record>
  <date>2019-09-13T14:42:35</date>
  <millis>1568360555124</millis>
  <sequence>265</sequence>
  <level>END</level>
  <class>com.kms.katalon.core.logging.XmlKeywordLogger</class>
  <method>endKeyword</method>
  <thread>1</thread>
  <message>End action : tap(findTestObject(\&amp;quot;Simulasi Kredit/Simulasi Kredit - Simulasi Kredit/SimulasiKredit_Inp Sales Dealer\&amp;quot;), 0)</message>
  <nestedLevel>1</nestedLevel>
</record>
<record>
  <date>2019-09-13T14:42:35</date>
  <millis>1568360555124</millis>
  <sequence>266</sequence>
  <level>START</level>
  <class>com.kms.katalon.core.logging.XmlKeywordLogger</class>
  <method>startKeyword</method>
  <thread>1</thread>
  <message>Start action : tap(findTestObject(\&amp;quot;Simulasi Kredit/Simulasi Kredit - Simulasi Kredit/SimulasiKredit_LOV Sales Dealer\&amp;quot;), 0)</message>
  <nestedLevel>1</nestedLevel>
  <property name="startLine">78</property>
  <property name="stepIndex">30</property>
</record>
<record>
  <date>2019-09-13T14:42:35</date>
  <millis>1568360555182</millis>
  <sequence>270</sequence>
  <level>WARNING</level>
  <class>com.kms.katalon.core.logging.XmlKeywordLogger</class>
  <method>logMessage</method>
  <thread>1</thread>
  <message>Timeout &amp;apos;0&amp;apos; is invalid. Using default page load timeout: &amp;apos;30&amp;apos;</message>
  <nestedLevel>2</nestedLevel>
</record>
<record>
  <date>2019-09-13T14:42:37</date>
  <millis>1568360557616</millis>
  <sequence>271</sequence>
  <level>PASSED</level>
  <class>com.kms.katalon.core.logging.XmlKeywordLogger</class>
  <method>logMessage</method>
  <thread>1</thread>
  <message>Tapped on element &amp;apos;Object Repository/Simulasi Kredit/Simulasi Kredit - Simulasi Kredit/SimulasiKredit_LOV Sales Dealer&amp;apos;</message>
  <nestedLevel>2</nestedLevel>
</record>
<record>
  <date>2019-09-13T14:42:37</date>
  <millis>1568360557616</millis>
  <sequence>272</sequence>
  <level>END</level>
  <class>com.kms.katalon.core.logging.XmlKeywordLogger</class>
  <method>endKeyword</method>
  <thread>1</thread>
  <message>End action : tap(findTestObject(\&amp;quot;Simulasi Kredit/Simulasi Kredit - Simulasi Kredit/SimulasiKredit_LOV Sales Dealer\&amp;quot;), 0)</message>
  <nestedLevel>1</nestedLevel>
</record>
<record>
  <date>2019-09-13T14:42:37</date>
  <millis>1568360557617</millis>
  <sequence>273</sequence>
  <level>START</level>
  <class>com.kms.katalon.core.logging.XmlKeywordLogger</class>
  <method>startKeyword</method>
  <thread>1</thread>
  <message>Start action : tap(findTestObject(\&amp;quot;Simulasi Kredit/Simulasi Kredit - Simulasi Kredit/SimulasiKredit_Btn Hitung\&amp;quot;), 0)</message>
  <nestedLevel>1</nestedLevel>
  <property name="startLine">80</property>
  <property name="stepIndex">31</property>
</record>
<record>
  <date>2019-09-13T14:42:37</date>
  <millis>1568360557675</millis>
  <sequence>277</sequence>
  <level>WARNING</level>
  <class>com.kms.katalon.core.logging.XmlKeywordLogger</class>
  <method>logMessage</method>
  <thread>1</thread>
  <message>Timeout &amp;apos;0&amp;apos; is invalid. Using default page load timeout: &amp;apos;30&amp;apos;</message>
  <nestedLevel>2</nestedLevel>
</record>
<record>
  <date>2019-09-13T14:42:40</date>
  <millis>1568360560284</millis>
  <sequence>278</sequence>
  <level>PASSED</level>
  <class>com.kms.katalon.core.logging.XmlKeywordLogger</class>
  <method>logMessage</method>
  <thread>1</thread>
  <message>Tapped on element &amp;apos;Object Repository/Simulasi Kredit/Simulasi Kredit - Simulasi Kredit/SimulasiKredit_Btn Hitung&amp;apos;</message>
  <nestedLevel>2</nestedLevel>
</record>
<record>
  <date>2019-09-13T14:42:40</date>
  <millis>1568360560284</millis>
  <sequence>279</sequence>
  <level>END</level>
  <class>com.kms.katalon.core.logging.XmlKeywordLogger</class>
  <method>endKeyword</method>
  <thread>1</thread>
  <message>End action : tap(findTestObject(\&amp;quot;Simulasi Kredit/Simulasi Kredit - Simulasi Kredit/SimulasiKredit_Btn Hitung\&amp;quot;), 0)</message>
  <nestedLevel>1</nestedLevel>
</record>
<record>
  <date>2019-09-13T14:42:40</date>
  <millis>1568360560285</millis>
  <sequence>280</sequence>
  <level>START</level>
  <class>com.kms.katalon.core.logging.XmlKeywordLogger</class>
  <method>startKeyword</method>
  <thread>1</thread>
  <message>Start action : delay(5, STOP_ON_FAILURE)</message>
  <nestedLevel>1</nestedLevel>
  <property name="startLine">82</property>
  <property name="stepIndex">32</property>
</record>
<record>
  <date>2019-09-13T14:42:45</date>
  <millis>1568360565288</millis>
  <sequence>282</sequence>
  <level>PASSED</level>
  <class>com.kms.katalon.core.logging.XmlKeywordLogger</class>
  <method>logMessage</method>
  <thread>1</thread>
  <message>Delayed 5 second(s)</message>
  <nestedLevel>2</nestedLevel>
</record>
<record>
  <date>2019-09-13T14:42:45</date>
  <millis>1568360565289</millis>
  <sequence>283</sequence>
  <level>END</level>
  <class>com.kms.katalon.core.logging.XmlKeywordLogger</class>
  <method>endKeyword</method>
  <thread>1</thread>
  <message>End action : delay(5, STOP_ON_FAILURE)</message>
  <nestedLevel>1</nestedLevel>
</record>
<record>
  <date>2019-09-13T14:42:45</date>
  <millis>1568360565289</millis>
  <sequence>284</sequence>
  <level>START</level>
  <class>com.kms.katalon.core.logging.XmlKeywordLogger</class>
  <method>startKeyword</method>
  <thread>1</thread>
  <message>Start action : tap(findTestObject(\&amp;quot;Simulasi Kredit/Simulasi Kredit - Simulasi Kredit/SimulasiKredit_Btn Berikutnya\&amp;quot;), 0)</message>
  <nestedLevel>1</nestedLevel>
  <property name="startLine">84</property>
  <property name="stepIndex">33</property>
</record>
<record>
  <date>2019-09-13T14:42:45</date>
  <millis>1568360565415</millis>
  <sequence>288</sequence>
  <level>WARNING</level>
  <class>com.kms.katalon.core.logging.XmlKeywordLogger</class>
  <method>logMessage</method>
  <thread>1</thread>
  <message>Timeout &amp;apos;0&amp;apos; is invalid. Using default page load timeout: &amp;apos;30&amp;apos;</message>
  <nestedLevel>2</nestedLevel>
</record>
