[35m[Appium][39m Welcome to Appium v1.19.1
[35m[Appium][39m Non-default server args:
[35m[Appium][39m   port: 60402
[35m[Appium][39m   loglevel: info
[35m[Appium][39m   tmpDir: C:\Users\15420\AppData\Local\Temp\\Katalon\Appium\Temp1606461912926
[35m[Appium][39m   chromedriverPort: 60407
[35m[Appium][39m Deprecated server args:
[35m[Appium][39m   [31m--chromedriver-port[39m => --default-capabilities
[35m[Appium][39m Default capabilities, which will be added to each request unless overridden by desired capabilities:
[35m[Appium][39m   chromedriverPort: 60407
[35m[Appium][39m Appium REST http interface listener started on 0.0.0.0:60402
[35m[HTTP][39m [37m-->[39m [37mGET[39m [37m/wd/hub/status[39m
[35m[HTTP][39m [90m{}[39m
[35m[HTTP][39m [37m<-- GET /wd/hub/status [39m[32m200[39m [90m11 ms - 68[39m
[35m[HTTP][39m [90m[39m
[35m[HTTP][39m [37m-->[39m [37mPOST[39m [37m/wd/hub/session[39m
[35m[HTTP][39m [90m{"desiredCapabilities":{"app":"C:\\Users\\15420\\git\\ACCME-Dupcheck\\AccMe (1).apk","noReset":true,"deviceId":"","deviceName":"samsung SM-A505F (Android 10)","fullReset":false,"platform":"ANDROID","newCommandTimeout":1800,"platformVersion":"10","automationName":"uiautomator2","autoGrantPermissions":true,"unicodeKeyboard":true,"platformName":"Android","udid":"RR8M30NJT6T","resetKeyboard":true,"systemPort":60472},"capabilities":{"firstMatch":[{"appium:app":"C:\\Users\\15420\\git\\ACCME-Dupcheck\\AccMe (1).apk","appium:autoGrantPermissions":true,"appium:automationName":"uiautomator2","deviceId":"","appium:deviceName":"samsung SM-A505F (Android 10)","appium:fullReset":false,"appium:newCommandTimeout":1800,"appium:noReset":true,"platform":"ANDROID","platformName":"android","appium:platformVersion":"10","appium:resetKeyboard":true,"appium:systemPort":60472,"appium:udid":"RR8M30NJT6T","appium:unicodeKeyboard":true}]}}[39m
[35m[BaseDriver][39m The following capabilities are not standard capabilities and should have an extension prefix:
[35m[BaseDriver][39m   deviceId
[35m[BaseDriver][39m   platform
[35m[BaseDriver][39m   chromedriverPort
[35m[Appium][39m Appium v1.19.1 creating new AndroidUiautomator2Driver (v1.59.0) session
[35m[BaseDriver][39m The following capabilities were provided, but are not recognized by Appium:
[35m[BaseDriver][39m   deviceId
[35m[BaseDriver][39m   platform
[35m[BaseDriver][39m Session created with session id: fe8a5807-5aea-45f7-9182-9bf4ab4461e3
[35m[BaseDriver][39m Using local app 'C:\Users\15420\git\ACCME-Dupcheck\AccMe (1).apk'
[35m[ADB][39m Found 1 'build-tools' folders under 'C:\Users\15420\.katalon\tools\android_sdk' (newest first):
[35m[ADB][39m     C:/Users/15420/.katalon/tools/android_sdk/build-tools/29.0.2
[35m[ADB][39m Using 'adb.exe' from 'C:\Users\15420\.katalon\tools\android_sdk\platform-tools\adb.exe'
[35m[AndroidDriver][39m Retrieving device list
[35m[AndroidDriver][39m Using device: RR8M30NJT6T
[35m[ADB][39m Using 'adb.exe' from 'C:\Users\15420\.katalon\tools\android_sdk\platform-tools\adb.exe'
[35m[ADB][39m Getting device platform version
[35m[UiAutomator2][39m Relaxing hidden api policy
[35m[ADB][39m Package name: 'com.outsystemsenterprise.accdev1.AccMeMobile2'
[35m[ADB][39m Main activity name: 'com.outsystemsenterprise.accdev1.AccMeMobile2.MainActivity'
[35m[ADB][39m Using 'apksigner.jar' from 'C:\Users\15420\.katalon\tools\android_sdk\build-tools\29.0.2\lib\apksigner.jar'
[35m[ADB][39m 'C:\Users\15420\AppData\Roaming\npm\node_modules\appium\node_modules\appium-uiautomator2-server\apks\appium-uiautomator2-server-v4.15.0.apk' is signed with the default certificate
[35m[ADB][39m 'C:\Users\15420\AppData\Roaming\npm\node_modules\appium\node_modules\appium-uiautomator2-server\apks\appium-uiautomator2-server-debug-androidTest.apk' is signed with the default certificate
[35m[UiAutomator2][39m Server packages are not going to be (re)installed
[35m[ADB][39m 'C:\Users\15420\git\ACCME-Dupcheck\AccMe (1).apk' is signed with the default certificate
[35m[UiAutomator2][39m Starting UIAutomator2 server 4.15.0
[35m[UiAutomator2][39m Using UIAutomator2 server from 'C:\Users\15420\AppData\Roaming\npm\node_modules\appium\node_modules\appium-uiautomator2-server\apks\appium-uiautomator2-server-v4.15.0.apk' and test from 'C:\Users\15420\AppData\Roaming\npm\node_modules\appium\node_modules\appium-uiautomator2-server\apks\appium-uiautomator2-server-debug-androidTest.apk'
[35m[UiAutomator2][39m Waiting up to 30000ms for UiAutomator2 to be online...
[35m[WD Proxy][39m socket hang up
[35m[WD Proxy][39m socket hang up
[35m[WD Proxy][39m socket hang up
[35m[WD Proxy][39m Determined the downstream protocol as 'W3C'
[35m[AndroidDriver][39m Screen already unlocked, doing nothing
[35m[UiAutomator2][39m Starting 'com.outsystemsenterprise.accdev1.AccMeMobile2/com.outsystemsenterprise.accdev1.AccMeMobile2.MainActivity and waiting for 'com.outsystemsenterprise.accdev1.AccMeMobile2/com.outsystemsenterprise.accdev1.AccMeMobile2.MainActivity'
[35m[Appium][39m New AndroidUiautomator2Driver session created successfully, session fe8a5807-5aea-45f7-9182-9bf4ab4461e3 added to master session list
[35m[HTTP][39m [37m<-- POST /wd/hub/session [39m[32m200[39m [90m65377 ms - 1401[39m
[35m[HTTP][39m [90m[39m
[35m[HTTP][39m [37m-->[39m [37mGET[39m [37m/wd/hub/session/fe8a5807-5aea-45f7-9182-9bf4ab4461e3[39m
[35m[HTTP][39m [90m{}[39m
[35m[HTTP][39m [37m<-- GET /wd/hub/session/fe8a5807-5aea-45f7-9182-9bf4ab4461e3 [39m[32m200[39m [90m17 ms - 1355[39m
[35m[HTTP][39m [90m[39m
[35m[HTTP][39m [37m-->[39m [37mGET[39m [37m/wd/hub/session/fe8a5807-5aea-45f7-9182-9bf4ab4461e3[39m
[35m[HTTP][39m [90m{}[39m
[35m[HTTP][39m [37m<-- GET /wd/hub/session/fe8a5807-5aea-45f7-9182-9bf4ab4461e3 [39m[32m200[39m [90m22 ms - 1355[39m
[35m[HTTP][39m [90m[39m
[35m[HTTP][39m [37m-->[39m [37mGET[39m [37m/wd/hub/status[39m
[35m[HTTP][39m [90m{}[39m
[35m[HTTP][39m [37m<-- GET /wd/hub/status [39m[32m200[39m [90m2 ms - 68[39m
[35m[HTTP][39m [90m[39m
[35m[HTTP][39m [37m-->[39m [37mPOST[39m [37m/wd/hub/session/fe8a5807-5aea-45f7-9182-9bf4ab4461e3/timeouts[39m
[35m[HTTP][39m [90m{"implicit":30000}[39m
[35m[HTTP][39m [37m<-- POST /wd/hub/session/fe8a5807-5aea-45f7-9182-9bf4ab4461e3/timeouts [39m[32m200[39m [90m6 ms - 14[39m
[35m[HTTP][39m [90m[39m
[35m[HTTP][39m [37m-->[39m [37mPOST[39m [37m/wd/hub/session/fe8a5807-5aea-45f7-9182-9bf4ab4461e3/timeouts[39m
[35m[HTTP][39m [90m{"implicit":50}[39m
[35m[HTTP][39m [37m<-- POST /wd/hub/session/fe8a5807-5aea-45f7-9182-9bf4ab4461e3/timeouts [39m[32m200[39m [90m2 ms - 14[39m
[35m[HTTP][39m [90m[39m
[35m[HTTP][39m [37m-->[39m [37mGET[39m [37m/wd/hub/session/fe8a5807-5aea-45f7-9182-9bf4ab4461e3/window/rect[39m
[35m[HTTP][39m [90m{}[39m
[35m[HTTP][39m [37m<-- GET /wd/hub/session/fe8a5807-5aea-45f7-9182-9bf4ab4461e3/window/rect [39m[32m200[39m [90m51 ms - 50[39m
[35m[HTTP][39m [90m[39m
[35m[HTTP][39m [37m-->[39m [37mPOST[39m [37m/wd/hub/session/fe8a5807-5aea-45f7-9182-9bf4ab4461e3/elements[39m
[35m[HTTP][39m [90m{"using":"-android uiautomator","value":"new UiSelector().className(\"android.widget.EditText\").resourceId(\"b2-Input_UsernameVal\")"}[39m
[35m[HTTP][39m [37m<-- POST /wd/hub/session/fe8a5807-5aea-45f7-9182-9bf4ab4461e3/elements [39m[32m200[39m [90m105 ms - 12[39m
[35m[HTTP][39m [90m[39m
[35m[HTTP][39m [37m-->[39m [37mPOST[39m [37m/wd/hub/session/fe8a5807-5aea-45f7-9182-9bf4ab4461e3/elements[39m
[35m[HTTP][39m [90m{"using":"-android uiautomator","value":"new UiSelector().className(\"android.widget.EditText\").resourceId(\"b2-Input_UsernameVal\")"}[39m
[35m[HTTP][39m [37m<-- POST /wd/hub/session/fe8a5807-5aea-45f7-9182-9bf4ab4461e3/elements [39m[32m200[39m [90m55 ms - 12[39m
[35m[HTTP][39m [90m[39m
[35m[HTTP][39m [37m-->[39m [37mPOST[39m [37m/wd/hub/session/fe8a5807-5aea-45f7-9182-9bf4ab4461e3/elements[39m
[35m[HTTP][39m [90m{"using":"-android uiautomator","value":"new UiSelector().className(\"android.widget.EditText\").resourceId(\"b2-Input_UsernameVal\")"}[39m
[35m[HTTP][39m [37m<-- POST /wd/hub/session/fe8a5807-5aea-45f7-9182-9bf4ab4461e3/elements [39m[32m200[39m [90m1076 ms - 12[39m
[35m[HTTP][39m [90m[39m
[35m[HTTP][39m [37m-->[39m [37mPOST[39m [37m/wd/hub/session/fe8a5807-5aea-45f7-9182-9bf4ab4461e3/elements[39m
[35m[HTTP][39m [90m{"using":"-android uiautomator","value":"new UiSelector().className(\"android.widget.EditText\").resourceId(\"b2-Input_UsernameVal\")"}[39m
[35m[HTTP][39m [37m<-- POST /wd/hub/session/fe8a5807-5aea-45f7-9182-9bf4ab4461e3/elements [39m[32m200[39m [90m78 ms - 12[39m
[35m[HTTP][39m [90m[39m
[35m[HTTP][39m [37m-->[39m [37mPOST[39m [37m/wd/hub/session/fe8a5807-5aea-45f7-9182-9bf4ab4461e3/elements[39m
[35m[HTTP][39m [90m{"using":"-android uiautomator","value":"new UiSelector().className(\"android.widget.EditText\").resourceId(\"b2-Input_UsernameVal\")"}[39m
[35m[HTTP][39m [37m<-- POST /wd/hub/session/fe8a5807-5aea-45f7-9182-9bf4ab4461e3/elements [39m[32m200[39m [90m75 ms - 12[39m
[35m[HTTP][39m [90m[39m
[35m[HTTP][39m [37m-->[39m [37mPOST[39m [37m/wd/hub/session/fe8a5807-5aea-45f7-9182-9bf4ab4461e3/elements[39m
[35m[HTTP][39m [90m{"using":"-android uiautomator","value":"new UiSelector().className(\"android.widget.EditText\").resourceId(\"b2-Input_UsernameVal\")"}[39m
[35m[HTTP][39m [37m<-- POST /wd/hub/session/fe8a5807-5aea-45f7-9182-9bf4ab4461e3/elements [39m[32m200[39m [90m79 ms - 12[39m
[35m[HTTP][39m [90m[39m
[35m[HTTP][39m [37m-->[39m [37mPOST[39m [37m/wd/hub/session/fe8a5807-5aea-45f7-9182-9bf4ab4461e3/elements[39m
[35m[HTTP][39m [90m{"using":"-android uiautomator","value":"new UiSelector().className(\"android.widget.EditText\").resourceId(\"b2-Input_UsernameVal\")"}[39m
[35m[HTTP][39m [37m<-- POST /wd/hub/session/fe8a5807-5aea-45f7-9182-9bf4ab4461e3/elements [39m[32m200[39m [90m58 ms - 12[39m
[35m[HTTP][39m [90m[39m
[35m[HTTP][39m [37m-->[39m [37mPOST[39m [37m/wd/hub/session/fe8a5807-5aea-45f7-9182-9bf4ab4461e3/elements[39m
[35m[HTTP][39m [90m{"using":"-android uiautomator","value":"new UiSelector().className(\"android.widget.EditText\").resourceId(\"b2-Input_UsernameVal\")"}[39m
[35m[HTTP][39m [37m<-- POST /wd/hub/session/fe8a5807-5aea-45f7-9182-9bf4ab4461e3/elements [39m[32m200[39m [90m562 ms - 12[39m
[35m[HTTP][39m [90m[39m
[35m[HTTP][39m [37m-->[39m [37mPOST[39m [37m/wd/hub/session/fe8a5807-5aea-45f7-9182-9bf4ab4461e3/elements[39m
[35m[HTTP][39m [90m{"using":"-android uiautomator","value":"new UiSelector().className(\"android.widget.EditText\").resourceId(\"b2-Input_UsernameVal\")"}[39m
[35m[HTTP][39m [37m<-- POST /wd/hub/session/fe8a5807-5aea-45f7-9182-9bf4ab4461e3/elements [39m[32m200[39m [90m581 ms - 12[39m
[35m[HTTP][39m [90m[39m
[35m[HTTP][39m [37m-->[39m [37mPOST[39m [37m/wd/hub/session/fe8a5807-5aea-45f7-9182-9bf4ab4461e3/elements[39m
[35m[HTTP][39m [90m{"using":"-android uiautomator","value":"new UiSelector().className(\"android.widget.EditText\").resourceId(\"b2-Input_UsernameVal\")"}[39m
[35m[HTTP][39m [37m<-- POST /wd/hub/session/fe8a5807-5aea-45f7-9182-9bf4ab4461e3/elements [39m[32m200[39m [90m278 ms - 12[39m
[35m[HTTP][39m [90m[39m
[35m[HTTP][39m [37m-->[39m [37mPOST[39m [37m/wd/hub/session/fe8a5807-5aea-45f7-9182-9bf4ab4461e3/elements[39m
[35m[HTTP][39m [90m{"using":"-android uiautomator","value":"new UiSelector().className(\"android.widget.EditText\").resourceId(\"b2-Input_UsernameVal\")"}[39m
[35m[HTTP][39m [37m<-- POST /wd/hub/session/fe8a5807-5aea-45f7-9182-9bf4ab4461e3/elements [39m[32m200[39m [90m1960 ms - 12[39m
[35m[HTTP][39m [90m[39m
[35m[HTTP][39m [37m-->[39m [37mPOST[39m [37m/wd/hub/session/fe8a5807-5aea-45f7-9182-9bf4ab4461e3/elements[39m
[35m[HTTP][39m [90m{"using":"-android uiautomator","value":"new UiSelector().className(\"android.widget.EditText\").resourceId(\"b2-Input_UsernameVal\")"}[39m
[35m[HTTP][39m [37m<-- POST /wd/hub/session/fe8a5807-5aea-45f7-9182-9bf4ab4461e3/elements [39m[32m200[39m [90m278 ms - 12[39m
[35m[HTTP][39m [90m[39m
[35m[HTTP][39m [37m-->[39m [37mPOST[39m [37m/wd/hub/session/fe8a5807-5aea-45f7-9182-9bf4ab4461e3/elements[39m
[35m[HTTP][39m [90m{"using":"-android uiautomator","value":"new UiSelector().className(\"android.widget.EditText\").resourceId(\"b2-Input_UsernameVal\")"}[39m
[35m[HTTP][39m [37m<-- POST /wd/hub/session/fe8a5807-5aea-45f7-9182-9bf4ab4461e3/elements [39m[32m200[39m [90m278 ms - 12[39m
[35m[HTTP][39m [90m[39m
[35m[HTTP][39m [37m-->[39m [37mPOST[39m [37m/wd/hub/session/fe8a5807-5aea-45f7-9182-9bf4ab4461e3/elements[39m
[35m[HTTP][39m [90m{"using":"-android uiautomator","value":"new UiSelector().className(\"android.widget.EditText\").resourceId(\"b2-Input_UsernameVal\")"}[39m
[35m[HTTP][39m [37m<-- POST /wd/hub/session/fe8a5807-5aea-45f7-9182-9bf4ab4461e3/elements [39m[32m200[39m [90m206 ms - 12[39m
[35m[HTTP][39m [90m[39m
[35m[HTTP][39m [37m-->[39m [37mPOST[39m [37m/wd/hub/session/fe8a5807-5aea-45f7-9182-9bf4ab4461e3/elements[39m
[35m[HTTP][39m [90m{"using":"-android uiautomator","value":"new UiSelector().className(\"android.widget.EditText\").resourceId(\"b2-Input_UsernameVal\")"}[39m
[35m[HTTP][39m [37m<-- POST /wd/hub/session/fe8a5807-5aea-45f7-9182-9bf4ab4461e3/elements [39m[32m200[39m [90m248 ms - 12[39m
[35m[HTTP][39m [90m[39m
[35m[HTTP][39m [37m-->[39m [37mPOST[39m [37m/wd/hub/session/fe8a5807-5aea-45f7-9182-9bf4ab4461e3/elements[39m
[35m[HTTP][39m [90m{"using":"-android uiautomator","value":"new UiSelector().className(\"android.widget.EditText\").resourceId(\"b2-Input_UsernameVal\")"}[39m
[35m[HTTP][39m [37m<-- POST /wd/hub/session/fe8a5807-5aea-45f7-9182-9bf4ab4461e3/elements [39m[32m200[39m [90m290 ms - 12[39m
[35m[HTTP][39m [90m[39m
[35m[HTTP][39m [37m-->[39m [37mPOST[39m [37m/wd/hub/session/fe8a5807-5aea-45f7-9182-9bf4ab4461e3/elements[39m
[35m[HTTP][39m [90m{"using":"-android uiautomator","value":"new UiSelector().className(\"android.widget.EditText\").resourceId(\"b2-Input_UsernameVal\")"}[39m
[35m[HTTP][39m [37m<-- POST /wd/hub/session/fe8a5807-5aea-45f7-9182-9bf4ab4461e3/elements [39m[32m200[39m [90m148 ms - 12[39m
[35m[HTTP][39m [90m[39m
[35m[HTTP][39m [37m-->[39m [37mPOST[39m [37m/wd/hub/session/fe8a5807-5aea-45f7-9182-9bf4ab4461e3/elements[39m
[35m[HTTP][39m [90m{"using":"-android uiautomator","value":"new UiSelector().className(\"android.widget.EditText\").resourceId(\"b2-Input_UsernameVal\")"}[39m
[35m[HTTP][39m [37m<-- POST /wd/hub/session/fe8a5807-5aea-45f7-9182-9bf4ab4461e3/elements [39m[32m200[39m [90m673 ms - 12[39m
[35m[HTTP][39m [90m[39m
[35m[HTTP][39m [37m-->[39m [37mPOST[39m [37m/wd/hub/session/fe8a5807-5aea-45f7-9182-9bf4ab4461e3/elements[39m
[35m[HTTP][39m [90m{"using":"-android uiautomator","value":"new UiSelector().className(\"android.widget.EditText\").resourceId(\"b2-Input_UsernameVal\")"}[39m
[35m[HTTP][39m [37m<-- POST /wd/hub/session/fe8a5807-5aea-45f7-9182-9bf4ab4461e3/elements [39m[32m200[39m [90m384 ms - 12[39m
[35m[HTTP][39m [90m[39m
[35m[HTTP][39m [37m-->[39m [37mPOST[39m [37m/wd/hub/session/fe8a5807-5aea-45f7-9182-9bf4ab4461e3/elements[39m
[35m[HTTP][39m [90m{"using":"-android uiautomator","value":"new UiSelector().className(\"android.widget.EditText\").resourceId(\"b2-Input_UsernameVal\")"}[39m
[35m[HTTP][39m [37m<-- POST /wd/hub/session/fe8a5807-5aea-45f7-9182-9bf4ab4461e3/elements [39m[32m200[39m [90m578 ms - 12[39m
[35m[HTTP][39m [90m[39m
[35m[HTTP][39m [37m-->[39m [37mPOST[39m [37m/wd/hub/session/fe8a5807-5aea-45f7-9182-9bf4ab4461e3/elements[39m
[35m[HTTP][39m [90m{"using":"-android uiautomator","value":"new UiSelector().className(\"android.widget.EditText\").resourceId(\"b2-Input_UsernameVal\")"}[39m
[35m[HTTP][39m [37m<-- POST /wd/hub/session/fe8a5807-5aea-45f7-9182-9bf4ab4461e3/elements [39m[32m200[39m [90m209 ms - 12[39m
[35m[HTTP][39m [90m[39m
[35m[HTTP][39m [37m-->[39m [37mPOST[39m [37m/wd/hub/session/fe8a5807-5aea-45f7-9182-9bf4ab4461e3/elements[39m
[35m[HTTP][39m [90m{"using":"-android uiautomator","value":"new UiSelector().className(\"android.widget.EditText\").resourceId(\"b2-Input_UsernameVal\")"}[39m
[35m[HTTP][39m [37m<-- POST /wd/hub/session/fe8a5807-5aea-45f7-9182-9bf4ab4461e3/elements [39m[32m200[39m [90m225 ms - 12[39m
[35m[HTTP][39m [90m[39m
[35m[HTTP][39m [37m-->[39m [37mPOST[39m [37m/wd/hub/session/fe8a5807-5aea-45f7-9182-9bf4ab4461e3/elements[39m
[35m[HTTP][39m [90m{"using":"-android uiautomator","value":"new UiSelector().className(\"android.widget.EditText\").resourceId(\"b2-Input_UsernameVal\")"}[39m
[35m[HTTP][39m [37m<-- POST /wd/hub/session/fe8a5807-5aea-45f7-9182-9bf4ab4461e3/elements [39m[32m200[39m [90m198 ms - 12[39m
[35m[HTTP][39m [90m[39m
[35m[HTTP][39m [37m-->[39m [37mPOST[39m [37m/wd/hub/session/fe8a5807-5aea-45f7-9182-9bf4ab4461e3/elements[39m
[35m[HTTP][39m [90m{"using":"-android uiautomator","value":"new UiSelector().className(\"android.widget.EditText\").resourceId(\"b2-Input_UsernameVal\")"}[39m
[35m[HTTP][39m [37m<-- POST /wd/hub/session/fe8a5807-5aea-45f7-9182-9bf4ab4461e3/elements [39m[32m200[39m [90m160 ms - 12[39m
[35m[HTTP][39m [90m[39m
[35m[HTTP][39m [37m-->[39m [37mPOST[39m [37m/wd/hub/session/fe8a5807-5aea-45f7-9182-9bf4ab4461e3/elements[39m
[35m[HTTP][39m [90m{"using":"-android uiautomator","value":"new UiSelector().className(\"android.widget.EditText\").resourceId(\"b2-Input_UsernameVal\")"}[39m
[35m[HTTP][39m [37m<-- POST /wd/hub/session/fe8a5807-5aea-45f7-9182-9bf4ab4461e3/elements [39m[32m200[39m [90m183 ms - 12[39m
[35m[HTTP][39m [90m[39m
[35m[HTTP][39m [37m-->[39m [37mPOST[39m [37m/wd/hub/session/fe8a5807-5aea-45f7-9182-9bf4ab4461e3/elements[39m
[35m[HTTP][39m [90m{"using":"-android uiautomator","value":"new UiSelector().className(\"android.widget.EditText\").resourceId(\"b2-Input_UsernameVal\")"}[39m
[35m[HTTP][39m [37m<-- POST /wd/hub/session/fe8a5807-5aea-45f7-9182-9bf4ab4461e3/elements [39m[32m200[39m [90m214 ms - 12[39m
[35m[HTTP][39m [90m[39m
[35m[HTTP][39m [37m-->[39m [37mPOST[39m [37m/wd/hub/session/fe8a5807-5aea-45f7-9182-9bf4ab4461e3/elements[39m
[35m[HTTP][39m [90m{"using":"-android uiautomator","value":"new UiSelector().className(\"android.widget.EditText\").resourceId(\"b2-Input_UsernameVal\")"}[39m
[35m[HTTP][39m [37m<-- POST /wd/hub/session/fe8a5807-5aea-45f7-9182-9bf4ab4461e3/elements [39m[32m200[39m [90m216 ms - 12[39m
[35m[HTTP][39m [90m[39m
[35m[HTTP][39m [37m-->[39m [37mPOST[39m [37m/wd/hub/session/fe8a5807-5aea-45f7-9182-9bf4ab4461e3/elements[39m
[35m[HTTP][39m [90m{"using":"-android uiautomator","value":"new UiSelector().className(\"android.widget.EditText\").resourceId(\"b2-Input_UsernameVal\")"}[39m
[35m[HTTP][39m [37m<-- POST /wd/hub/session/fe8a5807-5aea-45f7-9182-9bf4ab4461e3/elements [39m[32m200[39m [90m207 ms - 12[39m
[35m[HTTP][39m [90m[39m
[35m[HTTP][39m [37m-->[39m [37mPOST[39m [37m/wd/hub/session/fe8a5807-5aea-45f7-9182-9bf4ab4461e3/elements[39m
[35m[HTTP][39m [90m{"using":"-android uiautomator","value":"new UiSelector().className(\"android.widget.EditText\").resourceId(\"b2-Input_UsernameVal\")"}[39m
[35m[HTTP][39m [37m<-- POST /wd/hub/session/fe8a5807-5aea-45f7-9182-9bf4ab4461e3/elements [39m[32m200[39m [90m176 ms - 12[39m
[35m[HTTP][39m [90m[39m
[35m[HTTP][39m [37m-->[39m [37mPOST[39m [37m/wd/hub/session/fe8a5807-5aea-45f7-9182-9bf4ab4461e3/elements[39m
[35m[HTTP][39m [90m{"using":"-android uiautomator","value":"new UiSelector().className(\"android.widget.EditText\").resourceId(\"b2-Input_UsernameVal\")"}[39m
[35m[HTTP][39m [37m<-- POST /wd/hub/session/fe8a5807-5aea-45f7-9182-9bf4ab4461e3/elements [39m[32m200[39m [90m175 ms - 12[39m
[35m[HTTP][39m [90m[39m
[35m[HTTP][39m [37m-->[39m [37mPOST[39m [37m/wd/hub/session/fe8a5807-5aea-45f7-9182-9bf4ab4461e3/elements[39m
[35m[HTTP][39m [90m{"using":"-android uiautomator","value":"new UiSelector().className(\"android.widget.EditText\").resourceId(\"b2-Input_UsernameVal\")"}[39m
[35m[HTTP][39m [37m<-- POST /wd/hub/session/fe8a5807-5aea-45f7-9182-9bf4ab4461e3/elements [39m[32m200[39m [90m184 ms - 12[39m
[35m[HTTP][39m [90m[39m
[35m[HTTP][39m [37m-->[39m [37mPOST[39m [37m/wd/hub/session/fe8a5807-5aea-45f7-9182-9bf4ab4461e3/elements[39m
[35m[HTTP][39m [90m{"using":"-android uiautomator","value":"new UiSelector().className(\"android.widget.EditText\").resourceId(\"b2-Input_UsernameVal\")"}[39m
[35m[HTTP][39m [37m<-- POST /wd/hub/session/fe8a5807-5aea-45f7-9182-9bf4ab4461e3/elements [39m[32m200[39m [90m248 ms - 12[39m
[35m[HTTP][39m [90m[39m
[35m[HTTP][39m [37m-->[39m [37mPOST[39m [37m/wd/hub/session/fe8a5807-5aea-45f7-9182-9bf4ab4461e3/elements[39m
[35m[HTTP][39m [90m{"using":"-android uiautomator","value":"new UiSelector().className(\"android.widget.EditText\").resourceId(\"b2-Input_UsernameVal\")"}[39m
[35m[HTTP][39m [37m<-- POST /wd/hub/session/fe8a5807-5aea-45f7-9182-9bf4ab4461e3/elements [39m[32m200[39m [90m199 ms - 12[39m
[35m[HTTP][39m [90m[39m
[35m[HTTP][39m [37m-->[39m [37mPOST[39m [37m/wd/hub/session/fe8a5807-5aea-45f7-9182-9bf4ab4461e3/elements[39m
[35m[HTTP][39m [90m{"using":"-android uiautomator","value":"new UiSelector().className(\"android.widget.EditText\").resourceId(\"b2-Input_UsernameVal\")"}[39m
[35m[HTTP][39m [37m<-- POST /wd/hub/session/fe8a5807-5aea-45f7-9182-9bf4ab4461e3/elements [39m[32m200[39m [90m241 ms - 12[39m
[35m[HTTP][39m [90m[39m
[35m[HTTP][39m [37m-->[39m [37mPOST[39m [37m/wd/hub/session/fe8a5807-5aea-45f7-9182-9bf4ab4461e3/elements[39m
[35m[HTTP][39m [90m{"using":"-android uiautomator","value":"new UiSelector().className(\"android.widget.EditText\").resourceId(\"b2-Input_UsernameVal\")"}[39m
[35m[HTTP][39m [37m<-- POST /wd/hub/session/fe8a5807-5aea-45f7-9182-9bf4ab4461e3/elements [39m[32m200[39m [90m183 ms - 12[39m
[35m[HTTP][39m [90m[39m
[35m[HTTP][39m [37m-->[39m [37mPOST[39m [37m/wd/hub/session/fe8a5807-5aea-45f7-9182-9bf4ab4461e3/elements[39m
[35m[HTTP][39m [90m{"using":"-android uiautomator","value":"new UiSelector().className(\"android.widget.EditText\").resourceId(\"b2-Input_UsernameVal\")"}[39m
[35m[HTTP][39m [37m<-- POST /wd/hub/session/fe8a5807-5aea-45f7-9182-9bf4ab4461e3/elements [39m[32m200[39m [90m213 ms - 12[39m
[35m[HTTP][39m [90m[39m
[35m[HTTP][39m [37m-->[39m [37mPOST[39m [37m/wd/hub/session/fe8a5807-5aea-45f7-9182-9bf4ab4461e3/elements[39m
[35m[HTTP][39m [90m{"using":"-android uiautomator","value":"new UiSelector().className(\"android.widget.EditText\").resourceId(\"b2-Input_UsernameVal\")"}[39m
[35m[HTTP][39m [37m<-- POST /wd/hub/session/fe8a5807-5aea-45f7-9182-9bf4ab4461e3/elements [39m[32m200[39m [90m219 ms - 12[39m
[35m[HTTP][39m [90m[39m
[35m[HTTP][39m [37m-->[39m [37mPOST[39m [37m/wd/hub/session/fe8a5807-5aea-45f7-9182-9bf4ab4461e3/elements[39m
[35m[HTTP][39m [90m{"using":"-android uiautomator","value":"new UiSelector().className(\"android.widget.EditText\").resourceId(\"b2-Input_UsernameVal\")"}[39m
[35m[HTTP][39m [37m<-- POST /wd/hub/session/fe8a5807-5aea-45f7-9182-9bf4ab4461e3/elements [39m[32m200[39m [90m170 ms - 12[39m
[35m[HTTP][39m [90m[39m
[35m[HTTP][39m [37m-->[39m [37mPOST[39m [37m/wd/hub/session/fe8a5807-5aea-45f7-9182-9bf4ab4461e3/elements[39m
[35m[HTTP][39m [90m{"using":"-android uiautomator","value":"new UiSelector().className(\"android.widget.EditText\").resourceId(\"b2-Input_UsernameVal\")"}[39m
[35m[HTTP][39m [37m<-- POST /wd/hub/session/fe8a5807-5aea-45f7-9182-9bf4ab4461e3/elements [39m[32m200[39m [90m231 ms - 12[39m
[35m[HTTP][39m [90m[39m
[35m[HTTP][39m [37m-->[39m [37mPOST[39m [37m/wd/hub/session/fe8a5807-5aea-45f7-9182-9bf4ab4461e3/elements[39m
[35m[HTTP][39m [90m{"using":"-android uiautomator","value":"new UiSelector().className(\"android.widget.EditText\").resourceId(\"b2-Input_UsernameVal\")"}[39m
[35m[HTTP][39m [37m<-- POST /wd/hub/session/fe8a5807-5aea-45f7-9182-9bf4ab4461e3/elements [39m[32m200[39m [90m227 ms - 12[39m
[35m[HTTP][39m [90m[39m
[35m[HTTP][39m [37m-->[39m [37mPOST[39m [37m/wd/hub/session/fe8a5807-5aea-45f7-9182-9bf4ab4461e3/elements[39m
[35m[HTTP][39m [90m{"using":"-android uiautomator","value":"new UiSelector().className(\"android.widget.EditText\").resourceId(\"b2-Input_UsernameVal\")"}[39m
[35m[HTTP][39m [37m<-- POST /wd/hub/session/fe8a5807-5aea-45f7-9182-9bf4ab4461e3/elements [39m[32m200[39m [90m215 ms - 12[39m
[35m[HTTP][39m [90m[39m
[35m[HTTP][39m [37m-->[39m [37mPOST[39m [37m/wd/hub/session/fe8a5807-5aea-45f7-9182-9bf4ab4461e3/elements[39m
[35m[HTTP][39m [90m{"using":"-android uiautomator","value":"new UiSelector().className(\"android.widget.EditText\").resourceId(\"b2-Input_UsernameVal\")"}[39m
[35m[HTTP][39m [37m<-- POST /wd/hub/session/fe8a5807-5aea-45f7-9182-9bf4ab4461e3/elements [39m[32m200[39m [90m196 ms - 12[39m
[35m[HTTP][39m [90m[39m
[35m[HTTP][39m [37m-->[39m [37mPOST[39m [37m/wd/hub/session/fe8a5807-5aea-45f7-9182-9bf4ab4461e3/elements[39m
[35m[HTTP][39m [90m{"using":"-android uiautomator","value":"new UiSelector().className(\"android.widget.EditText\").resourceId(\"b2-Input_UsernameVal\")"}[39m
[35m[HTTP][39m [37m<-- POST /wd/hub/session/fe8a5807-5aea-45f7-9182-9bf4ab4461e3/elements [39m[32m200[39m [90m125 ms - 12[39m
[35m[HTTP][39m [90m[39m
[35m[HTTP][39m [37m-->[39m [37mPOST[39m [37m/wd/hub/session/fe8a5807-5aea-45f7-9182-9bf4ab4461e3/elements[39m
[35m[HTTP][39m [90m{"using":"-android uiautomator","value":"new UiSelector().className(\"android.widget.EditText\").resourceId(\"b2-Input_UsernameVal\")"}[39m
[35m[HTTP][39m [37m<-- POST /wd/hub/session/fe8a5807-5aea-45f7-9182-9bf4ab4461e3/elements [39m[32m200[39m [90m144 ms - 12[39m
[35m[HTTP][39m [90m[39m
[35m[HTTP][39m [37m-->[39m [37mPOST[39m [37m/wd/hub/session/fe8a5807-5aea-45f7-9182-9bf4ab4461e3/elements[39m
[35m[HTTP][39m [90m{"using":"-android uiautomator","value":"new UiSelector().className(\"android.widget.EditText\").resourceId(\"b2-Input_UsernameVal\")"}[39m
[35m[HTTP][39m [37m<-- POST /wd/hub/session/fe8a5807-5aea-45f7-9182-9bf4ab4461e3/elements [39m[32m200[39m [90m108 ms - 12[39m
[35m[HTTP][39m [90m[39m
[35m[HTTP][39m [37m-->[39m [37mPOST[39m [37m/wd/hub/session/fe8a5807-5aea-45f7-9182-9bf4ab4461e3/elements[39m
[35m[HTTP][39m [90m{"using":"-android uiautomator","value":"new UiSelector().className(\"android.widget.EditText\").resourceId(\"b2-Input_UsernameVal\")"}[39m
[35m[HTTP][39m [37m<-- POST /wd/hub/session/fe8a5807-5aea-45f7-9182-9bf4ab4461e3/elements [39m[32m200[39m [90m111 ms - 12[39m
[35m[HTTP][39m [90m[39m
[35m[HTTP][39m [37m-->[39m [37mPOST[39m [37m/wd/hub/session/fe8a5807-5aea-45f7-9182-9bf4ab4461e3/elements[39m
[35m[HTTP][39m [90m{"using":"-android uiautomator","value":"new UiSelector().className(\"android.widget.EditText\").resourceId(\"b2-Input_UsernameVal\")"}[39m
[35m[HTTP][39m [37m<-- POST /wd/hub/session/fe8a5807-5aea-45f7-9182-9bf4ab4461e3/elements [39m[32m200[39m [90m142 ms - 12[39m
[35m[HTTP][39m [90m[39m
[35m[HTTP][39m [37m-->[39m [37mPOST[39m [37m/wd/hub/session/fe8a5807-5aea-45f7-9182-9bf4ab4461e3/elements[39m
[35m[HTTP][39m [90m{"using":"-android uiautomator","value":"new UiSelector().className(\"android.widget.EditText\").resourceId(\"b2-Input_UsernameVal\")"}[39m
[35m[HTTP][39m [37m<-- POST /wd/hub/session/fe8a5807-5aea-45f7-9182-9bf4ab4461e3/elements [39m[32m200[39m [90m109 ms - 12[39m
[35m[HTTP][39m [90m[39m
[35m[HTTP][39m [37m-->[39m [37mPOST[39m [37m/wd/hub/session/fe8a5807-5aea-45f7-9182-9bf4ab4461e3/elements[39m
[35m[HTTP][39m [90m{"using":"-android uiautomator","value":"new UiSelector().className(\"android.widget.EditText\").resourceId(\"b2-Input_UsernameVal\")"}[39m
[35m[HTTP][39m [37m<-- POST /wd/hub/session/fe8a5807-5aea-45f7-9182-9bf4ab4461e3/elements [39m[32m200[39m [90m103 ms - 12[39m
[35m[HTTP][39m [90m[39m
[35m[HTTP][39m [37m-->[39m [37mPOST[39m [37m/wd/hub/session/fe8a5807-5aea-45f7-9182-9bf4ab4461e3/elements[39m
[35m[HTTP][39m [90m{"using":"-android uiautomator","value":"new UiSelector().className(\"android.widget.EditText\").resourceId(\"b2-Input_UsernameVal\")"}[39m
[35m[HTTP][39m [37m<-- POST /wd/hub/session/fe8a5807-5aea-45f7-9182-9bf4ab4461e3/elements [39m[32m200[39m [90m107 ms - 12[39m
[35m[HTTP][39m [90m[39m
[35m[HTTP][39m [37m-->[39m [37mPOST[39m [37m/wd/hub/session/fe8a5807-5aea-45f7-9182-9bf4ab4461e3/elements[39m
[35m[HTTP][39m [90m{"using":"-android uiautomator","value":"new UiSelector().className(\"android.widget.EditText\").resourceId(\"b2-Input_UsernameVal\")"}[39m
[35m[HTTP][39m [37m<-- POST /wd/hub/session/fe8a5807-5aea-45f7-9182-9bf4ab4461e3/elements [39m[32m200[39m [90m189 ms - 12[39m
[35m[HTTP][39m [90m[39m
[35m[HTTP][39m [37m-->[39m [37mPOST[39m [37m/wd/hub/session/fe8a5807-5aea-45f7-9182-9bf4ab4461e3/elements[39m
[35m[HTTP][39m [90m{"using":"-android uiautomator","value":"new UiSelector().className(\"android.widget.EditText\").resourceId(\"b2-Input_UsernameVal\")"}[39m
[35m[HTTP][39m [37m<-- POST /wd/hub/session/fe8a5807-5aea-45f7-9182-9bf4ab4461e3/elements [39m[32m200[39m [90m167 ms - 12[39m
[35m[HTTP][39m [90m[39m
[35m[HTTP][39m [37m-->[39m [37mPOST[39m [37m/wd/hub/session/fe8a5807-5aea-45f7-9182-9bf4ab4461e3/elements[39m
[35m[HTTP][39m [90m{"using":"-android uiautomator","value":"new UiSelector().className(\"android.widget.EditText\").resourceId(\"b2-Input_UsernameVal\")"}[39m
[35m[HTTP][39m [37m<-- POST /wd/hub/session/fe8a5807-5aea-45f7-9182-9bf4ab4461e3/elements [39m[32m200[39m [90m195 ms - 12[39m
[35m[HTTP][39m [90m[39m
[35m[HTTP][39m [37m-->[39m [37mPOST[39m [37m/wd/hub/session/fe8a5807-5aea-45f7-9182-9bf4ab4461e3/elements[39m
[35m[HTTP][39m [90m{"using":"-android uiautomator","value":"new UiSelector().className(\"android.widget.EditText\").resourceId(\"b2-Input_UsernameVal\")"}[39m
[35m[HTTP][39m [37m<-- POST /wd/hub/session/fe8a5807-5aea-45f7-9182-9bf4ab4461e3/elements [39m[32m200[39m [90m210 ms - 12[39m
[35m[HTTP][39m [90m[39m
[35m[HTTP][39m [37m-->[39m [37mPOST[39m [37m/wd/hub/session/fe8a5807-5aea-45f7-9182-9bf4ab4461e3/elements[39m
[35m[HTTP][39m [90m{"using":"-android uiautomator","value":"new UiSelector().className(\"android.widget.EditText\").resourceId(\"b2-Input_UsernameVal\")"}[39m
[35m[HTTP][39m [37m<-- POST /wd/hub/session/fe8a5807-5aea-45f7-9182-9bf4ab4461e3/elements [39m[32m200[39m [90m279 ms - 12[39m
[35m[HTTP][39m [90m[39m
[35m[HTTP][39m [37m-->[39m [37mPOST[39m [37m/wd/hub/session/fe8a5807-5aea-45f7-9182-9bf4ab4461e3/elements[39m
[35m[HTTP][39m [90m{"using":"-android uiautomator","value":"new UiSelector().className(\"android.widget.EditText\").resourceId(\"b2-Input_UsernameVal\")"}[39m
[35m[HTTP][39m [37m<-- POST /wd/hub/session/fe8a5807-5aea-45f7-9182-9bf4ab4461e3/elements [39m[32m200[39m [90m281 ms - 12[39m
[35m[HTTP][39m [90m[39m
[35m[HTTP][39m [37m-->[39m [37mPOST[39m [37m/wd/hub/session/fe8a5807-5aea-45f7-9182-9bf4ab4461e3/elements[39m
[35m[HTTP][39m [90m{"using":"-android uiautomator","value":"new UiSelector().className(\"android.widget.EditText\").resourceId(\"b2-Input_UsernameVal\")"}[39m
[35m[HTTP][39m [37m<-- POST /wd/hub/session/fe8a5807-5aea-45f7-9182-9bf4ab4461e3/elements [39m[32m200[39m [90m275 ms - 12[39m
[35m[HTTP][39m [90m[39m
[35m[HTTP][39m [37m-->[39m [37mPOST[39m [37m/wd/hub/session/fe8a5807-5aea-45f7-9182-9bf4ab4461e3/elements[39m
[35m[HTTP][39m [90m{"using":"-android uiautomator","value":"new UiSelector().className(\"android.widget.EditText\").resourceId(\"b2-Input_UsernameVal\")"}[39m
[35m[HTTP][39m [37m<-- POST /wd/hub/session/fe8a5807-5aea-45f7-9182-9bf4ab4461e3/elements [39m[32m200[39m [90m292 ms - 12[39m
[35m[HTTP][39m [90m[39m
[35m[HTTP][39m [37m-->[39m [37mPOST[39m [37m/wd/hub/session/fe8a5807-5aea-45f7-9182-9bf4ab4461e3/elements[39m
[35m[HTTP][39m [90m{"using":"-android uiautomator","value":"new UiSelector().className(\"android.widget.EditText\").resourceId(\"b2-Input_UsernameVal\")"}[39m
[35m[HTTP][39m [37m<-- POST /wd/hub/session/fe8a5807-5aea-45f7-9182-9bf4ab4461e3/elements [39m[32m200[39m [90m231 ms - 12[39m
[35m[HTTP][39m [90m[39m
[35m[HTTP][39m [37m-->[39m [37mPOST[39m [37m/wd/hub/session/fe8a5807-5aea-45f7-9182-9bf4ab4461e3/elements[39m
[35m[HTTP][39m [90m{"using":"-android uiautomator","value":"new UiSelector().className(\"android.widget.EditText\").resourceId(\"b2-Input_UsernameVal\")"}[39m
[35m[HTTP][39m [37m<-- POST /wd/hub/session/fe8a5807-5aea-45f7-9182-9bf4ab4461e3/elements [39m[32m200[39m [90m238 ms - 12[39m
[35m[HTTP][39m [90m[39m
[35m[HTTP][39m [37m-->[39m [37mPOST[39m [37m/wd/hub/session/fe8a5807-5aea-45f7-9182-9bf4ab4461e3/elements[39m
[35m[HTTP][39m [90m{"using":"-android uiautomator","value":"new UiSelector().className(\"android.widget.EditText\").resourceId(\"b2-Input_UsernameVal\")"}[39m
[35m[HTTP][39m [37m<-- POST /wd/hub/session/fe8a5807-5aea-45f7-9182-9bf4ab4461e3/elements [39m[32m200[39m [90m231 ms - 12[39m
[35m[HTTP][39m [90m[39m
[35m[HTTP][39m [37m-->[39m [37mPOST[39m [37m/wd/hub/session/fe8a5807-5aea-45f7-9182-9bf4ab4461e3/elements[39m
[35m[HTTP][39m [90m{"using":"-android uiautomator","value":"new UiSelector().className(\"android.widget.EditText\").resourceId(\"b2-Input_UsernameVal\")"}[39m
[35m[HTTP][39m [37m<-- POST /wd/hub/session/fe8a5807-5aea-45f7-9182-9bf4ab4461e3/elements [39m[32m200[39m [90m213 ms - 12[39m
[35m[HTTP][39m [90m[39m
[35m[HTTP][39m [37m-->[39m [37mPOST[39m [37m/wd/hub/session/fe8a5807-5aea-45f7-9182-9bf4ab4461e3/elements[39m
[35m[HTTP][39m [90m{"using":"-android uiautomator","value":"new UiSelector().className(\"android.widget.EditText\").resourceId(\"b2-Input_UsernameVal\")"}[39m
[35m[HTTP][39m [37m<-- POST /wd/hub/session/fe8a5807-5aea-45f7-9182-9bf4ab4461e3/elements [39m[32m200[39m [90m267 ms - 12[39m
[35m[HTTP][39m [90m[39m
[35m[HTTP][39m [37m-->[39m [37mPOST[39m [37m/wd/hub/session/fe8a5807-5aea-45f7-9182-9bf4ab4461e3/elements[39m
[35m[HTTP][39m [90m{"using":"-android uiautomator","value":"new UiSelector().className(\"android.widget.EditText\").resourceId(\"b2-Input_UsernameVal\")"}[39m
[35m[HTTP][39m [37m<-- POST /wd/hub/session/fe8a5807-5aea-45f7-9182-9bf4ab4461e3/elements [39m[32m200[39m [90m250 ms - 12[39m
[35m[HTTP][39m [90m[39m
[35m[HTTP][39m [37m-->[39m [37mPOST[39m [37m/wd/hub/session/fe8a5807-5aea-45f7-9182-9bf4ab4461e3/elements[39m
[35m[HTTP][39m [90m{"using":"-android uiautomator","value":"new UiSelector().className(\"android.widget.EditText\").resourceId(\"b2-Input_UsernameVal\")"}[39m
[35m[HTTP][39m [37m<-- POST /wd/hub/session/fe8a5807-5aea-45f7-9182-9bf4ab4461e3/elements [39m[32m200[39m [90m254 ms - 12[39m
[35m[HTTP][39m [90m[39m
[35m[HTTP][39m [37m-->[39m [37mPOST[39m [37m/wd/hub/session/fe8a5807-5aea-45f7-9182-9bf4ab4461e3/elements[39m
[35m[HTTP][39m [90m{"using":"-android uiautomator","value":"new UiSelector().className(\"android.widget.EditText\").resourceId(\"b2-Input_UsernameVal\")"}[39m
[35m[HTTP][39m [37m<-- POST /wd/hub/session/fe8a5807-5aea-45f7-9182-9bf4ab4461e3/elements [39m[32m200[39m [90m212 ms - 12[39m
[35m[HTTP][39m [90m[39m
[35m[HTTP][39m [37m-->[39m [37mPOST[39m [37m/wd/hub/session/fe8a5807-5aea-45f7-9182-9bf4ab4461e3/elements[39m
[35m[HTTP][39m [90m{"using":"-android uiautomator","value":"new UiSelector().className(\"android.widget.EditText\").resourceId(\"b2-Input_UsernameVal\")"}[39m
[35m[HTTP][39m [37m<-- POST /wd/hub/session/fe8a5807-5aea-45f7-9182-9bf4ab4461e3/elements [39m[32m200[39m [90m203 ms - 12[39m
[35m[HTTP][39m [90m[39m
[35m[HTTP][39m [37m-->[39m [37mPOST[39m [37m/wd/hub/session/fe8a5807-5aea-45f7-9182-9bf4ab4461e3/elements[39m
[35m[HTTP][39m [90m{"using":"-android uiautomator","value":"new UiSelector().className(\"android.widget.EditText\").resourceId(\"b2-Input_UsernameVal\")"}[39m
[35m[HTTP][39m [37m<-- POST /wd/hub/session/fe8a5807-5aea-45f7-9182-9bf4ab4461e3/elements [39m[32m200[39m [90m278 ms - 12[39m
[35m[HTTP][39m [90m[39m
[35m[HTTP][39m [37m-->[39m [37mPOST[39m [37m/wd/hub/session/fe8a5807-5aea-45f7-9182-9bf4ab4461e3/elements[39m
[35m[HTTP][39m [90m{"using":"-android uiautomator","value":"new UiSelector().className(\"android.widget.EditText\").resourceId(\"b2-Input_UsernameVal\")"}[39m
[35m[HTTP][39m [37m<-- POST /wd/hub/session/fe8a5807-5aea-45f7-9182-9bf4ab4461e3/elements [39m[32m200[39m [90m343 ms - 12[39m
[35m[HTTP][39m [90m[39m
[35m[HTTP][39m [37m-->[39m [37mPOST[39m [37m/wd/hub/session/fe8a5807-5aea-45f7-9182-9bf4ab4461e3/elements[39m
[35m[HTTP][39m [90m{"using":"-android uiautomator","value":"new UiSelector().className(\"android.widget.EditText\").resourceId(\"b2-Input_UsernameVal\")"}[39m
[35m[HTTP][39m [37m<-- POST /wd/hub/session/fe8a5807-5aea-45f7-9182-9bf4ab4461e3/elements [39m[32m200[39m [90m387 ms - 12[39m
[35m[HTTP][39m [90m[39m
[35m[HTTP][39m [37m-->[39m [37mPOST[39m [37m/wd/hub/session/fe8a5807-5aea-45f7-9182-9bf4ab4461e3/elements[39m
[35m[HTTP][39m [90m{"using":"-android uiautomator","value":"new UiSelector().className(\"android.widget.EditText\").resourceId(\"b2-Input_UsernameVal\")"}[39m
[35m[HTTP][39m [37m<-- POST /wd/hub/session/fe8a5807-5aea-45f7-9182-9bf4ab4461e3/elements [39m[32m200[39m [90m358 ms - 12[39m
[35m[HTTP][39m [90m[39m
[35m[HTTP][39m [37m-->[39m [37mPOST[39m [37m/wd/hub/session/fe8a5807-5aea-45f7-9182-9bf4ab4461e3/elements[39m
[35m[HTTP][39m [90m{"using":"-android uiautomator","value":"new UiSelector().className(\"android.widget.EditText\").resourceId(\"b2-Input_UsernameVal\")"}[39m
[35m[HTTP][39m [37m<-- POST /wd/hub/session/fe8a5807-5aea-45f7-9182-9bf4ab4461e3/elements [39m[32m200[39m [90m382 ms - 12[39m
[35m[HTTP][39m [90m[39m
[35m[HTTP][39m [37m-->[39m [37mPOST[39m [37m/wd/hub/session/fe8a5807-5aea-45f7-9182-9bf4ab4461e3/elements[39m
[35m[HTTP][39m [90m{"using":"-android uiautomator","value":"new UiSelector().className(\"android.widget.EditText\").resourceId(\"b2-Input_UsernameVal\")"}[39m
[35m[HTTP][39m [37m<-- POST /wd/hub/session/fe8a5807-5aea-45f7-9182-9bf4ab4461e3/elements [39m[32m200[39m [90m376 ms - 12[39m
[35m[HTTP][39m [90m[39m
[35m[HTTP][39m [37m-->[39m [37mPOST[39m [37m/wd/hub/session/fe8a5807-5aea-45f7-9182-9bf4ab4461e3/elements[39m
[35m[HTTP][39m [90m{"using":"-android uiautomator","value":"new UiSelector().className(\"android.widget.EditText\").resourceId(\"b2-Input_UsernameVal\")"}[39m
[35m[HTTP][39m [37m<-- POST /wd/hub/session/fe8a5807-5aea-45f7-9182-9bf4ab4461e3/elements [39m[32m200[39m [90m386 ms - 12[39m
[35m[HTTP][39m [90m[39m
[35m[HTTP][39m [37m-->[39m [37mPOST[39m [37m/wd/hub/session/fe8a5807-5aea-45f7-9182-9bf4ab4461e3/elements[39m
[35m[HTTP][39m [90m{"using":"-android uiautomator","value":"new UiSelector().className(\"android.widget.EditText\").resourceId(\"b2-Input_UsernameVal\")"}[39m
[35m[HTTP][39m [37m<-- POST /wd/hub/session/fe8a5807-5aea-45f7-9182-9bf4ab4461e3/elements [39m[32m200[39m [90m347 ms - 12[39m
[35m[HTTP][39m [90m[39m
[35m[HTTP][39m [37m-->[39m [37mPOST[39m [37m/wd/hub/session/fe8a5807-5aea-45f7-9182-9bf4ab4461e3/elements[39m
[35m[HTTP][39m [90m{"using":"-android uiautomator","value":"new UiSelector().className(\"android.widget.EditText\").resourceId(\"b2-Input_UsernameVal\")"}[39m
[35m[HTTP][39m [37m<-- POST /wd/hub/session/fe8a5807-5aea-45f7-9182-9bf4ab4461e3/elements [39m[32m200[39m [90m366 ms - 12[39m
[35m[HTTP][39m [90m[39m
[35m[HTTP][39m [37m-->[39m [37mPOST[39m [37m/wd/hub/session/fe8a5807-5aea-45f7-9182-9bf4ab4461e3/elements[39m
[35m[HTTP][39m [90m{"using":"-android uiautomator","value":"new UiSelector().className(\"android.widget.EditText\").resourceId(\"b2-Input_UsernameVal\")"}[39m
[35m[HTTP][39m [37m<-- POST /wd/hub/session/fe8a5807-5aea-45f7-9182-9bf4ab4461e3/elements [39m[32m200[39m [90m355 ms - 12[39m
[35m[HTTP][39m [90m[39m
[35m[HTTP][39m [37m-->[39m [37mPOST[39m [37m/wd/hub/session/fe8a5807-5aea-45f7-9182-9bf4ab4461e3/elements[39m
[35m[HTTP][39m [90m{"using":"-android uiautomator","value":"new UiSelector().className(\"android.widget.EditText\").resourceId(\"b2-Input_UsernameVal\")"}[39m
[35m[HTTP][39m [37m<-- POST /wd/hub/session/fe8a5807-5aea-45f7-9182-9bf4ab4461e3/elements [39m[32m-[39m [90m- ms - -[39m
[35m[HTTP][39m [90m[39m
[35m[BaseDriver][39m Shutting down because we waited 1800 seconds for a command
[35m[Appium][39m Closing session, cause was 'New Command Timeout of 1800 seconds expired. Try customizing the timeout using the 'newCommandTimeout' desired capability'
[35m[Appium][39m Removing session 'fe8a5807-5aea-45f7-9182-9bf4ab4461e3' from our master session list
[35m[UiAutomator2][39m Restoring hidden api policy to the device default configuration
